
The following have been reloaded with a version change:
  1) Java/1.7.0_51 => Java/1.8.0_5

File: 300914_Village_scD_sample1_epi2.xml seed: 1413146426292 threads: 1
FATAL: Error inserting nvidia (/lib/modules/2.6.32-279.14.1.el6.x86_64/kernel/drivers/video/nvidia.ko): No such device
  Using ambiguities in tree likelihood.
  With 942 unique site patterns.
  Using rescaling scheme : dynamic
  Using ambiguities in tree likelihood.
  With 1918 unique site patterns.
  Using rescaling scheme : dynamic
  Using ambiguities in tree likelihood.
  With 1761 unique site patterns.
  Using rescaling scheme : dynamic
Operator                                                                              Tuning    #accept    #reject      Pr(m)  Pr(acc|m)
ScaleOperator(treeScaler.t:tree)                                                      0.7515        145      74467     0.0227     0.0019 Try setting scaleFactor to about 0.867
ScaleOperator(treeRootScaler.t:tree)                                                  0.6807       2727      71559     0.0227     0.0367 Try setting scaleFactor to about 0.825
Uniform(UniformOperator.t:tree)                                                            -     133240     610970     0.2271     0.1790 
SubtreeSlide(SubtreeSlide.t:tree)                                                     0.3996      27674     344909     0.1136     0.0743 Try decreasing size to about 0.2
Exchange(narrow.t:tree)                                                                    -      36454     335943     0.1136     0.0979 
Exchange(wide.t:tree)                                                                      -         99      74938     0.0227     0.0013 
WilsonBalding(WilsonBalding.t:tree)                                                        -        530      73822     0.0227     0.0071 
ScaleOperator(gammaShapeScaler.s:300914_Village_scD_sample1_epi2_gag)                 0.7487        109       2420     0.0008     0.0431 Try setting scaleFactor to about 0.865
DeltaExchangeOperator(FrequenciesExchanger.s:300914_Village_scD_sample1_epi2_gag)     0.0171        573       2033     0.0008     0.2199 
ScaleOperator(RateACScaler.s:300914_Village_scD_sample1_epi2_gag)                     0.6791        263       2276     0.0008     0.1036 
ScaleOperator(RateAGScaler.s:300914_Village_scD_sample1_epi2_gag)                     0.6454        138       2292     0.0008     0.0568 Try setting scaleFactor to about 0.803
ScaleOperator(RateATScaler.s:300914_Village_scD_sample1_epi2_gag)                     0.7211        265       2207     0.0008     0.1072 
ScaleOperator(RateCGScaler.s:300914_Village_scD_sample1_epi2_gag)                     0.6345        269       2143     0.0008     0.1115 
ScaleOperator(RateGTScaler.s:300914_Village_scD_sample1_epi2_gag)                     0.6385        261       2160     0.0008     0.1078 
ScaleOperator(gammaShapeScaler.s:300914_Village_scD_sample1_epi2_pol)                 0.7942        137       2353     0.0008     0.0550 Try setting scaleFactor to about 0.891
DeltaExchangeOperator(FrequenciesExchanger.s:300914_Village_scD_sample1_epi2_pol)     0.0140        392       2123     0.0008     0.1559 
ScaleOperator(RateACScaler.s:300914_Village_scD_sample1_epi2_pol)                     0.6946        173       2373     0.0008     0.0679 Try setting scaleFactor to about 0.833
ScaleOperator(RateAGScaler.s:300914_Village_scD_sample1_epi2_pol)                     0.7381        142       2347     0.0008     0.0571 Try setting scaleFactor to about 0.859
ScaleOperator(RateATScaler.s:300914_Village_scD_sample1_epi2_pol)                     0.7310        208       2231     0.0008     0.0853 Try setting scaleFactor to about 0.855
ScaleOperator(RateCGScaler.s:300914_Village_scD_sample1_epi2_pol)                     0.6377        195       2286     0.0008     0.0786 Try setting scaleFactor to about 0.799
ScaleOperator(RateGTScaler.s:300914_Village_scD_sample1_epi2_pol)                     0.7510        311       2122     0.0008     0.1278 
ScaleOperator(gammaShapeScaler.s:300914_Village_scD_sample1_epi2_env)                 0.7240         97       2384     0.0008     0.0391 Try setting scaleFactor to about 0.851
DeltaExchangeOperator(FrequenciesExchanger.s:300914_Village_scD_sample1_epi2_env)     0.0124        336       2020     0.0008     0.1426 
ScaleOperator(RateACScaler.s:300914_Village_scD_sample1_epi2_env)                     0.6807        149       2356     0.0008     0.0595 Try setting scaleFactor to about 0.825
ScaleOperator(RateAGScaler.s:300914_Village_scD_sample1_epi2_env)                     0.7757        120       2373     0.0008     0.0481 Try setting scaleFactor to about 0.881
ScaleOperator(RateATScaler.s:300914_Village_scD_sample1_epi2_env)                     0.6658        116       2331     0.0008     0.0474 Try setting scaleFactor to about 0.816
ScaleOperator(RateCGScaler.s:300914_Village_scD_sample1_epi2_env)                     0.6345        185       2357     0.0008     0.0728 Try setting scaleFactor to about 0.797
ScaleOperator(RateGTScaler.s:300914_Village_scD_sample1_epi2_env)                     0.6761        152       2293     0.0008     0.0622 Try setting scaleFactor to about 0.822
ScaleOperator(ucldMeanScaler.c:clock)                                                 0.8548        723      23820     0.0076     0.0295 Try setting scaleFactor to about 0.925
ScaleOperator(ucldStdevScaler.c:clock)                                                0.9057       2050      72510     0.0227     0.0275 Try setting scaleFactor to about 0.952
IntRandomWalkOperator(CategoriesRandomWalk.c:clock)                                        -     162450      85638     0.0757     0.6548 
SwapOperator(CategoriesSwapOperator.c:clock)                                               -      25970     222498     0.0757     0.1045 
UniformOperator(CategoriesUniform.c:clock)                                                 -      42551     205721     0.0757     0.1714 
UpDownOperator(relaxedUpDownOperator.c:clock)                                         0.7864        219      74638     0.0227     0.0029 Try setting scaleFactor to about 0.887
ScaleOperator(popSizesScaler.t:tree)                                                  0.6302      92046     281129     0.1136     0.2467 
DeltaExchangeOperator(groupSizesDelta.t:tree)                                        13.7915      33431     115058     0.0454     0.2251 

     Tuning: The value of the operator's tuning parameter, or '-' if the operator can't be optimized.
    #accept: The total number of times a proposal by this operator has been accepted.
    #reject: The total number of times a proposal by this operator has been rejected.
      Pr(m): The probability this operator is chosen in a step of the MCMC (i.e. the normalized weight).
  Pr(acc|m): The acceptance probability (#accept as a fraction of the total proposals for this operator).

Start likelihood: -876130.6619381246 
