
The following have been reloaded with a version change:
  1) Java/1.7.0_51 => Java/1.8.0_5

File: 300914_Village_scI_sample2_epi3.xml seed: 1413146427232 threads: 1
FATAL: Error inserting nvidia (/lib/modules/2.6.32-279.14.1.el6.x86_64/kernel/drivers/video/nvidia.ko): No such device
  Using ambiguities in tree likelihood.
  With 987 unique site patterns.
  Using rescaling scheme : dynamic
  Using ambiguities in tree likelihood.
  With 1958 unique site patterns.
  Using rescaling scheme : dynamic
  Using ambiguities in tree likelihood.
  With 1716 unique site patterns.
  Using rescaling scheme : dynamic
Operator                                                                            Tuning    #accept    #reject      Pr(m)  Pr(acc|m)
ScaleOperator(treeScaler.t:tree)                                                    0.8018        293      83841     0.0227     0.0035 Try setting scaleFactor to about 0.895
ScaleOperator(treeRootScaler.t:tree)                                                0.7852       4001      80282     0.0227     0.0475 Try setting scaleFactor to about 0.886
Uniform(UniformOperator.t:tree)                                                          -     150391     690984     0.2271     0.1787 
SubtreeSlide(SubtreeSlide.t:tree)                                                   0.4798      49744     371233     0.1136     0.1182 
Exchange(narrow.t:tree)                                                                  -      39706     380813     0.1136     0.0944 
Exchange(wide.t:tree)                                                                    -         97      83986     0.0227     0.0012 
WilsonBalding(WilsonBalding.t:tree)                                                      -        543      83209     0.0227     0.0065 
ScaleOperator(gammaShapeScaler.s:300914_Village_scI_sample2_epi3_1)                 0.8103        204       2620     0.0008     0.0722 Try setting scaleFactor to about 0.9
DeltaExchangeOperator(FrequenciesExchanger.s:300914_Village_scI_sample2_epi3_1)     0.0204        506       2400     0.0008     0.1741 
ScaleOperator(RateACScaler.s:300914_Village_scI_sample2_epi3_1)                     0.6444        258       2540     0.0008     0.0922 Try setting scaleFactor to about 0.803
ScaleOperator(RateAGScaler.s:300914_Village_scI_sample2_epi3_1)                     0.7294        197       2551     0.0008     0.0717 Try setting scaleFactor to about 0.854
ScaleOperator(RateATScaler.s:300914_Village_scI_sample2_epi3_1)                     0.7203        323       2560     0.0008     0.1120 
ScaleOperator(RateCGScaler.s:300914_Village_scI_sample2_epi3_1)                     0.6626        346       2414     0.0008     0.1254 
ScaleOperator(RateGTScaler.s:300914_Village_scI_sample2_epi3_1)                     0.6620        362       2432     0.0008     0.1296 
ScaleOperator(gammaShapeScaler.s:300914_Village_scI_sample2_epi3_2)                 0.8090        151       2664     0.0008     0.0536 Try setting scaleFactor to about 0.899
DeltaExchangeOperator(FrequenciesExchanger.s:300914_Village_scI_sample2_epi3_2)     0.0123        531       2210     0.0008     0.1937 
ScaleOperator(RateACScaler.s:300914_Village_scI_sample2_epi3_2)                     0.7557        280       2543     0.0008     0.0992 Try setting scaleFactor to about 0.869
ScaleOperator(RateAGScaler.s:300914_Village_scI_sample2_epi3_2)                     0.7680        168       2618     0.0008     0.0603 Try setting scaleFactor to about 0.876
ScaleOperator(RateATScaler.s:300914_Village_scI_sample2_epi3_2)                     0.6758        199       2527     0.0008     0.0730 Try setting scaleFactor to about 0.822
ScaleOperator(RateCGScaler.s:300914_Village_scI_sample2_epi3_2)                     0.6861        307       2559     0.0008     0.1071 
ScaleOperator(RateGTScaler.s:300914_Village_scI_sample2_epi3_2)                     0.6597        279       2591     0.0008     0.0972 Try setting scaleFactor to about 0.812
ScaleOperator(gammaShapeScaler.s:300914_Village_scI_sample2_epi3_3)                 0.8255        143       2677     0.0008     0.0507 Try setting scaleFactor to about 0.909
DeltaExchangeOperator(FrequenciesExchanger.s:300914_Village_scI_sample2_epi3_3)     0.0115        460       2371     0.0008     0.1625 
ScaleOperator(RateACScaler.s:300914_Village_scI_sample2_epi3_3)                     0.6867        168       2616     0.0008     0.0603 Try setting scaleFactor to about 0.829
ScaleOperator(RateAGScaler.s:300914_Village_scI_sample2_epi3_3)                     0.7058         95       2746     0.0008     0.0334 Try setting scaleFactor to about 0.84
ScaleOperator(RateATScaler.s:300914_Village_scI_sample2_epi3_3)                     0.7528        228       2563     0.0008     0.0817 Try setting scaleFactor to about 0.868
ScaleOperator(RateCGScaler.s:300914_Village_scI_sample2_epi3_3)                     0.6954        234       2568     0.0008     0.0835 Try setting scaleFactor to about 0.834
ScaleOperator(RateGTScaler.s:300914_Village_scI_sample2_epi3_3)                     0.6816        205       2660     0.0008     0.0716 Try setting scaleFactor to about 0.826
ScaleOperator(ucldMeanScaler.c:clock)                                               0.8687        985      27168     0.0076     0.0350 Try setting scaleFactor to about 0.932
ScaleOperator(ucldStdevScaler.c:clock)                                              0.8980       2725      81543     0.0227     0.0323 Try setting scaleFactor to about 0.948
IntRandomWalkOperator(CategoriesRandomWalk.c:clock)                                      -     184058      96640     0.0757     0.6557 
SwapOperator(CategoriesSwapOperator.c:clock)                                             -      33725     246007     0.0757     0.1206 
UniformOperator(CategoriesUniform.c:clock)                                               -      54348     226048     0.0757     0.1938 
UpDownOperator(relaxedUpDownOperator.c:clock)                                       0.8205        416      83820     0.0227     0.0049 Try setting scaleFactor to about 0.906
ScaleOperator(popSizesScaler.t:tree)                                                0.6280     110446     310583     0.1136     0.2623 
DeltaExchangeOperator(groupSizesDelta.t:tree)                                      13.0807      39124     129167     0.0454     0.2325 

     Tuning: The value of the operator's tuning parameter, or '-' if the operator can't be optimized.
    #accept: The total number of times a proposal by this operator has been accepted.
    #reject: The total number of times a proposal by this operator has been rejected.
      Pr(m): The probability this operator is chosen in a step of the MCMC (i.e. the normalized weight).
  Pr(acc|m): The acceptance probability (#accept as a fraction of the total proposals for this operator).

Start likelihood: -772677.0485235889 
