
                   BEAST v2.2.0 Prerelease, 2002-2014
             Bayesian Evolutionary Analysis Sampling Trees
                       Designed and developed by
 Remco Bouckaert, Alexei J. Drummond, Andrew Rambaut & Marc A. Suchard
                                    
                     Department of Computer Science
                         University of Auckland
                        remco@cs.auckland.ac.nz
                        alexei@cs.auckland.ac.nz
                                    
                   Institute of Evolutionary Biology
                        University of Edinburgh
                           a.rambaut@ed.ac.uk
                                    
                    David Geffen School of Medicine
                 University of California, Los Angeles
                           msuchard@ucla.edu
                                    
                      Downloads, Help & Resources:
                           http://beast2.org/
                                    
  Source code distributed under the GNU Lesser General Public License:
                   http://github.com/CompEvol/beast2
                                    
                           BEAST developers:
   Alex Alekseyenko, Trevor Bedford, Erik Bloomquist, Joseph Heled, 
 Sebastian Hoehna, Denise Kuehnert, Philippe Lemey, Wai Lok Sibon Li, 
Gerton Lunter, Sidney Markowitz, Vladimir Minin, Michael Defoin Platel, 
                 Oliver Pybus, Chieh-Hsi Wu, Walter Xie
                                    
                               Thanks to:
          Roald Forsberg, Beth Shapiro and Korbinian Strimmer

Random number seed: 1413146427100

Resuming from file
Beta => beast.math.distributions.Beta
Exponential => beast.math.distributions.Exponential
InverseGamma => beast.math.distributions.InverseGamma
LogNormal => beast.math.distributions.LogNormalDistributionModel
Gamma => beast.math.distributions.Gamma
Uniform => beast.math.distributions.Uniform
prior => beast.math.distributions.Prior
LaplaceDistribution => beast.math.distributions.LaplaceDistribution
OneOnX => beast.math.distributions.OneOnX
Normal => beast.math.distributions.Normal
Alignment(300914_Village_scH_sample1_epi3)
  398 taxa
  6987 sites
  4464 patterns

Filter 1-1479
398 taxa
1479 sites
934 patterns
2726-MALE_SAMPLED_49.5914303170992 = 49.5914303170992 (1.8641157795210006)
10668-MALE_SAMPLED_48.9750928640841 = 48.9750928640841 (2.4804532325361066)
9617-MALE_SAMPLED_49.9758211192219 = 49.9758211192219 (1.4797249773983054)
11220-MALE_SAMPLED_50.1781699002730 = 50.178169900273 (1.2773761963472055)
10461-MALE_SAMPLED_50.6868329508705 = 50.6868329508705 (0.7687131457497003)
10149-MALE_SAMPLED_50.7714205598002 = 50.7714205598002 (0.6841255368200052)
1819-FEMALE_SAMPLED_50.1390784207741 = 50.1390784207741 (1.3164676758461056)
4910-MALE_SAMPLED_49.0084208952738 = 49.0084208952738 (2.4471252013464024)
3874-MALE_SAMPLED_51.2604160012687 = 51.2604160012687 (0.1951300953515016)
10701-MALE_SAMPLED_50.9480142096998 = 50.9480142096998 (0.507531886920404)
1030-MALE_SAMPLED_48.9689515672633 = 48.9689515672633 (2.486594529356907)
2695-FEMALE_SAMPLED_51.3321630374538 = 51.3321630374538 (0.12338305916640024)
10835-FEMALE_SAMPLED_50.7933934626179 = 50.7933934626179 (0.6621526340023038)
8095-FEMALE_SAMPLED_49.2075566742113 = 49.2075566742113 (2.2479894224089065)
5684-MALE_SAMPLED_51.1600783715965 = 51.1600783715965 (0.29546772502370544)
4534-MALE_SAMPLED_48.6152460416323 = 48.6152460416323 (2.8403000549879067)
3711-FEMALE_SAMPLED_51.2684273782196 = 51.2684273782196 (0.18711871840060468)
2761-FEMALE_SAMPLED_49.9388908575764 = 49.9388908575764 (1.5166552390438)
3554-MALE_SAMPLED_48.5429882185543 = 48.5429882185543 (2.912557878065904)
10530-MALE_SAMPLED_50.1787044840874 = 50.1787044840874 (1.276841612532806)
10595-FEMALE_SAMPLED_50.6523427464543 = 50.6523427464543 (0.8032033501659015)
7577-FEMALE_SAMPLED_51.4140084955851 = 51.4140084955851 (0.04153760103510251)
11146-FEMALE_SAMPLED_51.3159187861728 = 51.3159187861728 (0.13962731044740195)
9616-MALE_SAMPLED_49.3607473638384 = 49.3607473638384 (2.094798732781804)
10320-MALE_SAMPLED_50.0954475937886 = 50.0954475937886 (1.3600985028316046)
1166-MALE_SAMPLED_51.3622588824490 = 51.362258882449 (0.09328721417120533)
10138-MALE_SAMPLED_49.2030876040934 = 49.2030876040934 (2.252458492526806)
5831-FEMALE_SAMPLED_51.2590763887400 = 51.25907638874 (0.19646970788020468)
7511-FEMALE_SAMPLED_50.8045656238226 = 50.8045656238226 (0.6509804727976061)
5989-FEMALE_SAMPLED_50.6726548072891 = 50.6726548072891 (0.7828912893311042)
10069-FEMALE_SAMPLED_49.1907348762741 = 49.1907348762741 (2.264811220346104)
3358-MALE_SAMPLED_51.1186806784952 = 51.1186806784952 (0.3368654181250008)
1764-MALE_SAMPLED_50.3214844336743 = 50.3214844336743 (1.1340616629459035)
1109-FEMALE_SAMPLED_48.4922698533172 = 48.4922698533172 (2.9632762433030067)
10682-MALE_SAMPLED_49.6985642460184 = 49.6985642460184 (1.7569818506018038)
9937-MALE_SAMPLED_49.3672130319299 = 49.3672130319299 (2.0883330646903033)
11710-MALE_SAMPLED_50.9857899483303 = 50.9857899483303 (0.4697561482899033)
1599-FEMALE_SAMPLED_48.5794448649520 = 48.579444864952 (2.8761012316682013)
708-MALE_SAMPLED_49.2458446630752 = 49.2458446630752 (2.209701433545007)
5122-MALE_SAMPLED_49.9609406133657 = 49.9609406133657 (1.494605483254503)
1660-MALE_SAMPLED_49.3501733073043 = 49.3501733073043 (2.1053727893159007)
3789-FEMALE_SAMPLED_50.8933522351561 = 50.8933522351561 (0.5621938614641024)
11644-FEMALE_SAMPLED_50.4531857291712 = 50.4531857291712 (1.0023603674490005)
10172-MALE_SAMPLED_49.8939077914236 = 49.8939077914236 (1.5616383051966025)
8415-MALE_SAMPLED_51.3939519011891 = 51.3939519011891 (0.06159419543110545)
10268-FEMALE_SAMPLED_48.5298992159786 = 48.5298992159786 (2.925646880641601)
3876-MALE_SAMPLED_50.7529229959017 = 50.7529229959017 (0.7026231007185046)
3299-FEMALE_SAMPLED_49.9870215428071 = 49.9870215428071 (1.4685245538131042)
4733-FEMALE_SAMPLED_51.2825938101867 = 51.2825938101867 (0.17295228643350669)
10548-MALE_SAMPLED_48.5853618864911 = 48.5853618864911 (2.8701842101291035)
10005-FEMALE_SAMPLED_51.2406876512812 = 51.2406876512812 (0.21485844533900433)
7610-MALE_SAMPLED_48.5100485272249 = 48.5100485272249 (2.9454975693953003)
9592-MALE_SAMPLED_49.0301917914310 = 49.030191791431 (2.4253543051892024)
4889-FEMALE_SAMPLED_50.9013167628562 = 50.9013167628562 (0.5542293337640061)
4261-FEMALE_SAMPLED_51.4028882106775 = 51.4028882106775 (0.05265788594270049)
10306-FEMALE_SAMPLED_49.2151180910422 = 49.2151180910422 (2.2404280055780035)
4940-MALE_SAMPLED_50.2268907720698 = 50.2268907720698 (1.2286553245504024)
9749-FEMALE_SAMPLED_51.0182014812725 = 51.0182014812725 (0.43734461534770475)
5832-MALE_SAMPLED_49.9339570088321 = 49.9339570088321 (1.5215890877881009)
599-FEMALE_SAMPLED_49.5265322094327 = 49.5265322094327 (1.9290138871875016)
2867-FEMALE_SAMPLED_49.5962039625281 = 49.5962039625281 (1.8593421340921026)
11060-FEMALE_SAMPLED_51.0267126012603 = 51.0267126012603 (0.42883349535990334)
1851-FEMALE_SAMPLED_48.6497892015157 = 48.6497892015157 (2.8057568951045013)
7708-MALE_SAMPLED_48.8678818803290 = 48.867881880329 (2.587664216291202)
9674-MALE_SAMPLED_49.0584677205896 = 49.0584677205896 (2.3970783760306063)
9921-FEMALE_SAMPLED_48.4807009088816 = 48.4807009088816 (2.9748451877386017)
8776-MALE_SAMPLED_48.7170791320512 = 48.7170791320512 (2.7384669645690067)
5829-FEMALE_SAMPLED_48.5896276060501 = 48.5896276060501 (2.8659184905701025)
5979-FEMALE_SAMPLED_51.1099490425093 = 51.1099490425093 (0.3455970541109039)
9034-FEMALE_SAMPLED_48.6137811762290 = 48.613781176229 (2.8417649203912063)
7457-FEMALE_SAMPLED_51.4555460966202 = 51.4555460966202 (0.0)
4325-FEMALE_SAMPLED_50.2183930219160 = 50.218393021916 (1.237153074704203)
9421-MALE_SAMPLED_50.8279632664761 = 50.8279632664761 (0.6275828301441067)
11739-FEMALE_SAMPLED_50.1394443348525 = 50.1394443348525 (1.3161017617677047)
11069-MALE_SAMPLED_51.4395061737867 = 51.4395061737867 (0.016039922833506637)
9205-MALE_SAMPLED_50.3487341971612 = 50.3487341971612 (1.1068118994590037)
1688-MALE_SAMPLED_49.3577650931673 = 49.3577650931673 (2.0977810034529014)
2964-MALE_SAMPLED_49.3000688326554 = 49.3000688326554 (2.155477263964805)
2927-FEMALE_SAMPLED_48.5233439516285 = 48.5233439516285 (2.932202144991706)
528-MALE_SAMPLED_50.0576415049853 = 50.0576415049853 (1.397904591634905)
11673-MALE_SAMPLED_49.5132140756594 = 49.5132140756594 (1.942332020960805)
3975-FEMALE_SAMPLED_50.1340690217456 = 50.1340690217456 (1.3214770748746005)
6328-MALE_SAMPLED_48.9385475993166 = 48.9385475993166 (2.5169984973036037)
2905-FEMALE_SAMPLED_48.5072881918876 = 48.5072881918876 (2.9482579047326)
8478-MALE_SAMPLED_49.5518758093948 = 49.5518758093948 (1.9036702872254025)
9942-FEMALE_SAMPLED_50.5075267299088 = 50.5075267299088 (0.9480193667114065)
4723-FEMALE_SAMPLED_50.0443608921031 = 50.0443608921031 (1.4111852045171034)
3603-FEMALE_SAMPLED_48.6407543571675 = 48.6407543571675 (2.8147917394527013)
2743-FEMALE_SAMPLED_49.5875444430402 = 49.5875444430402 (1.8680016535800021)
8874-MALE_SAMPLED_50.1026732085282 = 50.1026732085282 (1.3528728880920013)
3274-MALE_SAMPLED_50.7403817884168 = 50.7403817884168 (0.7151643082034056)
10520-FEMALE_SAMPLED_49.4090619913312 = 49.4090619913312 (2.0464841052890037)
1724-MALE_SAMPLED_48.4715697152549 = 48.4715697152549 (2.983976381365302)
4366-MALE_SAMPLED_49.6983106431561 = 49.6983106431561 (1.757235453464105)
7834-MALE_SAMPLED_51.4536094187768 = 51.4536094187768 (0.001936677843403345)
7386-MALE_SAMPLED_50.7985807549683 = 50.7985807549683 (0.6569653416519046)
10599-FEMALE_SAMPLED_51.0224683233080 = 51.022468323308 (0.4330777733122062)
6699-FEMALE_SAMPLED_50.6692199320076 = 50.6692199320076 (0.7863261646126034)
3000-MALE_SAMPLED_50.9048837760473 = 50.9048837760473 (0.5506623205729042)
10340-MALE_SAMPLED_48.5866796033932 = 48.5866796033932 (2.868866493227003)
2009-FEMALE_SAMPLED_48.9500037512751 = 48.9500037512751 (2.5055423453451056)
397-FEMALE_SAMPLED_49.1316503351098 = 49.1316503351098 (2.3238957615104)
7226-MALE_SAMPLED_48.6299404671425 = 48.6299404671425 (2.8256056294777068)
527-FEMALE_SAMPLED_48.4696273307325 = 48.4696273307325 (2.9859187658877033)
716-MALE_SAMPLED_49.6220800627032 = 49.6220800627032 (1.8334660339170057)
7110-MALE_SAMPLED_50.5963067418905 = 50.5963067418905 (0.8592393547297021)
1885-FEMALE_SAMPLED_49.9266320210425 = 49.9266320210425 (1.5289140755777026)
10675-MALE_SAMPLED_49.0445560754286 = 49.0445560754286 (2.4109900211916013)
11233-FEMALE_SAMPLED_51.3935696389070 = 51.393569638907 (0.06197645771320026)
11694-MALE_SAMPLED_50.0184190819981 = 50.0184190819981 (1.4371270146221065)
11640-FEMALE_SAMPLED_49.8730800137399 = 49.8730800137399 (1.5824660828803019)
3827-FEMALE_SAMPLED_49.2308033231655 = 49.2308033231655 (2.2247427734547003)
4882-MALE_SAMPLED_49.0079906661538 = 49.0079906661538 (2.4475554304664016)
9673-MALE_SAMPLED_50.0994889612319 = 50.0994889612319 (1.3560571353883049)
4004-MALE_SAMPLED_51.4451653910344 = 51.4451653910344 (0.01038070558580273)
373-FEMALE_SAMPLED_51.1673683502721 = 51.1673683502721 (0.28817774634810434)
2316-MALE_SAMPLED_50.0196684395904 = 50.0196684395904 (1.4358776570298062)
860-MALE_SAMPLED_49.5784851815095 = 49.5784851815095 (1.8770609151107038)
7631-FEMALE_SAMPLED_49.3484492769474 = 49.3484492769474 (2.1070968196728046)
8755-MALE_SAMPLED_51.0224854559181 = 51.0224854559181 (0.43306064070210226)
11448-FEMALE_SAMPLED_50.6463196260864 = 50.6463196260864 (0.809226470533801)
9889-FEMALE_SAMPLED_49.2720909206672 = 49.2720909206672 (2.183455175953)
10889-FEMALE_SAMPLED_49.9348092297567 = 49.9348092297567 (1.5207368668635013)
9987-MALE_SAMPLED_48.6685408460451 = 48.6685408460451 (2.787005250575106)
907-FEMALE_SAMPLED_50.8002657626765 = 50.8002657626765 (0.6552803339437006)
10407-MALE_SAMPLED_50.0875574778309 = 50.0875574778309 (1.3679886187893047)
9215-MALE_SAMPLED_50.2196121494761 = 50.2196121494761 (1.2359339471441046)
2762-MALE_SAMPLED_48.4803695799327 = 48.4803695799327 (2.9751765166875046)
3985-FEMALE_SAMPLED_51.1299288076824 = 51.1299288076824 (0.3256172889378064)
2069-FEMALE_SAMPLED_50.2194686051933 = 50.2194686051933 (1.2360774914269044)
11108-MALE_SAMPLED_50.7687557704756 = 50.7687557704756 (0.6867903261446031)
9118-MALE_SAMPLED_51.0667466299618 = 51.0667466299618 (0.3887994666584049)
6055-FEMALE_SAMPLED_49.8510137623651 = 49.8510137623651 (1.6045323342551043)
10777-MALE_SAMPLED_48.7176933676945 = 48.7176933676945 (2.737852728925702)
9599-MALE_SAMPLED_50.1029045539452 = 50.1029045539452 (1.352641542675002)
143-FEMALE_SAMPLED_48.7262528002737 = 48.7262528002737 (2.729293296346505)
3734-MALE_SAMPLED_48.5438838542448 = 48.5438838542448 (2.9116622423754066)
11089-MALE_SAMPLED_50.6590048493361 = 50.6590048493361 (0.7965412472841038)
9393-MALE_SAMPLED_49.6214744771840 = 49.621474477184 (1.8340716194362017)
5015-FEMALE_SAMPLED_50.6427259360915 = 50.6427259360915 (0.8128201605287018)
4655-FEMALE_SAMPLED_49.2231766099120 = 49.223176609912 (2.232369486708201)
7850-MALE_SAMPLED_50.2865266615534 = 50.2865266615534 (1.1690194350668008)
3365-FEMALE_SAMPLED_50.5854696605364 = 50.5854696605364 (0.8700764360838065)
9481-FEMALE_SAMPLED_48.7197425055327 = 48.7197425055327 (2.735803591087503)
3860-MALE_SAMPLED_48.8500436124867 = 48.8500436124867 (2.6055024841335026)
11753-MALE_SAMPLED_51.1124313061135 = 51.1124313061135 (0.34311479050670357)
9960-MALE_SAMPLED_49.9570623773159 = 49.9570623773159 (1.4984837193043035)
10261-MALE_SAMPLED_48.4932502838327 = 48.4932502838327 (2.9622958127875023)
3463-FEMALE_SAMPLED_50.4972962447917 = 50.4972962447917 (0.958249851828505)
3527-FEMALE_SAMPLED_51.3340311946357 = 51.3340311946357 (0.12151490198450432)
3714-MALE_SAMPLED_50.6802381330179 = 50.6802381330179 (0.7753079636023017)
2671-FEMALE_SAMPLED_48.7432232924746 = 48.7432232924746 (2.7123228041456002)
11596-MALE_SAMPLED_51.4019613489052 = 51.4019613489052 (0.05358474771499999)
11689-MALE_SAMPLED_50.3819631577479 = 50.3819631577479 (1.0735829388723062)
1356-MALE_SAMPLED_50.3667204810316 = 50.3667204810316 (1.088825615588604)
11711-FEMALE_SAMPLED_51.2395071244808 = 51.2395071244808 (0.21603897213940115)
2608-MALE_SAMPLED_48.4794728420218 = 48.4794728420218 (2.976073254598404)
5875-FEMALE_SAMPLED_49.4291703642355 = 49.4291703642355 (2.0263757323847003)
9622-FEMALE_SAMPLED_49.1164965414917 = 49.1164965414917 (2.339049555128504)
3597-FEMALE_SAMPLED_48.9660794669306 = 48.9660794669306 (2.489466629689602)
7611-FEMALE_SAMPLED_49.7152284474121 = 49.7152284474121 (1.7403176492081016)
7766-MALE_SAMPLED_50.4803038499793 = 50.4803038499793 (0.975242246640903)
11561-FEMALE_SAMPLED_51.1767873526095 = 51.1767873526095 (0.2787587440107018)
9-FEMALE_SAMPLED_48.6842190674050 = 48.684219067405 (2.7713270292152004)
6488-MALE_SAMPLED_50.0706164040146 = 50.0706164040146 (1.3849296926056027)
11736-FEMALE_SAMPLED_51.1981907533025 = 51.1981907533025 (0.2573553433177054)
2680-MALE_SAMPLED_48.4942111013932 = 48.4942111013932 (2.9613349952270056)
5627-FEMALE_SAMPLED_49.1349724772861 = 49.1349724772861 (2.3205736193341053)
449-FEMALE_SAMPLED_51.3099121152898 = 51.3099121152898 (0.1456339813304055)
4096-MALE_SAMPLED_50.5034496234274 = 50.5034496234274 (0.9520964731928032)
465-FEMALE_SAMPLED_49.3753142607873 = 49.3753142607873 (2.0802318358329046)
10501-MALE_SAMPLED_49.9479054281963 = 49.9479054281963 (1.5076406684239032)
9475-MALE_SAMPLED_50.3136402435610 = 50.313640243561 (1.1419058530592068)
5726-MALE_SAMPLED_50.3598539637877 = 50.3598539637877 (1.0956921328325038)
6904-MALE_SAMPLED_49.6838247105023 = 49.6838247105023 (1.7717213861179033)
3629-FEMALE_SAMPLED_48.4981620364832 = 48.4981620364832 (2.9573840601370023)
3565-FEMALE_SAMPLED_49.9220917801848 = 49.9220917801848 (1.533454316435403)
1576-MALE_SAMPLED_51.2920511115352 = 51.2920511115352 (0.16349498508500204)
2751-FEMALE_SAMPLED_51.1345432137148 = 51.1345432137148 (0.3210028829054039)
10850-MALE_SAMPLED_48.8933070809124 = 48.8933070809124 (2.562239015707803)
988-MALE_SAMPLED_51.4060343447616 = 51.4060343447616 (0.04951175185860279)
3715-FEMALE_SAMPLED_50.3407952307733 = 50.3407952307733 (1.1147508658469008)
10257-FEMALE_SAMPLED_50.6053879619120 = 50.605387961912 (0.8501581347082023)
11997-FEMALE_SAMPLED_51.2474892758308 = 51.2474892758308 (0.2080568207894018)
5816-MALE_SAMPLED_49.1142333766455 = 49.1142333766455 (2.3413127199747024)
1824-MALE_SAMPLED_51.2273644611249 = 51.2273644611249 (0.22818163549530368)
8-MALE_SAMPLED_50.1423952970197 = 50.1423952970197 (1.3131507996004999)
11570-FEMALE_SAMPLED_50.3799408629546 = 50.3799408629546 (1.0756052336656055)
11257-MALE_SAMPLED_51.3871448291009 = 51.3871448291009 (0.06840126751930597)
7944-MALE_SAMPLED_48.7397536385814 = 48.7397536385814 (2.7157924580388055)
565-FEMALE_SAMPLED_49.6566371093048 = 49.6566371093048 (1.7989089873154)
2166-MALE_SAMPLED_50.0400883364035 = 50.0400883364035 (1.4154577602167038)
11020-FEMALE_SAMPLED_49.7859324612198 = 49.7859324612198 (1.6696136354004025)
4210-MALE_SAMPLED_49.2282382379761 = 49.2282382379761 (2.227307858644103)
3645-FEMALE_SAMPLED_49.4546631669635 = 49.4546631669635 (2.0008829296567043)
11193-FEMALE_SAMPLED_50.9149268082818 = 50.9149268082818 (0.5406192883384051)
6742-MALE_SAMPLED_49.9367846906660 = 49.936784690666 (1.5187614059542014)
11902-MALE_SAMPLED_50.8094945335304 = 50.8094945335304 (0.6460515630898058)
1147-FEMALE_SAMPLED_51.3810569061441 = 51.3810569061441 (0.07448919047610048)
10065-MALE_SAMPLED_50.8946225244561 = 50.8946225244561 (0.5609235721640999)
7650-MALE_SAMPLED_51.1638633086821 = 51.1638633086821 (0.2916827879381003)
10799-MALE_SAMPLED_48.9075698335199 = 48.9075698335199 (2.5479762631003027)
10451-MALE_SAMPLED_50.5795498904316 = 50.5795498904316 (0.8759962061886029)
1899-FEMALE_SAMPLED_48.6528148974301 = 48.6528148974301 (2.802731199190106)
10546-FEMALE_SAMPLED_49.5344060924379 = 49.5344060924379 (1.9211400041823055)
3510-MALE_SAMPLED_48.4760031587919 = 48.4760031587919 (2.979542937828306)
3363-FEMALE_SAMPLED_51.4260091876620 = 51.426009187662 (0.02953690895820671)
7800-MALE_SAMPLED_50.1091854911773 = 50.1091854911773 (1.3463606054429036)
3050-MALE_SAMPLED_50.3471219464680 = 50.347121946468 (1.108424150152203)
9349-MALE_SAMPLED_49.4750669216281 = 49.4750669216281 (1.9804791749921051)
1437-FEMALE_SAMPLED_48.6018333103983 = 48.6018333103983 (2.853712786221905)
4934-MALE_SAMPLED_51.0151619028309 = 51.0151619028309 (0.44038419378930627)
9790-MALE_SAMPLED_50.4067735499246 = 50.4067735499246 (1.0487725466956022)
10720-MALE_SAMPLED_48.4913024741234 = 48.4913024741234 (2.9642436224968023)
4126-MALE_SAMPLED_50.8872187719224 = 50.8872187719224 (0.5683273246978047)
7776-MALE_SAMPLED_49.7452676859228 = 49.7452676859228 (1.7102784106974056)
3596-MALE_SAMPLED_50.9489011792010 = 50.948901179201 (0.5066449174192016)
8941-MALE_SAMPLED_48.5963782330053 = 48.5963782330053 (2.859167863614907)
10952-MALE_SAMPLED_49.2430676610218 = 49.2430676610218 (2.212478435598406)
7951-FEMALE_SAMPLED_49.4252261304772 = 49.4252261304772 (2.0303199661430043)
3084-MALE_SAMPLED_50.0619722171230 = 50.061972217123 (1.393573879497204)
3984-MALE_SAMPLED_49.1255180208953 = 49.1255180208953 (2.330028075724904)
7801-FEMALE_SAMPLED_51.0966324049057 = 51.0966324049057 (0.3589136917145055)
4320-MALE_SAMPLED_51.3396782588223 = 51.3396782588223 (0.11586783779790011)
4094-MALE_SAMPLED_49.0428537388342 = 49.0428537388342 (2.412692357786007)
5666-MALE_SAMPLED_48.7174165888699 = 48.7174165888699 (2.738129507750301)
9809-MALE_SAMPLED_48.9208651300995 = 48.9208651300995 (2.5346809665207033)
10756-MALE_SAMPLED_50.0402750656484 = 50.0402750656484 (1.4152710309718017)
7623-FEMALE_SAMPLED_48.5886382550942 = 48.5886382550942 (2.8669078415260003)
9056-FEMALE_SAMPLED_50.8984821547763 = 50.8984821547763 (0.5570639418439001)
10929-MALE_SAMPLED_48.5287470654128 = 48.5287470654128 (2.926799031207402)
3849-FEMALE_SAMPLED_50.6584485047041 = 50.6584485047041 (0.7970975919161063)
7567-FEMALE_SAMPLED_50.3138556787288 = 50.3138556787288 (1.1416904178914038)
9890-MALE_SAMPLED_49.6671134761544 = 49.6671134761544 (1.7884326204658052)
5046-MALE_SAMPLED_50.9418128900705 = 50.9418128900705 (0.513733206549702)
10979-FEMALE_SAMPLED_50.1971474377913 = 50.1971474377913 (1.2583986588289022)
9194-MALE_SAMPLED_49.2571860730657 = 49.2571860730657 (2.198360023554507)
11186-MALE_SAMPLED_51.1687835445171 = 51.1687835445171 (0.28676255210310586)
10735-MALE_SAMPLED_49.5226400454538 = 49.5226400454538 (1.9329060511664053)
9386-MALE_SAMPLED_51.1118091356019 = 51.1118091356019 (0.3437369610183012)
10178-FEMALE_SAMPLED_50.8959874356641 = 50.8959874356641 (0.5595586609561067)
6976-MALE_SAMPLED_48.9018343660990 = 48.901834366099 (2.5537117305212007)
673-FEMALE_SAMPLED_51.0491300299307 = 51.0491300299307 (0.40641606668950203)
11010-MALE_SAMPLED_49.8018260255465 = 49.8018260255465 (1.6537200710737068)
11164-FEMALE_SAMPLED_50.3062240697453 = 50.3062240697453 (1.1493220268749056)
911-FEMALE_SAMPLED_51.3613059899779 = 51.3613059899779 (0.09424010664230309)
11851-FEMALE_SAMPLED_51.4484788733078 = 51.4484788733078 (0.0070672233124042805)
9169-MALE_SAMPLED_49.2745053718807 = 49.2745053718807 (2.1810407247395034)
10081-MALE_SAMPLED_50.0212485414939 = 50.0212485414939 (1.4342975551263066)
9412-MALE_SAMPLED_51.0236101955650 = 51.023610195565 (0.43193590105520485)
4580-MALE_SAMPLED_51.4061483644890 = 51.406148364489 (0.049397732131204464)
10312-MALE_SAMPLED_49.3625169966379 = 49.3625169966379 (2.093029099982303)
2458-MALE_SAMPLED_50.9536765052015 = 50.9536765052015 (0.5018695914187035)
5379-FEMALE_SAMPLED_50.0175381174320 = 50.017538117432 (1.4380079791882068)
6772-MALE_SAMPLED_50.2160572062256 = 50.2160572062256 (1.239488890394604)
7341-FEMALE_SAMPLED_48.7671763137458 = 48.7671763137458 (2.6883697828744033)
2318-MALE_SAMPLED_51.4462045954550 = 51.446204595455 (0.009341501165202715)
4453-FEMALE_SAMPLED_49.1730481839748 = 49.1730481839748 (2.282497912645404)
4419-FEMALE_SAMPLED_50.7493655052511 = 50.7493655052511 (0.7061805913691046)
8748-MALE_SAMPLED_50.8837777946154 = 50.8837777946154 (0.5717683020048057)
2406-MALE_SAMPLED_49.7337272141138 = 49.7337272141138 (1.7218188825064047)
10275-MALE_SAMPLED_50.2134936577184 = 50.2134936577184 (1.2420524389018013)
3181-FEMALE_SAMPLED_49.1873670534240 = 49.187367053424 (2.2681790431962057)
10926-MALE_SAMPLED_49.0950732917534 = 49.0950732917534 (2.360472804866802)
3316-MALE_SAMPLED_48.5200661629913 = 48.5200661629913 (2.935479933628905)
10253-MALE_SAMPLED_49.5624688181104 = 49.5624688181104 (1.8930772785098)
11162-MALE_SAMPLED_50.3477704773666 = 50.3477704773666 (1.1077756192536015)
6360-MALE_SAMPLED_51.3797213078486 = 51.3797213078486 (0.07582478877160526)
2070-MALE_SAMPLED_48.4757949013272 = 48.4757949013272 (2.979751195293005)
2431-FEMALE_SAMPLED_51.4122594675990 = 51.412259467599 (0.04328662902120328)
10161-FEMALE_SAMPLED_51.3861833123500 = 51.38618331235 (0.06936278427020426)
11097-FEMALE_SAMPLED_51.2347004927704 = 51.2347004927704 (0.22084560384980279)
266-MALE_SAMPLED_48.7458769087223 = 48.7458769087223 (2.7096691878979016)
11364-MALE_SAMPLED_51.3546229141774 = 51.3546229141774 (0.10092318244280563)
650-MALE_SAMPLED_50.3675497467173 = 50.3675497467173 (1.0879963499029017)
10797-FEMALE_SAMPLED_50.4839181063706 = 50.4839181063706 (0.9716279902496012)
6894-MALE_SAMPLED_49.1693712581890 = 49.169371258189 (2.286174838431201)
5121-FEMALE_SAMPLED_51.1101883206992 = 51.1101883206992 (0.34535777592100203)
10034-MALE_SAMPLED_50.0416097042160 = 50.041609704216 (1.413936392404203)
4401-FEMALE_SAMPLED_49.5794088127567 = 49.5794088127567 (1.8761372838635069)
8365-FEMALE_SAMPLED_51.2466447215537 = 51.2466447215537 (0.2089013750665032)
8852-MALE_SAMPLED_48.5053211331377 = 48.5053211331377 (2.950224963482505)
7982-MALE_SAMPLED_51.3585817066031 = 51.3585817066031 (0.09696439001710644)
2262-MALE_SAMPLED_48.6890460720295 = 48.6890460720295 (2.766500024590705)
10427-FEMALE_SAMPLED_48.4920483545410 = 48.492048354541 (2.9634977420792055)
9689-FEMALE_SAMPLED_50.8477879308173 = 50.8477879308173 (0.6077581658029061)
2072-MALE_SAMPLED_49.6491134278020 = 49.649113427802 (1.8064326688182035)
2365-FEMALE_SAMPLED_48.9707556629563 = 48.9707556629563 (2.4847904336639033)
32-MALE_SAMPLED_51.2247356539136 = 51.2247356539136 (0.23081044270660556)
809-FEMALE_SAMPLED_48.7147066574087 = 48.7147066574087 (2.7408394392115056)
9285-MALE_SAMPLED_51.2624903085651 = 51.2624903085651 (0.19305578805510493)
3825-FEMALE_SAMPLED_50.5421200477993 = 50.5421200477993 (0.9134260488209023)
3065-FEMALE_SAMPLED_50.6931065043444 = 50.6931065043444 (0.762439592275804)
10260-MALE_SAMPLED_50.6594979678756 = 50.6594979678756 (0.7960481287446015)
6606-MALE_SAMPLED_48.8029487384027 = 48.8029487384027 (2.6525973582175055)
11456-FEMALE_SAMPLED_51.3493915490815 = 51.3493915490815 (0.10615454753870068)
2112-MALE_SAMPLED_48.6290730428426 = 48.6290730428426 (2.8264730537776046)
597-FEMALE_SAMPLED_51.3671151902070 = 51.367115190207 (0.08843090641320117)
6256-MALE_SAMPLED_48.8633617378781 = 48.8633617378781 (2.5921843587421023)
2134-MALE_SAMPLED_49.5281083341232 = 49.5281083341232 (1.927437762497)
3968-MALE_SAMPLED_48.7925861705570 = 48.792586170557 (2.662959926063202)
2125-FEMALE_SAMPLED_49.5856583870025 = 49.5856583870025 (1.8698877096177)
6481-FEMALE_SAMPLED_48.9090173162529 = 48.9090173162529 (2.5465287803673036)
6004-MALE_SAMPLED_50.6215268868962 = 50.6215268868962 (0.8340192097240049)
9032-FEMALE_SAMPLED_48.6240058317324 = 48.6240058317324 (2.8315402648878063)
9282-FEMALE_SAMPLED_51.3752615535175 = 51.3752615535175 (0.08028454310270661)
10810-FEMALE_SAMPLED_49.1327631410221 = 49.1327631410221 (2.3227829555981003)
5978-MALE_SAMPLED_49.4180255399095 = 49.4180255399095 (2.037520556710703)
11235-FEMALE_SAMPLED_51.3436001771605 = 51.3436001771605 (0.1119459194596999)
7441-FEMALE_SAMPLED_50.9443607497504 = 50.9443607497504 (0.5111853468698015)
1422-MALE_SAMPLED_50.1870885798251 = 50.1870885798251 (1.2684575167951024)
11707-FEMALE_SAMPLED_50.6894353362275 = 50.6894353362275 (0.7661107603927064)
9504-FEMALE_SAMPLED_50.5780360900806 = 50.5780360900806 (0.8775100065396018)
2550-MALE_SAMPLED_50.2097299003052 = 50.2097299003052 (1.2458161963150047)
7387-FEMALE_SAMPLED_49.1917431158489 = 49.1917431158489 (2.2638029807713025)
3761-FEMALE_SAMPLED_51.0736795290848 = 51.0736795290848 (0.38186656753540404)
10464-FEMALE_SAMPLED_49.7586039183205 = 49.7586039183205 (1.6969421782997003)
10727-FEMALE_SAMPLED_49.3362633049963 = 49.3362633049963 (2.1192827916239025)
10414-MALE_SAMPLED_51.3538512377543 = 51.3538512377543 (0.10169485886590479)
2937-FEMALE_SAMPLED_49.0097159579871 = 49.0097159579871 (2.445830138633106)
10059-FEMALE_SAMPLED_51.3376929882923 = 51.3376929882923 (0.11785310832790685)
9632-FEMALE_SAMPLED_50.9500087652830 = 50.950008765283 (0.5055373313372016)
4290-MALE_SAMPLED_50.5535167238684 = 50.5535167238684 (0.9020293727518052)
10539-MALE_SAMPLED_48.5431744798096 = 48.5431744798096 (2.912371616810603)
7945-FEMALE_SAMPLED_50.1584835045049 = 50.1584835045049 (1.297062592115303)
10348-MALE_SAMPLED_49.4162269483330 = 49.416226948333 (2.0393191482872055)
1499-FEMALE_SAMPLED_49.1697738514757 = 49.1697738514757 (2.2857722451445)
9398-MALE_SAMPLED_48.6655659500519 = 48.6655659500519 (2.789980146568304)
377-FEMALE_SAMPLED_49.8155993972449 = 49.8155993972449 (1.639946699375301)
9897-FEMALE_SAMPLED_49.6785965333236 = 49.6785965333236 (1.7769495632966041)
504-MALE_SAMPLED_49.0158963424163 = 49.0158963424163 (2.4396497542039057)
9738-MALE_SAMPLED_50.8967868987946 = 50.8967868987946 (0.5587591978256015)
10986-FEMALE_SAMPLED_51.4425576915508 = 51.4425576915508 (0.012988405069400244)
7984-MALE_SAMPLED_49.4306648128675 = 49.4306648128675 (2.0248812837527055)
8500-MALE_SAMPLED_49.5614705997994 = 49.5614705997994 (1.894075496820804)
5948-MALE_SAMPLED_48.5104579140442 = 48.5104579140442 (2.9450881825760007)
358-MALE_SAMPLED_48.5489879142968 = 48.5489879142968 (2.9065581823234012)
11465-FEMALE_SAMPLED_50.0720379126268 = 50.0720379126268 (1.3835081839934062)
9732-MALE_SAMPLED_50.2135099067362 = 50.2135099067362 (1.2420361898840042)
2783-FEMALE_SAMPLED_50.3190870033121 = 50.3190870033121 (1.1364590933081047)
6258-MALE_SAMPLED_48.8712015861655 = 48.8712015861655 (2.584344510454706)
4762-MALE_SAMPLED_51.0125957007529 = 51.0125957007529 (0.44295039586730667)
1775-FEMALE_SAMPLED_50.8946052458612 = 50.8946052458612 (0.5609408507590032)
4242-MALE_SAMPLED_48.6858948033312 = 48.6858948033312 (2.7696512932890016)
9826-FEMALE_SAMPLED_48.4976164772650 = 48.497616477265 (2.9579296193552054)
6680-MALE_SAMPLED_50.5114831893714 = 50.5114831893714 (0.9440629072488065)
9297-FEMALE_SAMPLED_50.6872866318570 = 50.687286631857 (0.7682594647632044)
3232-MALE_SAMPLED_50.4937583328700 = 50.49375833287 (0.9617877637502019)
2758-MALE_SAMPLED_50.3209896352617 = 50.3209896352617 (1.1345564613585069)
10272-MALE_SAMPLED_48.7021050555175 = 48.7021050555175 (2.753441041102704)
10321-MALE_SAMPLED_50.0050201452812 = 50.0050201452812 (1.450525951339003)
6257-FEMALE_SAMPLED_51.4390048116455 = 51.4390048116455 (0.016541284974699977)
11228-FEMALE_SAMPLED_51.1507870445037 = 51.1507870445037 (0.304759052116502)
10670-MALE_SAMPLED_51.4095260800803 = 51.4095260800803 (0.04602001653990584)
6018-MALE_SAMPLED_51.1519682111228 = 51.1519682111228 (0.30357788549740405)
4214-MALE_SAMPLED_48.8007478294438 = 48.8007478294438 (2.654798267176403)
2812-MALE_SAMPLED_49.4867746878425 = 49.4867746878425 (1.9687714087777053)
3848-MALE_SAMPLED_48.9161997914324 = 48.9161997914324 (2.539346305187806)
9043-FEMALE_SAMPLED_50.8007958593788 = 50.8007958593788 (0.6547502372414016)
12057-MALE_SAMPLED_51.4417555538947 = 51.4417555538947 (0.013790542725502064)
8267-FEMALE_SAMPLED_51.1565642747572 = 51.1565642747572 (0.29898182186300204)
9950-FEMALE_SAMPLED_51.3802241046922 = 51.3802241046922 (0.07532199192799993)
10220-FEMALE_SAMPLED_51.2890497014867 = 51.2890497014867 (0.16649639513350678)
2589-FEMALE_SAMPLED_51.0771890095910 = 51.077189009591 (0.378357087029201)
6367-FEMALE_SAMPLED_51.2746193024339 = 51.2746193024339 (0.18092679418630553)
2709-FEMALE_SAMPLED_51.0701001036922 = 51.0701001036922 (0.3854459929280054)
6338-MALE_SAMPLED_49.5863903332045 = 49.5863903332045 (1.869155763415705)
389-FEMALE_SAMPLED_51.3832978792032 = 51.3832978792032 (0.07224821741700538)
10653-FEMALE_SAMPLED_50.5967838915074 = 50.5967838915074 (0.8587622051128037)
5923-FEMALE_SAMPLED_48.5205526256012 = 48.5205526256012 (2.9349934710190055)
3725-FEMALE_SAMPLED_48.8509407185027 = 48.8509407185027 (2.6046053781175047)
11500-FEMALE_SAMPLED_51.0564191983556 = 51.0564191983556 (0.3991268982646048)
37-FEMALE_SAMPLED_50.9236960790129 = 50.9236960790129 (0.5318500176073044)
2991-FEMALE_SAMPLED_48.6559737929618 = 48.6559737929618 (2.799572303658401)
9402-MALE_SAMPLED_50.9194817908118 = 50.9194817908118 (0.5360643058084023)
7087-FEMALE_SAMPLED_50.1236129579609 = 50.1236129579609 (1.331933138659302)
10339-FEMALE_SAMPLED_49.0908206423754 = 49.0908206423754 (2.3647254542448053)
3505-FEMALE_SAMPLED_49.3195470750341 = 49.3195470750341 (2.1359990215861018)
8782-MALE_SAMPLED_48.6903678003708 = 48.6903678003708 (2.7651782962494025)
10915-FEMALE_SAMPLED_51.3125731509188 = 51.3125731509188 (0.14297294570140195)
3563-FEMALE_SAMPLED_48.9159081403175 = 48.9159081403175 (2.5396379563027054)
9474-MALE_SAMPLED_51.2221929421192 = 51.2221929421192 (0.23335315450100325)
9648-FEMALE_SAMPLED_51.1734149322854 = 51.1734149322854 (0.2821311643348068)
4304-MALE_SAMPLED_48.5460275357598 = 48.5460275357598 (2.9095185608604055)
10144-MALE_SAMPLED_50.0695423532287 = 50.0695423532287 (1.3860037433915053)
4374-MALE_SAMPLED_48.8335446142135 = 48.8335446142135 (2.622001482406702)
5459-FEMALE_SAMPLED_50.4477330203643 = 50.4477330203643 (1.0078130762558999)
10785-MALE_SAMPLED_48.6336821962157 = 48.6336821962157 (2.8218639004045016)
5266-MALE_SAMPLED_50.4330636099456 = 50.4330636099456 (1.0224824866746047)
4635-FEMALE_SAMPLED_49.3792918901434 = 49.3792918901434 (2.076254206476804)
8823-FEMALE_SAMPLED_51.2011589675220 = 51.201158967522 (0.2543871290982054)
4243-FEMALE_SAMPLED_49.6216275984896 = 49.6216275984896 (1.8339184981306005)
5409-FEMALE_SAMPLED_50.9234122558972 = 50.9234122558972 (0.5321338407230058)
2151-FEMALE_SAMPLED_49.8867090406837 = 49.8867090406837 (1.5688370559365055)
10358-MALE_SAMPLED_50.1922324755704 = 50.1922324755704 (1.2633136210498037)
1714-MALE_SAMPLED_48.4678317817869 = 48.4678317817869 (2.9877143148333047)
7687-FEMALE_SAMPLED_48.7088243271699 = 48.7088243271699 (2.7467217694503034)
10337-MALE_SAMPLED_51.4394471602989 = 51.4394471602989 (0.016098936321306212)
  UCRelaxedClockModel: using 794 rate categories to approximate rate distribution across branches.
  Using BEAGLE version: 2.1.2 resource 0: CPU
    with instance flags:  PRECISION_DOUBLE COMPUTATION_SYNCH EIGEN_REAL SCALING_MANUAL SCALERS_RAW VECTOR_SSE THREADING_NONE PROCESSOR_CPU FRAMEWORK_CPU
Filter 1480-4479
398 taxa
3000 sites
1897 patterns
  Using BEAGLE version: 2.1.2 resource 0: CPU
    with instance flags:  PRECISION_DOUBLE COMPUTATION_SYNCH EIGEN_REAL SCALING_MANUAL SCALERS_RAW VECTOR_SSE THREADING_NONE PROCESSOR_CPU FRAMEWORK_CPU
Filter 4480-6987
398 taxa
2508 sites
1671 patterns
  Using BEAGLE version: 2.1.2 resource 0: CPU
    with instance flags:  PRECISION_DOUBLE COMPUTATION_SYNCH EIGEN_REAL SCALING_MANUAL SCALERS_RAW VECTOR_SSE THREADING_NONE PROCESSOR_CPU FRAMEWORK_CPU
===============================================================================
Citations for this model:

Bouckaert RR, Heled J, Kuehnert D, Vaughan TG, Wu C-H, Xie D, Suchard MA,
  Rambaut A, Drummond AJ (2014) BEAST 2: A software platform for Bayesian
  evolutionary analysis. PLoS Computational Biology 10(4): e1003537

Drummond AJ, Ho SYW, Phillips MJ, Rambaut A (2006) Relaxed Phylogenetics and
  Dating with Confidence. PLoS Biol 4(5): e88

===============================================================================
Restoring from file
Appending file 300914_Village_scH_sample1_epi3.log
Appending file 300914_Village_scH_sample1_epi3.trees
         Sample      posterior ESS(posterior)     likelihood          prior
       11764000   -412533.0966              N   -410274.2660     -2258.8305 --
       11765000   -412534.0682         2.0      -410277.2602     -2256.8079 --
       11766000   -412526.3503         3.0      -410269.7316     -2256.6186 --
       11767000   -412517.5710         4.0      -410252.4282     -2265.1427 --
       11768000   -412522.2114         5.0      -410255.0450     -2267.1663 --
       11769000   -412518.3733         3.0      -410247.1329     -2271.2404 --
       11770000   -412517.2248         3.1      -410249.8454     -2267.3794 --
       11771000   -412521.4561         3.3      -410253.5975     -2267.8586 --
       11772000   -412525.4488         3.9      -410257.0322     -2268.4166 --
       11773000   -412518.2715         9.0      -410252.9789     -2265.2925 --
       11774000   -412519.7069        10.0      -410251.1666     -2268.5402 --
       11775000   -412520.6639        11.0      -410251.7870     -2268.8769 2h34m33s/Msamples
       11776000   -412512.2703        12.0      -410244.9524     -2267.3178 2h32m11s/Msamples
       11777000   -412500.0014         8.8      -410229.7049     -2270.2964 2h34m23s/Msamples
       11778000   -412514.2093         7.6      -410249.1831     -2265.0261 2h38m24s/Msamples
       11779000   -412312.7252        12.1      -410046.4396     -2266.2855 2h38m52s/Msamples
       11780000   -412231.9042         7.6      -409956.0218     -2275.8824 2h44m7s/Msamples
       11781000   -412205.1673         5.5      -409933.6397     -2271.5276 2h45m53s/Msamples
       11782000   -412173.3293         4.4      -409900.6090     -2272.7203 2h46m12s/Msamples
       11783000   -412016.0521         3.7      -409746.3181     -2269.7340 2h46m47s/Msamples
       11784000   -411991.1572         3.4      -409720.6840     -2270.4731 2h46m39s/Msamples
       11785000   -411983.6684         3.1      -409710.6120     -2273.0564 2h48m28s/Msamples
       11786000   -411964.7557         2.9      -409687.6188     -2277.1368 2h49m47s/Msamples
       11787000   -411917.3075         2.7      -409642.6576     -2274.6498 2h50m48s/Msamples
       11788000   -411912.7916         2.6      -409640.2186     -2272.5730 2h50m20s/Msamples
       11789000   -411912.5764         2.5      -409643.0549     -2269.5214 2h50m9s/Msamples
       11790000   -411906.4705         2.4      -409635.7177     -2270.7528 2h48m44s/Msamples
       11791000   -411912.4299         2.4      -409638.7924     -2273.6374 2h47m30s/Msamples
       11792000   -411899.9683         2.3      -409627.2582     -2272.7100 2h47m37s/Msamples
       11793000   -411896.9767         2.3      -409629.2723     -2267.7044 2h47m46s/Msamples
       11794000   -411889.4781         2.3      -409623.9081     -2265.5699 2h48m20s/Msamples
       11795000   -411887.0834         2.3      -409618.2825     -2268.8009 2h48m5s/Msamples
       11796000   -411900.5223         2.3      -409622.3748     -2278.1475 2h48m25s/Msamples
       11797000   -411896.0535         2.3      -409628.2583     -2267.7952 2h47m51s/Msamples
       11798000   -411897.7652         2.3      -409631.5123     -2266.2529 2h47m32s/Msamples
       11799000   -411907.7600         2.3      -409637.9597     -2269.8002 2h48m32s/Msamples
       11800000   -411882.0051         2.4      -409613.3421     -2268.6629 2h48m40s/Msamples
       11801000   -411872.8227         2.4      -409606.1700     -2266.6527 2h48m40s/Msamples
       11802000   -411868.3342         2.4      -409599.9405     -2268.3936 2h48m9s/Msamples
       11803000   -411856.9065         2.5      -409594.1985     -2262.7079 2h48m39s/Msamples
       11804000   -411859.9501         2.6      -409595.2831     -2264.6670 2h48m48s/Msamples
       11805000   -411857.1481         2.6      -409589.7959     -2267.3522 2h48m22s/Msamples
       11806000   -411851.8515         2.6      -409584.6416     -2267.2098 2h47m39s/Msamples
       11807000   -411851.1963         2.7      -409584.7407     -2266.4555 2h47m20s/Msamples
       11808000   -411815.1307         2.7      -409550.0552     -2265.0754 2h47m23s/Msamples
       11809000   -411806.6426         2.8      -409541.8563     -2264.7863 2h47m3s/Msamples
       11810000   -411794.6196         2.8      -409530.1665     -2264.4531 2h46m52s/Msamples
       11811000   -411793.1202         2.9      -409527.1108     -2266.0094 2h46m59s/Msamples
       11812000   -411784.9296         2.9      -409517.4010     -2267.5285 2h47m28s/Msamples
       11813000   -411788.9913         3.1      -409519.4096     -2269.5816 2h46m51s/Msamples
       11814000   -411796.9198         3.1      -409524.3411     -2272.5787 2h47m18s/Msamples
       11815000   -411802.5136         3.2      -409535.7046     -2266.8090 2h47m21s/Msamples
       11816000   -411802.4872         3.2      -409538.0430     -2264.4442 2h47m5s/Msamples
       11817000   -411807.9140         3.2      -409537.9251     -2269.9888 2h46m43s/Msamples
       11818000   -411808.9920         3.3      -409539.9225     -2269.0695 2h46m37s/Msamples
       11819000   -411810.9012         3.3      -409540.9302     -2269.9709 2h46m27s/Msamples
       11820000   -411794.3269         3.3      -409523.2714     -2271.0554 2h46m44s/Msamples
       11821000   -411774.9493         3.4      -409507.1675     -2267.7817 2h46m42s/Msamples
       11822000   -411732.5380         3.4      -409462.6379     -2269.9000 2h46m24s/Msamples
       11823000   -411697.8829         3.6      -409425.6990     -2272.1838 2h46m31s/Msamples
       11824000   -411710.8581         3.6      -409436.5239     -2274.3342 2h46m2s/Msamples
       11825000   -411702.3300         3.7      -409428.1857     -2274.1443 2h46m17s/Msamples
       11826000   -411707.7696         3.7      -409435.3044     -2272.4651 2h46m0s/Msamples
       11827000   -411707.2380         3.7      -409433.0207     -2274.2172 2h46m0s/Msamples
       11828000   -411692.9793         3.7      -409422.4925     -2270.4867 2h45m58s/Msamples
       11829000   -411632.8537         3.7      -409359.0591     -2273.7946 2h46m21s/Msamples
       11830000   -411622.2187         3.7      -409351.7657     -2270.4529 2h46m21s/Msamples
       11831000   -411625.0000         3.8      -409355.1501     -2269.8498 2h46m9s/Msamples
       11832000   -411618.3951         3.8      -409343.7300     -2274.6651 2h46m10s/Msamples
       11833000   -411619.2650         3.9      -409346.7512     -2272.5137 2h46m17s/Msamples
       11834000   -411240.5157         3.9      -408964.8388     -2275.6768 2h46m28s/Msamples
       11835000   -411209.8951         4.0      -408934.8770     -2275.0180 2h46m25s/Msamples
       11836000   -411170.7291         4.1      -408898.8373     -2271.8918 2h46m37s/Msamples
       11837000   -411013.2952         4.1      -408742.0972     -2271.1979 2h46m48s/Msamples
       11838000   -410986.4250         4.2      -408715.2934     -2271.1315 2h46m45s/Msamples
       11839000   -410976.3702         4.2      -408704.5747     -2271.7955 2h47m0s/Msamples
       11840000   -410941.0700         4.2      -408667.2670     -2273.8029 2h46m51s/Msamples
       11841000   -410952.7405         4.2      -408682.1437     -2270.5967 2h46m58s/Msamples
       11842000   -410934.3218         4.1      -408661.7777     -2272.5440 2h46m58s/Msamples
       11843000   -410899.1268         4.1      -408631.3311     -2267.7957 2h47m5s/Msamples
       11844000   -410889.6817         4.1      -408627.9564     -2261.7252 2h47m5s/Msamples
       11845000   -410897.9731         4.0      -408632.5263     -2265.4468 2h47m1s/Msamples
       11846000   -410894.6359         4.0      -408629.9937     -2264.6422 2h47m15s/Msamples
       11847000   -410914.2297         3.9      -408649.4687     -2264.7609 2h47m23s/Msamples
       11848000   -410910.9854         3.8      -408643.0259     -2267.9595 2h47m21s/Msamples
       11849000   -410730.4851         3.8      -408464.7451     -2265.7399 2h47m26s/Msamples
       11850000   -410676.4187         3.7      -408408.5340     -2267.8847 2h47m26s/Msamples
       11851000   -410679.9213         3.6      -408406.9453     -2272.9760 2h47m27s/Msamples
       11852000   -410016.1235         3.7      -407742.0700     -2274.0534 2h47m14s/Msamples
       11853000   -409838.3320         3.8      -407560.8838     -2277.4481 2h47m6s/Msamples
       11854000   -409830.1255         3.8      -407556.3221     -2273.8034 2h46m32s/Msamples
       11855000   -409836.2282         3.8      -407561.5797     -2274.6485 2h46m10s/Msamples
       11856000   -409731.0543         3.8      -407459.7772     -2271.2770 2h46m22s/Msamples
       11857000   -409734.7001         3.7      -407457.6585     -2277.0415 2h46m20s/Msamples
       11858000   -409702.3804         3.7      -407429.7655     -2272.6148 2h46m23s/Msamples
       11859000   -409688.2230         3.6      -407414.9918     -2273.2311 2h46m13s/Msamples
       11860000   -409692.4545         3.6      -407415.7814     -2276.6731 2h46m23s/Msamples
       11861000   -409680.6551         3.5      -407407.0844     -2273.5706 2h46m18s/Msamples
       11862000   -409668.7153         3.4      -407396.5166     -2272.1987 2h46m27s/Msamples
       11863000   -409659.8994         3.4      -407389.1102     -2270.7892 2h46m24s/Msamples
       11864000   -409644.5871         3.3      -407370.3134     -2274.2737 2h46m29s/Msamples
       11865000   -409619.4486         3.3      -407342.5328     -2276.9157 2h46m25s/Msamples
       11866000   -409608.2576         3.2      -407336.3138     -2271.9437 2h46m16s/Msamples
       11867000   -409617.4088         3.1      -407347.3706     -2270.0382 2h46m28s/Msamples
       11868000   -409602.5576         3.1      -407334.4427     -2268.1148 2h46m25s/Msamples
       11869000   -409610.2195         3.1      -407341.4692     -2268.7503 2h46m1s/Msamples
       11870000   -409605.2493         3.0      -407338.5500     -2266.6993 2h45m50s/Msamples
       11871000   -409603.7963         3.0      -407331.1060     -2272.6903 2h45m38s/Msamples
       11872000   -409596.7957         2.9      -407323.5961     -2273.1995 2h45m22s/Msamples
       11873000   -409603.7512         2.9      -407321.8016     -2281.9496 2h45m38s/Msamples
       11874000   -409576.6207         2.8      -407304.7275     -2271.8931 2h45m46s/Msamples
       11875000   -409573.5279         2.8      -407301.5299     -2271.9979 2h45m59s/Msamples
       11876000   -409582.7325         2.8      -407310.4715     -2272.2609 2h45m57s/Msamples
       11877000   -409571.7186         2.8      -407294.7689     -2276.9497 2h45m53s/Msamples
       11878000   -409580.7662         2.7      -407309.2066     -2271.5596 2h45m53s/Msamples
       11879000   -409590.5690         2.7      -407317.5610     -2273.0080 2h46m0s/Msamples
       11880000   -409590.5418         2.7      -407316.7945     -2273.7473 2h46m0s/Msamples
       11881000   -409589.7880         2.7      -407313.7254     -2276.0626 2h45m56s/Msamples
       11882000   -409576.9658         2.6      -407299.2630     -2277.7028 2h45m37s/Msamples
       11883000   -409570.7325         2.6      -407293.8257     -2276.9067 2h45m38s/Msamples
       11884000   -409565.1588         2.6      -407291.1231     -2274.0357 2h45m43s/Msamples
       11885000   -409571.7263         2.5      -407297.1033     -2274.6230 2h45m40s/Msamples
       11886000   -409585.9680         2.5      -407307.1104     -2278.8575 2h45m44s/Msamples
       11887000   -409590.8552         2.5      -407310.1235     -2280.7316 2h45m41s/Msamples
       11888000   -409591.3773         2.5      -407308.3886     -2282.9887 2h45m28s/Msamples
       11889000   -409579.9517         2.5      -407302.4408     -2277.5109 2h45m22s/Msamples
       11890000   -409556.5063         2.5      -407279.8875     -2276.6187 2h45m28s/Msamples
       11891000   -409563.3876         2.4      -407285.4400     -2277.9476 2h45m25s/Msamples
       11892000   -409553.1100         2.4      -407280.0172     -2273.0927 2h45m28s/Msamples
       11893000   -409546.5499         2.4      -407271.7946     -2274.7553 2h45m28s/Msamples
       11894000   -409544.0901         2.4      -407271.7062     -2272.3839 2h45m26s/Msamples
       11895000   -409545.4864         2.4      -407268.7799     -2276.7064 2h45m27s/Msamples
       11896000   -409555.7924         2.4      -407275.3236     -2280.4688 2h45m38s/Msamples
       11897000   -409559.2654         2.4      -407281.8597     -2277.4056 2h45m36s/Msamples
       11898000   -409529.0248         2.4      -407247.0145     -2282.0103 2h45m44s/Msamples
       11899000   -409530.0467         2.3      -407247.2569     -2282.7898 2h45m44s/Msamples
       11900000   -409528.0643         2.3      -407251.9226     -2276.1417 2h45m49s/Msamples
       11901000   -409531.6848         2.3      -407252.1377     -2279.5471 2h45m46s/Msamples
       11902000   -409543.1059         2.3      -407258.0336     -2285.0722 2h45m42s/Msamples
       11903000   -409542.4357         2.3      -407256.5081     -2285.9276 2h45m48s/Msamples
       11904000   -409533.2410         2.3      -407251.6583     -2281.5826 2h45m41s/Msamples
       11905000   -409557.8013         2.3      -407274.6546     -2283.1467 2h45m26s/Msamples
       11906000   -409557.8169         2.3      -407272.3699     -2285.4469 2h45m25s/Msamples
       11907000   -409549.4274         2.3      -407270.1893     -2279.2380 2h45m29s/Msamples
       11908000   -409547.5796         2.3      -407269.7482     -2277.8313 2h45m26s/Msamples
       11909000   -409536.3145         2.3      -407258.8464     -2277.4680 2h45m21s/Msamples
       11910000   -409538.3957         2.3      -407262.5185     -2275.8772 2h45m12s/Msamples
       11911000   -409544.7257         2.3      -407262.2298     -2282.4959 2h45m2s/Msamples
       11912000   -409543.3475         2.3      -407266.2207     -2277.1267 2h45m14s/Msamples
       11913000   -409537.9063         2.3      -407254.3968     -2283.5094 2h45m18s/Msamples
       11914000   -409535.1107         2.3      -407253.8210     -2281.2896 2h45m12s/Msamples
       11915000   -409532.2778         2.3      -407248.4623     -2283.8154 2h45m15s/Msamples
       11916000   -409543.5221         2.3      -407260.5119     -2283.0101 2h45m13s/Msamples
       11917000   -409536.8854         2.3      -407254.7354     -2282.1499 2h45m19s/Msamples
       11918000   -409541.5301         2.3      -407261.5797     -2279.9504 2h45m9s/Msamples
       11919000   -409540.4617         2.3      -407262.7053     -2277.7563 2h44m58s/Msamples
       11920000   -409543.5330         2.3      -407266.6416     -2276.8914 2h45m0s/Msamples
       11921000   -409544.1770         2.3      -407263.6765     -2280.5005 2h44m59s/Msamples
       11922000   -409540.0648         2.3      -407261.7616     -2278.3032 2h45m8s/Msamples
       11923000   -409533.9905         2.3      -407253.6954     -2280.2951 2h45m17s/Msamples
       11924000   -409523.1017         2.3      -407246.2020     -2276.8996 2h45m13s/Msamples
       11925000   -409520.7882         2.3      -407241.8835     -2278.9047 2h45m12s/Msamples
       11926000   -409517.7325         2.4      -407240.8198     -2276.9127 2h45m15s/Msamples
       11927000   -409516.3742         2.4      -407234.4083     -2281.9659 2h45m19s/Msamples
       11928000   -409519.3992         2.4      -407235.9601     -2283.4390 2h45m14s/Msamples
       11929000   -409514.6807         2.4      -407232.0070     -2282.6737 2h45m15s/Msamples
       11930000   -409511.2380         2.4      -407228.5216     -2282.7163 2h45m19s/Msamples
       11931000   -409531.4982         2.4      -407247.6475     -2283.8506 2h45m19s/Msamples
       11932000   -409541.9478         2.4      -407253.1494     -2288.7983 2h45m23s/Msamples
       11933000   -409539.8371         2.4      -407250.5299     -2289.3072 2h45m21s/Msamples
       11934000   -409540.5030         2.4      -407245.7665     -2294.7365 2h45m19s/Msamples
       11935000   -409530.7683         2.4      -407245.6566     -2285.1116 2h45m15s/Msamples
       11936000   -409537.9276         2.4      -407252.5953     -2285.3322 2h45m13s/Msamples
       11937000   -409541.8394         2.4      -407256.1649     -2285.6744 2h45m18s/Msamples
       11938000   -409564.4008         2.4      -407279.1437     -2285.2570 2h45m19s/Msamples
       11939000   -409551.8293         2.4      -407270.3584     -2281.4708 2h45m16s/Msamples
       11940000   -409554.4955         2.5      -407274.7122     -2279.7833 2h45m19s/Msamples
       11941000   -409560.6150         2.5      -407274.9460     -2285.6690 2h45m16s/Msamples
       11942000   -409550.3500         2.5      -407269.9870     -2280.3629 2h45m18s/Msamples
       11943000   -409552.4255         2.5      -407272.7756     -2279.6498 2h45m11s/Msamples
       11944000   -409534.0262         2.5      -407254.0538     -2279.9723 2h45m15s/Msamples
       11945000   -409521.7150         2.5      -407247.9824     -2273.7326 2h45m18s/Msamples
       11946000   -409531.1701         2.5      -407252.5970     -2278.5730 2h45m15s/Msamples
       11947000   -409528.4695         2.5      -407243.9100     -2284.5594 2h45m8s/Msamples
       11948000   -409518.9605         2.5      -407242.2023     -2276.7582 2h45m13s/Msamples
       11949000   -409526.2081         2.5      -407252.1886     -2274.0194 2h45m6s/Msamples
       11950000   -409531.0944         2.5      -407250.2464     -2280.8479 2h45m0s/Msamples
       11951000   -409525.3339         2.6      -407248.4976     -2276.8363 2h44m58s/Msamples
       11952000   -409530.5469         2.6      -407252.0239     -2278.5229 2h44m56s/Msamples
       11953000   -409527.3995         2.6      -407250.1883     -2277.2112 2h44m56s/Msamples
       11954000   -409516.7305         2.6      -407240.5221     -2276.2084 2h44m57s/Msamples
       11955000   -409510.1973         2.6      -407233.4625     -2276.7347 2h44m43s/Msamples
       11956000   -409498.4318         2.6      -407222.7413     -2275.6905 2h44m41s/Msamples
       11957000   -409505.2684         2.6      -407227.6357     -2277.6326 2h44m46s/Msamples
       11958000   -409506.7133         2.6      -407231.4945     -2275.2187 2h44m44s/Msamples
       11959000   -409506.4124         2.6      -407226.8852     -2279.5272 2h44m41s/Msamples
       11960000   -409501.9392         2.7      -407227.7626     -2274.1765 2h44m39s/Msamples
       11961000   -409517.4267         2.7      -407240.5386     -2276.8880 2h44m49s/Msamples
       11962000   -409505.8241         2.7      -407227.5639     -2278.2601 2h44m50s/Msamples
       11963000   -409503.5957         2.7      -407228.1274     -2275.4682 2h44m49s/Msamples
       11964000   -409507.9371         2.7      -407231.1989     -2276.7381 2h44m44s/Msamples
       11965000   -409507.4667         2.7      -407231.5925     -2275.8742 2h44m50s/Msamples
       11966000   -409501.9635         2.7      -407225.7402     -2276.2233 2h44m44s/Msamples
       11967000   -409496.3872         2.7      -407224.5754     -2271.8117 2h44m40s/Msamples
       11968000   -409483.3701         2.8      -407213.6984     -2269.6716 2h44m43s/Msamples
       11969000   -409487.0799         2.8      -407213.7902     -2273.2897 2h44m43s/Msamples
       11970000   -409492.2713         2.8      -407217.6850     -2274.5862 2h44m42s/Msamples
       11971000   -409509.8722         2.8      -407232.8970     -2276.9752 2h44m44s/Msamples
       11972000   -409436.7487         2.8      -407163.1728     -2273.5759 2h44m41s/Msamples
       11973000   -409450.1590         2.8      -407175.4660     -2274.6930 2h44m42s/Msamples
       11974000   -409420.9780         2.8      -407144.3532     -2276.6247 2h44m45s/Msamples
       11975000   -409356.9339         2.9      -407079.4638     -2277.4701 2h44m41s/Msamples
       11976000   -409331.8176         2.9      -407052.9493     -2278.8683 2h44m39s/Msamples
       11977000   -409341.4070         2.9      -407062.5432     -2278.8637 2h44m39s/Msamples
       11978000   -409338.2243         2.9      -407055.8523     -2282.3719 2h44m35s/Msamples
       11979000   -409349.9914         2.9      -407065.8006     -2284.1908 2h44m28s/Msamples
       11980000   -409334.4731         2.9      -407052.9609     -2281.5121 2h44m29s/Msamples
       11981000   -409341.3347         2.9      -407055.4413     -2285.8934 2h44m33s/Msamples
       11982000   -409339.1887         2.9      -407058.4135     -2280.7751 2h44m38s/Msamples
       11983000   -409343.4654         3.0      -407060.3647     -2283.1007 2h44m43s/Msamples
       11984000   -409338.7094         3.0      -407058.2510     -2280.4584 2h44m40s/Msamples
       11985000   -409328.6257         3.0      -407047.5336     -2281.0920 2h44m46s/Msamples
       11986000   -409317.2121         3.0      -407034.5462     -2282.6658 2h44m39s/Msamples
       11987000   -409308.1782         3.0      -407028.6101     -2279.5680 2h44m42s/Msamples
       11988000   -409282.1529         3.0      -407001.4426     -2280.7103 2h44m47s/Msamples
       11989000   -409183.7597         3.1      -406903.6875     -2280.0722 2h44m47s/Msamples
       11990000   -409171.5322         3.1      -406886.8154     -2284.7167 2h44m48s/Msamples
       11991000   -409175.3042         3.1      -406887.7537     -2287.5505 2h44m41s/Msamples
       11992000   -409171.5170         3.1      -406893.6746     -2277.8424 2h44m40s/Msamples
       11993000   -409172.4810         3.1      -406897.2131     -2275.2678 2h44m39s/Msamples
       11994000   -409161.0263         3.1      -406887.4665     -2273.5597 2h44m38s/Msamples
       11995000   -409162.4778         3.2      -406887.8768     -2274.6009 2h44m39s/Msamples
       11996000   -409163.0733         3.2      -406890.9011     -2272.1722 2h44m44s/Msamples
       11997000   -409158.1437         3.2      -406883.2542     -2274.8894 2h44m46s/Msamples
       11998000   -409161.1354         3.2      -406884.1233     -2277.0121 2h44m42s/Msamples
       11999000   -409153.9328         3.2      -406877.7923     -2276.1405 2h44m49s/Msamples
       12000000   -409143.3762         3.2      -406866.1475     -2277.2286 2h44m52s/Msamples
       12001000   -409150.8033         3.2      -406872.6550     -2278.1482 2h44m47s/Msamples
       12002000   -409157.0757         3.2      -406880.8796     -2276.1961 2h44m43s/Msamples
       12003000   -409165.6825         3.3      -406891.1794     -2274.5030 2h44m40s/Msamples
       12004000   -409183.5564         3.3      -406909.5238     -2274.0326 2h44m47s/Msamples
       12005000   -409164.4355         3.3      -406890.5408     -2273.8946 2h44m44s/Msamples
       12006000   -409142.5709         3.3      -406870.3638     -2272.2070 2h44m43s/Msamples
       12007000   -409151.6439         3.3      -406867.6936     -2283.9502 2h44m47s/Msamples
       12008000   -409132.8483         3.3      -406861.5059     -2271.3424 2h44m45s/Msamples
       12009000   -409127.5332         3.4      -406858.0883     -2269.4448 2h44m45s/Msamples
       12010000   -409110.6262         3.4      -406840.1976     -2270.4285 2h44m45s/Msamples
       12011000   -409111.6960         3.4      -406836.3183     -2275.3776 2h44m50s/Msamples
       12012000   -409114.8147         3.4      -406843.9579     -2270.8567 2h44m48s/Msamples
       12013000   -409108.1590         3.4      -406834.4209     -2273.7380 2h44m49s/Msamples
       12014000   -409100.7244         3.4      -406827.2459     -2273.4784 2h44m49s/Msamples
       12015000   -409102.8152         3.5      -406827.9321     -2274.8830 2h44m51s/Msamples
       12016000   -409094.5137         3.5      -406816.8583     -2277.6554 2h44m49s/Msamples
       12017000   -409101.9207         3.5      -406819.6342     -2282.2865 2h44m48s/Msamples
       12018000   -409097.6426         3.5      -406819.4049     -2278.2377 2h44m49s/Msamples
       12019000   -409093.6301         3.5      -406816.1628     -2277.4673 2h44m48s/Msamples
       12020000   -409091.1092         3.5      -406814.8641     -2276.2450 2h44m43s/Msamples
       12021000   -409085.8584         3.5      -406806.0053     -2279.8530 2h44m37s/Msamples
       12022000   -409082.7539         3.5      -406805.8845     -2276.8694 2h44m34s/Msamples
       12023000   -409080.0722         3.6      -406799.3110     -2280.7611 2h44m37s/Msamples
       12024000   -409066.0397         3.6      -406790.0965     -2275.9431 2h44m37s/Msamples
       12025000   -409066.2260         3.6      -406790.8733     -2275.3527 2h44m38s/Msamples
       12026000   -409064.0124         3.6      -406785.4771     -2278.5353 2h44m43s/Msamples
       12027000   -409062.0679         3.6      -406779.7421     -2282.3258 2h44m43s/Msamples
       12028000   -409060.7844         3.6      -406779.1163     -2281.6681 2h44m46s/Msamples
       12029000   -409060.4468         3.6      -406781.6920     -2278.7548 2h44m53s/Msamples
       12030000   -409064.2665         3.7      -406786.6811     -2277.5854 2h44m53s/Msamples
       12031000   -409070.8377         3.7      -406793.3029     -2277.5347 2h44m50s/Msamples
       12032000   -409079.3916         3.7      -406802.7308     -2276.6607 2h44m47s/Msamples
       12033000   -409099.5171         3.7      -406822.3769     -2277.1402 2h44m44s/Msamples
       12034000   -409094.0346         3.7      -406816.6851     -2277.3494 2h44m46s/Msamples
       12035000   -409088.1804         3.7      -406809.4490     -2278.7314 2h44m45s/Msamples
       12036000   -409075.1235         3.7      -406796.6424     -2278.4811 2h44m47s/Msamples
       12037000   -409078.6236         3.8      -406796.7611     -2281.8625 2h44m43s/Msamples
       12038000   -409061.9078         3.8      -406783.6164     -2278.2913 2h44m42s/Msamples
       12039000   -409058.8493         3.8      -406781.2850     -2277.5642 2h44m39s/Msamples
       12040000   -409071.4583         3.8      -406790.6057     -2280.8526 2h44m40s/Msamples
       12041000   -409078.3666         3.8      -406792.7069     -2285.6596 2h44m40s/Msamples
       12042000   -409074.7112         3.8      -406795.2193     -2279.4919 2h44m42s/Msamples
       12043000   -409074.4186         3.8      -406799.0765     -2275.3420 2h44m44s/Msamples
       12044000   -409074.9912         3.9      -406801.8798     -2273.1114 2h44m48s/Msamples
       12045000   -409073.0550         3.9      -406799.5664     -2273.4886 2h44m52s/Msamples
       12046000   -409077.7466         3.9      -406800.7235     -2277.0231 2h44m52s/Msamples
       12047000   -409071.9233         3.9      -406799.7899     -2272.1334 2h44m52s/Msamples
       12048000   -409063.9506         3.9      -406793.2266     -2270.7239 2h44m50s/Msamples
       12049000   -409067.9301         3.9      -406794.6522     -2273.2778 2h44m49s/Msamples
       12050000   -409066.1166         3.9      -406792.3534     -2273.7631 2h44m54s/Msamples
       12051000   -409062.9035         3.9      -406784.6570     -2278.2464 2h44m57s/Msamples
       12052000   -409069.8013         3.9      -406795.8209     -2273.9803 2h44m57s/Msamples
       12053000   -409082.0168         4.0      -406805.4658     -2276.5510 2h44m59s/Msamples
       12054000   -409075.6790         4.0      -406801.5857     -2274.0932 2h45m6s/Msamples
       12055000   -409075.0996         4.0      -406801.4916     -2273.6080 2h45m7s/Msamples
       12056000   -409074.3756         4.0      -406798.9894     -2275.3861 2h45m5s/Msamples
       12057000   -409077.1195         4.0      -406802.0244     -2275.0950 2h45m5s/Msamples
       12058000   -409065.6035         4.0      -406780.7310     -2284.8724 2h45m6s/Msamples
       12059000   -409065.4703         4.0      -406777.8650     -2287.6053 2h45m2s/Msamples
       12060000   -409038.5361         4.0      -406762.5690     -2275.9671 2h44m59s/Msamples
       12061000   -409021.1940         4.0      -406743.3366     -2277.8573 2h44m58s/Msamples
       12062000   -409010.7021         4.0      -406734.7753     -2275.9268 2h44m59s/Msamples
       12063000   -409007.7468         4.1      -406728.2876     -2279.4592 2h45m2s/Msamples
       12064000   -409000.4292         4.1      -406718.9049     -2281.5243 2h44m58s/Msamples
       12065000   -408987.7002         4.1      -406706.2571     -2281.4430 2h44m57s/Msamples
       12066000   -408994.5906         4.1      -406712.4319     -2282.1586 2h44m59s/Msamples
       12067000   -408983.0442         4.1      -406703.4650     -2279.5791 2h45m1s/Msamples
       12068000   -408989.3067         4.1      -406704.3430     -2284.9636 2h45m0s/Msamples
       12069000   -408946.7649         4.1      -406673.6525     -2273.1123 2h45m2s/Msamples
       12070000   -408734.3863         4.1      -406455.8858     -2278.5005 2h44m59s/Msamples
       12071000   -408736.9865         4.1      -406459.9558     -2277.0306 2h44m57s/Msamples
       12072000   -408738.6365         4.1      -406456.1263     -2282.5102 2h45m1s/Msamples
       12073000   -408704.3925         4.2      -406424.1425     -2280.2499 2h45m2s/Msamples
       12074000   -408704.8278         4.2      -406425.1908     -2279.6370 2h45m3s/Msamples
       12075000   -408672.7045         4.2      -406400.2315     -2272.4730 2h45m1s/Msamples
       12076000   -408669.8540         4.2      -406390.6022     -2279.2517 2h45m4s/Msamples
       12077000   -408655.9572         4.2      -406380.5887     -2275.3684 2h45m6s/Msamples
       12078000   -408615.5632         4.2      -406329.8901     -2285.6730 2h45m5s/Msamples
       12079000   -408564.3789         4.2      -406285.0521     -2279.3267 2h45m10s/Msamples
       12080000   -408559.4222         4.2      -406281.2130     -2278.2092 2h45m13s/Msamples
       12081000   -408557.1076         4.2      -406284.7903     -2272.3173 2h45m16s/Msamples
       12082000   -408543.1989         4.2      -406266.5406     -2276.6582 2h45m13s/Msamples
       12083000   -408540.3064         4.2      -406262.3201     -2277.9862 2h45m14s/Msamples
       12084000   -408534.2335         4.2      -406253.5204     -2280.7130 2h45m9s/Msamples
       12085000   -408544.3308         4.2      -406261.9183     -2282.4124 2h45m5s/Msamples
       12086000   -408560.2316         4.2      -406280.8085     -2279.4230 2h45m6s/Msamples
       12087000   -408554.6702         4.2      -406277.2838     -2277.3863 2h45m2s/Msamples
       12088000   -408547.9653         4.2      -406268.4404     -2279.5249 2h45m0s/Msamples
       12089000   -408545.3587         4.2      -406271.1668     -2274.1919 2h45m0s/Msamples
       12090000   -408552.6399         4.2      -406278.0082     -2274.6316 2h44m58s/Msamples
       12091000   -408558.2277         4.2      -406281.7741     -2276.4536 2h44m58s/Msamples
       12092000   -408555.9033         4.2      -406278.1249     -2277.7784 2h44m56s/Msamples
       12093000   -408554.4295         4.2      -406279.5332     -2274.8962 2h44m53s/Msamples
       12094000   -408552.3063         4.2      -406274.8154     -2277.4909 2h44m53s/Msamples
       12095000   -408555.8119         4.2      -406272.9280     -2282.8838 2h44m50s/Msamples
       12096000   -408552.0411         4.2      -406275.6218     -2276.4193 2h44m51s/Msamples
       12097000   -408552.3865         4.2      -406275.7864     -2276.6000 2h44m49s/Msamples
       12098000   -408553.1711         4.2      -406276.4355     -2276.7355 2h44m48s/Msamples
       12099000   -408551.0759         4.2      -406278.7209     -2272.3550 2h44m47s/Msamples
       12100000   -408570.0775         4.2      -406292.9325     -2277.1450 2h44m46s/Msamples
       12101000   -408558.8895         4.2      -406283.9121     -2274.9773 2h44m43s/Msamples
       12102000   -408548.9819         4.1      -406268.3002     -2280.6817 2h44m45s/Msamples
       12103000   -408547.7494         4.2      -406271.3589     -2276.3905 2h44m47s/Msamples
       12104000   -408546.0736         4.2      -406274.8439     -2271.2297 2h44m44s/Msamples
       12105000   -408541.7545         4.1      -406268.1881     -2273.5663 2h44m45s/Msamples
       12106000   -408540.7115         4.1      -406269.5284     -2271.1831 2h44m42s/Msamples
       12107000   -408538.4706         4.1      -406266.4088     -2272.0617 2h44m45s/Msamples
       12108000   -408529.5999         4.1      -406259.1022     -2270.4977 2h44m42s/Msamples
       12109000   -408525.7633         4.1      -406254.2304     -2271.5329 2h44m44s/Msamples
       12110000   -408524.7419         4.1      -406252.1815     -2272.5603 2h44m43s/Msamples
       12111000   -408531.6091         4.1      -406258.9687     -2272.6403 2h44m43s/Msamples
       12112000   -408524.9027         4.1      -406259.3089     -2265.5938 2h44m42s/Msamples
       12113000   -408528.3349         4.1      -406259.3034     -2269.0314 2h44m41s/Msamples
       12114000   -408524.1380         4.1      -406258.6888     -2265.4492 2h44m41s/Msamples
       12115000   -408523.1916         4.1      -406251.9915     -2271.2001 2h44m41s/Msamples
       12116000   -408512.1268         4.1      -406245.5588     -2266.5680 2h44m39s/Msamples
       12117000   -408500.3614         4.1      -406233.7175     -2266.6439 2h44m40s/Msamples
       12118000   -408485.4407         4.1      -406220.5005     -2264.9401 2h44m43s/Msamples
       12119000   -408501.0064         4.0      -406231.8232     -2269.1831 2h44m40s/Msamples
       12120000   -408517.7164         4.0      -406247.6314     -2270.0849 2h44m40s/Msamples
       12121000   -408507.7128         4.0      -406242.3342     -2265.3785 2h44m42s/Msamples
       12122000   -408499.5971         4.0      -406231.3051     -2268.2919 2h44m44s/Msamples
       12123000   -408516.9127         4.0      -406248.9925     -2267.9202 2h44m43s/Msamples
       12124000   -408529.1768         4.0      -406254.7678     -2274.4089 2h44m42s/Msamples
       12125000   -408520.1939         4.0      -406241.1102     -2279.0836 2h44m40s/Msamples
       12126000   -408521.7928         4.0      -406244.5273     -2277.2655 2h44m39s/Msamples
       12127000   -408511.3883         4.0      -406235.5329     -2275.8554 2h44m39s/Msamples
       12128000   -408507.8702         4.0      -406228.9724     -2278.8977 2h44m38s/Msamples
       12129000   -408491.4480         4.0      -406214.2587     -2277.1893 2h44m37s/Msamples
       12130000   -408474.7746         4.0      -406197.3465     -2277.4280 2h44m36s/Msamples
       12131000   -408465.9072         4.0      -406191.1426     -2274.7645 2h44m34s/Msamples
       12132000   -408467.1253         4.0      -406189.6821     -2277.4431 2h44m33s/Msamples
       12133000   -408459.1153         4.0      -406184.7085     -2274.4068 2h44m34s/Msamples
       12134000   -408468.0018         3.9      -406195.3008     -2272.7010 2h44m34s/Msamples
       12135000   -408470.8801         3.9      -406199.0279     -2271.8521 2h44m31s/Msamples
       12136000   -408469.4006         3.9      -406199.3325     -2270.0680 2h44m35s/Msamples
       12137000   -408481.2777         3.9      -406205.3880     -2275.8896 2h44m30s/Msamples
       12138000   -408463.7144         3.9      -406187.4535     -2276.2608 2h44m31s/Msamples
       12139000   -408468.1682         3.9      -406190.0477     -2278.1205 2h44m30s/Msamples
       12140000   -408465.8178         3.9      -406191.5669     -2274.2508 2h44m30s/Msamples
       12141000   -408467.7151         3.9      -406193.1614     -2274.5537 2h44m29s/Msamples
       12142000   -408473.4925         3.9      -406199.6167     -2273.8758 2h44m34s/Msamples
       12143000   -408462.9084         3.9      -406188.5694     -2274.3389 2h44m33s/Msamples
       12144000   -408469.4316         3.9      -406195.2087     -2274.2228 2h44m35s/Msamples
       12145000   -408458.8647         3.9      -406181.8850     -2276.9796 2h44m36s/Msamples
       12146000   -408462.5621         3.9      -406180.8798     -2281.6823 2h44m33s/Msamples
       12147000   -408457.7031         3.9      -406180.8659     -2276.8372 2h44m34s/Msamples
       12148000   -408454.8339         3.8      -406180.3065     -2274.5274 2h44m35s/Msamples
       12149000   -408468.8085         3.8      -406190.3005     -2278.5079 2h44m38s/Msamples
       12150000   -408472.8512         3.8      -406195.4023     -2277.4489 2h44m41s/Msamples
       12151000   -408484.8662         3.8      -406201.0528     -2283.8134 2h44m35s/Msamples
       12152000   -408484.2083         3.8      -406205.9463     -2278.2619 2h44m33s/Msamples
       12153000   -408479.3396         3.8      -406201.3806     -2277.9589 2h44m30s/Msamples
       12154000   -408488.2792         3.8      -406212.1449     -2276.1342 2h44m28s/Msamples
       12155000   -408483.3996         3.8      -406207.2654     -2276.1341 2h44m26s/Msamples
       12156000   -408468.7310         3.8      -406192.6034     -2276.1275 2h44m28s/Msamples
       12157000   -408481.2198         3.8      -406199.6843     -2281.5354 2h44m34s/Msamples
       12158000   -408487.5479         3.8      -406207.2726     -2280.2753 2h44m34s/Msamples
       12159000   -408479.7474         3.8      -406205.8909     -2273.8565 2h44m35s/Msamples
       12160000   -408480.4464         3.8      -406206.8620     -2273.5843 2h44m33s/Msamples
       12161000   -408478.7365         3.8      -406202.6822     -2276.0543 2h44m36s/Msamples
       12162000   -408484.5105         3.8      -406209.5929     -2274.9176 2h44m37s/Msamples
       12163000   -408484.2396         3.8      -406207.3230     -2276.9165 2h44m40s/Msamples
       12164000   -408474.2995         3.8      -406199.8315     -2274.4680 2h44m41s/Msamples
       12165000   -408483.7083         3.8      -406210.4597     -2273.2486 2h44m42s/Msamples
       12166000   -408501.4585         3.7      -406230.9666     -2270.4919 2h44m40s/Msamples
       12167000   -408499.1197         3.7      -406226.2042     -2272.9155 2h44m43s/Msamples
       12168000   -408492.4101         3.7      -406223.3819     -2269.0281 2h44m44s/Msamples
       12169000   -408498.8649         3.7      -406226.5942     -2272.2707 2h44m44s/Msamples
       12170000   -408479.1242         3.7      -406212.3134     -2266.8107 2h44m44s/Msamples
       12171000   -408481.5995         3.7      -406208.3681     -2273.2314 2h44m45s/Msamples
       12172000   -408467.7567         3.7      -406196.4669     -2271.2897 2h44m46s/Msamples
       12173000   -408491.0864         3.7      -406214.3765     -2276.7098 2h44m50s/Msamples
       12174000   -408488.6588         3.7      -406213.8567     -2274.8021 2h44m49s/Msamples
       12175000   -408487.4059         3.7      -406213.1519     -2274.2540 2h44m51s/Msamples
       12176000   -408488.5939         3.7      -406214.9759     -2273.6179 2h44m49s/Msamples
       12177000   -408483.5792         3.7      -406214.5248     -2269.0543 2h44m50s/Msamples
       12178000   -408507.0183         3.7      -406232.3720     -2274.6462 2h44m50s/Msamples
       12179000   -408511.3990         3.7      -406236.2826     -2275.1164 2h44m49s/Msamples
       12180000   -408500.5785         3.7      -406229.0366     -2271.5418 2h44m51s/Msamples
       12181000   -408489.4476         3.7      -406221.8639     -2267.5837 2h44m52s/Msamples
       12182000   -408481.2639         3.7      -406211.2701     -2269.9938 2h44m52s/Msamples
       12183000   -408483.0530         3.7      -406209.2950     -2273.7580 2h44m53s/Msamples
       12184000   -408482.6875         3.7      -406215.5828     -2267.1046 2h44m53s/Msamples
       12185000   -408490.3456         3.7      -406218.6154     -2271.7302 2h44m54s/Msamples
       12186000   -408474.5702         3.7      -406210.9330     -2263.6371 2h44m50s/Msamples
       12187000   -408487.7880         3.6      -406222.8577     -2264.9302 2h44m56s/Msamples
       12188000   -408503.7811         3.6      -406231.8731     -2271.9079 2h44m55s/Msamples
       12189000   -408500.5407         3.6      -406227.9734     -2272.5673 2h44m59s/Msamples
       12190000   -408483.4564         3.6      -406214.7203     -2268.7360 2h44m57s/Msamples
       12191000   -408486.5641         3.6      -406215.9742     -2270.5899 2h44m55s/Msamples
       12192000   -408495.6402         3.6      -406224.6610     -2270.9792 2h44m54s/Msamples
       12193000   -408497.3382         3.6      -406223.1405     -2274.1976 2h44m52s/Msamples
       12194000   -408492.0537         3.6      -406213.3940     -2278.6596 2h44m55s/Msamples
       12195000   -408516.0787         3.6      -406235.1404     -2280.9382 2h44m56s/Msamples
       12196000   -408512.4085         3.6      -406237.9687     -2274.4397 2h44m54s/Msamples
       12197000   -408517.3117         3.6      -406243.1101     -2274.2015 2h44m50s/Msamples
       12198000   -408512.8126         3.6      -406237.4605     -2275.3520 2h44m52s/Msamples
       12199000   -408515.3137         3.6      -406237.6251     -2277.6885 2h44m53s/Msamples
       12200000   -408512.2616         3.6      -406240.2363     -2272.0252 2h44m54s/Msamples
       12201000   -408522.1851         3.6      -406247.8705     -2274.3146 2h44m54s/Msamples
       12202000   -408505.5915         3.6      -406235.6399     -2269.9515 2h44m55s/Msamples
       12203000   -408497.6458         3.6      -406226.3847     -2271.2611 2h44m55s/Msamples
       12204000   -408503.1680         3.6      -406229.8188     -2273.3491 2h44m54s/Msamples
       12205000   -408523.4705         3.6      -406244.4143     -2279.0561 2h44m57s/Msamples
       12206000   -408522.8039         3.6      -406248.4441     -2274.3597 2h44m57s/Msamples
       12207000   -408526.9349         3.6      -406251.0025     -2275.9324 2h44m57s/Msamples
       12208000   -408510.4584         3.6      -406237.9639     -2272.4944 2h44m58s/Msamples
       12209000   -408502.9614         3.6      -406229.0841     -2273.8773 2h44m56s/Msamples
       12210000   -408511.7002         3.6      -406228.3489     -2283.3512 2h44m57s/Msamples
       12211000   -408506.8483         3.6      -406224.4875     -2282.3608 2h44m54s/Msamples
       12212000   -408513.1733         3.6      -406227.3598     -2285.8135 2h44m57s/Msamples
       12213000   -408502.1365         3.5      -406222.7032     -2279.4332 2h44m59s/Msamples
       12214000   -408495.1695         3.5      -406217.1727     -2277.9967 2h44m59s/Msamples
       12215000   -408497.2474         3.5      -406220.4321     -2276.8152 2h44m57s/Msamples
       12216000   -408513.7423         3.5      -406232.9339     -2280.8084 2h44m56s/Msamples
       12217000   -408510.6953         3.5      -406226.1521     -2284.5432 2h44m56s/Msamples
       12218000   -408502.8838         3.5      -406228.2196     -2274.6641 2h44m54s/Msamples
       12219000   -408504.7355         3.5      -406227.6224     -2277.1130 2h44m53s/Msamples
       12220000   -408504.4854         3.5      -406225.7713     -2278.7140 2h44m53s/Msamples
       12221000   -408503.4966         3.5      -406225.7968     -2277.6997 2h44m53s/Msamples
       12222000   -408517.8685         3.5      -406239.4361     -2278.4323 2h44m53s/Msamples
       12223000   -408521.4075         3.5      -406242.3125     -2279.0950 2h44m54s/Msamples
       12224000   -408523.4828         3.5      -406243.7318     -2279.7509 2h44m54s/Msamples
       12225000   -408520.3538         3.5      -406238.6187     -2281.7351 2h44m53s/Msamples
       12226000   -408513.5715         3.5      -406237.4201     -2276.1514 2h44m53s/Msamples
       12227000   -408506.1655         3.5      -406227.3404     -2278.8250 2h44m54s/Msamples
       12228000   -408500.1818         3.5      -406222.7512     -2277.4306 2h44m53s/Msamples
       12229000   -408497.8802         3.5      -406223.4481     -2274.4320 2h44m54s/Msamples
       12230000   -408493.5909         3.5      -406215.2587     -2278.3322 2h44m51s/Msamples
       12231000   -408502.2569         3.5      -406227.8042     -2274.4526 2h44m52s/Msamples
       12232000   -408499.0791         3.5      -406218.7574     -2280.3217 2h44m56s/Msamples
       12233000   -408499.6326         3.5      -406221.8658     -2277.7668 2h44m56s/Msamples
       12234000   -408502.2349         3.5      -406224.1104     -2278.1245 2h44m53s/Msamples
       12235000   -408494.9098         3.5      -406215.6743     -2279.2355 2h44m53s/Msamples
       12236000   -408503.0622         3.5      -406223.1247     -2279.9374 2h44m54s/Msamples
       12237000   -408506.7440         3.5      -406229.7904     -2276.9536 2h44m52s/Msamples
       12238000   -408511.3701         3.5      -406229.0994     -2282.2706 2h44m53s/Msamples
       12239000   -408501.8578         3.5      -406219.9835     -2281.8742 2h44m54s/Msamples
       12240000   -408511.0554         3.5      -406224.4679     -2286.5874 2h44m51s/Msamples
       12241000   -408497.8853         3.5      -406217.3317     -2280.5536 2h44m51s/Msamples
       12242000   -408489.4713         3.5      -406209.5621     -2279.9091 2h44m53s/Msamples
       12243000   -408511.9186         3.4      -406233.9289     -2277.9896 2h44m53s/Msamples
       12244000   -408518.3877         3.4      -406240.6405     -2277.7472 2h44m53s/Msamples
       12245000   -408516.8812         3.4      -406237.7477     -2279.1335 2h44m55s/Msamples
       12246000   -408518.1022         3.4      -406241.9928     -2276.1093 2h44m54s/Msamples
       12247000   -408521.3878         3.4      -406242.7862     -2278.6016 2h44m57s/Msamples
       12248000   -408518.2499         3.4      -406239.4152     -2278.8346 2h44m59s/Msamples
       12249000   -408524.7724         3.4      -406242.5550     -2282.2174 2h45m0s/Msamples
       12250000   -408527.9715         3.4      -406242.2589     -2285.7125 2h45m2s/Msamples
       12251000   -408511.4282         3.4      -406228.7174     -2282.7108 2h45m3s/Msamples
       12252000   -408504.8447         3.4      -406224.5122     -2280.3324 2h45m3s/Msamples
       12253000   -408501.1818         3.4      -406222.8778     -2278.3040 2h45m0s/Msamples
       12254000   -408500.6839         3.4      -406217.6529     -2283.0309 2h45m1s/Msamples
       12255000   -408496.6204         3.4      -406214.6727     -2281.9476 2h44m58s/Msamples
       12256000   -408506.1382         3.4      -406220.5943     -2285.5438 2h44m57s/Msamples
       12257000   -408499.9923         3.4      -406213.2592     -2286.7331 2h44m55s/Msamples
       12258000   -408492.9489         3.4      -406208.9482     -2284.0006 2h44m55s/Msamples
       12259000   -408490.6109         3.4      -406206.4529     -2284.1580 2h44m53s/Msamples
       12260000   -408496.4387         3.4      -406217.5481     -2278.8906 2h44m51s/Msamples
       12261000   -408500.8272         3.4      -406214.1827     -2286.6444 2h44m53s/Msamples
       12262000   -408491.5040         3.4      -406214.9433     -2276.5607 2h44m52s/Msamples
       12263000   -408490.3595         3.4      -406210.6303     -2279.7291 2h44m52s/Msamples
       12264000   -408488.0998         3.4      -406211.5123     -2276.5875 2h44m51s/Msamples
       12265000   -408488.6542         3.4      -406213.8884     -2274.7658 2h44m56s/Msamples
       12266000   -408488.9106         3.4      -406211.1151     -2277.7954 2h44m57s/Msamples
       12267000   -408501.6980         3.4      -406221.5095     -2280.1884 2h44m56s/Msamples
       12268000   -408485.5640         3.4      -406212.9017     -2272.6622 2h44m56s/Msamples
       12269000   -408488.8259         3.4      -406213.0848     -2275.7410 2h44m54s/Msamples
       12270000   -408497.0340         3.4      -406225.3747     -2271.6593 2h44m55s/Msamples
       12271000   -408486.2065         3.4      -406209.0780     -2277.1284 2h44m57s/Msamples
       12272000   -408501.6374         3.4      -406218.7429     -2282.8945 2h44m56s/Msamples
       12273000   -408485.6052         3.4      -406210.7269     -2274.8782 2h44m56s/Msamples
       12274000   -408487.5116         3.4      -406208.4395     -2279.0721 2h44m58s/Msamples
       12275000   -408493.8377         3.4      -406211.2830     -2282.5546 2h45m3s/Msamples
       12276000   -408480.9535         3.4      -406201.7963     -2279.1571 2h45m2s/Msamples
       12277000   -408486.0285         3.4      -406206.5797     -2279.4488 2h45m0s/Msamples
       12278000   -408474.7125         3.4      -406194.7444     -2279.9680 2h45m1s/Msamples
       12279000   -408494.9819         3.4      -406213.1364     -2281.8454 2h45m1s/Msamples
       12280000   -408469.6143         3.4      -406188.0955     -2281.5188 2h45m1s/Msamples
       12281000   -408464.1190         3.4      -406181.8981     -2282.2209 2h45m0s/Msamples
       12282000   -408459.8345         3.4      -406180.0076     -2279.8268 2h45m1s/Msamples
       12283000   -408475.2559         3.4      -406190.6640     -2284.5919 2h45m2s/Msamples
       12284000   -408456.6924         3.4      -406173.5601     -2283.1323 2h45m4s/Msamples
       12285000   -408456.0606         3.4      -406173.5450     -2282.5155 2h45m5s/Msamples
       12286000   -408446.3926         3.4      -406167.1043     -2279.2882 2h45m6s/Msamples
       12287000   -408450.8621         3.4      -406167.8033     -2283.0587 2h45m3s/Msamples
       12288000   -408458.6729         3.4      -406176.7876     -2281.8853 2h45m3s/Msamples
       12289000   -408447.2314         3.4      -406163.3044     -2283.9270 2h45m3s/Msamples
       12290000   -408457.0892         3.4      -406169.5859     -2287.5032 2h45m1s/Msamples
       12291000   -408461.2833         3.4      -406172.4830     -2288.8003 2h44m57s/Msamples
       12292000   -408462.3558         3.4      -406177.4958     -2284.8599 2h44m58s/Msamples
       12293000   -408477.7575         3.4      -406193.4806     -2284.2769 2h44m56s/Msamples
       12294000   -408484.4949         3.4      -406192.4050     -2292.0899 2h44m56s/Msamples
       12295000   -408482.3199         3.4      -406200.0907     -2282.2291 2h44m55s/Msamples
       12296000   -408461.8774         3.4      -406181.6141     -2280.2633 2h44m53s/Msamples
       12297000   -408464.7052         3.4      -406180.4286     -2284.2766 2h44m56s/Msamples
       12298000   -408452.8108         3.4      -406171.0358     -2281.7750 2h44m57s/Msamples
       12299000   -408465.4288         3.4      -406182.6709     -2282.7579 2h44m56s/Msamples
       12300000   -408451.6081         3.4      -406169.3659     -2282.2422 2h44m57s/Msamples
       12301000   -408457.6126         3.4      -406171.7656     -2285.8469 2h44m57s/Msamples
       12302000   -408453.4590         3.4      -406171.2202     -2282.2387 2h44m57s/Msamples
       12303000   -408437.0378         3.4      -406156.3828     -2280.6549 2h44m55s/Msamples
       12304000   -408446.7333         3.4      -406162.4959     -2284.2374 2h44m58s/Msamples
       12305000   -408342.3523         3.4      -406067.0074     -2275.3449 2h45m0s/Msamples
       12306000   -408335.8095         3.4      -406058.8820     -2276.9275 2h45m0s/Msamples
       12307000   -408332.0123         3.4      -406055.4888     -2276.5235 2h44m58s/Msamples
       12308000   -408339.1440         3.4      -406057.7350     -2281.4089 2h45m0s/Msamples
       12309000   -408325.7681         3.4      -406044.8538     -2280.9142 2h45m2s/Msamples
       12310000   -408331.3758         3.4      -406048.3688     -2283.0070 2h45m2s/Msamples
       12311000   -408337.7088         3.4      -406055.5551     -2282.1536 2h45m2s/Msamples
       12312000   -408324.5853         3.4      -406044.9557     -2279.6295 2h45m3s/Msamples
       12313000   -408320.2814         3.4      -406038.2781     -2282.0033 2h45m3s/Msamples
       12314000   -408317.9189         3.4      -406036.4524     -2281.4665 2h45m4s/Msamples
       12315000   -408310.5403         3.4      -406028.2225     -2282.3178 2h45m4s/Msamples
       12316000   -408291.8030         3.4      -406009.9166     -2281.8863 2h45m6s/Msamples
       12317000   -408293.4076         3.4      -406010.1001     -2283.3075 2h45m5s/Msamples
       12318000   -408295.1831         3.4      -406014.9330     -2280.2500 2h45m3s/Msamples
       12319000   -408293.6893         3.4      -406013.1042     -2280.5851 2h45m3s/Msamples
       12320000   -408301.4756         3.4      -406018.1723     -2283.3033 2h45m3s/Msamples
       12321000   -408297.0471         3.4      -406015.7213     -2281.3258 2h44m59s/Msamples
       12322000   -408281.8655         3.4      -406004.5020     -2277.3635 2h45m0s/Msamples
       12323000   -408279.6114         3.4      -405996.8884     -2282.7230 2h45m0s/Msamples
       12324000   -408285.3970         3.4      -406001.9748     -2283.4221 2h44m58s/Msamples
       12325000   -408293.6443         3.4      -406012.0375     -2281.6067 2h44m58s/Msamples
       12326000   -408291.6232         3.4      -406007.7189     -2283.9042 2h44m57s/Msamples
       12327000   -408284.9926         3.4      -405999.3145     -2285.6780 2h44m57s/Msamples
       12328000   -408292.5210         3.4      -406007.4765     -2285.0444 2h44m59s/Msamples
       12329000   -408292.7003         3.4      -406011.8619     -2280.8383 2h44m58s/Msamples
       12330000   -408292.6777         3.4      -406013.8345     -2278.8431 2h44m56s/Msamples
       12331000   -408304.7078         3.4      -406020.8840     -2283.8237 2h44m57s/Msamples
       12332000   -408299.3117         3.4      -406016.8106     -2282.5010 2h44m54s/Msamples
       12333000   -408293.8220         3.3      -406014.0489     -2279.7730 2h44m54s/Msamples
       12334000   -408277.8166         3.3      -405999.7802     -2278.0363 2h44m54s/Msamples
       12335000   -408302.5100         3.3      -406022.0612     -2280.4487 2h44m51s/Msamples
       12336000   -408303.8362         3.3      -406027.3060     -2276.5301 2h44m51s/Msamples
       12337000   -408310.0254         3.4      -406034.1617     -2275.8636 2h44m53s/Msamples
       12338000   -408306.6048         3.4      -406031.1353     -2275.4695 2h44m54s/Msamples
       12339000   -408291.0573         3.4      -406012.1702     -2278.8871 2h44m55s/Msamples
       12340000   -408279.2175         3.4      -406003.6628     -2275.5546 2h44m50s/Msamples
       12341000   -408292.9417         3.4      -406014.2647     -2278.6769 2h44m48s/Msamples
       12342000   -408292.2627         3.4      -406003.3390     -2288.9237 2h44m47s/Msamples
       12343000   -408264.4054         3.3      -405985.0712     -2279.3341 2h44m46s/Msamples
       12344000   -408259.8950         3.3      -405984.7657     -2275.1292 2h44m43s/Msamples
       12345000   -408264.5048         3.3      -405983.4572     -2281.0475 2h44m42s/Msamples
       12346000   -408264.5356         3.3      -405984.0321     -2280.5035 2h44m42s/Msamples
       12347000   -408263.8656         3.3      -405982.7180     -2281.1476 2h44m41s/Msamples
       12348000   -408266.6055         3.3      -405990.9003     -2275.7052 2h44m40s/Msamples
       12349000   -408268.0172         3.3      -405990.4619     -2277.5552 2h44m42s/Msamples
       12350000   -408262.4025         3.3      -405982.8544     -2279.5481 2h44m42s/Msamples
       12351000   -408265.8213         3.3      -405985.9491     -2279.8722 2h44m39s/Msamples
       12352000   -408283.6079         3.3      -405998.2557     -2285.3522 2h44m38s/Msamples
       12353000   -408276.9210         3.3      -405994.7930     -2282.1279 2h44m39s/Msamples
       12354000   -408287.9618         3.3      -406002.3188     -2285.6429 2h44m38s/Msamples
       12355000   -408276.4657         3.3      -405998.0764     -2278.3893 2h44m38s/Msamples
       12356000   -408278.6510         3.3      -405995.3523     -2283.2987 2h44m37s/Msamples
       12357000   -408287.7645         3.3      -405996.9262     -2290.8383 2h44m36s/Msamples
       12358000   -408290.9482         3.3      -406003.3149     -2287.6332 2h44m38s/Msamples
       12359000   -408283.2955         3.3      -405996.5647     -2286.7308 2h44m37s/Msamples
       12360000   -408261.3804         3.3      -405979.3479     -2282.0324 2h44m37s/Msamples
       12361000   -408252.1883         3.3      -405968.0443     -2284.1440 2h44m36s/Msamples
       12362000   -408240.3339         3.3      -405954.8640     -2285.4698 2h44m37s/Msamples
       12363000   -408244.6731         3.3      -405957.1596     -2287.5134 2h44m37s/Msamples
       12364000   -408250.8838         3.3      -405961.6035     -2289.2802 2h44m38s/Msamples
       12365000   -408253.9133         3.3      -405961.2602     -2292.6530 2h44m36s/Msamples
       12366000   -408255.0346         3.3      -405963.2599     -2291.7747 2h44m36s/Msamples
       12367000   -408247.5763         3.3      -405961.7908     -2285.7854 2h44m33s/Msamples
       12368000   -408247.1666         3.3      -405961.3169     -2285.8497 2h44m35s/Msamples
       12369000   -408239.8185         3.3      -405955.9070     -2283.9114 2h44m37s/Msamples
       12370000   -408246.9855         3.3      -405958.1837     -2288.8018 2h44m39s/Msamples
       12371000   -408250.2509         3.3      -405961.9366     -2288.3143 2h44m39s/Msamples
       12372000   -408263.0670         3.3      -405978.1034     -2284.9636 2h44m43s/Msamples
       12373000   -408248.3618         3.3      -405968.0423     -2280.3195 2h44m41s/Msamples
       12374000   -408241.9125         3.3      -405957.1223     -2284.7901 2h44m43s/Msamples
       12375000   -408233.9806         3.3      -405950.7226     -2283.2580 2h44m42s/Msamples
       12376000   -408233.2240         3.3      -405953.9485     -2279.2754 2h44m41s/Msamples
       12377000   -408241.9129         3.3      -405962.3896     -2279.5232 2h44m41s/Msamples
       12378000   -408247.9055         3.3      -405970.0026     -2277.9028 2h44m43s/Msamples
       12379000   -408261.2372         3.3      -405985.9217     -2275.3154 2h44m42s/Msamples
       12380000   -408251.2378         3.3      -405976.6564     -2274.5814 2h44m44s/Msamples
       12381000   -408233.7405         3.3      -405956.3829     -2277.3575 2h44m44s/Msamples
       12382000   -408223.3850         3.3      -405945.9915     -2277.3935 2h44m44s/Msamples
       12383000   -408229.8509         3.3      -405948.2540     -2281.5969 2h44m44s/Msamples
       12384000   -408226.3800         3.3      -405941.8440     -2284.5359 2h44m44s/Msamples
       12385000   -408233.9072         3.3      -405953.2417     -2280.6655 2h44m42s/Msamples
       12386000   -408238.6389         3.3      -405958.8231     -2279.8158 2h44m43s/Msamples
       12387000   -408237.1430         3.3      -405949.4166     -2287.7263 2h44m43s/Msamples
       12388000   -408216.9575         3.3      -405935.3621     -2281.5954 2h44m44s/Msamples
       12389000   -408224.3252         3.3      -405938.6002     -2285.7249 2h44m44s/Msamples
       12390000   -408232.2689         3.3      -405948.2379     -2284.0310 2h44m44s/Msamples
       12391000   -408216.2074         3.3      -405936.8220     -2279.3853 2h44m43s/Msamples
       12392000   -408232.8637         3.3      -405951.8602     -2281.0035 2h44m42s/Msamples
       12393000   -408238.9698         3.3      -405954.8674     -2284.1024 2h44m44s/Msamples
       12394000   -408224.8217         3.3      -405945.3735     -2279.4482 2h44m44s/Msamples
       12395000   -408218.1778         3.3      -405935.7463     -2282.4315 2h44m44s/Msamples
       12396000   -408222.3392         3.3      -405939.4137     -2282.9254 2h44m45s/Msamples
       12397000   -408222.2148         3.3      -405937.1734     -2285.0414 2h44m46s/Msamples
       12398000   -408226.0051         3.3      -405945.2712     -2280.7339 2h44m46s/Msamples
       12399000   -408235.8547         3.3      -405953.4335     -2282.4211 2h44m45s/Msamples
       12400000   -408238.5458         3.3      -405960.3428     -2278.2029 2h44m44s/Msamples
       12401000   -408242.8729         3.3      -405956.9622     -2285.9106 2h44m43s/Msamples
       12402000   -408229.7271         3.3      -405949.8387     -2279.8884 2h44m43s/Msamples
       12403000   -408231.5358         3.3      -405945.1477     -2286.3881 2h44m41s/Msamples
       12404000   -408247.7159         3.3      -405962.5866     -2285.1293 2h44m43s/Msamples
       12405000   -408242.6014         3.3      -405959.7468     -2282.8546 2h44m44s/Msamples
       12406000   -408255.4808         3.3      -405978.1843     -2277.2964 2h44m43s/Msamples
       12407000   -408253.9606         3.3      -405976.4731     -2277.4875 2h44m45s/Msamples
       12408000   -408237.8869         3.3      -405957.5687     -2280.3182 2h44m47s/Msamples
       12409000   -408251.8645         3.3      -405967.0323     -2284.8322 2h44m47s/Msamples
