
The following have been reloaded with a version change:
  1) Java/1.7.0_51 => Java/1.8.0_5

File: 300914_Village_scE_sample1_epi2.xml seed: 1413146426292 threads: 1
FATAL: Error inserting nvidia (/lib/modules/2.6.32-279.14.1.el6.x86_64/kernel/drivers/video/nvidia.ko): No such device
  Using ambiguities in tree likelihood.
  With 1004 unique site patterns.
  Using rescaling scheme : dynamic
  Using ambiguities in tree likelihood.
  With 1984 unique site patterns.
  Using rescaling scheme : dynamic
  Using ambiguities in tree likelihood.
  With 1727 unique site patterns.
  Using rescaling scheme : dynamic
Operator                                                                            Tuning    #accept    #reject      Pr(m)  Pr(acc|m)
ScaleOperator(treeScaler.t:tree)                                                    0.7812        289      80271     0.0227     0.0036 Try setting scaleFactor to about 0.884
ScaleOperator(treeRootScaler.t:tree)                                                0.7899       8435      72541     0.0227     0.1042 
Uniform(UniformOperator.t:tree)                                                          -     142950     665355     0.2271     0.1769 
SubtreeSlide(SubtreeSlide.t:tree)                                                   0.4779      58783     344913     0.1136     0.1456 
Exchange(narrow.t:tree)                                                                  -      38197     366270     0.1136     0.0944 
Exchange(wide.t:tree)                                                                    -         99      80363     0.0227     0.0012 
WilsonBalding(WilsonBalding.t:tree)                                                      -        528      80090     0.0227     0.0065 
ScaleOperator(gammaShapeScaler.s:300914_Village_scE_sample1_epi2_1)                 0.7879        186       2488     0.0008     0.0696 Try setting scaleFactor to about 0.888
DeltaExchangeOperator(FrequenciesExchanger.s:300914_Village_scE_sample1_epi2_1)     0.0178        496       2292     0.0008     0.1779 
ScaleOperator(RateACScaler.s:300914_Village_scE_sample1_epi2_1)                     0.7524        395       2302     0.0008     0.1465 
ScaleOperator(RateAGScaler.s:300914_Village_scE_sample1_epi2_1)                     0.7544        226       2396     0.0008     0.0862 Try setting scaleFactor to about 0.869
ScaleOperator(RateATScaler.s:300914_Village_scE_sample1_epi2_1)                     0.7272        305       2397     0.0008     0.1129 
ScaleOperator(RateCGScaler.s:300914_Village_scE_sample1_epi2_1)                     0.6469        368       2339     0.0008     0.1359 
ScaleOperator(RateGTScaler.s:300914_Village_scE_sample1_epi2_1)                     0.6845        375       2179     0.0008     0.1468 
ScaleOperator(gammaShapeScaler.s:300914_Village_scE_sample1_epi2_2)                 0.7439        118       2597     0.0008     0.0435 Try setting scaleFactor to about 0.862
DeltaExchangeOperator(FrequenciesExchanger.s:300914_Village_scE_sample1_epi2_2)     0.0185        328       2272     0.0008     0.1262 
ScaleOperator(RateACScaler.s:300914_Village_scE_sample1_epi2_2)                     0.6980        215       2586     0.0008     0.0768 Try setting scaleFactor to about 0.835
ScaleOperator(RateAGScaler.s:300914_Village_scE_sample1_epi2_2)                     0.8041        174       2444     0.0008     0.0665 Try setting scaleFactor to about 0.897
ScaleOperator(RateATScaler.s:300914_Village_scE_sample1_epi2_2)                     0.7560        251       2532     0.0008     0.0902 Try setting scaleFactor to about 0.869
ScaleOperator(RateCGScaler.s:300914_Village_scE_sample1_epi2_2)                     0.6495        267       2457     0.0008     0.0980 Try setting scaleFactor to about 0.806
ScaleOperator(RateGTScaler.s:300914_Village_scE_sample1_epi2_2)                     0.7195        294       2467     0.0008     0.1065 
ScaleOperator(gammaShapeScaler.s:300914_Village_scE_sample1_epi2_3)                 0.7587        103       2597     0.0008     0.0381 Try setting scaleFactor to about 0.871
DeltaExchangeOperator(FrequenciesExchanger.s:300914_Village_scE_sample1_epi2_3)     0.0105        494       2210     0.0008     0.1827 
ScaleOperator(RateACScaler.s:300914_Village_scE_sample1_epi2_3)                     0.7314        218       2460     0.0008     0.0814 Try setting scaleFactor to about 0.855
ScaleOperator(RateAGScaler.s:300914_Village_scE_sample1_epi2_3)                     0.7659        133       2523     0.0008     0.0501 Try setting scaleFactor to about 0.875
ScaleOperator(RateATScaler.s:300914_Village_scE_sample1_epi2_3)                     0.7958        224       2360     0.0008     0.0867 Try setting scaleFactor to about 0.892
ScaleOperator(RateCGScaler.s:300914_Village_scE_sample1_epi2_3)                     0.6982        257       2477     0.0008     0.0940 Try setting scaleFactor to about 0.836
ScaleOperator(RateGTScaler.s:300914_Village_scE_sample1_epi2_3)                     0.7286        241       2524     0.0008     0.0872 Try setting scaleFactor to about 0.854
ScaleOperator(ucldMeanScaler.c:clock)                                               0.8703        966      26123     0.0076     0.0357 Try setting scaleFactor to about 0.933
ScaleOperator(ucldStdevScaler.c:clock)                                              0.8860       2702      78219     0.0227     0.0334 Try setting scaleFactor to about 0.941
IntRandomWalkOperator(CategoriesRandomWalk.c:clock)                                      -     177248      92172     0.0757     0.6579 
SwapOperator(CategoriesSwapOperator.c:clock)                                             -      34750     234962     0.0757     0.1288 
UniformOperator(CategoriesUniform.c:clock)                                               -      55548     213931     0.0757     0.2061 
UpDownOperator(relaxedUpDownOperator.c:clock)                                       0.7227        281      80791     0.0227     0.0035 Try setting scaleFactor to about 0.85
ScaleOperator(popSizesScaler.t:tree)                                                0.6226     110091     294487     0.1136     0.2721 
DeltaExchangeOperator(groupSizesDelta.t:tree)                                      15.2511      33004     129074     0.0454     0.2036 

     Tuning: The value of the operator's tuning parameter, or '-' if the operator can't be optimized.
    #accept: The total number of times a proposal by this operator has been accepted.
    #reject: The total number of times a proposal by this operator has been rejected.
      Pr(m): The probability this operator is chosen in a step of the MCMC (i.e. the normalized weight).
  Pr(acc|m): The acceptance probability (#accept as a fraction of the total proposals for this operator).

Start likelihood: -794593.5620113155 
