
                   BEAST v2.2.0 Prerelease, 2002-2014
             Bayesian Evolutionary Analysis Sampling Trees
                       Designed and developed by
 Remco Bouckaert, Alexei J. Drummond, Andrew Rambaut & Marc A. Suchard
                                    
                     Department of Computer Science
                         University of Auckland
                        remco@cs.auckland.ac.nz
                        alexei@cs.auckland.ac.nz
                                    
                   Institute of Evolutionary Biology
                        University of Edinburgh
                           a.rambaut@ed.ac.uk
                                    
                    David Geffen School of Medicine
                 University of California, Los Angeles
                           msuchard@ucla.edu
                                    
                      Downloads, Help & Resources:
                           http://beast2.org/
                                    
  Source code distributed under the GNU Lesser General Public License:
                   http://github.com/CompEvol/beast2
                                    
                           BEAST developers:
   Alex Alekseyenko, Trevor Bedford, Erik Bloomquist, Joseph Heled, 
 Sebastian Hoehna, Denise Kuehnert, Philippe Lemey, Wai Lok Sibon Li, 
Gerton Lunter, Sidney Markowitz, Vladimir Minin, Michael Defoin Platel, 
                 Oliver Pybus, Chieh-Hsi Wu, Walter Xie
                                    
                               Thanks to:
          Roald Forsberg, Beth Shapiro and Korbinian Strimmer

Random number seed: 1413146427231

Resuming from file
Beta => beast.math.distributions.Beta
Exponential => beast.math.distributions.Exponential
InverseGamma => beast.math.distributions.InverseGamma
LogNormal => beast.math.distributions.LogNormalDistributionModel
Gamma => beast.math.distributions.Gamma
Uniform => beast.math.distributions.Uniform
prior => beast.math.distributions.Prior
LaplaceDistribution => beast.math.distributions.LaplaceDistribution
OneOnX => beast.math.distributions.OneOnX
Normal => beast.math.distributions.Normal
Alignment(300914_Village_scI_sample1_epi3)
  385 taxa
  6987 sites
  4274 patterns

Filter 1::3
385 taxa
2329 sites
1119 patterns
9719-FEMALE_SAMPLED_50.7804311267767 = 50.7804311267767 (0.6946822009049001)
384-MALE_SAMPLED_50.3813651139583 = 50.3813651139583 (1.0937482137232948)
6397-FEMALE_SAMPLED_50.6714409297067 = 50.6714409297067 (0.8036723979748999)
9055-MALE_SAMPLED_48.9153734811782 = 48.9153734811782 (2.5597398465033976)
7452-MALE_SAMPLED_49.7121796329241 = 49.7121796329241 (1.7629336947574998)
9409-FEMALE_SAMPLED_49.2064654420330 = 49.206465442033 (2.2686478856485977)
2855-FEMALE_SAMPLED_51.0691331206556 = 51.0691331206556 (0.4059802070259977)
1021-FEMALE_SAMPLED_50.1742524021040 = 50.174252402104 (1.3008609255775951)
7823-FEMALE_SAMPLED_51.4086107805572 = 51.4086107805572 (0.06650254712440073)
2868-MALE_SAMPLED_48.7730416665520 = 48.773041666552 (2.702071661129601)
9776-MALE_SAMPLED_50.8171622462771 = 50.8171622462771 (0.657951081404498)
7714-MALE_SAMPLED_50.8375587170679 = 50.8375587170679 (0.637554610613698)
8921-FEMALE_SAMPLED_48.4799213144663 = 48.4799213144663 (2.995192013215295)
1571-FEMALE_SAMPLED_48.8382629391938 = 48.8382629391938 (2.636850388487801)
3873-FEMALE_SAMPLED_50.9301933169565 = 50.9301933169565 (0.5449200107251002)
8545-MALE_SAMPLED_48.8356099355235 = 48.8356099355235 (2.6395033921580975)
3654-MALE_SAMPLED_50.0333167541041 = 50.0333167541041 (1.4417965735774985)
2440-MALE_SAMPLED_48.8574158952772 = 48.8574158952772 (2.6176974324043982)
8133-FEMALE_SAMPLED_48.7457597123660 = 48.745759712366 (2.7293536153155955)
834-MALE_SAMPLED_48.7438760786984 = 48.7438760786984 (2.7312372489831986)
6223-FEMALE_SAMPLED_50.0593459658060 = 50.059345965806 (1.415767361875595)
3544-MALE_SAMPLED_48.5702140064179 = 48.5702140064179 (2.9048993212636987)
3992-MALE_SAMPLED_48.5300525581199 = 48.5300525581199 (2.9450607695616995)
7822-MALE_SAMPLED_50.9666599678542 = 50.9666599678542 (0.5084533598273993)
2508-MALE_SAMPLED_50.0306937576472 = 50.0306937576472 (1.4444195700343982)
9054-FEMALE_SAMPLED_48.5077410403840 = 48.507741040384 (2.9673722872976)
6872-MALE_SAMPLED_48.8626477898299 = 48.8626477898299 (2.6124655378516977)
2827-FEMALE_SAMPLED_49.2094415652766 = 49.2094415652766 (2.265671762404999)
9483-FEMALE_SAMPLED_48.8830976079419 = 48.8830976079419 (2.592015719739699)
8109-FEMALE_SAMPLED_51.1929634912606 = 51.1929634912606 (0.28214983642099867)
8077-FEMALE_SAMPLED_48.5338506513010 = 48.533850651301 (2.941262676380596)
3464-MALE_SAMPLED_50.4009250708125 = 50.4009250708125 (1.0741882568690997)
299-FEMALE_SAMPLED_50.4867191338647 = 50.4867191338647 (0.9883941938168945)
8374-FEMALE_SAMPLED_50.1914021245404 = 50.1914021245404 (1.2837112031411948)
3582-MALE_SAMPLED_50.0377561962898 = 50.0377561962898 (1.4373571313917992)
4171-FEMALE_SAMPLED_48.6156857445105 = 48.6156857445105 (2.8594275831710974)
8501-FEMALE_SAMPLED_49.8310263760588 = 49.8310263760588 (1.6440869516227963)
2773-FEMALE_SAMPLED_50.7110907466351 = 50.7110907466351 (0.7640225810464969)
1816-MALE_SAMPLED_49.8825074029821 = 49.8825074029821 (1.5926059246994981)
5650-MALE_SAMPLED_49.0923150135870 = 49.092315013587 (2.3827983140946003)
3619-FEMALE_SAMPLED_50.8848378128107 = 50.8848378128107 (0.5902755148708962)
3431-FEMALE_SAMPLED_50.0716114380132 = 50.0716114380132 (1.403501889668398)
8126-FEMALE_SAMPLED_51.4457206566087 = 51.4457206566087 (0.029392671072898224)
2928-MALE_SAMPLED_49.5399166155341 = 49.5399166155341 (1.9351967121474942)
7213-FEMALE_SAMPLED_51.1705684513520 = 51.170568451352 (0.3045448763296008)
2989-FEMALE_SAMPLED_50.5408756999034 = 50.5408756999034 (0.9342376277781952)
3488-MALE_SAMPLED_50.9463906721878 = 50.9463906721878 (0.5287226554937945)
3901-FEMALE_SAMPLED_50.2395014237347 = 50.2395014237347 (1.2356119039468965)
3967-FEMALE_SAMPLED_49.3485474801357 = 49.3485474801357 (2.1265658475458977)
1063-FEMALE_SAMPLED_49.5247385716732 = 49.5247385716732 (1.9503747560084008)
392-MALE_SAMPLED_49.5256386986669 = 49.5256386986669 (1.949474629014695)
8549-MALE_SAMPLED_48.8843727517608 = 48.8843727517608 (2.5907405759207975)
2325-FEMALE_SAMPLED_51.3261190315909 = 51.3261190315909 (0.1489942960906987)
8885-FEMALE_SAMPLED_50.5853098408054 = 50.5853098408054 (0.8898034868761968)
90-MALE_SAMPLED_49.9832335136100 = 49.98323351361 (1.491879814071595)
2816-MALE_SAMPLED_49.6744499884746 = 49.6744499884746 (1.8006633392069986)
18-MALE_SAMPLED_51.3405020372677 = 51.3405020372677 (0.13461129041390052)
515-FEMALE_SAMPLED_49.0947672713749 = 49.0947672713749 (2.380346056306699)
1987-FEMALE_SAMPLED_50.8725767753288 = 50.8725767753288 (0.6025365523527952)
8507-FEMALE_SAMPLED_51.0567024579007 = 51.0567024579007 (0.4184108697808995)
5968-MALE_SAMPLED_48.7472674721587 = 48.7472674721587 (2.727845855522901)
8114-FEMALE_SAMPLED_49.7294233479272 = 49.7294233479272 (1.7456899797543954)
169-FEMALE_SAMPLED_49.6458637053813 = 49.6458637053813 (1.8292496223002956)
8066-FEMALE_SAMPLED_48.7187068027645 = 48.7187068027645 (2.7564065249170966)
505-FEMALE_SAMPLED_50.4197142082933 = 50.4197142082933 (1.055399119388298)
2504-MALE_SAMPLED_49.4192581924810 = 49.419258192481 (2.055855135200595)
5239-FEMALE_SAMPLED_51.4191656886335 = 51.4191656886335 (0.05594763904809952)
7257-FEMALE_SAMPLED_49.9551309452593 = 49.9551309452593 (1.5199823824222989)
6298-MALE_SAMPLED_48.9814602425988 = 48.9814602425988 (2.493653085082798)
682-MALE_SAMPLED_51.1695019456758 = 51.1695019456758 (0.3056113820058002)
3190-MALE_SAMPLED_51.4454785041246 = 51.4454785041246 (0.029634823556996537)
488-MALE_SAMPLED_50.3283562085792 = 50.3283562085792 (1.1467571191023964)
5429-FEMALE_SAMPLED_50.5773603963401 = 50.5773603963401 (0.8977529313415005)
883-FEMALE_SAMPLED_48.6247804084062 = 48.6247804084062 (2.8503329192753952)
2828-MALE_SAMPLED_51.3398918340183 = 51.3398918340183 (0.13522149366329472)
83-FEMALE_SAMPLED_50.2772484243117 = 50.2772484243117 (1.1978649033698971)
8065-FEMALE_SAMPLED_51.0778180491845 = 51.0778180491845 (0.3972952784970971)
2468-MALE_SAMPLED_49.5660381175778 = 49.5660381175778 (1.9090752101038007)
7943-FEMALE_SAMPLED_50.8779113677531 = 50.8779113677531 (0.5972019599284977)
1198-MALE_SAMPLED_51.1037870487864 = 51.1037870487864 (0.37132627889519654)
9845-MALE_SAMPLED_48.6058951451644 = 48.6058951451644 (2.8692181825171943)
9186-FEMALE_SAMPLED_50.7754918912626 = 50.7754918912626 (0.699621436419001)
6113-FEMALE_SAMPLED_50.1579522393379 = 50.1579522393379 (1.3171610883436955)
8547-MALE_SAMPLED_48.9052312260694 = 48.9052312260694 (2.569882101612201)
3228-MALE_SAMPLED_48.6016380121666 = 48.6016380121666 (2.8734753155149946)
9563-FEMALE_SAMPLED_50.8905857965085 = 50.8905857965085 (0.5845275311730944)
8740-FEMALE_SAMPLED_50.9041224241457 = 50.9041224241457 (0.5709909035359004)
5415-FEMALE_SAMPLED_51.2757223358578 = 51.2757223358578 (0.1993909918237975)
2669-FEMALE_SAMPLED_49.8777069438449 = 49.8777069438449 (1.5974063838366988)
808-MALE_SAMPLED_50.8294459742694 = 50.8294459742694 (0.6456673534122004)
8819-FEMALE_SAMPLED_49.4685092915981 = 49.4685092915981 (2.0066040360834947)
3060-MALE_SAMPLED_51.2254060805510 = 51.225406080551 (0.24970724713060122)
2137-FEMALE_SAMPLED_50.1814224336497 = 50.1814224336497 (1.2936908940318972)
2519-FEMALE_SAMPLED_49.4097414767105 = 49.4097414767105 (2.065371850971097)
10123-FEMALE_SAMPLED_50.4339042988806 = 50.4339042988806 (1.0412090288009992)
902-MALE_SAMPLED_48.8915350076943 = 48.8915350076943 (2.5835783199872964)
3002-MALE_SAMPLED_50.1635027663517 = 50.1635027663517 (1.3116105613298998)
10370-MALE_SAMPLED_51.4743744231030 = 51.474374423103 (7.389045785970438E-4)
9604-MALE_SAMPLED_50.7207928938526 = 50.7207928938526 (0.754320433829001)
5317-FEMALE_SAMPLED_49.0690316847260 = 49.069031684726 (2.4060816429555985)
829-FEMALE_SAMPLED_48.6605644182503 = 48.6605644182503 (2.814548909431295)
1067-FEMALE_SAMPLED_50.5662721791971 = 50.5662721791971 (0.9088411484844983)
9307-MALE_SAMPLED_50.8990428846530 = 50.899042884653 (0.5760704430285983)
1342-MALE_SAMPLED_48.7562169307578 = 48.7562169307578 (2.718896396923796)
8558-FEMALE_SAMPLED_50.8411540610916 = 50.8411540610916 (0.6339592665899971)
5651-FEMALE_SAMPLED_50.5154475384127 = 50.5154475384127 (0.9596657892688967)
10284-FEMALE_SAMPLED_50.0649390505362 = 50.0649390505362 (1.4101742771453942)
8317-MALE_SAMPLED_50.0186130630984 = 50.0186130630984 (1.4565002645831981)
1554-MALE_SAMPLED_50.0190482438277 = 50.0190482438277 (1.4560650838539004)
642-MALE_SAMPLED_50.9683071864504 = 50.9683071864504 (0.5068061412311948)
7243-FEMALE_SAMPLED_50.3954214140042 = 50.3954214140042 (1.0796919136774008)
9375-FEMALE_SAMPLED_50.5247164013065 = 50.5247164013065 (0.9503969263750989)
2748-MALE_SAMPLED_51.1726309457529 = 51.1726309457529 (0.3024823819286979)
9606-MALE_SAMPLED_50.0838797768313 = 50.0838797768313 (1.3912335508502949)
6822-MALE_SAMPLED_50.2791730105612 = 50.2791730105612 (1.195940317120396)
1532-MALE_SAMPLED_51.2385770825870 = 51.238577082587 (0.23653624509459803)
3166-MALE_SAMPLED_50.0824695090498 = 50.0824695090498 (1.3926438186317966)
8795-MALE_SAMPLED_51.3036840561047 = 51.3036840561047 (0.1714292715768977)
448-MALE_SAMPLED_49.3733512359406 = 49.3733512359406 (2.1017620917409943)
2361-FEMALE_SAMPLED_49.9157935651685 = 49.9157935651685 (1.5593197625130983)
1486-MALE_SAMPLED_49.1214882408469 = 49.1214882408469 (2.353625086834697)
1642-MALE_SAMPLED_51.3875864479426 = 51.3875864479426 (0.08752687973899498)
4687-FEMALE_SAMPLED_49.9133703192431 = 49.9133703192431 (1.5617430084384978)
9423-MALE_SAMPLED_49.5151978717852 = 49.5151978717852 (1.9599154558964003)
6570-MALE_SAMPLED_50.3386696438040 = 50.338669643804 (1.1364436838775944)
3047-FEMALE_SAMPLED_50.0559573698058 = 50.0559573698058 (1.4191559578757946)
8103-FEMALE_SAMPLED_50.6687756367694 = 50.6687756367694 (0.8063376909121942)
2193-FEMALE_SAMPLED_49.0624191894397 = 49.0624191894397 (2.4126941382418963)
36-MALE_SAMPLED_51.4476767930403 = 51.4476767930403 (0.027436534641296362)
3557-FEMALE_SAMPLED_51.4667991516847 = 51.4667991516847 (0.008314175996900985)
3950-MALE_SAMPLED_50.4378377681799 = 50.4378377681799 (1.0372755595017011)
1618-MALE_SAMPLED_49.6376665959335 = 49.6376665959335 (1.837446731748095)
296-MALE_SAMPLED_48.5575631922777 = 48.5575631922777 (2.9175501354039)
9026-FEMALE_SAMPLED_50.2325051204036 = 50.2325051204036 (1.2426082072779963)
6388-MALE_SAMPLED_50.8114834880191 = 50.8114834880191 (0.663629839662498)
8087-FEMALE_SAMPLED_48.8784985966715 = 48.8784985966715 (2.5966147310100993)
1393-FEMALE_SAMPLED_49.2171304820306 = 49.2171304820306 (2.257982845651)
1091-FEMALE_SAMPLED_50.8563614856187 = 50.8563614856187 (0.618751842062899)
537-FEMALE_SAMPLED_50.7589972997750 = 50.758997299775 (0.716116027906601)
7695-FEMALE_SAMPLED_51.3303275956507 = 51.3303275956507 (0.14478573203089695)
7604-MALE_SAMPLED_48.4879323170255 = 48.4879323170255 (2.9871810106560943)
2916-MALE_SAMPLED_49.1211742498647 = 49.1211742498647 (2.3539390778168965)
4354-MALE_SAMPLED_49.2340838039029 = 49.2340838039029 (2.2410295237786997)
9382-FEMALE_SAMPLED_50.7409157283339 = 50.7409157283339 (0.734197599347695)
2223-FEMALE_SAMPLED_50.0353887354224 = 50.0353887354224 (1.4397245922591964)
1484-MALE_SAMPLED_51.1436420463226 = 51.1436420463226 (0.3314712813590006)
8983-MALE_SAMPLED_51.3198557529333 = 51.3198557529333 (0.1552575747482976)
1845-FEMALE_SAMPLED_49.3122791799917 = 49.3122791799917 (2.1628341476898996)
1313-FEMALE_SAMPLED_49.5432746532108 = 49.5432746532108 (1.9318386744707965)
1443-FEMALE_SAMPLED_51.3690654964387 = 51.3690654964387 (0.10604783124289696)
8888-FEMALE_SAMPLED_49.6814252420529 = 49.6814252420529 (1.7936880856286948)
304-MALE_SAMPLED_50.2559526765920 = 50.255952676592 (1.2191606510895951)
8042-FEMALE_SAMPLED_50.6373829618763 = 50.6373829618763 (0.8377303658052995)
8086-FEMALE_SAMPLED_48.7940430236715 = 48.7940430236715 (2.681070304010099)
9131-MALE_SAMPLED_50.6749544265415 = 50.6749544265415 (0.8001589011401009)
1790-MALE_SAMPLED_48.8900211458761 = 48.8900211458761 (2.5850921818055)
6687-FEMALE_SAMPLED_49.4132747709019 = 49.4132747709019 (2.0618385567796977)
4678-MALE_SAMPLED_50.1594952198877 = 50.1594952198877 (1.3156181077938953)
3703-FEMALE_SAMPLED_51.1440530312914 = 51.1440530312914 (0.3310602963901985)
9030-MALE_SAMPLED_50.5085308289356 = 50.5085308289356 (0.9665824987459999)
350-MALE_SAMPLED_50.9941377735897 = 50.9941377735897 (0.4809755540918985)
2909-FEMALE_SAMPLED_49.0260285875495 = 49.0260285875495 (2.4490847401321005)
7804-MALE_SAMPLED_48.9006154838219 = 48.9006154838219 (2.574497843859696)
2432-MALE_SAMPLED_51.2544985411889 = 51.2544985411889 (0.22061478649269617)
3031-FEMALE_SAMPLED_51.2694571035183 = 51.2694571035183 (0.20565622416329887)
9859-MALE_SAMPLED_51.3623256039075 = 51.3623256039075 (0.11278772377409751)
1614-MALE_SAMPLED_48.7655879522874 = 48.7655879522874 (2.7095253753942004)
9029-FEMALE_SAMPLED_50.0920723831016 = 50.0920723831016 (1.3830409445799958)
2658-MALE_SAMPLED_49.3636091454620 = 49.363609145462 (2.1115041822195977)
3262-MALE_SAMPLED_51.0242613333478 = 51.0242613333478 (0.45085199433379586)
3812-MALE_SAMPLED_49.2685810253690 = 49.268581025369 (2.2065323023125956)
242-MALE_SAMPLED_50.2367360871951 = 50.2367360871951 (1.2383772404864999)
5512-MALE_SAMPLED_51.3152415843881 = 51.3152415843881 (0.1598717432935004)
8380-MALE_SAMPLED_50.8353464157055 = 50.8353464157055 (0.6397669119760963)
9588-MALE_SAMPLED_51.3258092846456 = 51.3258092846456 (0.14930404303599687)
1752-MALE_SAMPLED_50.1643346332214 = 50.1643346332214 (1.310778694460197)
9779-FEMALE_SAMPLED_51.4147984153326 = 51.4147984153326 (0.06031491234899988)
1072-MALE_SAMPLED_49.0212630718681 = 49.0212630718681 (2.4538502558134994)
5561-FEMALE_SAMPLED_51.2281781722061 = 51.2281781722061 (0.24693515547549794)
1069-FEMALE_SAMPLED_51.0729090660545 = 51.0729090660545 (0.402204261627098)
8056-FEMALE_SAMPLED_49.2364854559503 = 49.2364854559503 (2.238627871731296)
8485-MALE_SAMPLED_50.6877183914851 = 50.6877183914851 (0.7873949361964989)
8803-FEMALE_SAMPLED_51.3572970173057 = 51.3572970173057 (0.11781631037590046)
3769-FEMALE_SAMPLED_48.5880086345799 = 48.5880086345799 (2.8871046931016977)
9629-MALE_SAMPLED_51.0590581002846 = 51.0590581002846 (0.4160552273969955)
9181-MALE_SAMPLED_48.8426066146433 = 48.8426066146433 (2.632506713038296)
9101-MALE_SAMPLED_48.8066005975209 = 48.8066005975209 (2.6685127301606997)
8638-FEMALE_SAMPLED_49.8125100045666 = 49.8125100045666 (1.6626033231150004)
1976-MALE_SAMPLED_50.4841266915403 = 50.4841266915403 (0.9909866361413009)
2717-FEMALE_SAMPLED_50.0136182897925 = 50.0136182897925 (1.461495037889101)
1153-FEMALE_SAMPLED_51.2661158827334 = 51.2661158827334 (0.20899744494819572)
2120-MALE_SAMPLED_48.5306011997830 = 48.530601199783 (2.944512127898598)
333-FEMALE_SAMPLED_49.0865251643784 = 49.0865251643784 (2.388588163303197)
9542-MALE_SAMPLED_48.6118384195227 = 48.6118384195227 (2.8632749081588997)
6958-MALE_SAMPLED_48.6678608782324 = 48.6678608782324 (2.8072524494491944)
4847-FEMALE_SAMPLED_49.2917083844743 = 49.2917083844743 (2.1834049432073)
371-FEMALE_SAMPLED_48.6550016850899 = 48.6550016850899 (2.820111642591698)
9699-FEMALE_SAMPLED_49.7292187044598 = 49.7292187044598 (1.7458946232218011)
5308-MALE_SAMPLED_49.4014352076422 = 49.4014352076422 (2.0736781200393963)
9279-FEMALE_SAMPLED_50.6673475483633 = 50.6673475483633 (0.8077657793182951)
1817-FEMALE_SAMPLED_49.1833146129004 = 49.1833146129004 (2.2917987147811942)
9342-FEMALE_SAMPLED_48.6073838710520 = 48.607383871052 (2.867729456629597)
7930-MALE_SAMPLED_50.4167033720962 = 50.4167033720962 (1.0584099555853967)
6417-FEMALE_SAMPLED_50.5104069433376 = 50.5104069433376 (0.964706384343998)
7295-FEMALE_SAMPLED_50.6401879993002 = 50.6401879993002 (0.8349253283813951)
490-MALE_SAMPLED_49.5875629622690 = 49.587562962269 (1.8875503654126007)
2002-MALE_SAMPLED_49.7529870668161 = 49.7529870668161 (1.722126260865501)
2584-MALE_SAMPLED_51.4670745796259 = 51.4670745796259 (0.008038748055696487)
3627-FEMALE_SAMPLED_51.2966753147277 = 51.2966753147277 (0.17843801295389738)
2066-MALE_SAMPLED_48.5765450178380 = 48.576545017838 (2.898568309843597)
2624-MALE_SAMPLED_50.0632180900514 = 50.0632180900514 (1.4118952376301976)
1485-FEMALE_SAMPLED_48.7687849163278 = 48.7687849163278 (2.7063284113537946)
4661-FEMALE_SAMPLED_49.4138523811209 = 49.4138523811209 (2.061260946560701)
230-MALE_SAMPLED_48.9916817884161 = 48.9916817884161 (2.4834315392654958)
8329-FEMALE_SAMPLED_50.7330724644210 = 50.733072464421 (0.7420408632605984)
3513-FEMALE_SAMPLED_49.4652367388564 = 49.4652367388564 (2.0098765888252004)
8139-FEMALE_SAMPLED_48.5539652372911 = 48.5539652372911 (2.9211480903904956)
2576-MALE_SAMPLED_48.5043565787576 = 48.5043565787576 (2.9707567489239963)
1141-FEMALE_SAMPLED_51.3341449190132 = 51.3341449190132 (0.14096840866839955)
4038-MALE_SAMPLED_50.4025073457244 = 50.4025073457244 (1.0726059819571958)
5501-FEMALE_SAMPLED_49.9613712665825 = 49.9613712665825 (1.5137420610990944)
4550-MALE_SAMPLED_51.4601163888085 = 51.4601163888085 (0.01499693887309661)
9561-MALE_SAMPLED_51.4480749082952 = 51.4480749082952 (0.027038419386400392)
7992-MALE_SAMPLED_50.2035297689229 = 50.2035297689229 (1.2715835587586994)
10013-MALE_SAMPLED_49.7117933277707 = 49.7117933277707 (1.7633199999108982)
8163-FEMALE_SAMPLED_49.1081125436551 = 49.1081125436551 (2.3670007840264944)
10018-MALE_SAMPLED_50.4242818733412 = 50.4242818733412 (1.050831454340397)
9976-MALE_SAMPLED_50.9244838355310 = 50.924483835531 (0.5506294921505983)
4895-FEMALE_SAMPLED_51.2260523280795 = 51.2260523280795 (0.2490609996021007)
9831-MALE_SAMPLED_49.6840711462512 = 49.6840711462512 (1.7910421814303987)
8008-FEMALE_SAMPLED_50.0179959999598 = 50.0179959999598 (1.4571173277217966)
2064-MALE_SAMPLED_51.3284537653174 = 51.3284537653174 (0.1466595623641993)
1295-FEMALE_SAMPLED_51.2826799154948 = 51.2826799154948 (0.19243341218679433)
1190-MALE_SAMPLED_49.3478277931655 = 49.3478277931655 (2.1272855345160977)
8691-MALE_SAMPLED_50.6352798033706 = 50.6352798033706 (0.8398335243109969)
5430-MALE_SAMPLED_49.8843030951186 = 49.8843030951186 (1.5908102325630011)
9322-FEMALE_SAMPLED_49.4490746777240 = 49.449074677724 (2.0260386499575986)
1310-MALE_SAMPLED_49.5781278708685 = 49.5781278708685 (1.8969854568130984)
7384-MALE_SAMPLED_48.7272099389895 = 48.7272099389895 (2.7479033886920945)
4275-FEMALE_SAMPLED_51.3242155991695 = 51.3242155991695 (0.15089772851209915)
9292-FEMALE_SAMPLED_49.9129842438936 = 49.9129842438936 (1.562129083788001)
9744-MALE_SAMPLED_49.3612105814475 = 49.3612105814475 (2.1139027462340962)
9849-MALE_SAMPLED_50.0034642203912 = 50.0034642203912 (1.4716491072903963)
9178-FEMALE_SAMPLED_51.3200388702765 = 51.3200388702765 (0.1550744574050995)
2023-FEMALE_SAMPLED_51.4751133276816 = 51.4751133276816 (0.0)
1446-MALE_SAMPLED_48.9343526559617 = 48.9343526559617 (2.5407606717198945)
9910-FEMALE_SAMPLED_50.6975391132958 = 50.6975391132958 (0.7775742143858011)
5892-MALE_SAMPLED_48.5127367978650 = 48.512736797865 (2.962376529816595)
1922-MALE_SAMPLED_50.6908603744316 = 50.6908603744316 (0.7842529532499967)
111-FEMALE_SAMPLED_50.4316708946801 = 50.4316708946801 (1.0434424330014949)
1296-MALE_SAMPLED_50.8860496145874 = 50.8860496145874 (0.5890637130941982)
8018-FEMALE_SAMPLED_50.5995475168540 = 50.599547516854 (0.8755658108275952)
2320-MALE_SAMPLED_48.8419743180941 = 48.8419743180941 (2.633139009587495)
3314-MALE_SAMPLED_51.4353509683363 = 51.4353509683363 (0.03976235934529626)
9733-FEMALE_SAMPLED_51.0845890839785 = 51.0845890839785 (0.3905242437030978)
2804-MALE_SAMPLED_50.6312586887009 = 50.6312586887009 (0.8438546389806945)
22-MALE_SAMPLED_48.6670663646156 = 48.6670663646156 (2.8080469630659977)
2344-MALE_SAMPLED_50.6834544125679 = 50.6834544125679 (0.7916589151137003)
3297-FEMALE_SAMPLED_50.2601327233217 = 50.2601327233217 (1.2149806043598943)
10099-FEMALE_SAMPLED_51.3801519911005 = 51.3801519911005 (0.0949613365811004)
6208-MALE_SAMPLED_49.2546583503220 = 49.254658350322 (2.2204549773595943)
8158-FEMALE_SAMPLED_50.5957305085115 = 50.5957305085115 (0.8793828191700968)
6483-FEMALE_SAMPLED_48.6893035006444 = 48.6893035006444 (2.7858098270371983)
3242-MALE_SAMPLED_50.5281866209782 = 50.5281866209782 (0.9469267067034011)
5043-FEMALE_SAMPLED_51.1680716018393 = 51.1680716018393 (0.3070417258422964)
3656-MALE_SAMPLED_49.2028595738313 = 49.2028595738313 (2.2722537538503005)
9596-MALE_SAMPLED_50.4036758277300 = 50.40367582773 (1.0714374999515996)
8228-FEMALE_SAMPLED_49.1059398719310 = 49.105939871931 (2.369173455750598)
8253-MALE_SAMPLED_50.6105639325190 = 50.610563932519 (0.864549395162598)
8911-MALE_SAMPLED_51.2278002761971 = 51.2278002761971 (0.24731305148449678)
8143-FEMALE_SAMPLED_49.4390421570945 = 49.4390421570945 (2.0360711705870997)
7302-MALE_SAMPLED_50.4384753585994 = 50.4384753585994 (1.0366379690822)
4237-FEMALE_SAMPLED_50.8110278575416 = 50.8110278575416 (0.6640854701399945)
530-MALE_SAMPLED_49.7368317817538 = 49.7368317817538 (1.7382815459277978)
2118-MALE_SAMPLED_49.4801746390961 = 49.4801746390961 (1.9949386885854992)
2269-FEMALE_SAMPLED_48.6634215373281 = 48.6634215373281 (2.8116917903534997)
2400-MALE_SAMPLED_51.2436862800471 = 51.2436862800471 (0.23142704763449728)
6326-MALE_SAMPLED_51.4263513754788 = 51.4263513754788 (0.048761952202795555)
1727-FEMALE_SAMPLED_50.5887613890893 = 50.5887613890893 (0.8863519385922984)
6169-FEMALE_SAMPLED_50.0702421577382 = 50.0702421577382 (1.404871169943398)
1998-MALE_SAMPLED_48.9613678972903 = 48.9613678972903 (2.513745430391296)
5493-FEMALE_SAMPLED_49.8343058557450 = 49.834305855745 (1.640807471936597)
9023-MALE_SAMPLED_49.5117567575737 = 49.5117567575737 (1.9633565701078979)
2472-MALE_SAMPLED_49.0336911851275 = 49.0336911851275 (2.441422142554096)
122-MALE_SAMPLED_50.2755633516438 = 50.2755633516438 (1.199549976037801)
6571-FEMALE_SAMPLED_50.1235226542424 = 50.1235226542424 (1.3515906734391976)
6476-MALE_SAMPLED_50.8961714283298 = 50.8961714283298 (0.578941899351797)
2541-FEMALE_SAMPLED_48.6375289352811 = 48.6375289352811 (2.837584392400501)
3851-FEMALE_SAMPLED_49.3747740199990 = 49.374774019999 (2.100339307682596)
1140-MALE_SAMPLED_51.2865954314559 = 51.2865954314559 (0.18851789622569726)
8519-FEMALE_SAMPLED_51.1525812084522 = 51.1525812084522 (0.3225321192294004)
9473-FEMALE_SAMPLED_51.1180072101499 = 51.1180072101499 (0.35710611753169985)
7134-MALE_SAMPLED_49.5371511232308 = 49.5371511232308 (1.9379622044507983)
5008-MALE_SAMPLED_51.2778209381006 = 51.2778209381006 (0.19729238958100126)
2908-MALE_SAMPLED_49.6657184083681 = 49.6657184083681 (1.8093949193134975)
3499-FEMALE_SAMPLED_51.2889366772226 = 51.2889366772226 (0.18617665045899656)
1378-MALE_SAMPLED_50.8451925053462 = 50.8451925053462 (0.6299208223354)
742-MALE_SAMPLED_50.4576584727704 = 50.4576584727704 (1.0174548549112004)
8137-FEMALE_SAMPLED_49.4113795066453 = 49.4113795066453 (2.063733821036301)
1740-MALE_SAMPLED_51.4426580530792 = 51.4426580530792 (0.032455274602398276)
9380-MALE_SAMPLED_51.4421279053870 = 51.442127905387 (0.03298542229460111)
8177-FEMALE_SAMPLED_50.4812296473622 = 50.4812296473622 (0.9938836803193993)
536-MALE_SAMPLED_48.5896292867340 = 48.589629286734 (2.8854840409475955)
1526-MALE_SAMPLED_51.2466579371333 = 51.2466579371333 (0.228455390548298)
8128-FEMALE_SAMPLED_51.3817854200690 = 51.381785420069 (0.09332790761259702)
457-FEMALE_SAMPLED_49.8197775015808 = 49.8197775015808 (1.6553358261007958)
3144-MALE_SAMPLED_48.4849620869584 = 48.4849620869584 (2.9901512407232005)
9260-FEMALE_SAMPLED_50.6617526929560 = 50.661752692956 (0.8133606347255977)
6496-MALE_SAMPLED_50.4104558961201 = 50.4104558961201 (1.0646574315614998)
9710-MALE_SAMPLED_51.0209213873106 = 51.0209213873106 (0.45419194037099686)
7523-FEMALE_SAMPLED_50.4408712173547 = 50.4408712173547 (1.0342421103269004)
724-MALE_SAMPLED_49.9511242411766 = 49.9511242411766 (1.5239890865049972)
8019-FEMALE_SAMPLED_49.4944511701553 = 49.4944511701553 (1.9806621575262966)
2838-MALE_SAMPLED_48.8774543512347 = 48.8774543512347 (2.597658976446901)
162-MALE_SAMPLED_48.6694768288373 = 48.6694768288373 (2.8056364988443008)
1306-MALE_SAMPLED_50.1365682329717 = 50.1365682329717 (1.3385450947099002)
2999-FEMALE_SAMPLED_50.9887093094378 = 50.9887093094378 (0.4864040182437961)
6940-MALE_SAMPLED_50.4173872327167 = 50.4173872327167 (1.0577260949648988)
50-MALE_SAMPLED_50.6845795664206 = 50.6845795664206 (0.7905337612609955)
5602-MALE_SAMPLED_50.9546609179317 = 50.9546609179317 (0.5204524097499004)
7248-MALE_SAMPLED_51.3870794196348 = 51.3870794196348 (0.08803390804679623)
209-FEMALE_SAMPLED_51.0984242463685 = 51.0984242463685 (0.37668908131309564)
9403-MALE_SAMPLED_50.1435205264218 = 50.1435205264218 (1.331592801259795)
8987-FEMALE_SAMPLED_50.3210746607012 = 50.3210746607012 (1.154038666980398)
1372-MALE_SAMPLED_48.7245356019787 = 48.7245356019787 (2.7505777257028967)
2966-MALE_SAMPLED_48.5823284164737 = 48.5823284164737 (2.8927849112078974)
966-MALE_SAMPLED_51.4014230387486 = 51.4014230387486 (0.07369028893300111)
5969-FEMALE_SAMPLED_48.9914821482464 = 48.9914821482464 (2.4836311794352)
6122-MALE_SAMPLED_48.9339539183504 = 48.9339539183504 (2.5411594093312004)
6911-FEMALE_SAMPLED_48.6581801502700 = 48.65818015027 (2.816933177411599)
5824-MALE_SAMPLED_49.3968946350008 = 49.3968946350008 (2.0782186926807995)
8453-FEMALE_SAMPLED_49.4205108574326 = 49.4205108574326 (2.0546024702489945)
231-FEMALE_SAMPLED_49.4531436188347 = 49.4531436188347 (2.021969708846896)
399-FEMALE_SAMPLED_48.5898669891260 = 48.589866989126 (2.8852463385555964)
3514-MALE_SAMPLED_49.6137671580739 = 49.6137671580739 (1.8613461696076996)
8737-FEMALE_SAMPLED_49.0057485630470 = 49.005748563047 (2.469364764634598)
630-MALE_SAMPLED_49.4406882965207 = 49.4406882965207 (2.0344250311609002)
7089-FEMALE_SAMPLED_51.0686219076827 = 51.0686219076827 (0.4064914199989005)
9706-MALE_SAMPLED_51.3896674845103 = 51.3896674845103 (0.08544584317129988)
5539-FEMALE_SAMPLED_49.4994403855610 = 49.499440385561 (1.975672942120596)
903-FEMALE_SAMPLED_50.4587507632762 = 50.4587507632762 (1.016362564405398)
3608-MALE_SAMPLED_50.1011860843948 = 50.1011860843948 (1.3739272432868006)
5780-MALE_SAMPLED_50.6336656471915 = 50.6336656471915 (0.8414476804900985)
861-FEMALE_SAMPLED_49.3518905582107 = 49.3518905582107 (2.1232227694708996)
5629-FEMALE_SAMPLED_51.0640290983222 = 51.0640290983222 (0.41108422935939615)
281-FEMALE_SAMPLED_49.3281637009433 = 49.3281637009433 (2.146949626738298)
5964-MALE_SAMPLED_48.7704499415788 = 48.7704499415788 (2.704663386102794)
5853-FEMALE_SAMPLED_49.0911561889309 = 49.0911561889309 (2.383957138750695)
7746-MALE_SAMPLED_50.4621711616139 = 50.4621711616139 (1.0129421660676954)
905-FEMALE_SAMPLED_50.3347120038900 = 50.33471200389 (1.1404013237916004)
3924-MALE_SAMPLED_48.4958948302748 = 48.4958948302748 (2.979218497406798)
2894-MALE_SAMPLED_49.5799939681976 = 49.5799939681976 (1.8951193594839992)
3389-FEMALE_SAMPLED_49.9249031746961 = 49.9249031746961 (1.5502101529854997)
7520-MALE_SAMPLED_51.4253351472519 = 51.4253351472519 (0.04977818042969773)
9990-FEMALE_SAMPLED_51.4659916440226 = 51.4659916440226 (0.00912168365899646)
4564-MALE_SAMPLED_49.2325169614717 = 49.2325169614717 (2.242596366209895)
568-MALE_SAMPLED_50.9892736979029 = 50.9892736979029 (0.4858396297786953)
3829-FEMALE_SAMPLED_48.4891349671609 = 48.4891349671609 (2.985978360520697)
5414-MALE_SAMPLED_50.8874831728838 = 50.8874831728838 (0.5876301547978002)
6618-MALE_SAMPLED_50.4457059151694 = 50.4457059151694 (1.0294074125121995)
9578-MALE_SAMPLED_51.0801506462242 = 51.0801506462242 (0.3949626814574003)
6222-MALE_SAMPLED_49.4000285217273 = 49.4000285217273 (2.0750848059542975)
9227-FEMALE_SAMPLED_49.6137997036069 = 49.6137997036069 (1.8613136240746968)
8466-FEMALE_SAMPLED_51.1502884498998 = 51.1502884498998 (0.3248248777818006)
9484-MALE_SAMPLED_48.5228813286606 = 48.5228813286606 (2.952231999020995)
4586-MALE_SAMPLED_50.7624720456745 = 50.7624720456745 (0.7126412820070982)
7070-MALE_SAMPLED_49.9037780462033 = 49.9037780462033 (1.571335281478298)
8645-FEMALE_SAMPLED_48.6673121122378 = 48.6673121122378 (2.8078012154437957)
8648-FEMALE_SAMPLED_49.3679131151378 = 49.3679131151378 (2.1072002125437947)
5879-FEMALE_SAMPLED_50.1668325437433 = 50.1668325437433 (1.3082807839383008)
6449-FEMALE_SAMPLED_48.9788300865996 = 48.9788300865996 (2.496283241081997)
4796-MALE_SAMPLED_51.3250859340853 = 51.3250859340853 (0.15002739359629658)
5124-MALE_SAMPLED_51.4232297535721 = 51.4232297535721 (0.05188357410949607)
144-MALE_SAMPLED_50.6507803891520 = 50.650780389152 (0.8243329385296008)
8633-MALE_SAMPLED_49.2601810165882 = 49.2601810165882 (2.214932311093399)
8847-MALE_SAMPLED_51.3980254028659 = 51.3980254028659 (0.07708792481570015)
6738-MALE_SAMPLED_48.8896953371088 = 48.8896953371088 (2.5854179905728003)
3444-MALE_SAMPLED_50.3489790473334 = 50.3489790473334 (1.1261342803481966)
8715-MALE_SAMPLED_51.0860843128260 = 51.086084312826 (0.3890290148555948)
10132-FEMALE_SAMPLED_51.2284292269699 = 51.2284292269699 (0.24668410071169689)
2107-FEMALE_SAMPLED_51.4698473453257 = 51.4698473453257 (0.005265982355901144)
3454-MALE_SAMPLED_48.8367179330173 = 48.8367179330173 (2.6383953946643004)
5938-MALE_SAMPLED_50.8986698934543 = 50.8986698934543 (0.5764434342273006)
1081-FEMALE_SAMPLED_51.1925289657167 = 51.1925289657167 (0.28258436196490067)
5162-MALE_SAMPLED_48.5867368609845 = 48.5867368609845 (2.888376466697096)
  UCRelaxedClockModel: using 768 rate categories to approximate rate distribution across branches.
  Using BEAGLE version: 2.1.2 resource 0: CPU
    with instance flags:  PRECISION_DOUBLE COMPUTATION_SYNCH EIGEN_REAL SCALING_MANUAL SCALERS_RAW VECTOR_SSE THREADING_NONE PROCESSOR_CPU FRAMEWORK_CPU
Filter 2::3
385 taxa
2329 sites
1072 patterns
  Using BEAGLE version: 2.1.2 resource 0: CPU
    with instance flags:  PRECISION_DOUBLE COMPUTATION_SYNCH EIGEN_REAL SCALING_MANUAL SCALERS_RAW VECTOR_SSE THREADING_NONE PROCESSOR_CPU FRAMEWORK_CPU
Filter 3::3
385 taxa
2329 sites
2122 patterns
  Using BEAGLE version: 2.1.2 resource 0: CPU
    with instance flags:  PRECISION_DOUBLE COMPUTATION_SYNCH EIGEN_REAL SCALING_MANUAL SCALERS_RAW VECTOR_SSE THREADING_NONE PROCESSOR_CPU FRAMEWORK_CPU
===============================================================================
Citations for this model:

Bouckaert RR, Heled J, Kuehnert D, Vaughan TG, Wu C-H, Xie D, Suchard MA,
  Rambaut A, Drummond AJ (2014) BEAST 2: A software platform for Bayesian
  evolutionary analysis. PLoS Computational Biology 10(4): e1003537

Drummond AJ, Ho SYW, Phillips MJ, Rambaut A (2006) Relaxed Phylogenetics and
  Dating with Confidence. PLoS Biol 4(5): e88

===============================================================================
Restoring from file
Appending file 300914_Village_scI_sample1_epi3.log
Appending file 300914_Village_scI_sample1_epi3.trees
         Sample      posterior ESS(posterior)     likelihood          prior
       10596000   -320423.6232              N   -318175.7704     -2247.8528 --
       10597000   -320432.8319         2.0      -318182.3533     -2250.4786 --
       10598000   -320426.8885         3.0      -318175.3128     -2251.5757 --
       10599000   -320431.1131         4.0      -318177.0022     -2254.1109 --
       10600000   -320437.4022         5.0      -318184.9029     -2252.4993 --
       10601000   -320449.3887         4.0      -318196.3657     -2253.0230 --
       10602000   -320450.5538         2.8      -318193.3654     -2257.1884 --
       10603000   -320456.9387         2.5      -318201.4610     -2255.4776 --
       10604000   -320474.3980         2.9      -318217.1835     -2257.2144 --
       10605000   -320492.2319         3.0      -318219.1246     -2273.1072 --
       10606000   -320469.5506         2.8      -318209.8772     -2259.6733 --
       10607000   -320457.4407         3.0      -318196.8921     -2260.5486 3h15m46s/Msamples
       10608000   -320453.9912         3.3      -318197.8404     -2256.1508 3h11m37s/Msamples
       10609000   -320444.1900         3.6      -318189.8448     -2254.3452 3h2m18s/Msamples
       10610000   -320439.4846         4.0      -318184.5052     -2254.9794 2h58m30s/Msamples
       10611000   -320454.5824         4.3      -318199.0492     -2255.5332 2h59m24s/Msamples
       10612000   -320450.5515         4.6      -318192.3482     -2258.2033 2h58m25s/Msamples
       10613000   -320442.5522         5.0      -318189.7797     -2252.7725 3h0m7s/Msamples
       10614000   -320446.5550         5.3      -318191.6049     -2254.9501 3h3m37s/Msamples
       10615000   -320438.4143         5.7      -318186.6869     -2251.7274 3h1m55s/Msamples
       10616000   -320454.6175         6.1      -318200.0977     -2254.5198 3h2m32s/Msamples
       10617000   -320429.7261         6.6      -318181.4319     -2248.2942 3h1m1s/Msamples
       10618000   -320433.2442         6.8      -318179.8592     -2253.3849 3h1m25s/Msamples
       10619000   -320422.0271         6.5      -318170.7693     -2251.2577 3h1m9s/Msamples
       10620000   -320417.1530         6.2      -318167.4231     -2249.7298 3h0m32s/Msamples
       10621000   -320427.0063         5.8      -318175.8314     -2251.1748 3h0m59s/Msamples
       10622000   -320431.5041         5.6      -318174.1678     -2257.3363 3h1m30s/Msamples
       10623000   -320426.8000         5.4      -318175.9578     -2250.8421 3h0m48s/Msamples
       10624000   -320433.6493         5.3      -318180.2939     -2253.3553 3h1m11s/Msamples
       10625000   -320422.1974         4.6      -318171.6082     -2250.5891 3h0m16s/Msamples
       10626000   -320403.1082         4.3      -318156.6823     -2246.4258 2h59m39s/Msamples
       10627000   -320409.7846         4.0      -318158.4714     -2251.3131 2h59m13s/Msamples
       10628000   -320395.4549         3.7      -318144.6490     -2250.8058 2h59m47s/Msamples
       10629000   -320402.0162         3.5      -318152.3390     -2249.6772 2h59m4s/Msamples
       10630000   -320416.3865         3.4      -318167.2986     -2249.0879 2h59m16s/Msamples
       10631000   -320441.6327         3.6      -318186.9337     -2254.6990 2h59m50s/Msamples
       10632000   -320433.1016         3.7      -318178.5154     -2254.5861 2h59m39s/Msamples
       10633000   -320430.7176         3.7      -318174.5119     -2256.2056 3h0m10s/Msamples
       10634000   -320440.3927         3.9      -318186.1081     -2254.2845 3h0m49s/Msamples
       10635000   -320438.1902         3.8      -318181.8491     -2256.3411 3h1m18s/Msamples
       10636000   -320429.9902         3.8      -318175.7547     -2254.2354 3h1m2s/Msamples
       10637000   -320435.0169         3.9      -318181.2593     -2253.7576 3h0m40s/Msamples
       10638000   -320435.2316         4.0      -318184.8445     -2250.3871 3h0m41s/Msamples
       10639000   -320423.5155         4.1      -318168.8225     -2254.6929 3h1m8s/Msamples
       10640000   -320434.0623         4.2      -318174.0234     -2260.0389 3h0m53s/Msamples
       10641000   -320413.0511         4.3      -318157.4477     -2255.6034 3h1m39s/Msamples
       10642000   -320425.3988         4.5      -318170.5849     -2254.8138 3h1m48s/Msamples
       10643000   -320427.2061         4.6      -318170.1005     -2257.1055 3h1m20s/Msamples
       10644000   -320434.0233         4.7      -318175.5631     -2258.4602 3h1m9s/Msamples
       10645000   -320435.7293         4.7      -318179.8763     -2255.8529 3h1m47s/Msamples
       10646000   -320456.5947         5.0      -318199.9414     -2256.6533 3h2m22s/Msamples
       10647000   -320447.8412         5.2      -318193.8232     -2254.0179 3h2m18s/Msamples
       10648000   -320462.5975         5.5      -318204.6559     -2257.9415 3h1m47s/Msamples
       10649000   -320451.9123         5.7      -318194.5504     -2257.3619 3h1m27s/Msamples
       10650000   -320448.4413         5.8      -318195.9420     -2252.4993 3h0m57s/Msamples
       10651000   -320442.7555         5.9      -318190.6030     -2252.1525 3h1m22s/Msamples
       10652000   -320448.4634         6.0      -318191.2797     -2257.1836 3h0m57s/Msamples
       10653000   -320470.2835         6.2      -318207.8775     -2262.4059 3h1m18s/Msamples
       10654000   -320467.3103         6.3      -318206.9230     -2260.3872 3h1m4s/Msamples
       10655000   -320456.0409         6.3      -318199.4274     -2256.6135 3h1m17s/Msamples
       10656000   -320451.8143         6.3      -318186.6749     -2265.1393 3h1m28s/Msamples
       10657000   -320452.6807         6.2      -318191.9424     -2260.7382 3h1m14s/Msamples
       10658000   -320459.1170         6.1      -318200.2038     -2258.9131 3h1m9s/Msamples
       10659000   -320459.3951         6.0      -318200.7677     -2258.6273 3h1m39s/Msamples
       10660000   -320456.3333         5.9      -318192.2698     -2264.0635 3h1m51s/Msamples
       10661000   -320466.5473         5.8      -318199.0328     -2267.5145 3h1m49s/Msamples
       10662000   -320460.6658         5.8      -318204.9942     -2255.6716 3h1m25s/Msamples
       10663000   -320466.7559         5.7      -318209.3449     -2257.4110 3h1m29s/Msamples
       10664000   -320483.5249         5.6      -318226.2521     -2257.2728 3h1m22s/Msamples
       10665000   -320488.1973         5.4      -318233.3767     -2254.8205 3h1m28s/Msamples
       10666000   -320462.7311         5.3      -318205.6334     -2257.0976 3h1m16s/Msamples
       10667000   -320459.8474         5.2      -318204.9600     -2254.8874 3h1m17s/Msamples
       10668000   -320462.8266         5.1      -318209.1497     -2253.6769 3h0m55s/Msamples
       10669000   -320473.5315         5.0      -318219.0468     -2254.4846 3h0m56s/Msamples
       10670000   -320478.4837         4.9      -318227.3843     -2251.0994 3h1m8s/Msamples
       10671000   -320462.4677         4.8      -318211.3667     -2251.1009 3h1m9s/Msamples
       10672000   -320482.5528         4.7      -318230.0731     -2252.4796 3h0m58s/Msamples
       10673000   -320478.9934         4.6      -318222.8297     -2256.1636 3h0m52s/Msamples
       10674000   -320479.5101         4.5      -318223.8160     -2255.6941 3h0m49s/Msamples
       10675000   -320367.7083         6.3      -318113.8835     -2253.8247 3h1m7s/Msamples
       10676000   -320373.4218         8.3      -318119.0807     -2254.3411 3h1m11s/Msamples
       10677000   -320303.9442        13.9      -318047.9330     -2256.0112 3h1m35s/Msamples
       10678000   -320295.7149        17.0      -318040.0795     -2255.6354 3h1m28s/Msamples
       10679000   -320271.6876        16.6      -318014.4245     -2257.2631 3h1m37s/Msamples
       10680000   -320270.4057        15.0      -318014.3050     -2256.1006 3h2m6s/Msamples
       10681000   -320275.4282        13.0      -318011.7441     -2263.6840 3h1m53s/Msamples
       10682000   -320273.5499        11.6      -318007.6150     -2265.9348 3h2m5s/Msamples
       10683000   -320253.8029        10.6      -317995.2432     -2258.5596 3h2m11s/Msamples
       10684000   -320256.5938         9.6      -317998.7519     -2257.8418 3h2m17s/Msamples
       10685000   -320260.2161         8.7      -318001.4876     -2258.7284 3h2m2s/Msamples
       10686000   -320258.0437         8.1      -318001.1215     -2256.9221 3h2m8s/Msamples
       10687000   -320246.0195         7.5      -317984.9035     -2261.1159 3h1m57s/Msamples
       10688000   -320193.1910         7.1      -317936.0544     -2257.1366 3h1m55s/Msamples
       10689000   -320187.0450         6.7      -317922.2437     -2264.8012 3h1m44s/Msamples
       10690000   -320176.9888         6.4      -317913.2681     -2263.7207 3h1m56s/Msamples
       10691000   -320179.1034         6.1      -317912.7120     -2266.3914 3h1m49s/Msamples
       10692000   -320025.2629         6.1      -317766.6271     -2258.6358 3h2m6s/Msamples
       10693000   -320025.7517         5.9      -317765.5658     -2260.1858 3h2m10s/Msamples
       10694000   -320029.3031         5.7      -317771.9894     -2257.3136 3h2m8s/Msamples
       10695000   -320030.7173         5.5      -317769.1932     -2261.5240 3h2m3s/Msamples
       10696000   -320026.7364         5.2      -317763.4778     -2263.2586 3h2m24s/Msamples
       10697000   -319984.5994         5.1      -317722.2150     -2262.3844 3h2m17s/Msamples
       10698000   -319978.2264         5.0      -317710.5273     -2267.6990 3h2m16s/Msamples
       10699000   -319991.2325         4.8      -317726.8845     -2264.3480 3h2m22s/Msamples
       10700000   -319978.3930         4.6      -317710.3098     -2268.0832 3h2m34s/Msamples
       10701000   -319988.4597         4.5      -317722.8104     -2265.6492 3h2m46s/Msamples
       10702000   -319984.6376         4.4      -317719.3313     -2265.3062 3h2m57s/Msamples
       10703000   -319982.8997         4.2      -317719.5713     -2263.3284 3h2m45s/Msamples
       10704000   -319980.7871         4.1      -317716.0077     -2264.7794 3h2m46s/Msamples
       10705000   -319966.6471         4.0      -317706.1988     -2260.4482 3h2m52s/Msamples
       10706000   -319963.2653         3.9      -317699.0606     -2264.2046 3h2m50s/Msamples
       10707000   -319971.9459         3.8      -317700.1814     -2271.7645 3h2m46s/Msamples
       10708000   -319985.0211         3.7      -317718.1799     -2266.8412 3h2m57s/Msamples
       10709000   -319977.1864         3.6      -317712.6010     -2264.5854 3h2m51s/Msamples
       10710000   -319963.5891         3.6      -317704.6695     -2258.9195 3h3m7s/Msamples
       10711000   -319969.3458         3.5      -317712.0741     -2257.2717 3h3m13s/Msamples
       10712000   -319971.0321         3.4      -317714.7551     -2256.2770 3h3m18s/Msamples
       10713000   -319968.1884         3.4      -317711.6757     -2256.5127 3h3m25s/Msamples
       10714000   -319976.1676         3.3      -317716.2497     -2259.9178 3h3m24s/Msamples
       10715000   -319980.6730         3.2      -317719.2036     -2261.4694 3h3m34s/Msamples
       10716000   -319967.2688         3.2      -317703.2755     -2263.9932 3h3m31s/Msamples
       10717000   -319957.7245         3.1      -317691.9094     -2265.8151 3h3m39s/Msamples
       10718000   -319964.3174         3.1      -317692.3782     -2271.9391 3h3m40s/Msamples
       10719000   -319977.2121         3.0      -317711.2845     -2265.9275 3h3m26s/Msamples
       10720000   -319953.9278         3.0      -317690.3514     -2263.5764 3h3m24s/Msamples
       10721000   -319947.2430         2.9      -317683.0377     -2264.2053 3h3m42s/Msamples
       10722000   -319932.4305         2.9      -317673.8869     -2258.5436 3h3m36s/Msamples
       10723000   -319943.9069         2.9      -317677.6612     -2266.2456 3h3m36s/Msamples
       10724000   -319946.7701         2.8      -317682.6260     -2264.1441 3h3m50s/Msamples
       10725000   -319942.0080         2.8      -317678.0211     -2263.9868 3h3m54s/Msamples
       10726000   -319929.8171         2.8      -317669.3403     -2260.4768 3h4m8s/Msamples
       10727000   -319920.0996         2.7      -317661.6138     -2258.4857 3h4m17s/Msamples
       10728000   -319919.5583         2.7      -317663.0501     -2256.5081 3h4m10s/Msamples
       10729000   -319916.4911         2.7      -317659.1201     -2257.3709 3h4m7s/Msamples
       10730000   -319906.2048         2.7      -317649.5385     -2256.6662 3h4m1s/Msamples
       10731000   -319908.5924         2.6      -317651.5956     -2256.9967 3h3m48s/Msamples
       10732000   -319906.1523         2.6      -317647.9739     -2258.1783 3h3m42s/Msamples
       10733000   -319910.7593         2.6      -317655.3070     -2255.4523 3h3m35s/Msamples
       10734000   -319916.1975         2.6      -317654.3157     -2261.8818 3h3m34s/Msamples
       10735000   -319911.6604         2.6      -317648.0643     -2263.5960 3h3m46s/Msamples
       10736000   -319908.4232         2.5      -317652.8610     -2255.5621 3h4m2s/Msamples
       10737000   -319913.6096         2.5      -317652.8541     -2260.7554 3h4m4s/Msamples
       10738000   -319896.8188         2.5      -317637.2535     -2259.5652 3h3m57s/Msamples
       10739000   -319899.0357         2.5      -317638.1302     -2260.9055 3h3m53s/Msamples
       10740000   -319900.3689         2.5      -317642.3486     -2258.0203 3h3m57s/Msamples
       10741000   -319908.8428         2.5      -317653.3285     -2255.5142 3h3m58s/Msamples
       10742000   -319897.7652         2.5      -317644.4747     -2253.2904 3h4m0s/Msamples
       10743000   -319888.8763         2.5      -317636.3135     -2252.5628 3h3m59s/Msamples
       10744000   -319882.9119         2.4      -317625.7027     -2257.2092 3h3m50s/Msamples
       10745000   -319884.7377         2.4      -317624.2242     -2260.5135 3h3m38s/Msamples
       10746000   -319896.8700         2.4      -317635.8389     -2261.0310 3h3m49s/Msamples
       10747000   -319897.2001         2.4      -317639.7509     -2257.4491 3h3m52s/Msamples
       10748000   -319896.5976         2.4      -317643.1252     -2253.4724 3h3m41s/Msamples
       10749000   -319915.6717         2.4      -317657.9836     -2257.6881 3h3m38s/Msamples
       10750000   -319912.8454         2.4      -317655.0768     -2257.7686 3h3m48s/Msamples
       10751000   -319906.4159         2.4      -317648.5452     -2257.8707 3h3m55s/Msamples
       10752000   -319901.7204         2.4      -317645.6864     -2256.0339 3h3m51s/Msamples
       10753000   -319902.1380         2.4      -317643.2454     -2258.8925 3h3m47s/Msamples
       10754000   -319904.2291         2.4      -317647.0120     -2257.2170 3h3m49s/Msamples
       10755000   -319900.9897         2.4      -317640.3270     -2260.6626 3h3m48s/Msamples
       10756000   -319903.4998         2.4      -317642.5449     -2260.9549 3h3m49s/Msamples
       10757000   -319897.9219         2.4      -317637.7272     -2260.1946 3h3m43s/Msamples
       10758000   -319911.7243         2.4      -317648.6083     -2263.1160 3h3m46s/Msamples
       10759000   -319889.5569         2.4      -317627.3622     -2262.1946 3h3m43s/Msamples
       10760000   -319907.6835         2.4      -317645.9703     -2261.7132 3h3m37s/Msamples
       10761000   -319899.2035         2.3      -317644.6648     -2254.5387 3h3m36s/Msamples
       10762000   -319892.6545         2.3      -317631.0886     -2261.5658 3h3m32s/Msamples
       10763000   -319886.5785         2.3      -317630.6499     -2255.9285 3h3m41s/Msamples
       10764000   -319891.4964         2.3      -317632.5493     -2258.9470 3h3m39s/Msamples
       10765000   -319896.0712         2.3      -317635.3152     -2260.7559 3h3m33s/Msamples
       10766000   -319885.2594         2.3      -317626.3268     -2258.9326 3h3m27s/Msamples
       10767000   -319901.1335         2.3      -317642.0111     -2259.1224 3h3m32s/Msamples
       10768000   -319919.6806         2.3      -317655.7360     -2263.9445 3h3m30s/Msamples
       10769000   -319910.6989         2.3      -317653.0060     -2257.6928 3h3m33s/Msamples
       10770000   -319908.8011         2.3      -317649.8822     -2258.9188 3h3m32s/Msamples
       10771000   -319906.2888         2.4      -317645.4575     -2260.8312 3h3m33s/Msamples
       10772000   -319891.4861         2.4      -317627.0464     -2264.4397 3h3m37s/Msamples
       10773000   -319888.8523         2.4      -317625.2582     -2263.5941 3h3m44s/Msamples
       10774000   -319834.1799         2.4      -317572.7219     -2261.4579 3h3m40s/Msamples
       10775000   -319814.8639         2.4      -317553.2494     -2261.6144 3h3m38s/Msamples
       10776000   -319809.5259         2.4      -317549.0411     -2260.4848 3h3m28s/Msamples
       10777000   -319807.2103         2.4      -317548.2450     -2258.9652 3h3m30s/Msamples
       10778000   -319802.8996         2.4      -317544.6456     -2258.2540 3h3m33s/Msamples
       10779000   -319794.9146         2.4      -317537.2002     -2257.7143 3h3m28s/Msamples
       10780000   -319802.8431         2.4      -317545.9469     -2256.8961 3h3m24s/Msamples
       10781000   -319815.7906         2.4      -317547.9169     -2267.8737 3h3m25s/Msamples
       10782000   -319814.9204         2.4      -317555.1253     -2259.7951 3h3m15s/Msamples
       10783000   -319831.0698         2.4      -317571.2296     -2259.8401 3h3m10s/Msamples
       10784000   -319834.1231         2.4      -317567.3782     -2266.7448 3h3m4s/Msamples
       10785000   -319830.5889         2.4      -317564.8247     -2265.7642 3h3m10s/Msamples
       10786000   -319829.8521         2.4      -317566.2254     -2263.6267 3h3m12s/Msamples
       10787000   -319830.2280         2.4      -317567.2323     -2262.9956 3h3m11s/Msamples
       10788000   -319817.3038         2.4      -317552.9618     -2264.3419 3h3m12s/Msamples
       10789000   -319814.5902         2.4      -317551.2695     -2263.3206 3h3m8s/Msamples
       10790000   -319826.4308         2.4      -317565.8625     -2260.5683 3h3m17s/Msamples
       10791000   -319767.1426         2.4      -317502.9642     -2264.1784 3h3m20s/Msamples
       10792000   -319760.0664         2.4      -317496.1659     -2263.9004 3h3m13s/Msamples
       10793000   -319765.4883         2.5      -317496.3874     -2269.1008 3h3m14s/Msamples
       10794000   -319752.0543         2.5      -317482.6642     -2269.3900 3h3m14s/Msamples
       10795000   -319761.4410         2.5      -317483.4181     -2278.0228 3h3m19s/Msamples
       10796000   -319755.8316         2.5      -317482.2806     -2273.5509 3h3m12s/Msamples
       10797000   -319755.8481         2.5      -317480.2084     -2275.6397 3h3m7s/Msamples
       10798000   -319747.0331         2.5      -317473.2403     -2273.7927 3h3m9s/Msamples
       10799000   -319745.4532         2.5      -317474.4405     -2271.0126 3h3m9s/Msamples
       10800000   -319735.5723         2.5      -317466.3545     -2269.2178 3h3m7s/Msamples
       10801000   -319744.0595         2.5      -317471.3779     -2272.6815 3h3m15s/Msamples
       10802000   -319737.6937         2.5      -317468.3638     -2269.3298 3h3m17s/Msamples
       10803000   -319589.0584         2.5      -317324.3673     -2264.6911 3h3m22s/Msamples
       10804000   -319596.8556         2.6      -317328.2207     -2268.6348 3h3m25s/Msamples
       10805000   -319597.9515         2.6      -317331.7661     -2266.1854 3h3m26s/Msamples
       10806000   -319621.0559         2.6      -317351.5829     -2269.4730 3h3m26s/Msamples
       10807000   -319602.7156         2.6      -317338.7610     -2263.9545 3h3m28s/Msamples
       10808000   -319600.5652         2.6      -317334.8111     -2265.7540 3h3m25s/Msamples
       10809000   -319600.4963         2.6      -317336.7130     -2263.7832 3h3m19s/Msamples
       10810000   -319607.3415         2.6      -317340.4531     -2266.8883 3h3m23s/Msamples
       10811000   -319604.7310         2.6      -317340.1871     -2264.5438 3h3m22s/Msamples
       10812000   -319624.3590         2.7      -317357.1693     -2267.1896 3h3m24s/Msamples
       10813000   -319628.0358         2.7      -317361.4306     -2266.6051 3h3m20s/Msamples
       10814000   -319624.7581         2.7      -317357.7074     -2267.0507 3h3m14s/Msamples
       10815000   -319633.1356         2.7      -317365.1163     -2268.0192 3h3m22s/Msamples
       10816000   -319612.8717         2.7      -317345.8033     -2267.0684 3h3m30s/Msamples
       10817000   -319613.5157         2.7      -317342.5440     -2270.9717 3h3m33s/Msamples
       10818000   -319607.5613         2.7      -317336.6439     -2270.9174 3h3m31s/Msamples
       10819000   -319611.3208         2.7      -317339.8182     -2271.5025 3h3m35s/Msamples
       10820000   -319603.3134         2.7      -317334.5607     -2268.7527 3h3m36s/Msamples
       10821000   -319609.0137         2.7      -317339.0943     -2269.9194 3h3m36s/Msamples
       10822000   -319610.4567         2.7      -317341.3682     -2269.0884 3h3m36s/Msamples
       10823000   -319616.2806         2.7      -317346.9609     -2269.3196 3h3m36s/Msamples
       10824000   -319637.1358         2.7      -317370.6956     -2266.4402 3h3m27s/Msamples
       10825000   -319626.2353         2.8      -317362.0334     -2264.2019 3h3m29s/Msamples
       10826000   -319611.5322         2.8      -317335.7722     -2275.7599 3h3m30s/Msamples
       10827000   -319605.2520         2.8      -317335.3528     -2269.8991 3h3m36s/Msamples
       10828000   -319584.6194         2.8      -317318.9412     -2265.6781 3h3m36s/Msamples
       10829000   -319604.4893         2.8      -317334.0087     -2270.4806 3h3m33s/Msamples
       10830000   -319592.2883         2.8      -317327.2320     -2265.0563 3h3m31s/Msamples
       10831000   -319606.3903         2.8      -317330.6499     -2275.7404 3h3m32s/Msamples
       10832000   -319599.7272         2.8      -317326.0634     -2273.6637 3h3m29s/Msamples
       10833000   -319600.8966         2.8      -317334.1489     -2266.7477 3h3m20s/Msamples
       10834000   -319600.8161         2.8      -317334.3186     -2266.4974 3h3m16s/Msamples
       10835000   -319596.2987         2.8      -317327.1478     -2269.1509 3h3m21s/Msamples
       10836000   -319598.0992         2.8      -317330.3395     -2267.7597 3h3m27s/Msamples
       10837000   -319604.6344         2.8      -317327.7662     -2276.8681 3h3m25s/Msamples
       10838000   -319584.6730         2.8      -317315.5488     -2269.1241 3h3m27s/Msamples
       10839000   -319580.2996         2.8      -317311.7556     -2268.5440 3h3m24s/Msamples
       10840000   -319595.2728         2.8      -317325.5633     -2269.7094 3h3m32s/Msamples
       10841000   -319590.6461         2.8      -317321.7376     -2268.9084 3h3m31s/Msamples
       10842000   -319581.2205         2.8      -317314.7220     -2266.4985 3h3m26s/Msamples
       10843000   -319591.3134         2.8      -317324.7017     -2266.6116 3h3m27s/Msamples
       10844000   -319598.3429         2.8      -317330.6017     -2267.7412 3h3m27s/Msamples
       10845000   -319601.8281         2.8      -317336.0027     -2265.8254 3h3m25s/Msamples
       10846000   -319603.1893         2.8      -317332.8921     -2270.2972 3h3m25s/Msamples
       10847000   -319608.3398         2.8      -317341.7229     -2266.6169 3h3m27s/Msamples
       10848000   -319599.5292         2.8      -317330.1425     -2269.3867 3h3m27s/Msamples
       10849000   -319616.5723         2.8      -317343.9058     -2272.6664 3h3m26s/Msamples
       10850000   -319601.6511         2.8      -317334.1698     -2267.4812 3h3m24s/Msamples
       10851000   -319593.4741         2.8      -317326.5796     -2266.8945 3h3m30s/Msamples
       10852000   -319593.8075         2.8      -317323.8884     -2269.9190 3h3m29s/Msamples
       10853000   -319599.6931         2.8      -317329.0159     -2270.6771 3h3m28s/Msamples
       10854000   -319605.8029         2.8      -317341.1107     -2264.6922 3h3m34s/Msamples
       10855000   -319602.8945         2.8      -317338.7741     -2264.1203 3h3m39s/Msamples
       10856000   -319605.2519         2.8      -317340.1443     -2265.1076 3h3m41s/Msamples
       10857000   -319600.5313         2.8      -317324.3608     -2276.1704 3h3m44s/Msamples
       10858000   -319588.7415         2.8      -317318.9916     -2269.7498 3h3m43s/Msamples
       10859000   -319597.3708         2.8      -317330.9705     -2266.4003 3h3m40s/Msamples
       10860000   -319596.8644         2.8      -317330.3629     -2266.5014 3h3m36s/Msamples
       10861000   -319596.9762         2.8      -317331.6592     -2265.3170 3h3m28s/Msamples
       10862000   -319589.2272         2.8      -317320.8804     -2268.3468 3h3m32s/Msamples
       10863000   -319593.3626         2.8      -317324.9833     -2268.3792 3h3m37s/Msamples
       10864000   -319597.5720         2.8      -317321.5580     -2276.0140 3h3m36s/Msamples
       10865000   -319599.8385         2.8      -317326.6348     -2273.2036 3h3m36s/Msamples
       10866000   -319582.6548         2.8      -317309.5468     -2273.1079 3h3m31s/Msamples
       10867000   -319577.0365         2.8      -317299.1008     -2277.9357 3h3m35s/Msamples
       10868000   -319569.9737         2.8      -317297.5037     -2272.4699 3h3m29s/Msamples
       10869000   -319572.9945         2.8      -317299.8633     -2273.1312 3h3m32s/Msamples
       10870000   -319578.2377         2.8      -317309.5312     -2268.7065 3h3m39s/Msamples
       10871000   -319572.3957         2.8      -317300.7088     -2271.6868 3h3m43s/Msamples
       10872000   -319568.9827         2.8      -317299.8277     -2269.1550 3h3m45s/Msamples
       10873000   -319569.6123         2.8      -317302.0889     -2267.5234 3h3m43s/Msamples
       10874000   -319583.9465         2.8      -317320.0927     -2263.8538 3h3m41s/Msamples
       10875000   -319583.9999         2.8      -317317.5608     -2266.4391 3h3m44s/Msamples
       10876000   -319581.0886         2.8      -317315.6335     -2265.4550 3h3m45s/Msamples
       10877000   -319567.7591         2.8      -317303.0747     -2264.6844 3h3m44s/Msamples
       10878000   -319564.2194         2.8      -317298.6719     -2265.5475 3h3m49s/Msamples
       10879000   -319549.9529         2.8      -317286.0552     -2263.8977 3h3m48s/Msamples
       10880000   -319553.4173         2.8      -317285.3445     -2268.0727 3h3m43s/Msamples
       10881000   -319550.3961         2.8      -317284.8938     -2265.5022 3h3m39s/Msamples
       10882000   -319543.0117         2.8      -317280.6477     -2262.3640 3h3m39s/Msamples
       10883000   -319569.1243         2.8      -317295.9936     -2273.1306 3h3m45s/Msamples
       10884000   -319566.7949         2.8      -317298.4031     -2268.3918 3h3m46s/Msamples
       10885000   -319537.7682         2.8      -317272.3696     -2265.3986 3h3m52s/Msamples
       10886000   -319547.9829         2.8      -317278.4710     -2269.5119 3h3m50s/Msamples
       10887000   -319547.6879         2.8      -317281.3569     -2266.3309 3h3m45s/Msamples
       10888000   -319567.2206         2.8      -317297.6343     -2269.5862 3h3m45s/Msamples
       10889000   -319570.4934         2.8      -317300.9361     -2269.5572 3h3m42s/Msamples
       10890000   -319576.2570         2.8      -317307.4551     -2268.8018 3h3m45s/Msamples
       10891000   -319575.9771         2.8      -317303.3770     -2272.6001 3h3m49s/Msamples
       10892000   -319559.8473         2.8      -317291.9853     -2267.8620 3h3m52s/Msamples
       10893000   -319561.8171         2.8      -317296.8103     -2265.0067 3h3m56s/Msamples
       10894000   -319552.6581         2.8      -317289.0562     -2263.6019 3h3m56s/Msamples
       10895000   -319555.1412         2.8      -317287.7212     -2267.4199 3h3m59s/Msamples
       10896000   -319558.1854         2.8      -317290.7105     -2267.4749 3h4m3s/Msamples
       10897000   -319556.8230         2.8      -317293.0097     -2263.8133 3h4m7s/Msamples
       10898000   -319565.8587         2.8      -317293.9291     -2271.9295 3h4m1s/Msamples
       10899000   -319560.6767         2.8      -317296.8636     -2263.8130 3h3m59s/Msamples
       10900000   -319547.0863         2.7      -317282.3004     -2264.7858 3h4m0s/Msamples
       10901000   -319546.0459         2.7      -317275.9952     -2270.0506 3h3m58s/Msamples
       10902000   -319545.6564         2.7      -317276.5947     -2269.0617 3h3m57s/Msamples
       10903000   -319543.0065         2.7      -317273.2251     -2269.7813 3h3m55s/Msamples
       10904000   -319549.5252         2.7      -317280.9452     -2268.5799 3h3m58s/Msamples
       10905000   -319548.7867         2.7      -317278.8248     -2269.9618 3h3m59s/Msamples
       10906000   -319548.8866         2.7      -317273.2499     -2275.6366 3h4m3s/Msamples
       10907000   -319548.9927         2.7      -317274.2434     -2274.7493 3h4m1s/Msamples
       10908000   -319550.0767         2.7      -317272.7481     -2277.3285 3h4m1s/Msamples
       10909000   -319560.9650         2.7      -317285.5046     -2275.4604 3h3m58s/Msamples
       10910000   -319563.2442         2.7      -317284.7369     -2278.5073 3h3m57s/Msamples
       10911000   -319569.2367         2.7      -317296.1072     -2273.1295 3h3m55s/Msamples
       10912000   -319556.0006         2.7      -317282.3459     -2273.6547 3h3m50s/Msamples
       10913000   -319552.2503         2.7      -317276.9976     -2275.2526 3h3m52s/Msamples
       10914000   -319573.8839         2.7      -317295.2986     -2278.5852 3h3m52s/Msamples
       10915000   -319570.1522         2.7      -317295.0463     -2275.1059 3h3m54s/Msamples
       10916000   -319560.5075         2.7      -317280.7273     -2279.7802 3h3m56s/Msamples
       10917000   -319548.5537         2.7      -317273.0049     -2275.5488 3h4m2s/Msamples
       10918000   -319560.7334         2.7      -317278.6265     -2282.1068 3h4m3s/Msamples
       10919000   -319553.2069         2.7      -317274.2525     -2278.9543 3h4m0s/Msamples
       10920000   -319545.4334         2.7      -317268.0855     -2277.3479 3h4m2s/Msamples
       10921000   -319558.7032         2.7      -317280.3408     -2278.3624 3h4m1s/Msamples
       10922000   -319550.0356         2.7      -317278.9357     -2271.0999 3h4m2s/Msamples
       10923000   -319547.7988         2.7      -317276.0418     -2271.7569 3h4m4s/Msamples
       10924000   -319560.7257         2.7      -317286.6909     -2274.0348 3h4m10s/Msamples
       10925000   -319562.0238         2.7      -317288.7220     -2273.3017 3h4m8s/Msamples
       10926000   -319552.3121         2.7      -317280.9706     -2271.3414 3h4m11s/Msamples
       10927000   -319561.0487         2.7      -317285.5495     -2275.4992 3h4m13s/Msamples
       10928000   -319562.8679         2.7      -317283.6851     -2279.1827 3h4m14s/Msamples
       10929000   -319557.5953         2.7      -317276.2930     -2281.3022 3h4m14s/Msamples
       10930000   -319548.1274         2.7      -317273.3779     -2274.7495 3h4m13s/Msamples
       10931000   -319544.5637         2.7      -317265.1124     -2279.4513 3h4m12s/Msamples
       10932000   -319547.4508         2.7      -317273.3756     -2274.0752 3h4m10s/Msamples
       10933000   -319536.2150         2.7      -317261.3451     -2274.8699 3h4m11s/Msamples
       10934000   -319540.4438         2.7      -317261.1066     -2279.3372 3h4m10s/Msamples
       10935000   -319554.5788         2.8      -317273.5449     -2281.0338 3h4m12s/Msamples
       10936000   -319554.6784         2.8      -317277.0654     -2277.6129 3h4m12s/Msamples
       10937000   -319512.5106         2.8      -317232.6536     -2279.8570 3h4m17s/Msamples
       10938000   -319470.2075         2.8      -317193.1544     -2277.0531 3h4m14s/Msamples
       10939000   -319428.4239         2.8      -317153.4535     -2274.9704 3h4m15s/Msamples
       10940000   -319176.4110         2.8      -316902.1698     -2274.2411 3h4m15s/Msamples
       10941000   -319191.5300         2.8      -316918.7667     -2272.7632 3h4m16s/Msamples
       10942000   -319185.0731         2.8      -316912.8141     -2272.2589 3h4m19s/Msamples
       10943000   -319187.5280         2.8      -316911.8159     -2275.7121 3h4m19s/Msamples
       10944000   -319193.1502         2.8      -316920.7258     -2272.4243 3h4m17s/Msamples
       10945000   -319190.5199         2.8      -316912.5157     -2278.0042 3h4m16s/Msamples
       10946000   -319176.7452         2.8      -316898.2925     -2278.4526 3h4m16s/Msamples
       10947000   -319175.4247         2.8      -316899.5973     -2275.8273 3h4m14s/Msamples
       10948000   -319183.6206         2.8      -316904.4319     -2279.1886 3h4m10s/Msamples
       10949000   -319152.0735         2.8      -316875.3287     -2276.7447 3h4m13s/Msamples
       10950000   -319125.8354         2.9      -316849.6988     -2276.1365 3h4m17s/Msamples
       10951000   -319106.4816         2.9      -316830.8555     -2275.6260 3h4m18s/Msamples
       10952000   -319102.6495         2.9      -316827.8169     -2274.8325 3h4m17s/Msamples
       10953000   -319086.1127         2.9      -316808.0211     -2278.0915 3h4m18s/Msamples
       10954000   -319092.3653         2.9      -316815.2875     -2277.0777 3h4m11s/Msamples
       10955000   -319087.9454         2.9      -316814.7304     -2273.2150 3h4m10s/Msamples
       10956000   -319067.2197         2.9      -316793.6931     -2273.5266 3h4m8s/Msamples
       10957000   -319060.4465         2.9      -316787.9692     -2272.4772 3h4m5s/Msamples
       10958000   -319075.1905         2.9      -316800.3224     -2274.8681 3h4m6s/Msamples
       10959000   -319067.0788         2.9      -316795.9118     -2271.1669 3h4m3s/Msamples
       10960000   -319056.4460         2.9      -316789.4935     -2266.9524 3h4m6s/Msamples
       10961000   -319061.7434         3.0      -316788.0031     -2273.7402 3h4m11s/Msamples
       10962000   -319069.2611         3.0      -316796.5607     -2272.7004 3h4m13s/Msamples
       10963000   -319082.5343         3.0      -316810.5428     -2271.9914 3h4m12s/Msamples
       10964000   -319085.5356         3.0      -316812.1684     -2273.3672 3h4m12s/Msamples
       10965000   -319064.9824         3.0      -316790.4347     -2274.5477 3h4m15s/Msamples
       10966000   -319057.4137         3.0      -316785.3605     -2272.0532 3h4m16s/Msamples
       10967000   -319064.3227         3.0      -316794.8633     -2269.4594 3h4m15s/Msamples
       10968000   -319092.0448         3.0      -316814.5485     -2277.4962 3h4m18s/Msamples
       10969000   -319075.5761         3.0      -316797.1157     -2278.4603 3h4m15s/Msamples
       10970000   -319063.1909         3.0      -316787.2915     -2275.8993 3h4m14s/Msamples
       10971000   -319056.3447         3.0      -316778.2094     -2278.1352 3h4m14s/Msamples
       10972000   -319056.5027         3.0      -316778.3936     -2278.1090 3h4m17s/Msamples
       10973000   -319054.1912         3.0      -316774.9559     -2279.2352 3h4m14s/Msamples
       10974000   -319064.6949         3.0      -316782.6757     -2282.0192 3h4m16s/Msamples
       10975000   -319054.5051         3.0      -316778.3584     -2276.1467 3h4m18s/Msamples
       10976000   -319043.5975         3.0      -316772.0674     -2271.5301 3h4m16s/Msamples
       10977000   -319044.2928         3.0      -316767.4183     -2276.8745 3h4m12s/Msamples
       10978000   -319061.3319         3.0      -316787.0135     -2274.3184 3h4m12s/Msamples
       10979000   -319028.6970         3.0      -316750.0062     -2278.6907 3h4m10s/Msamples
       10980000   -319011.1037         3.0      -316734.2629     -2276.8407 3h4m6s/Msamples
       10981000   -318796.8086         3.0      -316523.4965     -2273.3120 3h4m5s/Msamples
       10982000   -318796.4571         3.1      -316524.8454     -2271.6116 3h4m8s/Msamples
       10983000   -318693.3336         3.1      -316419.5515     -2273.7820 3h4m9s/Msamples
       10984000   -318689.7147         3.1      -316419.1953     -2270.5194 3h4m8s/Msamples
       10985000   -318630.1060         3.1      -316359.7967     -2270.3093 3h4m12s/Msamples
       10986000   -318628.9687         3.1      -316359.4373     -2269.5314 3h4m12s/Msamples
       10987000   -318624.7525         3.1      -316355.3478     -2269.4047 3h4m9s/Msamples
       10988000   -318618.9982         3.2      -316342.0543     -2276.9439 3h4m10s/Msamples
       10989000   -318587.6642         3.2      -316312.2142     -2275.4500 3h4m10s/Msamples
       10990000   -318485.6256         3.2      -316214.9285     -2270.6970 3h4m7s/Msamples
       10991000   -318459.2688         3.2      -316192.0976     -2267.1712 3h4m7s/Msamples
       10992000   -318467.3467         3.2      -316193.8545     -2273.4921 3h4m9s/Msamples
       10993000   -318357.8067         3.3      -316083.2331     -2274.5736 3h4m9s/Msamples
       10994000   -318360.2580         3.3      -316088.5283     -2271.7297 3h4m10s/Msamples
       10995000   -318346.1505         3.3      -316077.3274     -2268.8231 3h4m13s/Msamples
       10996000   -318368.6315         3.3      -316092.8117     -2275.8197 3h4m12s/Msamples
       10997000   -318356.1313         3.4      -316082.1609     -2273.9704 3h4m14s/Msamples
       10998000   -318348.7581         3.4      -316080.7510     -2268.0070 3h4m12s/Msamples
       10999000   -318338.6647         3.4      -316068.6784     -2269.9862 3h4m13s/Msamples
       11000000   -318341.0247         3.4      -316072.6142     -2268.4104 3h4m13s/Msamples
       11001000   -318341.2533         3.4      -316074.9625     -2266.2908 3h4m10s/Msamples
       11002000   -318342.4055         3.4      -316076.2636     -2266.1419 3h4m5s/Msamples
       11003000   -318355.9488         3.5      -316087.8996     -2268.0491 3h4m4s/Msamples
       11004000   -318360.0028         3.5      -316090.5484     -2269.4543 3h4m2s/Msamples
       11005000   -318352.4886         3.5      -316081.7001     -2270.7885 3h4m7s/Msamples
       11006000   -318352.1187         3.5      -316084.3332     -2267.7854 3h4m5s/Msamples
       11007000   -318343.3778         3.5      -316074.8616     -2268.5162 3h4m4s/Msamples
       11008000   -318346.5139         3.5      -316080.7498     -2265.7640 3h4m0s/Msamples
       11009000   -318315.3392         3.5      -316046.0437     -2269.2955 3h4m7s/Msamples
       11010000   -318312.7829         3.5      -316047.7935     -2264.9893 3h4m4s/Msamples
       11011000   -317949.4882         3.5      -315683.7078     -2265.7804 3h4m3s/Msamples
       11012000   -317887.5215         3.6      -315620.1994     -2267.3220 3h4m5s/Msamples
       11013000   -317810.1606         3.6      -315537.1953     -2272.9652 3h4m5s/Msamples
       11014000   -317764.1272         3.6      -315496.2352     -2267.8920 3h4m5s/Msamples
       11015000   -317770.4404         3.7      -315503.5214     -2266.9189 3h4m3s/Msamples
       11016000   -317764.1899         3.7      -315493.5118     -2270.6780 3h4m2s/Msamples
       11017000   -317756.7617         3.7      -315489.2355     -2267.5262 3h4m0s/Msamples
       11018000   -317761.9625         3.7      -315494.4094     -2267.5531 3h4m2s/Msamples
       11019000   -317756.9239         3.7      -315482.4836     -2274.4402 3h4m2s/Msamples
       11020000   -317746.6067         3.7      -315474.5910     -2272.0156 3h4m3s/Msamples
       11021000   -317754.5791         3.8      -315476.7622     -2277.8169 3h4m2s/Msamples
       11022000   -317737.9010         3.8      -315464.6246     -2273.2764 3h4m3s/Msamples
       11023000   -317747.5636         3.8      -315472.1651     -2275.3984 3h4m8s/Msamples
       11024000   -317730.2678         3.8      -315457.7301     -2272.5377 3h4m9s/Msamples
       11025000   -317742.6993         3.8      -315464.3675     -2278.3318 3h4m6s/Msamples
       11026000   -317730.0632         3.8      -315456.2626     -2273.8006 3h4m3s/Msamples
       11027000   -317731.8658         3.8      -315453.1654     -2278.7003 3h4m3s/Msamples
       11028000   -317726.6875         3.8      -315451.6449     -2275.0425 3h4m3s/Msamples
       11029000   -317735.9792         3.8      -315457.6927     -2278.2865 3h4m5s/Msamples
       11030000   -317730.3912         3.8      -315458.2831     -2272.1080 3h4m3s/Msamples
       11031000   -317746.5839         3.8      -315471.4514     -2275.1325 3h4m4s/Msamples
       11032000   -317738.5547         3.8      -315463.2690     -2275.2856 3h4m6s/Msamples
       11033000   -317740.0122         3.8      -315463.0488     -2276.9634 3h4m2s/Msamples
       11034000   -317720.7892         3.8      -315443.3313     -2277.4578 3h4m1s/Msamples
       11035000   -317690.8334         3.8      -315419.7874     -2271.0459 3h4m1s/Msamples
       11036000   -317684.2894         3.8      -315416.4179     -2267.8715 3h4m6s/Msamples
       11037000   -317690.1857         3.8      -315420.1315     -2270.0541 3h4m5s/Msamples
       11038000   -317699.0742         3.8      -315426.9461     -2272.1281 3h4m5s/Msamples
       11039000   -317706.1057         3.8      -315436.0210     -2270.0847 3h4m3s/Msamples
       11040000   -317715.8528         3.8      -315444.9701     -2270.8826 3h4m2s/Msamples
       11041000   -317716.9357         3.8      -315450.1341     -2266.8015 3h4m2s/Msamples
       11042000   -317703.0587         3.8      -315440.1042     -2262.9545 3h4m0s/Msamples
       11043000   -317697.8443         3.8      -315431.8936     -2265.9507 3h4m3s/Msamples
       11044000   -317684.9369         3.8      -315423.8897     -2261.0471 3h4m4s/Msamples
       11045000   -317674.5068         3.8      -315414.9690     -2259.5377 3h4m4s/Msamples
       11046000   -317689.1225         3.8      -315423.3910     -2265.7314 3h4m3s/Msamples
       11047000   -317692.0233         3.8      -315424.3797     -2267.6435 3h4m4s/Msamples
       11048000   -317690.0029         3.7      -315419.7516     -2270.2513 3h4m9s/Msamples
       11049000   -317680.8240         3.7      -315412.3146     -2268.5094 3h4m10s/Msamples
       11050000   -317683.9456         3.7      -315417.6027     -2266.3429 3h4m10s/Msamples
       11051000   -317692.5666         3.7      -315424.7663     -2267.8003 3h4m11s/Msamples
       11052000   -317693.2070         3.7      -315426.4267     -2266.7802 3h4m9s/Msamples
       11053000   -317689.5077         3.7      -315418.7160     -2270.7917 3h4m9s/Msamples
       11054000   -317686.2852         3.7      -315421.2343     -2265.0509 3h4m7s/Msamples
       11055000   -317695.1984         3.7      -315429.0806     -2266.1178 3h4m3s/Msamples
       11056000   -317703.3810         3.7      -315434.5795     -2268.8014 3h4m2s/Msamples
       11057000   -317711.7138         3.6      -315446.3475     -2265.3663 3h4m5s/Msamples
       11058000   -317718.2992         3.6      -315454.0880     -2264.2112 3h4m3s/Msamples
       11059000   -317695.8413         3.6      -315429.2580     -2266.5832 3h4m1s/Msamples
       11060000   -317685.3456         3.6      -315419.5805     -2265.7651 3h4m3s/Msamples
       11061000   -317688.5780         3.6      -315416.5456     -2272.0323 3h4m2s/Msamples
       11062000   -317689.2581         3.6      -315421.5837     -2267.6744 3h4m2s/Msamples
       11063000   -317684.9282         3.6      -315417.7653     -2267.1629 3h4m3s/Msamples
       11064000   -317683.9322         3.6      -315417.9333     -2265.9989 3h4m6s/Msamples
       11065000   -317688.6742         3.5      -315422.0881     -2266.5860 3h4m5s/Msamples
       11066000   -317674.5294         3.5      -315408.9676     -2265.5618 3h4m9s/Msamples
       11067000   -317676.1595         3.5      -315407.6323     -2268.5271 3h4m7s/Msamples
       11068000   -317684.1214         3.5      -315419.6672     -2264.4541 3h4m9s/Msamples
       11069000   -317662.8293         3.5      -315400.1800     -2262.6492 3h4m10s/Msamples
       11070000   -317670.5256         3.5      -315405.7321     -2264.7934 3h4m11s/Msamples
       11071000   -317657.1152         3.5      -315393.6267     -2263.4885 3h4m11s/Msamples
       11072000   -317655.6424         3.5      -315396.3080     -2259.3344 3h4m10s/Msamples
       11073000   -317574.1082         3.4      -315313.9013     -2260.2069 3h4m15s/Msamples
       11074000   -317570.0272         3.4      -315311.6121     -2258.4150 3h4m15s/Msamples
       11075000   -317479.5630         3.4      -315217.5028     -2262.0602 3h4m14s/Msamples
       11076000   -317478.3756         3.4      -315216.1641     -2262.2115 3h4m12s/Msamples
       11077000   -317494.3608         3.4      -315224.6416     -2269.7191 3h4m12s/Msamples
       11078000   -317491.6187         3.4      -315228.0768     -2263.5419 3h4m10s/Msamples
       11079000   -317483.4582         3.4      -315220.2805     -2263.1776 3h4m7s/Msamples
       11080000   -317458.8022         3.4      -315192.9953     -2265.8069 3h4m10s/Msamples
       11081000   -317457.4409         3.3      -315187.7824     -2269.6585 3h4m7s/Msamples
       11082000   -317456.8446         3.3      -315192.1795     -2264.6651 3h4m4s/Msamples
       11083000   -317459.5596         3.3      -315188.3209     -2271.2387 3h4m4s/Msamples
       11084000   -317433.6387         3.3      -315166.8404     -2266.7982 3h4m3s/Msamples
       11085000   -317311.0220         3.3      -315044.2571     -2266.7649 3h4m4s/Msamples
       11086000   -317328.7207         3.3      -315056.0258     -2272.6949 3h4m3s/Msamples
       11087000   -317312.5065         3.3      -315044.4468     -2268.0597 3h4m2s/Msamples
       11088000   -317316.7373         3.3      -315047.7127     -2269.0245 3h4m1s/Msamples
       11089000   -317302.1876         3.3      -315035.1310     -2267.0566 3h4m1s/Msamples
       11090000   -317282.8107         3.3      -315009.0054     -2273.8052 3h4m2s/Msamples
       11091000   -317281.1383         3.2      -315009.6427     -2271.4955 3h4m2s/Msamples
       11092000   -317282.8809         3.2      -315014.5102     -2268.3707 3h4m2s/Msamples
       11093000   -317265.6193         3.2      -314998.0587     -2267.5606 3h4m1s/Msamples
       11094000   -317258.2983         3.2      -314992.5425     -2265.7558 3h3m58s/Msamples
       11095000   -317253.1885         3.2      -314982.9166     -2270.2718 3h3m58s/Msamples
       11096000   -317245.6626         3.2      -314976.7178     -2268.9448 3h4m1s/Msamples
       11097000   -317243.9721         3.2      -314976.0085     -2267.9635 3h4m4s/Msamples
       11098000   -317042.5099         3.2      -314769.9513     -2272.5585 3h4m5s/Msamples
       11099000   -316990.9030         3.2      -314722.5424     -2268.3606 3h4m6s/Msamples
       11100000   -316970.3430         3.2      -314703.8841     -2266.4589 3h4m11s/Msamples
       11101000   -316968.9308         3.2      -314700.5473     -2268.3835 3h4m9s/Msamples
       11102000   -316965.9590         3.1      -314700.9941     -2264.9649 3h4m9s/Msamples
       11103000   -316961.5892         3.1      -314692.9264     -2268.6628 3h4m9s/Msamples
       11104000   -316937.7771         3.1      -314670.7613     -2267.0158 3h4m10s/Msamples
       11105000   -316926.5230         3.1      -314654.9473     -2271.5757 3h4m12s/Msamples
       11106000   -316849.7205         3.1      -314578.5022     -2271.2183 3h4m14s/Msamples
       11107000   -316834.6361         3.1      -314559.9344     -2274.7016 3h4m14s/Msamples
       11108000   -316824.4875         3.1      -314551.9527     -2272.5347 3h4m13s/Msamples
       11109000   -316831.7352         3.1      -314558.4731     -2273.2621 3h4m12s/Msamples
       11110000   -316827.2367         3.1      -314557.2204     -2270.0163 3h4m11s/Msamples
       11111000   -316803.1806         3.1      -314528.8010     -2274.3795 3h4m12s/Msamples
       11112000   -316791.2609         3.1      -314517.4238     -2273.8371 3h4m11s/Msamples
       11113000   -316791.9088         3.1      -314516.8549     -2275.0539 3h4m9s/Msamples
       11114000   -316789.0774         3.1      -314512.4345     -2276.6429 3h4m8s/Msamples
       11115000   -316774.9906         3.1      -314499.5699     -2275.4207 3h4m11s/Msamples
       11116000   -316776.8696         3.1      -314502.6238     -2274.2457 3h4m13s/Msamples
       11117000   -316773.6321         3.1      -314500.9316     -2272.7005 3h4m12s/Msamples
       11118000   -316773.3121         3.0      -314500.5831     -2272.7289 3h4m10s/Msamples
       11119000   -316780.9603         3.0      -314505.1606     -2275.7997 3h4m9s/Msamples
       11120000   -316787.8052         3.0      -314517.1274     -2270.6777 3h4m7s/Msamples
       11121000   -316784.9814         3.0      -314510.8023     -2274.1791 3h4m11s/Msamples
       11122000   -316781.5903         3.0      -314506.0710     -2275.5192 3h4m9s/Msamples
       11123000   -316789.0002         3.0      -314514.0785     -2274.9216 3h4m11s/Msamples
       11124000   -316276.2216         3.0      -313994.7352     -2281.4864 3h4m14s/Msamples
       11125000   -316259.9911         3.0      -313982.3842     -2277.6069 3h4m13s/Msamples
       11126000   -316118.5878         3.0      -313842.1363     -2276.4514 3h4m11s/Msamples
       11127000   -316128.4488         3.0      -313846.1359     -2282.3129 3h4m12s/Msamples
       11128000   -316130.1586         3.0      -313854.1062     -2276.0524 3h4m15s/Msamples
       11129000   -316151.2601         3.0      -313877.6030     -2273.6571 3h4m12s/Msamples
       11130000   -316136.1520         3.0      -313856.8251     -2279.3269 3h4m11s/Msamples
       11131000   -316118.9158         3.0      -313835.6562     -2283.2595 3h4m11s/Msamples
       11132000   -316064.7234         3.0      -313784.5482     -2280.1751 3h4m11s/Msamples
       11133000   -316062.0767         3.0      -313784.8942     -2277.1824 3h4m10s/Msamples
       11134000   -316051.7082         3.0      -313773.9229     -2277.7852 3h4m11s/Msamples
       11135000   -316042.8891         3.0      -313764.3387     -2278.5503 3h4m10s/Msamples
       11136000   -316036.9692         3.0      -313760.1895     -2276.7796 3h4m8s/Msamples
       11137000   -316036.9947         3.0      -313763.2435     -2273.7512 3h4m9s/Msamples
       11138000   -316032.0172         3.0      -313754.2594     -2277.7577 3h4m8s/Msamples
       11139000   -316024.3389         3.0      -313752.4503     -2271.8885 3h4m8s/Msamples
       11140000   -316022.9454         3.0      -313749.3920     -2273.5533 3h4m9s/Msamples
       11141000   -316022.9954         3.0      -313751.8662     -2271.1291 3h4m5s/Msamples
       11142000   -316026.4467         3.0      -313750.3548     -2276.0918 3h4m6s/Msamples
       11143000   -316017.1579         3.0      -313742.5722     -2274.5857 3h4m9s/Msamples
       11144000   -316024.1140         3.0      -313751.0759     -2273.0381 3h4m7s/Msamples
       11145000   -316028.1687         3.0      -313755.9960     -2272.1727 3h4m7s/Msamples
       11146000   -316017.2076         3.0      -313744.2390     -2272.9686 3h4m5s/Msamples
       11147000   -316002.5872         2.9      -313728.2310     -2274.3561 3h4m2s/Msamples
       11148000   -315997.5349         2.9      -313720.8788     -2276.6561 3h4m1s/Msamples
       11149000   -315988.9972         2.9      -313708.4023     -2280.5948 3h4m1s/Msamples
       11150000   -315989.0338         2.9      -313712.4231     -2276.6107 3h3m58s/Msamples
       11151000   -315997.9283         2.9      -313724.1080     -2273.8202 3h3m58s/Msamples
       11152000   -316006.9123         2.9      -313732.8696     -2274.0426 3h3m58s/Msamples
       11153000   -316003.4923         2.9      -313727.6499     -2275.8423 3h4m0s/Msamples
       11154000   -315997.3836         2.9      -313721.6414     -2275.7421 3h4m1s/Msamples
       11155000   -316016.7610         2.9      -313738.1941     -2278.5668 3h4m2s/Msamples
       11156000   -316019.3096         2.9      -313744.4626     -2274.8469 3h4m3s/Msamples
       11157000   -316009.2969         2.9      -313727.0819     -2282.2149 3h4m4s/Msamples
       11158000   -316012.2605         2.9      -313733.9141     -2278.3463 3h4m6s/Msamples
