
The following have been reloaded with a version change:
  1) Java/1.7.0_51 => Java/1.8.0_5

File: 300914_Village_scI_sample1_epi3.xml seed: 1413146427231 threads: 1
FATAL: Error inserting nvidia (/lib/modules/2.6.32-279.14.1.el6.x86_64/kernel/drivers/video/nvidia.ko): No such device
  Using ambiguities in tree likelihood.
  With 1119 unique site patterns.
  Using rescaling scheme : dynamic
  Using ambiguities in tree likelihood.
  With 1072 unique site patterns.
  Using rescaling scheme : dynamic
  Using ambiguities in tree likelihood.
  With 2122 unique site patterns.
  Using rescaling scheme : dynamic
Operator                                                                            Tuning    #accept    #reject      Pr(m)  Pr(acc|m)
ScaleOperator(treeScaler.t:tree)                                                    0.8125       1481     238784     0.0227     0.0062 Try setting scaleFactor to about 0.901
ScaleOperator(treeRootScaler.t:tree)                                                0.7980      41165     200102     0.0227     0.1706 
Uniform(UniformOperator.t:tree)                                                          -     350645    2055700     0.2271     0.1457 
SubtreeSlide(SubtreeSlide.t:tree)                                                   0.3941     124720    1076583     0.1136     0.1038 
Exchange(narrow.t:tree)                                                                  -      54633    1146760     0.1136     0.0455 
Exchange(wide.t:tree)                                                                    -         58     241067     0.0227     0.0002 
WilsonBalding(WilsonBalding.t:tree)                                                      -        268     239564     0.0227     0.0011 
ScaleOperator(gammaShapeScaler.s:300914_Village_scI_sample1_epi3_1)                 0.8222        717       7441     0.0008     0.0879 Try setting scaleFactor to about 0.907
DeltaExchangeOperator(FrequenciesExchanger.s:300914_Village_scI_sample1_epi3_1)     0.0177       1898       6199     0.0008     0.2344 
ScaleOperator(RateACScaler.s:300914_Village_scI_sample1_epi3_1)                     0.6982       1113       6869     0.0008     0.1394 
ScaleOperator(RateAGScaler.s:300914_Village_scI_sample1_epi3_1)                     0.7077        648       7399     0.0008     0.0805 Try setting scaleFactor to about 0.841
ScaleOperator(RateATScaler.s:300914_Village_scI_sample1_epi3_1)                     0.6624        895       7215     0.0008     0.1104 
ScaleOperator(RateCGScaler.s:300914_Village_scI_sample1_epi3_1)                     0.6764       1285       6772     0.0008     0.1595 
ScaleOperator(RateGTScaler.s:300914_Village_scI_sample1_epi3_1)                     0.5983        808       7245     0.0008     0.1003 
ScaleOperator(gammaShapeScaler.s:300914_Village_scI_sample1_epi3_2)                 0.7484        514       7512     0.0008     0.0640 Try setting scaleFactor to about 0.865
DeltaExchangeOperator(FrequenciesExchanger.s:300914_Village_scI_sample1_epi3_2)     0.0190       1955       6067     0.0008     0.2437 
ScaleOperator(RateACScaler.s:300914_Village_scI_sample1_epi3_2)                     0.6696       1008       7104     0.0008     0.1243 
ScaleOperator(RateAGScaler.s:300914_Village_scI_sample1_epi3_2)                     0.7620       1064       7041     0.0008     0.1313 
ScaleOperator(RateATScaler.s:300914_Village_scI_sample1_epi3_2)                     0.7424       1231       6775     0.0008     0.1538 
ScaleOperator(RateCGScaler.s:300914_Village_scI_sample1_epi3_2)                     0.6976       1454       6710     0.0008     0.1781 
ScaleOperator(RateGTScaler.s:300914_Village_scI_sample1_epi3_2)                     0.6241       1126       6972     0.0008     0.1390 
ScaleOperator(gammaShapeScaler.s:300914_Village_scI_sample1_epi3_3)                 0.8047        843       7229     0.0008     0.1044 
DeltaExchangeOperator(FrequenciesExchanger.s:300914_Village_scI_sample1_epi3_3)     0.0189       1405       6572     0.0008     0.1761 
ScaleOperator(RateACScaler.s:300914_Village_scI_sample1_epi3_3)                     0.7428       1071       6908     0.0008     0.1342 
ScaleOperator(RateAGScaler.s:300914_Village_scI_sample1_epi3_3)                     0.7566        664       7211     0.0008     0.0843 Try setting scaleFactor to about 0.87
ScaleOperator(RateATScaler.s:300914_Village_scI_sample1_epi3_3)                     0.6797        753       7313     0.0008     0.0934 Try setting scaleFactor to about 0.824
ScaleOperator(RateCGScaler.s:300914_Village_scI_sample1_epi3_3)                     0.6607       1175       6806     0.0008     0.1472 
ScaleOperator(RateGTScaler.s:300914_Village_scI_sample1_epi3_3)                     0.6458        842       7142     0.0008     0.1055 
ScaleOperator(ucldMeanScaler.c:clock)                                               0.8494       6878      73758     0.0076     0.0853 Try setting scaleFactor to about 0.922
ScaleOperator(ucldStdevScaler.c:clock)                                              0.9147      12593     228634     0.0227     0.0522 Try setting scaleFactor to about 0.956
IntRandomWalkOperator(CategoriesRandomWalk.c:clock)                                      -     513579     288021     0.0757     0.6407 
SwapOperator(CategoriesSwapOperator.c:clock)                                             -      61745     740256     0.0757     0.0770 
UniformOperator(CategoriesUniform.c:clock)                                               -     105622     696601     0.0757     0.1317 
UpDownOperator(relaxedUpDownOperator.c:clock)                                       0.8235       1668     238490     0.0227     0.0069 Try setting scaleFactor to about 0.907
ScaleOperator(popSizesScaler.t:tree)                                                0.4749     310085     890947     0.1136     0.2582 
DeltaExchangeOperator(groupSizesDelta.t:tree)                                       8.5979      81651     398971     0.0454     0.1699 

     Tuning: The value of the operator's tuning parameter, or '-' if the operator can't be optimized.
    #accept: The total number of times a proposal by this operator has been accepted.
    #reject: The total number of times a proposal by this operator has been rejected.
      Pr(m): The probability this operator is chosen in a step of the MCMC (i.e. the normalized weight).
  Pr(acc|m): The acceptance probability (#accept as a fraction of the total proposals for this operator).

Start likelihood: -320425.02650439186 
