
                   BEAST v2.2.0 Prerelease, 2002-2014
             Bayesian Evolutionary Analysis Sampling Trees
                       Designed and developed by
 Remco Bouckaert, Alexei J. Drummond, Andrew Rambaut & Marc A. Suchard
                                    
                     Department of Computer Science
                         University of Auckland
                        remco@cs.auckland.ac.nz
                        alexei@cs.auckland.ac.nz
                                    
                   Institute of Evolutionary Biology
                        University of Edinburgh
                           a.rambaut@ed.ac.uk
                                    
                    David Geffen School of Medicine
                 University of California, Los Angeles
                           msuchard@ucla.edu
                                    
                      Downloads, Help & Resources:
                           http://beast2.org/
                                    
  Source code distributed under the GNU Lesser General Public License:
                   http://github.com/CompEvol/beast2
                                    
                           BEAST developers:
   Alex Alekseyenko, Trevor Bedford, Erik Bloomquist, Joseph Heled, 
 Sebastian Hoehna, Denise Kuehnert, Philippe Lemey, Wai Lok Sibon Li, 
Gerton Lunter, Sidney Markowitz, Vladimir Minin, Michael Defoin Platel, 
                 Oliver Pybus, Chieh-Hsi Wu, Walter Xie
                                    
                               Thanks to:
          Roald Forsberg, Beth Shapiro and Korbinian Strimmer

Random number seed: 1413146426292

Resuming from file
Uniform => beast.math.distributions.Uniform
Exponential => beast.math.distributions.Exponential
LogNormal => beast.math.distributions.LogNormalDistributionModel
Normal => beast.math.distributions.Normal
Beta => beast.math.distributions.Beta
Gamma => beast.math.distributions.Gamma
LaplaceDistribution => beast.math.distributions.LaplaceDistribution
prior => beast.math.distributions.Prior
InverseGamma => beast.math.distributions.InverseGamma
OneOnX => beast.math.distributions.OneOnX
Alignment(300914_Village_scC_sample1_epi1)
  377 taxa
  6987 sites
  4229 patterns

Filter 1-1479
377 taxa
1479 sites
887 patterns
2866-MALE_SAMPLED_49.1109665678765 = 49.1109665678765 (2.2921338442247006)
4560-MALE_SAMPLED_50.3231475460294 = 50.3231475460294 (1.0799528660717996)
223-FEMALE_SAMPLED_50.4051788616876 = 50.4051788616876 (0.9979215504136008)
893-FEMALE_SAMPLED_50.3649487690951 = 50.3649487690951 (1.0381516430061026)
2775-FEMALE_SAMPLED_49.6093383030917 = 49.6093383030917 (1.7937621090095064)
10323-MALE_SAMPLED_50.8054692337706 = 50.8054692337706 (0.5976311783306016)
5929-FEMALE_SAMPLED_48.8479381366584 = 48.8479381366584 (2.555162275442804)
1543-FEMALE_SAMPLED_48.4226148084222 = 48.4226148084222 (2.980485603679)
10115-MALE_SAMPLED_51.3566682126789 = 51.3566682126789 (0.04643219942230559)
4339-FEMALE_SAMPLED_48.7450351654503 = 48.7450351654503 (2.6580652466509065)
1115-FEMALE_SAMPLED_49.7423423062961 = 49.7423423062961 (1.660758105805101)
8633-MALE_SAMPLED_49.8840023986946 = 49.8840023986946 (1.5190980134066052)
2232-MALE_SAMPLED_50.9983261835246 = 50.9983261835246 (0.4047742285766063)
4313-FEMALE_SAMPLED_49.6130137829992 = 49.6130137829992 (1.7900866291020066)
5388-MALE_SAMPLED_48.4704785537857 = 48.4704785537857 (2.9326218583154997)
9125-FEMALE_SAMPLED_48.4536843427873 = 48.4536843427873 (2.949416069313905)
8607-MALE_SAMPLED_49.4690857452757 = 49.4690857452757 (1.9340146668255045)
1303-FEMALE_SAMPLED_51.3908682698335 = 51.3908682698335 (0.012232142267706081)
6990-MALE_SAMPLED_51.2942275246556 = 51.2942275246556 (0.10887288744560664)
2360-MALE_SAMPLED_50.4187101409721 = 50.4187101409721 (0.9843902711291008)
94-MALE_SAMPLED_50.7063537680029 = 50.7063537680029 (0.6967466440983046)
9491-MALE_SAMPLED_48.4790432089890 = 48.479043208989 (2.9240572031122056)
9608-FEMALE_SAMPLED_48.8983999947037 = 48.8983999947037 (2.504700417397501)
2550-MALE_SAMPLED_50.5170192900064 = 50.5170192900064 (0.8860811220948008)
5881-FEMALE_SAMPLED_51.1139466867267 = 51.1139466867267 (0.28915372537450423)
1304-MALE_SAMPLED_51.0861583803731 = 51.0861583803731 (0.31694203172810376)
8626-FEMALE_SAMPLED_49.3596303644541 = 49.3596303644541 (2.043470047647105)
1610-MALE_SAMPLED_48.8604011193334 = 48.8604011193334 (2.5426992927678)
7018-MALE_SAMPLED_50.7720117762170 = 50.772011776217 (0.631088635884204)
3921-FEMALE_SAMPLED_51.0950391485772 = 51.0950391485772 (0.308061263524003)
1508-MALE_SAMPLED_50.0108946338247 = 50.0108946338247 (1.3922057782765052)
1120-MALE_SAMPLED_48.6687482125076 = 48.6687482125076 (2.7343521995936015)
1180-MALE_SAMPLED_48.7891226294401 = 48.7891226294401 (2.6139777826611024)
2842-MALE_SAMPLED_50.9049676498349 = 50.9049676498349 (0.49813276226630165)
7277-FEMALE_SAMPLED_48.5112307055338 = 48.5112307055338 (2.8918697065674053)
3191-FEMALE_SAMPLED_49.1649545277420 = 49.164954527742 (2.2381458843592057)
1270-MALE_SAMPLED_50.4257523463990 = 50.425752346399 (0.977348065702202)
689-FEMALE_SAMPLED_48.8306868241585 = 48.8306868241585 (2.5724135879427052)
9176-FEMALE_SAMPLED_48.7818809039841 = 48.7818809039841 (2.6212195081171004)
4931-FEMALE_SAMPLED_50.3109168230972 = 50.3109168230972 (1.0921835890040015)
1632-MALE_SAMPLED_49.2232794233083 = 49.2232794233083 (2.1798209887929048)
4357-FEMALE_SAMPLED_50.9749367753926 = 50.9749367753926 (0.4281636367086037)
2084-MALE_SAMPLED_50.4054434637024 = 50.4054434637024 (0.9976569483988058)
9495-FEMALE_SAMPLED_50.9460548039011 = 50.9460548039011 (0.4570456082001044)
3883-FEMALE_SAMPLED_49.5100881960194 = 49.5100881960194 (1.8930122160818001)
4538-MALE_SAMPLED_49.0415531862478 = 49.0415531862478 (2.3615472258534)
367-FEMALE_SAMPLED_50.7612740825812 = 50.7612740825812 (0.6418263295200006)
10127-FEMALE_SAMPLED_50.2995800895101 = 50.2995800895101 (1.1035203225911019)
1959-FEMALE_SAMPLED_51.1171360183458 = 51.1171360183458 (0.2859643937553997)
5570-MALE_SAMPLED_48.4080895415924 = 48.4080895415924 (2.9950108705088)
2369-FEMALE_SAMPLED_51.3210776389993 = 51.3210776389993 (0.08202277310190453)
9640-MALE_SAMPLED_49.0780766105696 = 49.0780766105696 (2.3250238015316)
1550-MALE_SAMPLED_48.4354679400518 = 48.4354679400518 (2.9676324720494023)
2694-MALE_SAMPLED_48.9712799952782 = 48.9712799952782 (2.431820416823001)
2377-FEMALE_SAMPLED_50.8131384865797 = 50.8131384865797 (0.5899619255215001)
3158-MALE_SAMPLED_50.7396435951765 = 50.7396435951765 (0.6634568169247004)
4960-MALE_SAMPLED_49.9935467736746 = 49.9935467736746 (1.4095536384266012)
2276-MALE_SAMPLED_49.0096819165579 = 49.0096819165579 (2.393418495543301)
9438-MALE_SAMPLED_49.4701829217325 = 49.4701829217325 (1.9329174903687019)
9034-MALE_SAMPLED_49.5046801613594 = 49.5046801613594 (1.8984202507418004)
687-FEMALE_SAMPLED_51.1202393830705 = 51.1202393830705 (0.2828610290307054)
294-MALE_SAMPLED_48.4260475246652 = 48.4260475246652 (2.9770528874360025)
6765-FEMALE_SAMPLED_48.4255246370981 = 48.4255246370981 (2.9775757750031033)
8899-FEMALE_SAMPLED_48.7796731588847 = 48.7796731588847 (2.623427253216505)
843-FEMALE_SAMPLED_48.5081449672530 = 48.508144967253 (2.8949554448482004)
8795-FEMALE_SAMPLED_49.1988312669515 = 49.1988312669515 (2.204269145149702)
6884-MALE_SAMPLED_50.5335465492631 = 50.5335465492631 (0.869553862838103)
1643-FEMALE_SAMPLED_49.5621842709321 = 49.5621842709321 (1.840916141169103)
361-FEMALE_SAMPLED_49.9764172746751 = 49.9764172746751 (1.426683137426103)
6590-MALE_SAMPLED_50.7756957763291 = 50.7756957763291 (0.6274046357721019)
1492-MALE_SAMPLED_50.4735703524153 = 50.4735703524153 (0.9295300596859022)
8712-MALE_SAMPLED_51.0209129629607 = 51.0209129629607 (0.3821874491405026)
1810-MALE_SAMPLED_49.8630729841485 = 49.8630729841485 (1.540027427952701)
6224-MALE_SAMPLED_48.4133488589383 = 48.4133488589383 (2.989751553162904)
10287-MALE_SAMPLED_49.2789060494347 = 49.2789060494347 (2.1241943626665005)
8036-FEMALE_SAMPLED_51.3954219503745 = 51.3954219503745 (0.007678461726705166)
3461-FEMALE_SAMPLED_48.4640447816297 = 48.4640447816297 (2.9390556304715005)
6088-MALE_SAMPLED_49.6260615438174 = 49.6260615438174 (1.7770388682838032)
10065-MALE_SAMPLED_51.0923976043656 = 51.0923976043656 (0.310702807735602)
2484-MALE_SAMPLED_48.4189673883325 = 48.4189673883325 (2.984133023768706)
9563-MALE_SAMPLED_51.3433410243548 = 51.3433410243548 (0.05975938774640355)
6216-MALE_SAMPLED_50.1245950434773 = 50.1245950434773 (1.2785053686239038)
1697-FEMALE_SAMPLED_49.8387248937457 = 49.8387248937457 (1.5643755183555044)
6146-MALE_SAMPLED_50.2862596227738 = 50.2862596227738 (1.116840789327405)
9113-MALE_SAMPLED_50.8376769495613 = 50.8376769495613 (0.5654234625399042)
8885-MALE_SAMPLED_49.5448702792588 = 49.5448702792588 (1.858230132842401)
10235-FEMALE_SAMPLED_51.3654248497865 = 51.3654248497865 (0.03767556231470337)
7235-FEMALE_SAMPLED_51.3711074113331 = 51.3711074113331 (0.03199300076810374)
1133-FEMALE_SAMPLED_49.4048648974809 = 49.4048648974809 (1.9982355146203048)
2201-FEMALE_SAMPLED_49.9717838584862 = 49.9717838584862 (1.4313165536150052)
9305-MALE_SAMPLED_51.0392600828732 = 51.0392600828732 (0.3638403292280046)
10109-MALE_SAMPLED_49.4743549413930 = 49.474354941393 (1.9287454707082006)
69-FEMALE_SAMPLED_51.2028062227133 = 51.2028062227133 (0.200294189387904)
9654-MALE_SAMPLED_49.7938365214455 = 49.7938365214455 (1.6092638906557042)
1733-FEMALE_SAMPLED_48.4185384144026 = 48.4185384144026 (2.9845619976986058)
3131-FEMALE_SAMPLED_51.3486164202864 = 51.3486164202864 (0.05448399181480568)
6282-MALE_SAMPLED_49.2982543702188 = 49.2982543702188 (2.1048460418824035)
5837-FEMALE_SAMPLED_49.7654207751571 = 49.7654207751571 (1.6376796369441067)
5668-MALE_SAMPLED_50.6206865985828 = 50.6206865985828 (0.7824138135184029)
2758-MALE_SAMPLED_51.3196482611771 = 51.3196482611771 (0.08345215092410285)
2020-MALE_SAMPLED_48.4261373011346 = 48.4261373011346 (2.976963110966601)
9687-MALE_SAMPLED_49.8282970078240 = 49.828297007824 (1.5748034042772048)
3897-FEMALE_SAMPLED_50.3804405231445 = 50.3804405231445 (1.022659888956703)
6058-MALE_SAMPLED_51.3794090445104 = 51.3794090445104 (0.023691367590799928)
10238-FEMALE_SAMPLED_50.4029130984514 = 50.4029130984514 (1.0001873136498034)
9365-MALE_SAMPLED_50.1852874124839 = 50.1852874124839 (1.2178129996173013)
8242-MALE_SAMPLED_50.1624573734540 = 50.162457373454 (1.2406430386472067)
231-FEMALE_SAMPLED_48.7894488007247 = 48.7894488007247 (2.613651611376504)
9953-FEMALE_SAMPLED_50.6452522545538 = 50.6452522545538 (0.7578481575474001)
7424-MALE_SAMPLED_50.5734573639880 = 50.573457363988 (0.8296430481132049)
8758-FEMALE_SAMPLED_48.4292580869465 = 48.4292580869465 (2.973842325154706)
1225-FEMALE_SAMPLED_51.2333258930544 = 51.2333258930544 (0.16977451904680407)
9806-MALE_SAMPLED_50.5904045398298 = 50.5904045398298 (0.812695872271405)
2856-MALE_SAMPLED_48.4049996179479 = 48.4049996179479 (2.998100794153302)
9862-FEMALE_SAMPLED_50.4597281226839 = 50.4597281226839 (0.9433722894173044)
3365-FEMALE_SAMPLED_50.6750055625985 = 50.6750055625985 (0.7280948495027033)
3244-MALE_SAMPLED_48.7878582521758 = 48.7878582521758 (2.615242159925401)
3395-FEMALE_SAMPLED_50.2731187515843 = 50.2731187515843 (1.1299816605169042)
3844-MALE_SAMPLED_51.3552139615591 = 51.3552139615591 (0.0478864505421015)
1428-MALE_SAMPLED_50.1885110491372 = 50.1885110491372 (1.2145893629640057)
8142-FEMALE_SAMPLED_49.2346361183978 = 49.2346361183978 (2.1684642937034013)
4568-MALE_SAMPLED_48.5098982127334 = 48.5098982127334 (2.8932021993678063)
4353-FEMALE_SAMPLED_50.6581101380239 = 50.6581101380239 (0.7449902740773027)
9117-FEMALE_SAMPLED_50.2030871333505 = 50.2030871333505 (1.2000132787507027)
3998-MALE_SAMPLED_50.3255339269477 = 50.3255339269477 (1.077566485153504)
8040-FEMALE_SAMPLED_49.2745405321426 = 49.2745405321426 (2.128559879958601)
5120-MALE_SAMPLED_48.9725648984264 = 48.9725648984264 (2.430535513674805)
1398-MALE_SAMPLED_51.2430948454372 = 51.2430948454372 (0.16000556666400456)
5928-MALE_SAMPLED_48.9514106826342 = 48.9514106826342 (2.451689729467006)
2840-MALE_SAMPLED_49.5968437632496 = 49.5968437632496 (1.8062566488516012)
8561-MALE_SAMPLED_50.4826844232108 = 50.4826844232108 (0.9204159888904044)
2468-MALE_SAMPLED_48.4235973225391 = 48.4235973225391 (2.979503089562101)
3908-MALE_SAMPLED_51.3121970419257 = 51.3121970419257 (0.09090337017550354)
2092-MALE_SAMPLED_49.1702163505784 = 49.1702163505784 (2.232884061522803)
1790-MALE_SAMPLED_48.9218083368565 = 48.9218083368565 (2.4812920752447027)
692-MALE_SAMPLED_49.2321586464482 = 49.2321586464482 (2.170941765653005)
14-MALE_SAMPLED_51.1948014269534 = 51.1948014269534 (0.2082989851478061)
2433-FEMALE_SAMPLED_49.7158030040978 = 49.7158030040978 (1.6872974080034027)
9684-MALE_SAMPLED_48.6950853117692 = 48.6950853117692 (2.7080151003320054)
6226-MALE_SAMPLED_49.9737090559161 = 49.9737090559161 (1.4293913561851)
7913-FEMALE_SAMPLED_48.9822562567375 = 48.9822562567375 (2.420844155363703)
8584-FEMALE_SAMPLED_50.6627389274023 = 50.6627389274023 (0.7403614846989015)
8320-MALE_SAMPLED_51.3459015637587 = 51.3459015637587 (0.05719884834250166)
578-MALE_SAMPLED_50.0013037633567 = 50.0013037633567 (1.4017966487445008)
5761-FEMALE_SAMPLED_51.2695713336530 = 51.269571333653 (0.1335290784482055)
5662-MALE_SAMPLED_51.0800429480101 = 51.0800429480101 (0.32305746409110014)
3363-FEMALE_SAMPLED_51.0624388370148 = 51.0624388370148 (0.3406615750864006)
9643-MALE_SAMPLED_50.1446406785349 = 50.1446406785349 (1.2584597335663048)
7072-MALE_SAMPLED_50.9280188188373 = 50.9280188188373 (0.4750815932639014)
5415-FEMALE_SAMPLED_49.3117164708625 = 49.3117164708625 (2.0913839412387034)
8387-MALE_SAMPLED_48.7744568204458 = 48.7744568204458 (2.628643591655404)
3339-FEMALE_SAMPLED_49.9522840152445 = 49.9522840152445 (1.4508163968567018)
22-MALE_SAMPLED_51.3600573367390 = 51.360057336739 (0.043043075362206196)
7137-FEMALE_SAMPLED_51.0737453112329 = 51.0737453112329 (0.32935510086830533)
6997-FEMALE_SAMPLED_50.3675437839652 = 50.3675437839652 (1.0355566281359998)
812-MALE_SAMPLED_49.9154787326648 = 49.9154787326648 (1.4876216794364012)
1884-MALE_SAMPLED_50.0906468918498 = 50.0906468918498 (1.3124535202514025)
9193-FEMALE_SAMPLED_49.8934283216900 = 49.89342832169 (1.5096720904112004)
9920-MALE_SAMPLED_50.7973491023245 = 50.7973491023245 (0.6057513097767)
2721-FEMALE_SAMPLED_51.3395318391218 = 51.3395318391218 (0.06356857297940621)
1867-FEMALE_SAMPLED_50.9896613520055 = 50.9896613520055 (0.41343906009570475)
1248-MALE_SAMPLED_50.3564126130610 = 50.356412613061 (1.0466877990401997)
2650-MALE_SAMPLED_50.6410858221303 = 50.6410858221303 (0.762014589970903)
4930-MALE_SAMPLED_51.0950060659039 = 51.0950060659039 (0.3080943461973007)
10082-MALE_SAMPLED_51.1482667105689 = 51.1482667105689 (0.25483370153230567)
9485-FEMALE_SAMPLED_49.7196132077320 = 49.719613207732 (1.6834872043692002)
2007-FEMALE_SAMPLED_50.3105563586528 = 50.3105563586528 (1.0925440534483997)
3208-MALE_SAMPLED_50.7377378367770 = 50.737737836777 (0.6653625753242025)
3292-MALE_SAMPLED_49.1404424873131 = 49.1404424873131 (2.262657924788101)
2219-FEMALE_SAMPLED_49.4222691887940 = 49.422269188794 (1.9808312233072058)
279-FEMALE_SAMPLED_50.6155838859218 = 50.6155838859218 (0.7875165261794024)
2026-MALE_SAMPLED_50.5659457202951 = 50.5659457202951 (0.8371546918061057)
3391-FEMALE_SAMPLED_50.3242203304495 = 50.3242203304495 (1.078880081651704)
9633-FEMALE_SAMPLED_48.7227166453327 = 48.7227166453327 (2.6803837667685)
3876-MALE_SAMPLED_49.5876092431086 = 49.5876092431086 (1.815491168992601)
3174-MALE_SAMPLED_48.9693788161918 = 48.9693788161918 (2.433721595909404)
7630-MALE_SAMPLED_50.9390166266772 = 50.9390166266772 (0.46408378542400186)
8443-FEMALE_SAMPLED_50.2138634640674 = 50.2138634640674 (1.1892369480338019)
9405-MALE_SAMPLED_50.4884432824279 = 50.4884432824279 (0.9146571296733015)
5721-FEMALE_SAMPLED_50.1112957815590 = 50.111295781559 (1.2918046305422024)
9143-FEMALE_SAMPLED_51.3476335094261 = 51.3476335094261 (0.055466902675100016)
4202-MALE_SAMPLED_51.1725999091237 = 51.1725999091237 (0.23050050297750602)
9514-MALE_SAMPLED_48.4574007326688 = 48.4574007326688 (2.9456996794324013)
9421-FEMALE_SAMPLED_48.9874434575855 = 48.9874434575855 (2.415656954515704)
2492-MALE_SAMPLED_50.6910041884935 = 50.6910041884935 (0.712096223607702)
9134-MALE_SAMPLED_51.1610994357566 = 51.1610994357566 (0.24200097634460604)
3438-MALE_SAMPLED_48.8787625052451 = 48.8787625052451 (2.524337906856104)
10000-MALE_SAMPLED_49.6632536309722 = 49.6632536309722 (1.7398467811290033)
10441-FEMALE_SAMPLED_51.0851886842816 = 51.0851886842816 (0.31791172781960597)
3836-MALE_SAMPLED_49.8285720187656 = 49.8285720187656 (1.574528393335605)
3593-FEMALE_SAMPLED_50.1705876742440 = 50.170587674244 (1.2325127378572063)
7609-FEMALE_SAMPLED_51.3624210976946 = 51.3624210976946 (0.040679314406602884)
3390-MALE_SAMPLED_50.6239975823506 = 50.6239975823506 (0.779102829750606)
9873-MALE_SAMPLED_50.7270672367836 = 50.7270672367836 (0.6760331753176061)
3936-MALE_SAMPLED_51.3835153458591 = 51.3835153458591 (0.01958506624210088)
1018-MALE_SAMPLED_49.3676086671135 = 49.3676086671135 (2.035491744987702)
8258-MALE_SAMPLED_51.2196203260633 = 51.2196203260633 (0.18348008603790333)
9022-MALE_SAMPLED_50.8812404014121 = 50.8812404014121 (0.5218600106891031)
6455-FEMALE_SAMPLED_48.9347109349861 = 48.9347109349861 (2.468389477115103)
9503-MALE_SAMPLED_50.8120631771113 = 50.8120631771113 (0.5910372349899049)
10004-MALE_SAMPLED_48.4645870788905 = 48.4645870788905 (2.9385133332107003)
9437-MALE_SAMPLED_48.4302784446578 = 48.4302784446578 (2.9728219674434015)
630-MALE_SAMPLED_51.3460992823771 = 51.3460992823771 (0.05700112972410665)
3442-MALE_SAMPLED_49.9521785080384 = 49.9521785080384 (1.4509219040628025)
8016-FEMALE_SAMPLED_51.1646242279044 = 51.1646242279044 (0.23847618419680572)
9003-MALE_SAMPLED_51.0676065715912 = 51.0676065715912 (0.3354938405100043)
9756-MALE_SAMPLED_48.5683190266087 = 48.5683190266087 (2.834781385492505)
715-FEMALE_SAMPLED_50.4244351631447 = 50.4244351631447 (0.9786652489565029)
1927-FEMALE_SAMPLED_48.5000318626358 = 48.5000318626358 (2.9030685494654023)
2362-MALE_SAMPLED_49.6026063482228 = 49.6026063482228 (1.8004940638784035)
2338-MALE_SAMPLED_49.3824076568658 = 49.3824076568658 (2.0206927552354017)
2042-MALE_SAMPLED_49.6116293964393 = 49.6116293964393 (1.7914710156619051)
5859-FEMALE_SAMPLED_48.6793399855911 = 48.6793399855911 (2.723760426510104)
9505-MALE_SAMPLED_49.2808106120161 = 49.2808106120161 (2.122289800085106)
1611-FEMALE_SAMPLED_49.9984613852526 = 49.9984613852526 (1.4046390268486064)
323-FEMALE_SAMPLED_50.1406686007927 = 50.1406686007927 (1.2624318113085025)
5557-FEMALE_SAMPLED_49.4501286735709 = 49.4501286735709 (1.9529717385303016)
9889-MALE_SAMPLED_50.1428875510997 = 50.1428875510997 (1.2602128610015058)
1979-FEMALE_SAMPLED_48.6039366074788 = 48.6039366074788 (2.7991638046224026)
8665-FEMALE_SAMPLED_50.9346439554307 = 50.9346439554307 (0.46845645667050206)
9898-FEMALE_SAMPLED_50.9632238682776 = 50.9632238682776 (0.4398765438236012)
3712-MALE_SAMPLED_49.4723968477870 = 49.472396847787 (1.9307035643142)
5910-MALE_SAMPLED_51.0063824190243 = 51.0063824190243 (0.3967179930769049)
3017-FEMALE_SAMPLED_50.6772327921304 = 50.6772327921304 (0.7258676199708063)
7504-MALE_SAMPLED_49.9484318469136 = 49.9484318469136 (1.4546685651876032)
1076-MALE_SAMPLED_50.6176578893743 = 50.6176578893743 (0.7854425227269033)
299-FEMALE_SAMPLED_51.1387305124613 = 51.1387305124613 (0.26436989963990243)
6238-MALE_SAMPLED_50.7152030991807 = 50.7152030991807 (0.687897312920505)
9739-MALE_SAMPLED_51.0441368578418 = 51.0441368578418 (0.35896355425940385)
556-MALE_SAMPLED_50.2575531830031 = 50.2575531830031 (1.1455472290981064)
4562-MALE_SAMPLED_49.6380014426491 = 49.6380014426491 (1.7650989694521044)
9707-FEMALE_SAMPLED_49.3315394190091 = 49.3315394190091 (2.071560993092106)
3913-FEMALE_SAMPLED_50.9169617670073 = 50.9169617670073 (0.48613864509390226)
4268-MALE_SAMPLED_50.3175502885084 = 50.3175502885084 (1.0855501235928031)
8048-FEMALE_SAMPLED_48.5649779231704 = 48.5649779231704 (2.8381224889308)
4661-FEMALE_SAMPLED_50.7738821923218 = 50.7738821923218 (0.6292182197794034)
6660-MALE_SAMPLED_51.0616096984546 = 51.0616096984546 (0.3414907136465999)
3745-FEMALE_SAMPLED_50.7180022916242 = 50.7180022916242 (0.6850981204770008)
5090-MALE_SAMPLED_49.8147767779834 = 49.8147767779834 (1.5883236341178062)
3341-FEMALE_SAMPLED_50.0471442220683 = 50.0471442220683 (1.3559561900329058)
9825-MALE_SAMPLED_50.1834946665864 = 50.1834946665864 (1.219605745514805)
9993-MALE_SAMPLED_50.3132182192008 = 50.3132182192008 (1.0898821929004043)
9572-MALE_SAMPLED_51.3429037230040 = 51.342903723004 (0.06019668909720366)
3670-MALE_SAMPLED_50.4073502873021 = 50.4073502873021 (0.9957501247991019)
9818-MALE_SAMPLED_51.2432885309632 = 51.2432885309632 (0.1598118811380047)
3713-FEMALE_SAMPLED_50.0977515543296 = 50.0977515543296 (1.3053488577716053)
2696-MALE_SAMPLED_51.3366626438170 = 51.336662643817 (0.066437768284203)
1258-MALE_SAMPLED_50.4868884575504 = 50.4868884575504 (0.9162119545508034)
4128-MALE_SAMPLED_49.0751887592438 = 49.0751887592438 (2.327911652857402)
7723-FEMALE_SAMPLED_49.0174871357108 = 49.0174871357108 (2.3856132763904014)
9322-FEMALE_SAMPLED_49.9886920975938 = 49.9886920975938 (1.414408314507405)
3006-MALE_SAMPLED_50.4430304209187 = 50.4430304209187 (0.9600699911825004)
8032-FEMALE_SAMPLED_49.3282732386093 = 49.3282732386093 (2.0748271734919044)
4945-FEMALE_SAMPLED_51.3921907602294 = 51.3921907602294 (0.010909651871806147)
9470-FEMALE_SAMPLED_51.2891146475400 = 51.28911464754 (0.11398576456119969)
2803-FEMALE_SAMPLED_49.7061681174624 = 49.7061681174624 (1.6969322946388061)
4574-MALE_SAMPLED_50.0687443558077 = 50.0687443558077 (1.334356056293501)
9936-MALE_SAMPLED_49.0753451418082 = 49.0753451418082 (2.3277552702930038)
5948-MALE_SAMPLED_50.5915127573486 = 50.5915127573486 (0.8115876547526)
6472-MALE_SAMPLED_51.0569449954151 = 51.0569449954151 (0.34615541668610206)
2980-MALE_SAMPLED_49.3072617701205 = 49.3072617701205 (2.0958386419807056)
8014-FEMALE_SAMPLED_50.5359140478491 = 50.5359140478491 (0.867186364252106)
1356-MALE_SAMPLED_48.8248235138549 = 48.8248235138549 (2.578276898246301)
7105-FEMALE_SAMPLED_48.8115500688969 = 48.8115500688969 (2.591550343204304)
2252-MALE_SAMPLED_50.6095803589511 = 50.6095803589511 (0.7935200531501039)
1626-MALE_SAMPLED_49.2959110799662 = 49.2959110799662 (2.1071893321350004)
8130-FEMALE_SAMPLED_48.4077685810576 = 48.4077685810576 (2.9953318310436003)
512-MALE_SAMPLED_50.4530080826904 = 50.4530080826904 (0.9500923294108006)
1932-MALE_SAMPLED_48.5461087161626 = 48.5461087161626 (2.8569916959386035)
4912-MALE_SAMPLED_50.4140709503504 = 50.4140709503504 (0.9890294617508033)
2809-FEMALE_SAMPLED_49.1003930855027 = 49.1003930855027 (2.302707326598501)
2128-MALE_SAMPLED_49.5651062282219 = 49.5651062282219 (1.837994183879303)
9910-FEMALE_SAMPLED_51.4031004121012 = 51.4031004121012 (0.0)
9705-MALE_SAMPLED_50.4932551423504 = 50.4932551423504 (0.9098452697508037)
1951-FEMALE_SAMPLED_50.9496706458691 = 50.9496706458691 (0.4534297662321052)
7246-MALE_SAMPLED_51.1302758837069 = 51.1302758837069 (0.2728245283943025)
7032-MALE_SAMPLED_50.0414556025012 = 50.0414556025012 (1.3616448096000013)
2001-FEMALE_SAMPLED_48.5172089240464 = 48.5172089240464 (2.885891488054803)
1789-FEMALE_SAMPLED_50.5541161084498 = 50.5541161084498 (0.848984303651406)
8461-MALE_SAMPLED_50.9331847603849 = 50.9331847603849 (0.4699156517163061)
6277-FEMALE_SAMPLED_49.2045038533348 = 49.2045038533348 (2.198596558766404)
5614-MALE_SAMPLED_50.7338271522845 = 50.7338271522845 (0.6692732598167055)
8816-FEMALE_SAMPLED_49.8509532201520 = 49.850953220152 (1.552147191949203)
4395-FEMALE_SAMPLED_49.5630390902466 = 49.5630390902466 (1.8400613218546056)
6927-FEMALE_SAMPLED_50.4098600016392 = 50.4098600016392 (0.9932404104620005)
9998-MALE_SAMPLED_49.4768254724282 = 49.4768254724282 (1.9262749396730001)
1468-MALE_SAMPLED_49.6645318202159 = 49.6645318202159 (1.7385685918853042)
177-FEMALE_SAMPLED_51.3926062057677 = 51.3926062057677 (0.010494206333504508)
8594-FEMALE_SAMPLED_50.5085798087480 = 50.508579808748 (0.8945206033532003)
9921-MALE_SAMPLED_49.8589401442974 = 49.8589401442974 (1.5441602678038038)
7040-MALE_SAMPLED_50.5971291619304 = 50.5971291619304 (0.8059712501708063)
5919-FEMALE_SAMPLED_48.9122284543651 = 48.9122284543651 (2.490871957736104)
3862-MALE_SAMPLED_49.3024121161967 = 49.3024121161967 (2.1006882959045043)
7606-MALE_SAMPLED_51.3681683305136 = 51.3681683305136 (0.034932081587605524)
5569-FEMALE_SAMPLED_48.5832684051662 = 48.5832684051662 (2.819832006935002)
8572-MALE_SAMPLED_51.2600457009344 = 51.2600457009344 (0.1430547111668048)
358-MALE_SAMPLED_51.0195626753799 = 51.0195626753799 (0.3835377367213013)
2587-FEMALE_SAMPLED_49.0617373406372 = 49.0617373406372 (2.341363071464002)
9984-MALE_SAMPLED_51.0088869240086 = 51.0088869240086 (0.39421348809260337)
3985-FEMALE_SAMPLED_51.1602186234619 = 51.1602186234619 (0.242881788639302)
9089-FEMALE_SAMPLED_48.8089417610268 = 48.8089417610268 (2.5941586510744017)
2764-MALE_SAMPLED_51.3838342186014 = 51.3838342186014 (0.019266193499802853)
9911-FEMALE_SAMPLED_50.9399161194402 = 50.9399161194402 (0.4631842926610048)
3040-MALE_SAMPLED_51.3512392672661 = 51.3512392672661 (0.05186114483510096)
1514-MALE_SAMPLED_49.4068746983490 = 49.406874698349 (1.996225713752203)
10200-MALE_SAMPLED_50.6436680937137 = 50.6436680937137 (0.7594323183875034)
2089-FEMALE_SAMPLED_48.5562626507550 = 48.556262650755 (2.846837761346201)
9152-FEMALE_SAMPLED_48.4655989757690 = 48.465598975769 (2.937501436332205)
9316-MALE_SAMPLED_49.4474242930251 = 49.4474242930251 (1.9556761190761023)
9006-FEMALE_SAMPLED_48.4139715924344 = 48.4139715924344 (2.989128819666803)
1220-MALE_SAMPLED_50.5093541596967 = 50.5093541596967 (0.8937462524045046)
98-MALE_SAMPLED_50.2704235673833 = 50.2704235673833 (1.1326768447179063)
1106-MALE_SAMPLED_49.3372746412593 = 49.3372746412593 (2.0658257708419043)
9242-FEMALE_SAMPLED_50.2671653260428 = 50.2671653260428 (1.135935086058403)
3238-MALE_SAMPLED_49.3453206082291 = 49.3453206082291 (2.0577798038721014)
3742-MALE_SAMPLED_49.1115242794572 = 49.1115242794572 (2.2915761326440034)
2631-FEMALE_SAMPLED_49.3069346495855 = 49.3069346495855 (2.096165762515703)
9-FEMALE_SAMPLED_49.3706577059298 = 49.3706577059298 (2.032442706171402)
3630-MALE_SAMPLED_50.7086703437331 = 50.7086703437331 (0.6944300683681064)
9728-MALE_SAMPLED_49.9588816424317 = 49.9588816424317 (1.4442187696695044)
8731-MALE_SAMPLED_50.8529511946204 = 50.8529511946204 (0.5501492174808007)
10339-MALE_SAMPLED_51.2953968378666 = 51.2953968378666 (0.10770357423460553)
2791-FEMALE_SAMPLED_49.2706248157143 = 49.2706248157143 (2.1324755963869038)
6098-MALE_SAMPLED_51.3922313433091 = 51.3922313433091 (0.01086906879210403)
638-MALE_SAMPLED_48.7321784770998 = 48.7321784770998 (2.6709219350014024)
2477-FEMALE_SAMPLED_49.4493722850407 = 49.4493722850407 (1.9537281270605007)
1599-FEMALE_SAMPLED_50.7674672717645 = 50.7674672717645 (0.6356331403367008)
6604-MALE_SAMPLED_49.7473063019521 = 49.7473063019521 (1.6557941101491025)
3016-MALE_SAMPLED_49.8002359948537 = 49.8002359948537 (1.6028644172475026)
10352-MALE_SAMPLED_51.4007105743463 = 51.4007105743463 (0.0023898377549045335)
7521-FEMALE_SAMPLED_48.4665480893987 = 48.4665480893987 (2.9365523227025037)
76-MALE_SAMPLED_51.0976852120317 = 51.0976852120317 (0.30541520006950407)
9042-FEMALE_SAMPLED_48.9123419914345 = 48.9123419914345 (2.490758420666701)
4649-FEMALE_SAMPLED_48.9198288428548 = 48.9198288428548 (2.483271569246405)
525-FEMALE_SAMPLED_49.0155489379491 = 49.0155489379491 (2.3875514741521044)
903-FEMALE_SAMPLED_48.6177660603958 = 48.6177660603958 (2.7853343517054014)
3257-FEMALE_SAMPLED_48.7281522822983 = 48.7281522822983 (2.6749481298028996)
8436-MALE_SAMPLED_49.7197609897654 = 49.7197609897654 (1.6833394223358056)
1615-FEMALE_SAMPLED_50.7104848748955 = 50.7104848748955 (0.6926155372057039)
7026-MALE_SAMPLED_50.5650298052884 = 50.5650298052884 (0.8380706068128063)
7457-FEMALE_SAMPLED_50.3238686977371 = 50.3238686977371 (1.0792317143641057)
10034-FEMALE_SAMPLED_50.3905652356285 = 50.3905652356285 (1.0125351764727029)
1851-FEMALE_SAMPLED_48.4149429984341 = 48.4149429984341 (2.9881574136671034)
9200-MALE_SAMPLED_51.3747363318640 = 51.374736331864 (0.028364080237203382)
480-MALE_SAMPLED_49.0637320959891 = 49.0637320959891 (2.3393683161121004)
8962-MALE_SAMPLED_50.8354437842450 = 50.835443784245 (0.5676566278562021)
1131-FEMALE_SAMPLED_48.4806037133045 = 48.4806037133045 (2.9224966987967065)
1245-FEMALE_SAMPLED_50.6770253316450 = 50.677025331645 (0.7260750804562051)
9723-FEMALE_SAMPLED_50.0985572137821 = 50.0985572137821 (1.3045431983191023)
2665-FEMALE_SAMPLED_49.3849611421998 = 49.3849611421998 (2.018139269901404)
7846-MALE_SAMPLED_49.2515270977697 = 49.2515270977697 (2.1515733143315003)
3896-MALE_SAMPLED_51.0254266255020 = 51.025426625502 (0.37767378659920325)
1922-MALE_SAMPLED_50.5802617552641 = 50.5802617552641 (0.8228386568371064)
6806-MALE_SAMPLED_50.5630675710223 = 50.5630675710223 (0.8400328410789015)
8176-FEMALE_SAMPLED_48.4998162968501 = 48.4998162968501 (2.903284115251104)
2951-FEMALE_SAMPLED_51.1988365177481 = 51.1988365177481 (0.20426389435310455)
5605-FEMALE_SAMPLED_51.0445457599076 = 51.0445457599076 (0.35855465219360383)
7154-MALE_SAMPLED_49.0224090109064 = 49.0224090109064 (2.3806914011948024)
1128-MALE_SAMPLED_48.6757644067935 = 48.6757644067935 (2.7273360053077056)
2242-MALE_SAMPLED_49.1807245176702 = 49.1807245176702 (2.2223758944310035)
6418-MALE_SAMPLED_50.7068809093858 = 50.7068809093858 (0.696219502715401)
7029-FEMALE_SAMPLED_48.4249359809279 = 48.4249359809279 (2.9781644311733046)
2884-MALE_SAMPLED_49.4410009605295 = 49.4410009605295 (1.962099451571703)
360-MALE_SAMPLED_48.9658028741783 = 48.9658028741783 (2.437297537922902)
2551-FEMALE_SAMPLED_50.8512561020858 = 50.8512561020858 (0.5518443100154045)
1401-FEMALE_SAMPLED_48.5830768682013 = 48.5830768682013 (2.8200235438999)
8007-FEMALE_SAMPLED_49.0268738348919 = 49.0268738348919 (2.3762265772093016)
1778-MALE_SAMPLED_50.2257504409595 = 50.2257504409595 (1.1773499711417017)
9851-MALE_SAMPLED_49.9877900979432 = 49.9877900979432 (1.4153103141580061)
820-MALE_SAMPLED_50.7692259459241 = 50.7692259459241 (0.6338744661771045)
10485-MALE_SAMPLED_51.3872766389928 = 51.3872766389928 (0.01582377310840144)
8188-FEMALE_SAMPLED_49.8202919110141 = 49.8202919110141 (1.5828085010871007)
8298-MALE_SAMPLED_49.4112250590648 = 49.4112250590648 (1.9918753530364057)
412-MALE_SAMPLED_51.3773797543204 = 51.3773797543204 (0.025720657780802014)
8223-FEMALE_SAMPLED_48.4694448555770 = 48.469444855577 (2.933655556524201)
6611-FEMALE_SAMPLED_48.9060265207614 = 48.9060265207614 (2.4970738913398023)
2648-MALE_SAMPLED_49.2161000214933 = 49.2161000214933 (2.1870003906079063)
  UCRelaxedClockModel: using 752 rate categories to approximate rate distribution across branches.
  Using BEAGLE version: 2.1.2 resource 0: CPU
    with instance flags:  PRECISION_DOUBLE COMPUTATION_SYNCH EIGEN_REAL SCALING_MANUAL SCALERS_RAW VECTOR_SSE THREADING_NONE PROCESSOR_CPU FRAMEWORK_CPU
Filter 1480-4479
377 taxa
3000 sites
1732 patterns
  Using BEAGLE version: 2.1.2 resource 0: CPU
    with instance flags:  PRECISION_DOUBLE COMPUTATION_SYNCH EIGEN_REAL SCALING_MANUAL SCALERS_RAW VECTOR_SSE THREADING_NONE PROCESSOR_CPU FRAMEWORK_CPU
Filter 4480-6987
377 taxa
2508 sites
1668 patterns
  Using BEAGLE version: 2.1.2 resource 0: CPU
    with instance flags:  PRECISION_DOUBLE COMPUTATION_SYNCH EIGEN_REAL SCALING_MANUAL SCALERS_RAW VECTOR_SSE THREADING_NONE PROCESSOR_CPU FRAMEWORK_CPU
===============================================================================
Citations for this model:

Bouckaert RR, Heled J, Kuehnert D, Vaughan TG, Wu C-H, Xie D, Suchard MA,
  Rambaut A, Drummond AJ (2014) BEAST 2: A software platform for Bayesian
  evolutionary analysis. PLoS Computational Biology 10(4): e1003537

Drummond AJ, Ho SYW, Phillips MJ, Rambaut A (2006) Relaxed Phylogenetics and
  Dating with Confidence. PLoS Biol 4(5): e88

===============================================================================
Restoring from file
Appending file 300914_Village_scC_sample1_epi1.log
Appending file 300914_Village_scC_sample1_epi1.trees
         Sample      posterior ESS(posterior)     likelihood          prior
       11101000   -298920.4997              N   -296071.2546     -2849.2450 --
       11111000   -298934.7010         2.0      -296105.2303     -2829.4707 --
       11121000   -298949.2511         3.0      -296112.7077     -2836.5434 --
       11131000   -298957.7630         4.0      -296120.2322     -2837.5307 --
       11141000   -298944.5248         5.0      -296105.6753     -2838.8495 --
       11151000   -298961.0453         4.1      -296121.2863     -2839.7590 3h21m58s/Msamples
       11161000   -298931.8261         6.0      -296094.0049     -2837.8211 3h17m52s/Msamples
       11171000   -298932.3464         7.2      -296096.5522     -2835.7941 3h19m16s/Msamples
       11181000   -298941.6975         8.2      -296109.3272     -2832.3703 3h21m8s/Msamples
       11191000   -298939.5736         9.0      -296102.0789     -2837.4947 3h22m3s/Msamples
       11201000   -298903.8258         6.2      -296076.3544     -2827.4714 3h20m20s/Msamples
       11211000   -298959.6336        11.0      -296126.3065     -2833.3271 3h19m42s/Msamples
       11221000   -298945.4177        12.0      -296104.1679     -2841.2497 3h19m10s/Msamples
       11231000   -298938.0604        13.0      -296099.6988     -2838.3616 3h18m6s/Msamples
       11241000   -298924.4860        14.0      -296091.2943     -2833.1917 3h18m11s/Msamples
       11251000   -298941.8980        15.0      -296105.2615     -2836.6364 3h18m38s/Msamples
       11261000   -298974.8691        16.0      -296135.9275     -2838.9415 3h17m51s/Msamples
       11271000   -298925.3834        17.0      -296083.8546     -2841.5288 3h17m44s/Msamples
       11281000   -298962.6733        18.0      -296118.3305     -2844.3428 3h17m40s/Msamples
       11291000   -298954.9577        18.0      -296114.9171     -2840.0406 3h17m44s/Msamples
       11301000   -298980.6239        19.0      -296137.4230     -2843.2009 3h18m5s/Msamples
       11311000   -298954.9988        10.4      -296107.9922     -2847.0065 3h18m4s/Msamples
       11321000   -298947.4651        10.8      -296100.9734     -2846.4917 3h18m6s/Msamples
       11331000   -298953.1097        10.6      -296094.8790     -2858.2306 3h18m20s/Msamples
       11341000   -298957.2588        10.2      -296104.3048     -2852.9539 3h18m31s/Msamples
       11351000   -298933.4770        11.5      -296088.4964     -2844.9805 3h18m40s/Msamples
       11361000   -298964.8866        12.1      -296111.4993     -2853.3873 3h18m58s/Msamples
       11371000   -298942.3411        12.9      -296093.4793     -2848.8618 3h18m56s/Msamples
       11381000   -298957.8476        13.3      -296101.3794     -2856.4681 3h18m48s/Msamples
       11391000   -298992.4315        14.0      -296142.9854     -2849.4461 3h18m29s/Msamples
       11401000   -298973.9915        12.5      -296120.8422     -2853.1493 3h18m15s/Msamples
       11411000   -298965.8092        11.8      -296107.1167     -2858.6925 3h18m11s/Msamples
       11421000   -298937.1038        13.9      -296077.6135     -2859.4902 3h18m15s/Msamples
       11431000   -298966.1887        13.1      -296107.5926     -2858.5960 3h18m27s/Msamples
       11441000   -298943.9031        13.9      -296088.9319     -2854.9711 3h17m54s/Msamples
       11451000   -298948.5496        14.4      -296097.3702     -2851.1794 3h18m7s/Msamples
       11461000   -298943.5328        14.9      -296087.2593     -2856.2735 3h18m13s/Msamples
       11471000   -298930.0204        15.7      -296080.5650     -2849.4554 3h18m11s/Msamples
       11481000   -298957.0110        16.6      -296109.7282     -2847.2827 3h17m55s/Msamples
       11491000   -298944.8372        16.0      -296100.8869     -2843.9503 3h18m0s/Msamples
       11501000   -298906.4237        16.5      -296062.9442     -2843.4794 3h17m58s/Msamples
       11511000   -298968.3314        18.9      -296126.7604     -2841.5710 3h18m34s/Msamples
       11521000   -298963.1871        20.1      -296117.6542     -2845.5328 3h19m9s/Msamples
       11531000   -298950.5442        20.7      -296104.5798     -2845.9644 3h19m28s/Msamples
       11541000   -298915.6592        21.5      -296068.1824     -2847.4767 3h19m56s/Msamples
       11551000   -298945.5747        22.1      -296099.6909     -2845.8837 3h20m12s/Msamples
       11561000   -298974.0494        43.0      -296124.4305     -2849.6188 3h20m23s/Msamples
       11571000   -298988.2050        26.5      -296134.2986     -2853.9064 3h20m45s/Msamples
       11581000   -298964.1050        26.6      -296113.6413     -2850.4637 3h20m50s/Msamples
       11591000   -298976.2848        23.9      -296121.5863     -2854.6984 3h20m54s/Msamples
       11601000   -298968.3792        22.1      -296115.1665     -2853.2126 3h21m4s/Msamples
       11611000   -298919.1433        28.1      -296070.2510     -2848.8922 3h21m8s/Msamples
