
The following have been reloaded with a version change:
  1) Java/1.7.0_51 => Java/1.8.0_5

File: 300914_Village_scC_sample1_epi1.xml seed: 1413146426292 threads: 1
FATAL: Error inserting nvidia (/lib/modules/2.6.32-279.14.1.el6.x86_64/kernel/drivers/video/nvidia.ko): No such device
  Using ambiguities in tree likelihood.
  With 887 unique site patterns.
  Using rescaling scheme : dynamic
  Using ambiguities in tree likelihood.
  With 1732 unique site patterns.
  Using rescaling scheme : dynamic
  Using ambiguities in tree likelihood.
  With 1668 unique site patterns.
  Using rescaling scheme : dynamic
Operator                                                                              Tuning    #accept    #reject      Pr(m)  Pr(acc|m)
ScaleOperator(treeScaler.t:tree)                                                      0.7415       2854     248200     0.0227     0.0114 Try setting scaleFactor to about 0.861
ScaleOperator(treeRootScaler.t:tree)                                                  0.8076      19260     231845     0.0227     0.0767 Try setting scaleFactor to about 0.899
Uniform(UniformOperator.t:tree)                                                            -     428127    2087987     0.2271     0.1702 
SubtreeSlide(SubtreeSlide.t:tree)                                                     0.7506     367240     889723     0.1136     0.2922 
Exchange(narrow.t:tree)                                                                    -      83681    1175512     0.1136     0.0665 
Exchange(wide.t:tree)                                                                      -         66     252141     0.0227     0.0003 
WilsonBalding(WilsonBalding.t:tree)                                                        -        188     251947     0.0227     0.0007 
ScaleOperator(gammaShapeScaler.s:300914_Village_scC_sample1_epi1_gag)                 0.7699        935       7470     0.0008     0.1112 
DeltaExchangeOperator(FrequenciesExchanger.s:300914_Village_scC_sample1_epi1_gag)     0.0267       1761       6611     0.0008     0.2103 
ScaleOperator(RateACScaler.s:300914_Village_scC_sample1_epi1_gag)                     0.6831       1579       6809     0.0008     0.1882 
ScaleOperator(RateAGScaler.s:300914_Village_scC_sample1_epi1_gag)                     0.7145        871       7474     0.0008     0.1044 
ScaleOperator(RateATScaler.s:300914_Village_scC_sample1_epi1_gag)                     0.6967       1539       6647     0.0008     0.1880 
ScaleOperator(RateCGScaler.s:300914_Village_scC_sample1_epi1_gag)                     0.5778       1415       6927     0.0008     0.1696 
ScaleOperator(RateGTScaler.s:300914_Village_scC_sample1_epi1_gag)                     0.5966       1512       6960     0.0008     0.1785 
ScaleOperator(gammaShapeScaler.s:300914_Village_scC_sample1_epi1_pol)                 0.7558        593       7858     0.0008     0.0702 Try setting scaleFactor to about 0.869
DeltaExchangeOperator(FrequenciesExchanger.s:300914_Village_scC_sample1_epi1_pol)     0.0196       1834       6510     0.0008     0.2198 
ScaleOperator(RateACScaler.s:300914_Village_scC_sample1_epi1_pol)                     0.6443        901       7486     0.0008     0.1074 
ScaleOperator(RateAGScaler.s:300914_Village_scC_sample1_epi1_pol)                     0.7678        856       7521     0.0008     0.1022 
ScaleOperator(RateATScaler.s:300914_Village_scC_sample1_epi1_pol)                     0.7354       1222       7173     0.0008     0.1456 
ScaleOperator(RateCGScaler.s:300914_Village_scC_sample1_epi1_pol)                     0.6662       1546       6899     0.0008     0.1831 
ScaleOperator(RateGTScaler.s:300914_Village_scC_sample1_epi1_pol)                     0.6342       1191       7230     0.0008     0.1414 
ScaleOperator(gammaShapeScaler.s:300914_Village_scC_sample1_epi1_env)                 0.8151        808       7411     0.0008     0.0983 Try setting scaleFactor to about 0.903
DeltaExchangeOperator(FrequenciesExchanger.s:300914_Village_scC_sample1_epi1_env)     0.0152       1744       6656     0.0008     0.2076 
ScaleOperator(RateACScaler.s:300914_Village_scC_sample1_epi1_env)                     0.7117        962       7341     0.0008     0.1159 
ScaleOperator(RateAGScaler.s:300914_Village_scC_sample1_epi1_env)                     0.7201        511       7847     0.0008     0.0611 Try setting scaleFactor to about 0.849
ScaleOperator(RateATScaler.s:300914_Village_scC_sample1_epi1_env)                     0.7141        855       7514     0.0008     0.1022 
ScaleOperator(RateCGScaler.s:300914_Village_scC_sample1_epi1_env)                     0.6375        998       7398     0.0008     0.1189 
ScaleOperator(RateGTScaler.s:300914_Village_scC_sample1_epi1_env)                     0.6558        977       7326     0.0008     0.1177 
ScaleOperator(ucldMeanScaler.c:clock)                                                 0.8724       5194      78983     0.0076     0.0617 Try setting scaleFactor to about 0.934
ScaleOperator(ucldStdevScaler.c:clock)                                                0.8399      78713     172798     0.0227     0.3130 
IntRandomWalkOperator(CategoriesRandomWalk.c:clock)                                        -     554797     283471     0.0757     0.6618 
SwapOperator(CategoriesSwapOperator.c:clock)                                               -     402650     435251     0.0757     0.4805 
UniformOperator(CategoriesUniform.c:clock)                                                 -     507764     331732     0.0757     0.6048 
UpDownOperator(relaxedUpDownOperator.c:clock)                                         0.8755       8123     243252     0.0227     0.0323 Try setting scaleFactor to about 0.936
ScaleOperator(popSizesScaler.t:tree)                                                  0.4619     366972     892741     0.1136     0.2913 
DeltaExchangeOperator(groupSizesDelta.t:tree)                                         7.8740      83932     419178     0.0454     0.1668 

     Tuning: The value of the operator's tuning parameter, or '-' if the operator can't be optimized.
    #accept: The total number of times a proposal by this operator has been accepted.
    #reject: The total number of times a proposal by this operator has been rejected.
      Pr(m): The probability this operator is chosen in a step of the MCMC (i.e. the normalized weight).
  Pr(acc|m): The acceptance probability (#accept as a fraction of the total proposals for this operator).

Start likelihood: -298930.8634411666 
