
The following have been reloaded with a version change:
  1) Java/1.7.0_51 => Java/1.8.0_5

File: B11.xml seed: 1413146427231 threads: 1
  Using ambiguities in tree likelihood.
  With 1752 unique site patterns.
  Using rescaling scheme : dynamic
  Using ambiguities in tree likelihood.
  With 1652 unique site patterns.
  Using rescaling scheme : dynamic
  Using ambiguities in tree likelihood.
  With 923 unique site patterns.
  Using rescaling scheme : dynamic
Operator                                                                              Tuning    #accept    #reject      Pr(m)  Pr(acc|m)
ScaleOperator(treeScaler.t:tree)                                                      0.8017       3247     155774     0.0227     0.0204 Try setting scaleFactor to about 0.895
ScaleOperator(treeRootScaler.t:tree)                                                  0.8041      13093     145300     0.0227     0.0827 Try setting scaleFactor to about 0.897
Uniform(UniformOperator.t:tree)                                                            -     251057    1336638     0.2271     0.1581 
SubtreeSlide(SubtreeSlide.t:tree)                                                     0.6640     288697     506424     0.1136     0.3631 
Exchange(narrow.t:tree)                                                                    -      54362     740335     0.1136     0.0684 
Exchange(wide.t:tree)                                                                      -         47     158980     0.0227     0.0003 
WilsonBalding(WilsonBalding.t:tree)                                                        -        204     158804     0.0227     0.0013 
ScaleOperator(gammaShapeScaler.s:300914_Village_scB_sample1_epi1_gag)                 0.7556        629       4561     0.0008     0.1212 
ScaleOperator(gammaShapeScaler.s:300914_Village_scB_sample1_epi1_pol)                 0.7886        511       4754     0.0008     0.0971 Try setting scaleFactor to about 0.888
DeltaExchangeOperator(FrequenciesExchanger.s:300914_Village_scB_sample1_epi1_gag)     0.0239       1361       3968     0.0008     0.2554 
ScaleOperator(RateACScaler.s:300914_Village_scB_sample1_epi1_gag)                     0.6762        888       4466     0.0008     0.1659 
ScaleOperator(RateAGScaler.s:300914_Village_scB_sample1_epi1_gag)                     0.6416        524       4789     0.0008     0.0986 Try setting scaleFactor to about 0.801
ScaleOperator(RateATScaler.s:300914_Village_scB_sample1_epi1_gag)                     0.6940        907       4382     0.0008     0.1715 
ScaleOperator(RateCGScaler.s:300914_Village_scB_sample1_epi1_gag)                     0.5545        808       4425     0.0008     0.1544 
ScaleOperator(RateGTScaler.s:300914_Village_scB_sample1_epi1_gag)                     0.6351       1087       4085     0.0008     0.2102 
DeltaExchangeOperator(FrequenciesExchanger.s:300914_Village_scB_sample1_epi1_pol)     0.0183       1207       4169     0.0008     0.2245 
ScaleOperator(RateACScaler.s:300914_Village_scB_sample1_epi1_pol)                     0.6467        589       4724     0.0008     0.1109 
ScaleOperator(RateAGScaler.s:300914_Village_scB_sample1_epi1_pol)                     0.7105        449       4810     0.0008     0.0854 Try setting scaleFactor to about 0.843
ScaleOperator(RateATScaler.s:300914_Village_scB_sample1_epi1_pol)                     0.7483        781       4529     0.0008     0.1471 
ScaleOperator(RateCGScaler.s:300914_Village_scB_sample1_epi1_pol)                     0.6597        821       4302     0.0008     0.1603 
ScaleOperator(RateGTScaler.s:300914_Village_scB_sample1_epi1_pol)                     0.6709        808       4472     0.0008     0.1530 
ScaleOperator(gammaShapeScaler.s:300914_Village_scB_sample1_epi1_env)                 0.7927        499       4717     0.0008     0.0957 Try setting scaleFactor to about 0.89
DeltaExchangeOperator(FrequenciesExchanger.s:300914_Village_scB_sample1_epi1_env)     0.0202        723       4551     0.0008     0.1371 
ScaleOperator(RateACScaler.s:300914_Village_scB_sample1_epi1_env)                     0.6808        498       4879     0.0008     0.0926 Try setting scaleFactor to about 0.825
ScaleOperator(RateAGScaler.s:300914_Village_scB_sample1_epi1_env)                     0.7567        337       4931     0.0008     0.0640 Try setting scaleFactor to about 0.87
ScaleOperator(RateATScaler.s:300914_Village_scB_sample1_epi1_env)                     0.7091        441       4834     0.0008     0.0836 Try setting scaleFactor to about 0.842
ScaleOperator(RateCGScaler.s:300914_Village_scB_sample1_epi1_env)                     0.6810        774       4498     0.0008     0.1468 
ScaleOperator(RateGTScaler.s:300914_Village_scB_sample1_epi1_env)                     0.6838        650       4570     0.0008     0.1245 
ScaleOperator(ucldMeanScaler.c:clock)                                                 0.8604       2836      50193     0.0076     0.0535 Try setting scaleFactor to about 0.928
ScaleOperator(ucldStdevScaler.c:clock)                                                0.8451      48574     110729     0.0227     0.3049 
IntRandomWalkOperator(CategoriesRandomWalk.c:clock)                                        -     349976     179942     0.0757     0.6604 
SwapOperator(CategoriesSwapOperator.c:clock)                                               -     227938     300018     0.0757     0.4317 
UniformOperator(CategoriesUniform.c:clock)                                                 -     291895     237983     0.0757     0.5509 
UpDownOperator(relaxedUpDownOperator.c:clock)                                         0.8802       8454     150057     0.0227     0.0533 Try setting scaleFactor to about 0.938
ScaleOperator(popSizesScaler.t:tree)                                                  0.4524     206386     589147     0.1136     0.2594 
DeltaExchangeOperator(groupSizesDelta.t:tree)                                         6.5814      65203     251999     0.0454     0.2056 

     Tuning: The value of the operator's tuning parameter, or '-' if the operator can't be optimized.
    #accept: The total number of times a proposal by this operator has been accepted.
    #reject: The total number of times a proposal by this operator has been rejected.
      Pr(m): The probability this operator is chosen in a step of the MCMC (i.e. the normalized weight).
  Pr(acc|m): The acceptance probability (#accept as a fraction of the total proposals for this operator).

Start likelihood: -313221.4562087901 
