
                   BEAST v2.2.0 Prerelease, 2002-2014
             Bayesian Evolutionary Analysis Sampling Trees
                       Designed and developed by
 Remco Bouckaert, Alexei J. Drummond, Andrew Rambaut & Marc A. Suchard
                                    
                     Department of Computer Science
                         University of Auckland
                        remco@cs.auckland.ac.nz
                        alexei@cs.auckland.ac.nz
                                    
                   Institute of Evolutionary Biology
                        University of Edinburgh
                           a.rambaut@ed.ac.uk
                                    
                    David Geffen School of Medicine
                 University of California, Los Angeles
                           msuchard@ucla.edu
                                    
                      Downloads, Help & Resources:
                           http://beast2.org/
                                    
  Source code distributed under the GNU Lesser General Public License:
                   http://github.com/CompEvol/beast2
                                    
                           BEAST developers:
   Alex Alekseyenko, Trevor Bedford, Erik Bloomquist, Joseph Heled, 
 Sebastian Hoehna, Denise Kuehnert, Philippe Lemey, Wai Lok Sibon Li, 
Gerton Lunter, Sidney Markowitz, Vladimir Minin, Michael Defoin Platel, 
                 Oliver Pybus, Chieh-Hsi Wu, Walter Xie
                                    
                               Thanks to:
          Roald Forsberg, Beth Shapiro and Korbinian Strimmer

Random number seed: 1413146427231

Resuming from file
Uniform => beast.math.distributions.Uniform
Exponential => beast.math.distributions.Exponential
LogNormal => beast.math.distributions.LogNormalDistributionModel
Normal => beast.math.distributions.Normal
Beta => beast.math.distributions.Beta
Gamma => beast.math.distributions.Gamma
LaplaceDistribution => beast.math.distributions.LaplaceDistribution
prior => beast.math.distributions.Prior
InverseGamma => beast.math.distributions.InverseGamma
OneOnX => beast.math.distributions.OneOnX
Alignment(300914_Village_scB_sample1_epi1)
  338 taxa
  6987 sites
  4281 patterns

Filter 1-1479
338 taxa
1479 sites
923 patterns
2070-MALE_SAMPLED_50.2654454759384 = 50.2654454759384 (1.1698790697845993)
5447-FEMALE_SAMPLED_51.0247308889000 = 51.0247308889 (0.4105936568229964)
302-MALE_SAMPLED_50.8232164662393 = 50.8232164662393 (0.612108079483697)
7731-FEMALE_SAMPLED_51.0890654532766 = 51.0890654532766 (0.3462590924463953)
1670-MALE_SAMPLED_48.7831630974604 = 48.7831630974604 (2.6521614482625964)
7284-MALE_SAMPLED_49.6942488742123 = 49.6942488742123 (1.7410756715106999)
9932-FEMALE_SAMPLED_51.1098786932478 = 51.1098786932478 (0.3254458524751982)
322-MALE_SAMPLED_48.5473507463528 = 48.5473507463528 (2.887973799370201)
7027-FEMALE_SAMPLED_48.8066447037334 = 48.8066447037334 (2.6286798419896016)
854-MALE_SAMPLED_50.9093207344475 = 50.9093207344475 (0.5260038112755012)
9880-MALE_SAMPLED_48.5699682000621 = 48.5699682000621 (2.8653563456608993)
8940-FEMALE_SAMPLED_48.6933386228109 = 48.6933386228109 (2.7419859229121)
2614-MALE_SAMPLED_51.2660370410947 = 51.2660370410947 (0.16928750462830067)
4573-FEMALE_SAMPLED_51.3568810492350 = 51.356881049235 (0.0784434964879992)
3185-FEMALE_SAMPLED_50.9684277300319 = 50.9684277300319 (0.46689681569110064)
5141-FEMALE_SAMPLED_48.4393484892851 = 48.4393484892851 (2.9959760564378968)
252-MALE_SAMPLED_48.7524292268852 = 48.7524292268852 (2.682895318837801)
2485-FEMALE_SAMPLED_50.9026321747868 = 50.9026321747868 (0.5326923709361964)
3687-FEMALE_SAMPLED_49.3568951641271 = 49.3568951641271 (2.078429381595896)
4207-FEMALE_SAMPLED_48.9688390584259 = 48.9688390584259 (2.466485487297099)
884-MALE_SAMPLED_51.1198202443837 = 51.1198202443837 (0.3155043013392955)
4432-MALE_SAMPLED_48.5092199398266 = 48.5092199398266 (2.9261046058963984)
8796-MALE_SAMPLED_49.3770062178435 = 49.3770062178435 (2.0583183278794976)
42-MALE_SAMPLED_50.2904110010775 = 50.2904110010775 (1.1449135446454974)
724-MALE_SAMPLED_48.6874975371236 = 48.6874975371236 (2.747827008599401)
10862-MALE_SAMPLED_50.5681633362608 = 50.5681633362608 (0.8671612094621963)
765-FEMALE_SAMPLED_50.0447069383288 = 50.0447069383288 (1.3906176073941978)
730-MALE_SAMPLED_49.0724623871563 = 49.0724623871563 (2.362862158566699)
9379-MALE_SAMPLED_51.2832671054701 = 51.2832671054701 (0.15205744025289647)
1090-MALE_SAMPLED_48.5434068946695 = 48.5434068946695 (2.8919176510534967)
134-MALE_SAMPLED_50.6257710796843 = 50.6257710796843 (0.8095534660387003)
1938-MALE_SAMPLED_48.5412763280390 = 48.541276328039 (2.894048217684002)
2853-FEMALE_SAMPLED_49.9022849162637 = 49.9022849162637 (1.5330396294592958)
4298-MALE_SAMPLED_50.9521517637248 = 50.9521517637248 (0.48317278199819924)
8597-FEMALE_SAMPLED_51.0356053151252 = 51.0356053151252 (0.3997192305977961)
2750-MALE_SAMPLED_48.8795465538340 = 48.879546553834 (2.555777991889002)
3672-MALE_SAMPLED_48.4761966117719 = 48.4761966117719 (2.959127933951102)
9532-MALE_SAMPLED_48.5635753218146 = 48.5635753218146 (2.8717492239084024)
9803-FEMALE_SAMPLED_50.3007509384832 = 50.3007509384832 (1.1345736072398012)
9853-MALE_SAMPLED_50.3108007775216 = 50.3108007775216 (1.1245237682013993)
1564-MALE_SAMPLED_48.7212595965309 = 48.7212595965309 (2.7140649491920996)
2483-FEMALE_SAMPLED_49.3456904643743 = 49.3456904643743 (2.0896340813486987)
7901-FEMALE_SAMPLED_50.0964870916276 = 50.0964870916276 (1.3388374540953976)
4733-FEMALE_SAMPLED_49.8574296573704 = 49.8574296573704 (1.5778948883525956)
117-FEMALE_SAMPLED_50.1578374016160 = 50.157837401616 (1.277487144106999)
9474-FEMALE_SAMPLED_49.5177306104513 = 49.5177306104513 (1.9175939352716966)
5474-MALE_SAMPLED_48.6926870772211 = 48.6926870772211 (2.742637468501897)
8458-MALE_SAMPLED_48.6351306031054 = 48.6351306031054 (2.8001939426175966)
2220-MALE_SAMPLED_49.5241607923588 = 49.5241607923588 (1.9111637533641996)
3574-MALE_SAMPLED_51.2890200861791 = 51.2890200861791 (0.1463044595438987)
3953-FEMALE_SAMPLED_49.5642041976160 = 49.564204197616 (1.8711203481069987)
999-FEMALE_SAMPLED_48.8001024578760 = 48.800102457876 (2.635222087846998)
7926-MALE_SAMPLED_49.0975965038004 = 49.0975965038004 (2.3377280419225954)
10614-MALE_SAMPLED_50.8553415176055 = 50.8553415176055 (0.5799830281174962)
10407-MALE_SAMPLED_50.9194525994888 = 50.9194525994888 (0.5158719462341992)
11119-MALE_SAMPLED_51.3958308550125 = 51.3958308550125 (0.03949369071050057)
3465-FEMALE_SAMPLED_49.0602457583944 = 49.0602457583944 (2.3750787873285972)
5502-MALE_SAMPLED_48.5304281651104 = 48.5304281651104 (2.9048963806125983)
9805-FEMALE_SAMPLED_48.8793284134070 = 48.879328413407 (2.5559961323159968)
1422-MALE_SAMPLED_50.6664678389268 = 50.6664678389268 (0.7688567067961998)
3517-FEMALE_SAMPLED_49.2241510222728 = 49.2241510222728 (2.2111735234501992)
8064-FEMALE_SAMPLED_49.0749646143584 = 49.0749646143584 (2.3603599313645987)
859-FEMALE_SAMPLED_49.2836009564406 = 49.2836009564406 (2.1517235892823976)
3189-FEMALE_SAMPLED_50.9366551726187 = 50.9366551726187 (0.49866937310429904)
2083-FEMALE_SAMPLED_49.4302278070307 = 49.4302278070307 (2.005096738692302)
406-MALE_SAMPLED_51.2961393136127 = 51.2961393136127 (0.1391852321103002)
6109-FEMALE_SAMPLED_51.1444091678193 = 51.1444091678193 (0.29091537790370126)
9277-FEMALE_SAMPLED_51.0111534707310 = 51.011153470731 (0.424171074991996)
4047-FEMALE_SAMPLED_48.6801132753087 = 48.6801132753087 (2.7552112704143)
6504-MALE_SAMPLED_49.1096906729570 = 49.109690672957 (2.325633872765998)
3055-FEMALE_SAMPLED_49.4083461419275 = 49.4083461419275 (2.0269784037954963)
2946-MALE_SAMPLED_50.6424410534153 = 50.6424410534153 (0.7928834923077019)
8778-MALE_SAMPLED_51.2371551310705 = 51.2371551310705 (0.19816941465249727)
9821-MALE_SAMPLED_49.1229786514366 = 49.1229786514366 (2.312345894286402)
3992-MALE_SAMPLED_48.7207813509802 = 48.7207813509802 (2.7145431947428023)
9590-MALE_SAMPLED_48.4992149774978 = 48.4992149774978 (2.9361095682251985)
9130-FEMALE_SAMPLED_50.9585911503589 = 50.9585911503589 (0.4767333953641)
8678-FEMALE_SAMPLED_49.6981494983254 = 49.6981494983254 (1.7371750473975993)
8528-FEMALE_SAMPLED_49.0427111976376 = 49.0427111976376 (2.3926133480853977)
184-MALE_SAMPLED_48.5140947003445 = 48.5140947003445 (2.921229845378498)
8668-MALE_SAMPLED_51.2734851052581 = 51.2734851052581 (0.1618394404648953)
2179-FEMALE_SAMPLED_50.4512219911037 = 50.4512219911037 (0.9841025546192981)
8589-FEMALE_SAMPLED_49.7227432371645 = 49.7227432371645 (1.712581308558498)
3076-MALE_SAMPLED_49.4372962310506 = 49.4372962310506 (1.9980283146723963)
9197-FEMALE_SAMPLED_51.2214138219195 = 51.2214138219195 (0.21391072380350096)
5856-MALE_SAMPLED_50.1405877836576 = 50.1405877836576 (1.2947367620653978)
8067-FEMALE_SAMPLED_49.1858085258926 = 49.1858085258926 (2.249516019830402)
3118-MALE_SAMPLED_51.1314799641321 = 51.1314799641321 (0.30384458159090144)
666-MALE_SAMPLED_50.1079409986330 = 50.107940998633 (1.327383547090001)
6587-FEMALE_SAMPLED_48.8808246990728 = 48.8808246990728 (2.5544998466502022)
152-MALE_SAMPLED_50.8767144046786 = 50.8767144046786 (0.5586101410443973)
9647-MALE_SAMPLED_50.8779762198745 = 50.8779762198745 (0.5573483258485012)
10179-FEMALE_SAMPLED_49.2639061026337 = 49.2639061026337 (2.1714184430893013)
1794-MALE_SAMPLED_50.4467009021962 = 50.4467009021962 (0.9886236435268003)
4611-FEMALE_SAMPLED_50.6016753865468 = 50.6016753865468 (0.833649159176197)
7601-FEMALE_SAMPLED_48.6832470055731 = 48.6832470055731 (2.752077540149898)
8674-FEMALE_SAMPLED_48.9181071131086 = 48.9181071131086 (2.5172174326144017)
4095-FEMALE_SAMPLED_49.8682352772510 = 49.868235277251 (1.567089268471996)
3443-FEMALE_SAMPLED_50.9217516046545 = 50.9217516046545 (0.5135729410684959)
8438-MALE_SAMPLED_50.9337621608345 = 50.9337621608345 (0.5015623848885014)
1274-MALE_SAMPLED_50.5055087406716 = 50.5055087406716 (0.9298158050513976)
4850-MALE_SAMPLED_48.5456285097232 = 48.5456285097232 (2.8896960359997976)
2493-FEMALE_SAMPLED_49.7260468057419 = 49.7260468057419 (1.709277739981097)
460-MALE_SAMPLED_50.2873841882745 = 50.2873841882745 (1.1479403574484977)
7629-FEMALE_SAMPLED_50.4170591719510 = 50.417059171951 (1.018265373771996)
6085-FEMALE_SAMPLED_50.2603322363055 = 50.2603322363055 (1.1749923094174974)
7543-FEMALE_SAMPLED_49.3114506769987 = 49.3114506769987 (2.1238738687242957)
2704-MALE_SAMPLED_49.2840113847113 = 49.2840113847113 (2.1513131610117)
6097-FEMALE_SAMPLED_51.0499701250872 = 51.0499701250872 (0.3853544206357995)
1738-MALE_SAMPLED_51.1318368006094 = 51.1318368006094 (0.30348774511359977)
5733-FEMALE_SAMPLED_51.2785777547458 = 51.2785777547458 (0.156746790977202)
6047-FEMALE_SAMPLED_50.3197595686714 = 50.3197595686714 (1.1155649770515979)
928-MALE_SAMPLED_49.0678825145649 = 49.0678825145649 (2.367442031158099)
8471-MALE_SAMPLED_51.4062134185868 = 51.4062134185868 (0.029111127136197013)
10343-MALE_SAMPLED_51.4086969003609 = 51.4086969003609 (0.026627645362097496)
3315-FEMALE_SAMPLED_50.3835809580112 = 50.3835809580112 (1.0517435877117975)
9967-FEMALE_SAMPLED_50.7173108102350 = 50.717310810235 (0.7180137354880003)
346-MALE_SAMPLED_49.0150247607442 = 49.0150247607442 (2.420299784978802)
3469-FEMALE_SAMPLED_51.1578282972394 = 51.1578282972394 (0.277496248483601)
3201-FEMALE_SAMPLED_50.8419758821899 = 50.8419758821899 (0.5933486635330993)
2308-MALE_SAMPLED_51.0653336024905 = 51.0653336024905 (0.3699909432325015)
1888-MALE_SAMPLED_49.7366382952376 = 49.7366382952376 (1.6986862504854017)
2891-FEMALE_SAMPLED_50.8918414663120 = 50.891841466312 (0.543483079410997)
4652-MALE_SAMPLED_48.8131973990301 = 48.8131973990301 (2.622127146692897)
2886-MALE_SAMPLED_50.0595220332096 = 50.0595220332096 (1.3758025125133955)
8087-FEMALE_SAMPLED_48.7496789484347 = 48.7496789484347 (2.6856455972882998)
8267-MALE_SAMPLED_50.3212634916479 = 50.3212634916479 (1.1140610540751013)
7900-MALE_SAMPLED_50.6214813285103 = 50.6214813285103 (0.8138432172126997)
3884-MALE_SAMPLED_51.4042779204963 = 51.4042779204963 (0.03104662522670054)
9857-FEMALE_SAMPLED_50.9522597387029 = 50.9522597387029 (0.48306480702009935)
2118-MALE_SAMPLED_49.7914383518571 = 49.7914383518571 (1.643886193865896)
10316-MALE_SAMPLED_50.0737275751369 = 50.0737275751369 (1.361596970586099)
2658-MALE_SAMPLED_48.8054067350520 = 48.805406735052 (2.629917810670996)
2267-FEMALE_SAMPLED_51.0692901157370 = 51.069290115737 (0.36603442998600144)
10470-MALE_SAMPLED_50.8716833377319 = 50.8716833377319 (0.5636412079910968)
7101-FEMALE_SAMPLED_49.6594027679010 = 49.659402767901 (1.7759217778219991)
2535-FEMALE_SAMPLED_49.3415996311294 = 49.3415996311294 (2.0937249145936008)
5521-FEMALE_SAMPLED_49.9127110971665 = 49.9127110971665 (1.5226134485564984)
6118-MALE_SAMPLED_50.0320225637468 = 50.0320225637468 (1.403301981976199)
3276-MALE_SAMPLED_49.8830204291797 = 49.8830204291797 (1.5523041165432971)
653-FEMALE_SAMPLED_50.7678843557431 = 50.7678843557431 (0.6674401899798994)
3967-FEMALE_SAMPLED_51.0941716255682 = 51.0941716255682 (0.3411529201547978)
2030-MALE_SAMPLED_48.7723976429614 = 48.7723976429614 (2.6629269027615976)
9363-MALE_SAMPLED_49.8273714045124 = 49.8273714045124 (1.6079531412106007)
5559-FEMALE_SAMPLED_51.2238733293550 = 51.223873329355 (0.21145121636799757)
6496-MALE_SAMPLED_51.1970449360149 = 51.1970449360149 (0.23827960970810125)
8997-MALE_SAMPLED_51.1714958599830 = 51.171495859983 (0.26382868574000184)
7388-MALE_SAMPLED_51.2383360120064 = 51.2383360120064 (0.19698853371659908)
5669-FEMALE_SAMPLED_48.8511423012303 = 48.8511423012303 (2.584182244492702)
2746-MALE_SAMPLED_48.7579728835324 = 48.7579728835324 (2.6773516621905955)
9023-MALE_SAMPLED_48.8273028610336 = 48.8273028610336 (2.6080216846893975)
8019-FEMALE_SAMPLED_50.9705728420584 = 50.9705728420584 (0.4647517036645965)
4123-FEMALE_SAMPLED_51.1904876020333 = 51.1904876020333 (0.24483694368969822)
9298-MALE_SAMPLED_51.0559436057290 = 51.055943605729 (0.37938093999400024)
2982-MALE_SAMPLED_51.2578624510268 = 51.2578624510268 (0.177462094696196)
3013-FEMALE_SAMPLED_50.4129563679515 = 50.4129563679515 (1.0223681777714972)
10454-FEMALE_SAMPLED_49.3942167139674 = 49.3942167139674 (2.041107831755596)
9311-MALE_SAMPLED_48.4622801155845 = 48.4622801155845 (2.9730444301385006)
3505-FEMALE_SAMPLED_49.2587900166462 = 49.2587900166462 (2.176534529076797)
3559-FEMALE_SAMPLED_50.2326867394211 = 50.2326867394211 (1.202637806301901)
922-MALE_SAMPLED_48.7414825556396 = 48.7414825556396 (2.693841990083399)
7602-MALE_SAMPLED_48.5724359022050 = 48.572435902205 (2.862888643517998)
7335-FEMALE_SAMPLED_49.7505374890814 = 49.7505374890814 (1.6847870566415963)
100-MALE_SAMPLED_49.5597550876035 = 49.5597550876035 (1.8755694581195002)
3841-FEMALE_SAMPLED_51.3248936000807 = 51.3248936000807 (0.1104309456422996)
9852-MALE_SAMPLED_50.9130311494289 = 50.9130311494289 (0.5222933962940957)
5665-FEMALE_SAMPLED_49.1669341479490 = 49.166934147949 (2.2683903977739988)
4987-FEMALE_SAMPLED_50.9340556839077 = 50.9340556839077 (0.5012688618152978)
1540-MALE_SAMPLED_49.4640511709793 = 49.4640511709793 (1.9712733747436957)
7688-MALE_SAMPLED_50.7108167449540 = 50.710816744954 (0.7245078007689969)
9160-MALE_SAMPLED_49.9503074917073 = 49.9503074917073 (1.4850170540156995)
10435-MALE_SAMPLED_50.4017034883207 = 50.4017034883207 (1.0336210574023)
10667-FEMALE_SAMPLED_50.8243166448145 = 50.8243166448145 (0.611007900908497)
10006-MALE_SAMPLED_48.6556932088049 = 48.6556932088049 (2.7796313369181007)
8564-MALE_SAMPLED_50.9615960549625 = 50.9615960549625 (0.47372849076050016)
5370-MALE_SAMPLED_48.6963353697272 = 48.6963353697272 (2.7389891759957976)
4115-FEMALE_SAMPLED_48.4893945728025 = 48.4893945728025 (2.9459299729204957)
378-MALE_SAMPLED_49.7271546167383 = 49.7271546167383 (1.7081699289847023)
9777-FEMALE_SAMPLED_51.3785454616944 = 51.3785454616944 (0.05677908402859799)
4145-FEMALE_SAMPLED_48.5101496975465 = 48.5101496975465 (2.9251748481764963)
7337-FEMALE_SAMPLED_49.7183905546615 = 49.7183905546615 (1.7169339910615022)
4305-FEMALE_SAMPLED_49.4170567414319 = 49.4170567414319 (2.0182678042910993)
3558-MALE_SAMPLED_49.8700611561133 = 49.8700611561133 (1.5652633896096972)
7086-MALE_SAMPLED_51.3514410369160 = 51.351441036916 (0.08388350880699846)
3676-MALE_SAMPLED_49.3087719569510 = 49.308771956951 (2.1265525887720003)
5547-FEMALE_SAMPLED_50.6417761743130 = 50.641776174313 (0.7935483714099973)
9879-MALE_SAMPLED_49.2334392564433 = 49.2334392564433 (2.2018852892797014)
1622-MALE_SAMPLED_48.6099075048758 = 48.6099075048758 (2.8254170408471992)
6316-MALE_SAMPLED_50.5388962547357 = 50.5388962547357 (0.896428290987302)
1305-FEMALE_SAMPLED_50.5153205622981 = 50.5153205622981 (0.9200039834248983)
6888-MALE_SAMPLED_49.4533753979547 = 49.4533753979547 (1.9819491477682973)
7033-FEMALE_SAMPLED_48.4657468986759 = 48.4657468986759 (2.969577647047096)
2324-MALE_SAMPLED_48.4360003052341 = 48.4360003052341 (2.999324240488896)
10778-MALE_SAMPLED_51.4026233293178 = 51.4026233293178 (0.03270121640520074)
7611-FEMALE_SAMPLED_49.2669368186096 = 49.2669368186096 (2.168387727113398)
7113-FEMALE_SAMPLED_51.3855231970145 = 51.3855231970145 (0.04980134870849895)
9597-MALE_SAMPLED_50.2485144659939 = 50.2485144659939 (1.1868100797290992)
3418-MALE_SAMPLED_50.3622781268848 = 50.3622781268848 (1.0730464188381958)
7346-MALE_SAMPLED_50.0248977253275 = 50.0248977253275 (1.4104268203955002)
2748-MALE_SAMPLED_50.2769721923458 = 50.2769721923458 (1.1583523533771967)
10045-FEMALE_SAMPLED_50.1873003870776 = 50.1873003870776 (1.2480241586454)
9729-MALE_SAMPLED_49.2892217775869 = 49.2892217775869 (2.146102768136096)
7776-MALE_SAMPLED_51.2449898419498 = 51.2449898419498 (0.19033470377319617)
1903-FEMALE_SAMPLED_48.9196613498560 = 48.919661349856 (2.515663195866999)
8812-FEMALE_SAMPLED_50.4507095480865 = 50.4507095480865 (0.9846149976364984)
3602-MALE_SAMPLED_49.8478752705330 = 49.847875270533 (1.5874492751899965)
3855-FEMALE_SAMPLED_49.0003240516005 = 49.0003240516005 (2.435000494122498)
9341-FEMALE_SAMPLED_49.9604778827695 = 49.9604778827695 (1.474846662953496)
1589-FEMALE_SAMPLED_51.4353245457230 = 51.435324545723 (0.0)
243-FEMALE_SAMPLED_48.9430276134579 = 48.9430276134579 (2.4922969322650985)
2623-FEMALE_SAMPLED_50.8714666899821 = 50.8714666899821 (0.5638578557408991)
8417-FEMALE_SAMPLED_51.1704077904640 = 51.170407790464 (0.2649167552590015)
9856-FEMALE_SAMPLED_49.9882391658673 = 49.9882391658673 (1.4470853798557002)
9414-FEMALE_SAMPLED_51.3398404549869 = 51.3398404549869 (0.09548409073610031)
2466-MALE_SAMPLED_51.1974557365818 = 51.1974557365818 (0.23786880914119735)
2624-MALE_SAMPLED_50.1655523588477 = 50.1655523588477 (1.2697721868753007)
9043-MALE_SAMPLED_50.8506648026003 = 50.8506648026003 (0.5846597431226996)
3087-FEMALE_SAMPLED_48.5056882738198 = 48.5056882738198 (2.929636271903199)
1346-MALE_SAMPLED_49.2828216252445 = 49.2828216252445 (2.152502920478497)
9539-FEMALE_SAMPLED_51.2574075986693 = 51.2574075986693 (0.17791694705369565)
3387-FEMALE_SAMPLED_49.6762327759123 = 49.6762327759123 (1.759091769810702)
3930-MALE_SAMPLED_49.7702646963360 = 49.770264696336 (1.6650598493869992)
1977-FEMALE_SAMPLED_49.8657796303803 = 49.8657796303803 (1.5695449153426964)
6449-FEMALE_SAMPLED_51.1766034571981 = 51.1766034571981 (0.2587210885249007)
2348-MALE_SAMPLED_50.1979936314808 = 50.1979936314808 (1.2373309142422002)
5320-MALE_SAMPLED_49.1465979381526 = 49.1465979381526 (2.2887266075703963)
151-FEMALE_SAMPLED_49.7116167272969 = 49.7116167272969 (1.7237078184260994)
5313-FEMALE_SAMPLED_49.7842243097319 = 49.7842243097319 (1.6511002359911018)
3725-FEMALE_SAMPLED_50.1376026750138 = 50.1376026750138 (1.2977218707091964)
8367-FEMALE_SAMPLED_51.3034432006596 = 51.3034432006596 (0.13188134506339821)
3160-MALE_SAMPLED_50.7639108279316 = 50.7639108279316 (0.6714137177913955)
2582-MALE_SAMPLED_50.9438531997210 = 50.943853199721 (0.49147134600200104)
2438-MALE_SAMPLED_48.4469786223552 = 48.4469786223552 (2.9883459233677954)
678-MALE_SAMPLED_49.0882432079004 = 49.0882432079004 (2.347081337822601)
9971-FEMALE_SAMPLED_51.1992832135937 = 51.1992832135937 (0.23604133212929668)
9425-MALE_SAMPLED_49.8611460242017 = 49.8611460242017 (1.5741785215212971)
10621-MALE_SAMPLED_48.6946685577339 = 48.6946685577339 (2.7406559879891006)
9163-FEMALE_SAMPLED_49.4683581455672 = 49.4683581455672 (1.9669664001557976)
2751-FEMALE_SAMPLED_51.2994158833815 = 51.2994158833815 (0.13590866234149956)
10220-MALE_SAMPLED_51.1371980216416 = 51.1371980216416 (0.29812652408139684)
9334-FEMALE_SAMPLED_51.4210202391321 = 51.4210202391321 (0.014304306590901206)
5800-MALE_SAMPLED_49.1752909424311 = 49.1752909424311 (2.2600336032919017)
7425-FEMALE_SAMPLED_50.5569193826584 = 50.5569193826584 (0.878405163064599)
8028-FEMALE_SAMPLED_49.7532211411806 = 49.7532211411806 (1.6821034045423957)
3210-MALE_SAMPLED_48.5852613414234 = 48.5852613414234 (2.8500632042996017)
2478-MALE_SAMPLED_50.8213464657372 = 50.8213464657372 (0.6139780799857988)
10159-MALE_SAMPLED_50.9907091420671 = 50.9907091420671 (0.44461540365590224)
6996-MALE_SAMPLED_50.4527893462280 = 50.452789346228 (0.9825351994949969)
5718-MALE_SAMPLED_49.9945777726887 = 49.9945777726887 (1.4407467730342987)
1964-MALE_SAMPLED_49.6885921282290 = 49.688592128229 (1.7467324174940018)
3386-MALE_SAMPLED_48.9216406147523 = 48.9216406147523 (2.5136839309707)
10137-MALE_SAMPLED_48.7983393042876 = 48.7983393042876 (2.636985241435397)
9050-FEMALE_SAMPLED_48.8227214580464 = 48.8227214580464 (2.6126030876765967)
3654-MALE_SAMPLED_48.7080719696885 = 48.7080719696885 (2.727252576034502)
9230-FEMALE_SAMPLED_49.4853689658983 = 49.4853689658983 (1.949955579824696)
1725-FEMALE_SAMPLED_50.1787144648904 = 50.1787144648904 (1.2566100808326013)
536-MALE_SAMPLED_51.2024001814487 = 51.2024001814487 (0.23292436427429664)
3081-FEMALE_SAMPLED_49.0414247445358 = 49.0414247445358 (2.393899801187196)
2977-FEMALE_SAMPLED_49.5788595683469 = 49.5788595683469 (1.856464977376099)
5011-FEMALE_SAMPLED_50.9837372573154 = 50.9837372573154 (0.45158728840760176)
9153-FEMALE_SAMPLED_49.0920558534624 = 49.0920558534624 (2.343268692260601)
10579-FEMALE_SAMPLED_51.0825037886450 = 51.082503788645 (0.35282075707799976)
372-MALE_SAMPLED_51.0042748458280 = 51.004274845828 (0.43104969989499864)
10057-MALE_SAMPLED_49.8884359628490 = 49.888435962849 (1.546888582873997)
5446-MALE_SAMPLED_50.9821517120643 = 50.9821517120643 (0.453172833658698)
8720-MALE_SAMPLED_49.4282495032592 = 49.4282495032592 (2.0070750424637964)
6685-FEMALE_SAMPLED_50.9887361726785 = 50.9887361726785 (0.4465883730444986)
10538-FEMALE_SAMPLED_50.1821656611344 = 50.1821656611344 (1.2531588845886006)
5567-FEMALE_SAMPLED_51.0421709646533 = 51.0421709646533 (0.3931535810696971)
2922-MALE_SAMPLED_51.4261314950479 = 51.4261314950479 (0.009193050675101233)
3569-FEMALE_SAMPLED_51.2446903837906 = 51.2446903837906 (0.19063416193240101)
2339-FEMALE_SAMPLED_50.2736925988054 = 50.2736925988054 (1.161631946917602)
7980-MALE_SAMPLED_49.9415585135637 = 49.9415585135637 (1.4937660321593)
9105-FEMALE_SAMPLED_48.8054631829789 = 48.8054631829789 (2.6298613627441014)
4034-MALE_SAMPLED_51.4260416927344 = 51.4260416927344 (0.009282852988597767)
10367-MALE_SAMPLED_51.2194263301852 = 51.2194263301852 (0.21589821553779842)
10155-MALE_SAMPLED_50.2168946736554 = 50.2168946736554 (1.2184298720675955)
10637-MALE_SAMPLED_50.7389089749256 = 50.7389089749256 (0.6964155707973987)
3260-MALE_SAMPLED_48.8848728726214 = 48.8848728726214 (2.5504516731015983)
7585-FEMALE_SAMPLED_49.9905896324260 = 49.990589632426 (1.4447349132969975)
8272-FEMALE_SAMPLED_48.9247850989985 = 48.9247850989985 (2.5105394467245006)
4163-FEMALE_SAMPLED_48.7682276042240 = 48.768227604224 (2.667096941498997)
10106-MALE_SAMPLED_48.6896602574332 = 48.6896602574332 (2.7456642882898024)
4334-MALE_SAMPLED_49.8852971573422 = 49.8852971573422 (1.5500273883807978)
4133-FEMALE_SAMPLED_50.1475827940801 = 50.1475827940801 (1.2877417516428977)
8593-MALE_SAMPLED_50.2382842050927 = 50.2382842050927 (1.197040340630302)
3568-MALE_SAMPLED_50.5841996779261 = 50.5841996779261 (0.8511248677968979)
9101-FEMALE_SAMPLED_49.1997022805797 = 49.1997022805797 (2.2356222651432986)
7204-MALE_SAMPLED_48.4674610139398 = 48.4674610139398 (2.967863531783202)
7464-MALE_SAMPLED_49.8563571244074 = 49.8563571244074 (1.5789674213155962)
10066-MALE_SAMPLED_50.3633256238016 = 50.3633256238016 (1.0719989219213986)
3669-FEMALE_SAMPLED_51.2755084401058 = 51.2755084401058 (0.15981610561719606)
4658-MALE_SAMPLED_50.6854808018605 = 50.6854808018605 (0.749843743862499)
3096-MALE_SAMPLED_50.8414798502406 = 50.8414798502406 (0.5938446954823959)
1843-FEMALE_SAMPLED_50.0541020466542 = 50.0541020466542 (1.381222499068798)
4623-FEMALE_SAMPLED_49.5412439652780 = 49.541243965278 (1.8940805804449994)
10479-FEMALE_SAMPLED_51.1599891728318 = 51.1599891728318 (0.2753353728911989)
4235-FEMALE_SAMPLED_50.0205998178633 = 50.0205998178633 (1.4147247278596993)
7362-MALE_SAMPLED_48.4882426534375 = 48.4882426534375 (2.947081892285496)
2632-MALE_SAMPLED_49.4690146595301 = 49.4690146595301 (1.9663098861928958)
9191-FEMALE_SAMPLED_48.5163386797129 = 48.5163386797129 (2.9189858660100967)
4363-FEMALE_SAMPLED_50.5150953978362 = 50.5150953978362 (0.9202291478868005)
6387-FEMALE_SAMPLED_49.0225272011074 = 49.0225272011074 (2.4127973446155977)
9765-FEMALE_SAMPLED_51.1317589809249 = 51.1317589809249 (0.3035655647980988)
3982-MALE_SAMPLED_49.6320534553441 = 49.6320534553441 (1.8032710903788995)
10434-MALE_SAMPLED_50.9084992248161 = 50.9084992248161 (0.5268253209069016)
10253-FEMALE_SAMPLED_50.8436143102652 = 50.8436143102652 (0.5917102354577963)
9297-FEMALE_SAMPLED_50.4006292580223 = 50.4006292580223 (1.0346952877006999)
5801-FEMALE_SAMPLED_51.2772905828959 = 51.2772905828959 (0.1580339628270977)
10561-MALE_SAMPLED_51.3672820257550 = 51.367282025755 (0.06804251996799593)
6018-MALE_SAMPLED_50.3719905223759 = 50.3719905223759 (1.063334023347096)
1058-MALE_SAMPLED_48.9473068823634 = 48.9473068823634 (2.4880176633595994)
8216-MALE_SAMPLED_48.6535865529502 = 48.6535865529502 (2.781737992772797)
8332-FEMALE_SAMPLED_49.5848540233044 = 49.5848540233044 (1.8504705224185969)
2212-MALE_SAMPLED_49.2632442780366 = 49.2632442780366 (2.172080267686397)
5497-FEMALE_SAMPLED_49.2729948544937 = 49.2729948544937 (2.1623296912292957)
9816-MALE_SAMPLED_49.6491314454532 = 49.6491314454532 (1.7861931002697986)
10724-FEMALE_SAMPLED_51.2082856318509 = 51.2082856318509 (0.22703891387210007)
1152-MALE_SAMPLED_48.9169938594630 = 48.916993859463 (2.5183306862600006)
271-FEMALE_SAMPLED_50.8485620073105 = 50.8485620073105 (0.5867625384125006)
7852-MALE_SAMPLED_49.6304272222394 = 49.6304272222394 (1.8048973234836012)
3589-FEMALE_SAMPLED_48.5420322164489 = 48.5420322164489 (2.8932923292740966)
9720-MALE_SAMPLED_48.8108363272684 = 48.8108363272684 (2.6244882184546015)
6978-MALE_SAMPLED_50.7142750679111 = 50.7142750679111 (0.7210494778118957)
2851-FEMALE_SAMPLED_49.8475266078083 = 49.8475266078083 (1.5877979379147007)
6886-MALE_SAMPLED_50.4182768284871 = 50.4182768284871 (1.0170477172358972)
9722-MALE_SAMPLED_50.3049839888761 = 50.3049839888761 (1.130340556846896)
1595-FEMALE_SAMPLED_48.9623423346846 = 48.9623423346846 (2.472982211038399)
10737-FEMALE_SAMPLED_51.2636794094058 = 51.2636794094058 (0.17164513631719558)
3468-MALE_SAMPLED_50.4244803141399 = 50.4244803141399 (1.0108442315830999)
9111-MALE_SAMPLED_50.4653639828382 = 50.4653639828382 (0.9699605628848005)
1724-MALE_SAMPLED_50.0701290983768 = 50.0701290983768 (1.3651954473461956)
654-MALE_SAMPLED_48.8385076257462 = 48.8385076257462 (2.5968169199767956)
3046-MALE_SAMPLED_49.7477457181147 = 49.7477457181147 (1.6875788276082986)
2061-FEMALE_SAMPLED_51.3568244699916 = 51.3568244699916 (0.07850007573139806)
7444-MALE_SAMPLED_49.9246337725843 = 49.9246337725843 (1.5106907731386983)
8810-MALE_SAMPLED_50.6883553371361 = 50.6883553371361 (0.7469692085868971)
5735-FEMALE_SAMPLED_49.9986550558886 = 49.9986550558886 (1.4366694898344008)
Filter 1480-4479
338 taxa
3000 sites
1752 patterns
  UCRelaxedClockModel: using 674 rate categories to approximate rate distribution across branches.
  Using BEAGLE version: 2.1.2 resource 0: CPU
    with instance flags:  PRECISION_DOUBLE COMPUTATION_SYNCH EIGEN_REAL SCALING_MANUAL SCALERS_RAW VECTOR_SSE THREADING_NONE PROCESSOR_CPU FRAMEWORK_CPU
Filter 4480-6987
338 taxa
2508 sites
1652 patterns
  Using BEAGLE version: 2.1.2 resource 0: CPU
    with instance flags:  PRECISION_DOUBLE COMPUTATION_SYNCH EIGEN_REAL SCALING_MANUAL SCALERS_RAW VECTOR_SSE THREADING_NONE PROCESSOR_CPU FRAMEWORK_CPU
  Using BEAGLE version: 2.1.2 resource 0: CPU
    with instance flags:  PRECISION_DOUBLE COMPUTATION_SYNCH EIGEN_REAL SCALING_MANUAL SCALERS_RAW VECTOR_SSE THREADING_NONE PROCESSOR_CPU FRAMEWORK_CPU
===============================================================================
Citations for this model:

Bouckaert RR, Heled J, Kuehnert D, Vaughan TG, Wu C-H, Xie D, Suchard MA,
  Rambaut A, Drummond AJ (2014) BEAST 2: A software platform for Bayesian
  evolutionary analysis. PLoS Computational Biology 10(4): e1003537

Drummond AJ, Ho SYW, Phillips MJ, Rambaut A (2006) Relaxed Phylogenetics and
  Dating with Confidence. PLoS Biol 4(5): e88

===============================================================================
Warning: state contains a node gammaShape.s:300914_Village_scB_sample1_epi1_env for which there is no operator.
Restoring from file
Appending file 300914_Village_scB_sample1_epi1.log
Appending file 300914_Village_scB_sample1_epi1.trees
         Sample      posterior ESS(posterior)     likelihood          prior
        7006000   -313214.2285              N   -310625.3473     -2588.8811 --
        7016000   -313166.4344         2.0      -310580.4678     -2585.9665 --
        7026000   -313161.3884         3.0      -310581.3065     -2580.0819 --
        7036000   -313179.2361         4.0      -310601.2802     -2577.9558 --
        7046000   -313188.7064         5.0      -310607.7875     -2580.9189 --
        7056000   -313178.9489         6.0      -310598.7498     -2580.1991 2h48m12s/Msamples
        7066000   -313188.2086         7.0      -310608.4214     -2579.7872 2h48m23s/Msamples
        7076000   -313157.7069         8.0      -310572.9221     -2584.7847 2h47m55s/Msamples
        7086000   -313182.0284         9.0      -310585.9675     -2596.0609 2h49m45s/Msamples
        7096000   -313200.5984         9.0      -310603.7320     -2596.8664 2h48m41s/Msamples
        7106000   -313202.9427         9.7      -310599.5713     -2603.3713 2h47m41s/Msamples
        7116000   -313199.7648         6.3      -310602.2896     -2597.4752 2h49m28s/Msamples
        7126000   -313189.2479         6.1      -310591.6758     -2597.5720 2h49m30s/Msamples
        7136000   -313181.3713         6.8      -310575.3924     -2605.9789 2h49m47s/Msamples
        7146000   -313209.4739         8.0      -310610.5405     -2598.9333 2h49m29s/Msamples
        7156000   -313196.0007         4.1      -310595.9192     -2600.0814 2h49m18s/Msamples
        7166000   -313181.4939         4.7      -310588.2765     -2593.2174 2h49m15s/Msamples
        7176000   -313198.3040         4.7      -310601.0020     -2597.3019 2h49m34s/Msamples
        7186000   -313207.5690         4.9      -310607.1125     -2600.4565 2h49m15s/Msamples
        7196000   -313194.3116         6.1      -310592.4937     -2601.8178 2h49m26s/Msamples
        7206000   -313238.8858         6.1      -310642.5341     -2596.3516 2h49m21s/Msamples
        7216000   -313190.6258         6.6      -310586.8942     -2603.7316 2h49m5s/Msamples
        7226000   -313200.1288         6.6      -310601.3261     -2598.8027 2h49m6s/Msamples
        7236000   -313184.8671         7.5      -310578.2228     -2606.6442 2h49m12s/Msamples
        7246000   -313193.7733         7.7      -310590.3018     -2603.4714 2h48m48s/Msamples
        7256000   -313203.6701         7.7      -310603.1780     -2600.4921 2h48m34s/Msamples
        7266000   -313224.2416         7.4      -310628.4917     -2595.7498 2h48m18s/Msamples
        7276000   -313197.2917         7.7      -310595.0266     -2602.2651 2h48m25s/Msamples
        7286000   -313183.7913         8.4      -310587.5198     -2596.2714 2h48m37s/Msamples
        7296000   -313172.1013        17.8      -310574.2538     -2597.8475 2h48m51s/Msamples
        7306000   -313188.7002        17.9      -310593.2921     -2595.4080 2h48m49s/Msamples
        7316000   -313193.0571        18.5      -310599.5176     -2593.5395 2h48m43s/Msamples
        7326000   -313196.9353        19.2      -310602.1885     -2594.7468 2h48m57s/Msamples
        7336000   -313196.0044        19.9      -310603.4335     -2592.5708 2h48m43s/Msamples
        7346000   -313188.2975        20.7      -310592.5420     -2595.7554 2h48m35s/Msamples
        7356000   -313209.9794        21.9      -310602.9697     -2607.0096 2h48m34s/Msamples
        7366000   -313236.5341        22.6      -310633.6624     -2602.8717 2h48m33s/Msamples
        7376000   -313225.5164        19.2      -310622.4017     -2603.1147 2h48m34s/Msamples
        7386000   -313224.3618        16.7      -310619.5349     -2604.8269 2h48m37s/Msamples
        7396000   -313235.9416        13.6      -310630.9572     -2604.9844 2h48m28s/Msamples
        7406000   -313223.1387        11.8      -310620.3797     -2602.7589 2h48m36s/Msamples
        7416000   -313208.5812        11.2      -310606.1531     -2602.4280 2h48m30s/Msamples
        7426000   -313260.5903         9.3      -310657.2051     -2603.3852 2h48m23s/Msamples
        7436000   -313226.7468         8.6      -310622.2490     -2604.4977 2h48m18s/Msamples
        7446000   -313236.6925         7.9      -310619.6229     -2617.0695 2h48m27s/Msamples
        7456000   -313223.1849         7.5      -310607.6406     -2615.5443 2h48m37s/Msamples
        7466000   -313258.8575         6.8      -310641.5318     -2617.3256 2h48m21s/Msamples
        7476000   -313238.2718         6.2      -310620.1627     -2618.1091 2h48m27s/Msamples
        7486000   -313218.0941         6.1      -310606.7705     -2611.3236 2h48m28s/Msamples
        7496000   -313229.4980         5.8      -310621.3974     -2608.1006 2h48m23s/Msamples
        7506000   -313232.3642         5.5      -310621.4044     -2610.9597 2h48m31s/Msamples
        7516000   -313227.3275         5.3      -310625.4567     -2601.8708 2h48m31s/Msamples
        7526000   -313223.8993         5.2      -310623.8244     -2600.0749 2h48m31s/Msamples
        7536000   -313207.1986         5.3      -310602.5402     -2604.6583 2h48m32s/Msamples
        7546000   -313218.4415         5.3      -310619.0132     -2599.4282 2h48m30s/Msamples
        7556000   -313263.7838         5.3      -310661.3880     -2602.3957 2h48m25s/Msamples
        7566000   -313212.0480         5.4      -310611.7448     -2600.3031 2h48m24s/Msamples
        7576000   -313245.2144         5.0      -310645.6511     -2599.5632 2h48m18s/Msamples
        7586000   -313182.3683         5.7      -310587.0182     -2595.3500 2h48m15s/Msamples
        7596000   -313178.8308         6.6      -310581.1212     -2597.7095 2h48m8s/Msamples
        7606000   -313216.2548         6.7      -310619.4330     -2596.8218 2h48m11s/Msamples
