
                   BEAST v2.2.0 Prerelease, 2002-2014
             Bayesian Evolutionary Analysis Sampling Trees
                       Designed and developed by
 Remco Bouckaert, Alexei J. Drummond, Andrew Rambaut & Marc A. Suchard
                                    
                     Department of Computer Science
                         University of Auckland
                        remco@cs.auckland.ac.nz
                        alexei@cs.auckland.ac.nz
                                    
                   Institute of Evolutionary Biology
                        University of Edinburgh
                           a.rambaut@ed.ac.uk
                                    
                    David Geffen School of Medicine
                 University of California, Los Angeles
                           msuchard@ucla.edu
                                    
                      Downloads, Help & Resources:
                           http://beast2.org/
                                    
  Source code distributed under the GNU Lesser General Public License:
                   http://github.com/CompEvol/beast2
                                    
                           BEAST developers:
   Alex Alekseyenko, Trevor Bedford, Erik Bloomquist, Joseph Heled, 
 Sebastian Hoehna, Denise Kuehnert, Philippe Lemey, Wai Lok Sibon Li, 
Gerton Lunter, Sidney Markowitz, Vladimir Minin, Michael Defoin Platel, 
                 Oliver Pybus, Chieh-Hsi Wu, Walter Xie
                                    
                               Thanks to:
          Roald Forsberg, Beth Shapiro and Korbinian Strimmer

Random number seed: 1413056812125

Uniform => beast.math.distributions.Uniform
Exponential => beast.math.distributions.Exponential
LogNormal => beast.math.distributions.LogNormalDistributionModel
Normal => beast.math.distributions.Normal
Beta => beast.math.distributions.Beta
Gamma => beast.math.distributions.Gamma
LaplaceDistribution => beast.math.distributions.LaplaceDistribution
prior => beast.math.distributions.Prior
InverseGamma => beast.math.distributions.InverseGamma
OneOnX => beast.math.distributions.OneOnX
Alignment(300914_Village_scB_sample1_epi1)
  338 taxa
  6987 sites
  4281 patterns

Filter 1-1479
338 taxa
1479 sites
923 patterns
2070-MALE_SAMPLED_50.2654454759384 = 50.2654454759384 (1.1698790697845993)
5447-FEMALE_SAMPLED_51.0247308889000 = 51.0247308889 (0.4105936568229964)
302-MALE_SAMPLED_50.8232164662393 = 50.8232164662393 (0.612108079483697)
7731-FEMALE_SAMPLED_51.0890654532766 = 51.0890654532766 (0.3462590924463953)
1670-MALE_SAMPLED_48.7831630974604 = 48.7831630974604 (2.6521614482625964)
7284-MALE_SAMPLED_49.6942488742123 = 49.6942488742123 (1.7410756715106999)
9932-FEMALE_SAMPLED_51.1098786932478 = 51.1098786932478 (0.3254458524751982)
322-MALE_SAMPLED_48.5473507463528 = 48.5473507463528 (2.887973799370201)
7027-FEMALE_SAMPLED_48.8066447037334 = 48.8066447037334 (2.6286798419896016)
854-MALE_SAMPLED_50.9093207344475 = 50.9093207344475 (0.5260038112755012)
9880-MALE_SAMPLED_48.5699682000621 = 48.5699682000621 (2.8653563456608993)
8940-FEMALE_SAMPLED_48.6933386228109 = 48.6933386228109 (2.7419859229121)
2614-MALE_SAMPLED_51.2660370410947 = 51.2660370410947 (0.16928750462830067)
4573-FEMALE_SAMPLED_51.3568810492350 = 51.356881049235 (0.0784434964879992)
3185-FEMALE_SAMPLED_50.9684277300319 = 50.9684277300319 (0.46689681569110064)
5141-FEMALE_SAMPLED_48.4393484892851 = 48.4393484892851 (2.9959760564378968)
252-MALE_SAMPLED_48.7524292268852 = 48.7524292268852 (2.682895318837801)
2485-FEMALE_SAMPLED_50.9026321747868 = 50.9026321747868 (0.5326923709361964)
3687-FEMALE_SAMPLED_49.3568951641271 = 49.3568951641271 (2.078429381595896)
4207-FEMALE_SAMPLED_48.9688390584259 = 48.9688390584259 (2.466485487297099)
884-MALE_SAMPLED_51.1198202443837 = 51.1198202443837 (0.3155043013392955)
4432-MALE_SAMPLED_48.5092199398266 = 48.5092199398266 (2.9261046058963984)
8796-MALE_SAMPLED_49.3770062178435 = 49.3770062178435 (2.0583183278794976)
42-MALE_SAMPLED_50.2904110010775 = 50.2904110010775 (1.1449135446454974)
724-MALE_SAMPLED_48.6874975371236 = 48.6874975371236 (2.747827008599401)
10862-MALE_SAMPLED_50.5681633362608 = 50.5681633362608 (0.8671612094621963)
765-FEMALE_SAMPLED_50.0447069383288 = 50.0447069383288 (1.3906176073941978)
730-MALE_SAMPLED_49.0724623871563 = 49.0724623871563 (2.362862158566699)
9379-MALE_SAMPLED_51.2832671054701 = 51.2832671054701 (0.15205744025289647)
1090-MALE_SAMPLED_48.5434068946695 = 48.5434068946695 (2.8919176510534967)
134-MALE_SAMPLED_50.6257710796843 = 50.6257710796843 (0.8095534660387003)
1938-MALE_SAMPLED_48.5412763280390 = 48.541276328039 (2.894048217684002)
2853-FEMALE_SAMPLED_49.9022849162637 = 49.9022849162637 (1.5330396294592958)
4298-MALE_SAMPLED_50.9521517637248 = 50.9521517637248 (0.48317278199819924)
8597-FEMALE_SAMPLED_51.0356053151252 = 51.0356053151252 (0.3997192305977961)
2750-MALE_SAMPLED_48.8795465538340 = 48.879546553834 (2.555777991889002)
3672-MALE_SAMPLED_48.4761966117719 = 48.4761966117719 (2.959127933951102)
9532-MALE_SAMPLED_48.5635753218146 = 48.5635753218146 (2.8717492239084024)
9803-FEMALE_SAMPLED_50.3007509384832 = 50.3007509384832 (1.1345736072398012)
9853-MALE_SAMPLED_50.3108007775216 = 50.3108007775216 (1.1245237682013993)
1564-MALE_SAMPLED_48.7212595965309 = 48.7212595965309 (2.7140649491920996)
2483-FEMALE_SAMPLED_49.3456904643743 = 49.3456904643743 (2.0896340813486987)
7901-FEMALE_SAMPLED_50.0964870916276 = 50.0964870916276 (1.3388374540953976)
4733-FEMALE_SAMPLED_49.8574296573704 = 49.8574296573704 (1.5778948883525956)
117-FEMALE_SAMPLED_50.1578374016160 = 50.157837401616 (1.277487144106999)
9474-FEMALE_SAMPLED_49.5177306104513 = 49.5177306104513 (1.9175939352716966)
5474-MALE_SAMPLED_48.6926870772211 = 48.6926870772211 (2.742637468501897)
8458-MALE_SAMPLED_48.6351306031054 = 48.6351306031054 (2.8001939426175966)
2220-MALE_SAMPLED_49.5241607923588 = 49.5241607923588 (1.9111637533641996)
3574-MALE_SAMPLED_51.2890200861791 = 51.2890200861791 (0.1463044595438987)
3953-FEMALE_SAMPLED_49.5642041976160 = 49.564204197616 (1.8711203481069987)
999-FEMALE_SAMPLED_48.8001024578760 = 48.800102457876 (2.635222087846998)
7926-MALE_SAMPLED_49.0975965038004 = 49.0975965038004 (2.3377280419225954)
10614-MALE_SAMPLED_50.8553415176055 = 50.8553415176055 (0.5799830281174962)
10407-MALE_SAMPLED_50.9194525994888 = 50.9194525994888 (0.5158719462341992)
11119-MALE_SAMPLED_51.3958308550125 = 51.3958308550125 (0.03949369071050057)
3465-FEMALE_SAMPLED_49.0602457583944 = 49.0602457583944 (2.3750787873285972)
5502-MALE_SAMPLED_48.5304281651104 = 48.5304281651104 (2.9048963806125983)
9805-FEMALE_SAMPLED_48.8793284134070 = 48.879328413407 (2.5559961323159968)
1422-MALE_SAMPLED_50.6664678389268 = 50.6664678389268 (0.7688567067961998)
3517-FEMALE_SAMPLED_49.2241510222728 = 49.2241510222728 (2.2111735234501992)
8064-FEMALE_SAMPLED_49.0749646143584 = 49.0749646143584 (2.3603599313645987)
859-FEMALE_SAMPLED_49.2836009564406 = 49.2836009564406 (2.1517235892823976)
3189-FEMALE_SAMPLED_50.9366551726187 = 50.9366551726187 (0.49866937310429904)
2083-FEMALE_SAMPLED_49.4302278070307 = 49.4302278070307 (2.005096738692302)
406-MALE_SAMPLED_51.2961393136127 = 51.2961393136127 (0.1391852321103002)
6109-FEMALE_SAMPLED_51.1444091678193 = 51.1444091678193 (0.29091537790370126)
9277-FEMALE_SAMPLED_51.0111534707310 = 51.011153470731 (0.424171074991996)
4047-FEMALE_SAMPLED_48.6801132753087 = 48.6801132753087 (2.7552112704143)
6504-MALE_SAMPLED_49.1096906729570 = 49.109690672957 (2.325633872765998)
3055-FEMALE_SAMPLED_49.4083461419275 = 49.4083461419275 (2.0269784037954963)
2946-MALE_SAMPLED_50.6424410534153 = 50.6424410534153 (0.7928834923077019)
8778-MALE_SAMPLED_51.2371551310705 = 51.2371551310705 (0.19816941465249727)
9821-MALE_SAMPLED_49.1229786514366 = 49.1229786514366 (2.312345894286402)
3992-MALE_SAMPLED_48.7207813509802 = 48.7207813509802 (2.7145431947428023)
9590-MALE_SAMPLED_48.4992149774978 = 48.4992149774978 (2.9361095682251985)
9130-FEMALE_SAMPLED_50.9585911503589 = 50.9585911503589 (0.4767333953641)
8678-FEMALE_SAMPLED_49.6981494983254 = 49.6981494983254 (1.7371750473975993)
8528-FEMALE_SAMPLED_49.0427111976376 = 49.0427111976376 (2.3926133480853977)
184-MALE_SAMPLED_48.5140947003445 = 48.5140947003445 (2.921229845378498)
8668-MALE_SAMPLED_51.2734851052581 = 51.2734851052581 (0.1618394404648953)
2179-FEMALE_SAMPLED_50.4512219911037 = 50.4512219911037 (0.9841025546192981)
8589-FEMALE_SAMPLED_49.7227432371645 = 49.7227432371645 (1.712581308558498)
3076-MALE_SAMPLED_49.4372962310506 = 49.4372962310506 (1.9980283146723963)
9197-FEMALE_SAMPLED_51.2214138219195 = 51.2214138219195 (0.21391072380350096)
5856-MALE_SAMPLED_50.1405877836576 = 50.1405877836576 (1.2947367620653978)
8067-FEMALE_SAMPLED_49.1858085258926 = 49.1858085258926 (2.249516019830402)
3118-MALE_SAMPLED_51.1314799641321 = 51.1314799641321 (0.30384458159090144)
666-MALE_SAMPLED_50.1079409986330 = 50.107940998633 (1.327383547090001)
6587-FEMALE_SAMPLED_48.8808246990728 = 48.8808246990728 (2.5544998466502022)
152-MALE_SAMPLED_50.8767144046786 = 50.8767144046786 (0.5586101410443973)
9647-MALE_SAMPLED_50.8779762198745 = 50.8779762198745 (0.5573483258485012)
10179-FEMALE_SAMPLED_49.2639061026337 = 49.2639061026337 (2.1714184430893013)
1794-MALE_SAMPLED_50.4467009021962 = 50.4467009021962 (0.9886236435268003)
4611-FEMALE_SAMPLED_50.6016753865468 = 50.6016753865468 (0.833649159176197)
7601-FEMALE_SAMPLED_48.6832470055731 = 48.6832470055731 (2.752077540149898)
8674-FEMALE_SAMPLED_48.9181071131086 = 48.9181071131086 (2.5172174326144017)
4095-FEMALE_SAMPLED_49.8682352772510 = 49.868235277251 (1.567089268471996)
3443-FEMALE_SAMPLED_50.9217516046545 = 50.9217516046545 (0.5135729410684959)
8438-MALE_SAMPLED_50.9337621608345 = 50.9337621608345 (0.5015623848885014)
1274-MALE_SAMPLED_50.5055087406716 = 50.5055087406716 (0.9298158050513976)
4850-MALE_SAMPLED_48.5456285097232 = 48.5456285097232 (2.8896960359997976)
2493-FEMALE_SAMPLED_49.7260468057419 = 49.7260468057419 (1.709277739981097)
460-MALE_SAMPLED_50.2873841882745 = 50.2873841882745 (1.1479403574484977)
7629-FEMALE_SAMPLED_50.4170591719510 = 50.417059171951 (1.018265373771996)
6085-FEMALE_SAMPLED_50.2603322363055 = 50.2603322363055 (1.1749923094174974)
7543-FEMALE_SAMPLED_49.3114506769987 = 49.3114506769987 (2.1238738687242957)
2704-MALE_SAMPLED_49.2840113847113 = 49.2840113847113 (2.1513131610117)
6097-FEMALE_SAMPLED_51.0499701250872 = 51.0499701250872 (0.3853544206357995)
1738-MALE_SAMPLED_51.1318368006094 = 51.1318368006094 (0.30348774511359977)
5733-FEMALE_SAMPLED_51.2785777547458 = 51.2785777547458 (0.156746790977202)
6047-FEMALE_SAMPLED_50.3197595686714 = 50.3197595686714 (1.1155649770515979)
928-MALE_SAMPLED_49.0678825145649 = 49.0678825145649 (2.367442031158099)
8471-MALE_SAMPLED_51.4062134185868 = 51.4062134185868 (0.029111127136197013)
10343-MALE_SAMPLED_51.4086969003609 = 51.4086969003609 (0.026627645362097496)
3315-FEMALE_SAMPLED_50.3835809580112 = 50.3835809580112 (1.0517435877117975)
9967-FEMALE_SAMPLED_50.7173108102350 = 50.717310810235 (0.7180137354880003)
346-MALE_SAMPLED_49.0150247607442 = 49.0150247607442 (2.420299784978802)
3469-FEMALE_SAMPLED_51.1578282972394 = 51.1578282972394 (0.277496248483601)
3201-FEMALE_SAMPLED_50.8419758821899 = 50.8419758821899 (0.5933486635330993)
2308-MALE_SAMPLED_51.0653336024905 = 51.0653336024905 (0.3699909432325015)
1888-MALE_SAMPLED_49.7366382952376 = 49.7366382952376 (1.6986862504854017)
2891-FEMALE_SAMPLED_50.8918414663120 = 50.891841466312 (0.543483079410997)
4652-MALE_SAMPLED_48.8131973990301 = 48.8131973990301 (2.622127146692897)
2886-MALE_SAMPLED_50.0595220332096 = 50.0595220332096 (1.3758025125133955)
8087-FEMALE_SAMPLED_48.7496789484347 = 48.7496789484347 (2.6856455972882998)
8267-MALE_SAMPLED_50.3212634916479 = 50.3212634916479 (1.1140610540751013)
7900-MALE_SAMPLED_50.6214813285103 = 50.6214813285103 (0.8138432172126997)
3884-MALE_SAMPLED_51.4042779204963 = 51.4042779204963 (0.03104662522670054)
9857-FEMALE_SAMPLED_50.9522597387029 = 50.9522597387029 (0.48306480702009935)
2118-MALE_SAMPLED_49.7914383518571 = 49.7914383518571 (1.643886193865896)
10316-MALE_SAMPLED_50.0737275751369 = 50.0737275751369 (1.361596970586099)
2658-MALE_SAMPLED_48.8054067350520 = 48.805406735052 (2.629917810670996)
2267-FEMALE_SAMPLED_51.0692901157370 = 51.069290115737 (0.36603442998600144)
10470-MALE_SAMPLED_50.8716833377319 = 50.8716833377319 (0.5636412079910968)
7101-FEMALE_SAMPLED_49.6594027679010 = 49.659402767901 (1.7759217778219991)
2535-FEMALE_SAMPLED_49.3415996311294 = 49.3415996311294 (2.0937249145936008)
5521-FEMALE_SAMPLED_49.9127110971665 = 49.9127110971665 (1.5226134485564984)
6118-MALE_SAMPLED_50.0320225637468 = 50.0320225637468 (1.403301981976199)
3276-MALE_SAMPLED_49.8830204291797 = 49.8830204291797 (1.5523041165432971)
653-FEMALE_SAMPLED_50.7678843557431 = 50.7678843557431 (0.6674401899798994)
3967-FEMALE_SAMPLED_51.0941716255682 = 51.0941716255682 (0.3411529201547978)
2030-MALE_SAMPLED_48.7723976429614 = 48.7723976429614 (2.6629269027615976)
9363-MALE_SAMPLED_49.8273714045124 = 49.8273714045124 (1.6079531412106007)
5559-FEMALE_SAMPLED_51.2238733293550 = 51.223873329355 (0.21145121636799757)
6496-MALE_SAMPLED_51.1970449360149 = 51.1970449360149 (0.23827960970810125)
8997-MALE_SAMPLED_51.1714958599830 = 51.171495859983 (0.26382868574000184)
7388-MALE_SAMPLED_51.2383360120064 = 51.2383360120064 (0.19698853371659908)
5669-FEMALE_SAMPLED_48.8511423012303 = 48.8511423012303 (2.584182244492702)
2746-MALE_SAMPLED_48.7579728835324 = 48.7579728835324 (2.6773516621905955)
9023-MALE_SAMPLED_48.8273028610336 = 48.8273028610336 (2.6080216846893975)
8019-FEMALE_SAMPLED_50.9705728420584 = 50.9705728420584 (0.4647517036645965)
4123-FEMALE_SAMPLED_51.1904876020333 = 51.1904876020333 (0.24483694368969822)
9298-MALE_SAMPLED_51.0559436057290 = 51.055943605729 (0.37938093999400024)
2982-MALE_SAMPLED_51.2578624510268 = 51.2578624510268 (0.177462094696196)
3013-FEMALE_SAMPLED_50.4129563679515 = 50.4129563679515 (1.0223681777714972)
10454-FEMALE_SAMPLED_49.3942167139674 = 49.3942167139674 (2.041107831755596)
9311-MALE_SAMPLED_48.4622801155845 = 48.4622801155845 (2.9730444301385006)
3505-FEMALE_SAMPLED_49.2587900166462 = 49.2587900166462 (2.176534529076797)
3559-FEMALE_SAMPLED_50.2326867394211 = 50.2326867394211 (1.202637806301901)
922-MALE_SAMPLED_48.7414825556396 = 48.7414825556396 (2.693841990083399)
7602-MALE_SAMPLED_48.5724359022050 = 48.572435902205 (2.862888643517998)
7335-FEMALE_SAMPLED_49.7505374890814 = 49.7505374890814 (1.6847870566415963)
100-MALE_SAMPLED_49.5597550876035 = 49.5597550876035 (1.8755694581195002)
3841-FEMALE_SAMPLED_51.3248936000807 = 51.3248936000807 (0.1104309456422996)
9852-MALE_SAMPLED_50.9130311494289 = 50.9130311494289 (0.5222933962940957)
5665-FEMALE_SAMPLED_49.1669341479490 = 49.166934147949 (2.2683903977739988)
4987-FEMALE_SAMPLED_50.9340556839077 = 50.9340556839077 (0.5012688618152978)
1540-MALE_SAMPLED_49.4640511709793 = 49.4640511709793 (1.9712733747436957)
7688-MALE_SAMPLED_50.7108167449540 = 50.710816744954 (0.7245078007689969)
9160-MALE_SAMPLED_49.9503074917073 = 49.9503074917073 (1.4850170540156995)
10435-MALE_SAMPLED_50.4017034883207 = 50.4017034883207 (1.0336210574023)
10667-FEMALE_SAMPLED_50.8243166448145 = 50.8243166448145 (0.611007900908497)
10006-MALE_SAMPLED_48.6556932088049 = 48.6556932088049 (2.7796313369181007)
8564-MALE_SAMPLED_50.9615960549625 = 50.9615960549625 (0.47372849076050016)
5370-MALE_SAMPLED_48.6963353697272 = 48.6963353697272 (2.7389891759957976)
4115-FEMALE_SAMPLED_48.4893945728025 = 48.4893945728025 (2.9459299729204957)
378-MALE_SAMPLED_49.7271546167383 = 49.7271546167383 (1.7081699289847023)
9777-FEMALE_SAMPLED_51.3785454616944 = 51.3785454616944 (0.05677908402859799)
4145-FEMALE_SAMPLED_48.5101496975465 = 48.5101496975465 (2.9251748481764963)
7337-FEMALE_SAMPLED_49.7183905546615 = 49.7183905546615 (1.7169339910615022)
4305-FEMALE_SAMPLED_49.4170567414319 = 49.4170567414319 (2.0182678042910993)
3558-MALE_SAMPLED_49.8700611561133 = 49.8700611561133 (1.5652633896096972)
7086-MALE_SAMPLED_51.3514410369160 = 51.351441036916 (0.08388350880699846)
3676-MALE_SAMPLED_49.3087719569510 = 49.308771956951 (2.1265525887720003)
5547-FEMALE_SAMPLED_50.6417761743130 = 50.641776174313 (0.7935483714099973)
9879-MALE_SAMPLED_49.2334392564433 = 49.2334392564433 (2.2018852892797014)
1622-MALE_SAMPLED_48.6099075048758 = 48.6099075048758 (2.8254170408471992)
6316-MALE_SAMPLED_50.5388962547357 = 50.5388962547357 (0.896428290987302)
1305-FEMALE_SAMPLED_50.5153205622981 = 50.5153205622981 (0.9200039834248983)
6888-MALE_SAMPLED_49.4533753979547 = 49.4533753979547 (1.9819491477682973)
7033-FEMALE_SAMPLED_48.4657468986759 = 48.4657468986759 (2.969577647047096)
2324-MALE_SAMPLED_48.4360003052341 = 48.4360003052341 (2.999324240488896)
10778-MALE_SAMPLED_51.4026233293178 = 51.4026233293178 (0.03270121640520074)
7611-FEMALE_SAMPLED_49.2669368186096 = 49.2669368186096 (2.168387727113398)
7113-FEMALE_SAMPLED_51.3855231970145 = 51.3855231970145 (0.04980134870849895)
9597-MALE_SAMPLED_50.2485144659939 = 50.2485144659939 (1.1868100797290992)
3418-MALE_SAMPLED_50.3622781268848 = 50.3622781268848 (1.0730464188381958)
7346-MALE_SAMPLED_50.0248977253275 = 50.0248977253275 (1.4104268203955002)
2748-MALE_SAMPLED_50.2769721923458 = 50.2769721923458 (1.1583523533771967)
10045-FEMALE_SAMPLED_50.1873003870776 = 50.1873003870776 (1.2480241586454)
9729-MALE_SAMPLED_49.2892217775869 = 49.2892217775869 (2.146102768136096)
7776-MALE_SAMPLED_51.2449898419498 = 51.2449898419498 (0.19033470377319617)
1903-FEMALE_SAMPLED_48.9196613498560 = 48.919661349856 (2.515663195866999)
8812-FEMALE_SAMPLED_50.4507095480865 = 50.4507095480865 (0.9846149976364984)
3602-MALE_SAMPLED_49.8478752705330 = 49.847875270533 (1.5874492751899965)
3855-FEMALE_SAMPLED_49.0003240516005 = 49.0003240516005 (2.435000494122498)
9341-FEMALE_SAMPLED_49.9604778827695 = 49.9604778827695 (1.474846662953496)
1589-FEMALE_SAMPLED_51.4353245457230 = 51.435324545723 (0.0)
243-FEMALE_SAMPLED_48.9430276134579 = 48.9430276134579 (2.4922969322650985)
2623-FEMALE_SAMPLED_50.8714666899821 = 50.8714666899821 (0.5638578557408991)
8417-FEMALE_SAMPLED_51.1704077904640 = 51.170407790464 (0.2649167552590015)
9856-FEMALE_SAMPLED_49.9882391658673 = 49.9882391658673 (1.4470853798557002)
9414-FEMALE_SAMPLED_51.3398404549869 = 51.3398404549869 (0.09548409073610031)
2466-MALE_SAMPLED_51.1974557365818 = 51.1974557365818 (0.23786880914119735)
2624-MALE_SAMPLED_50.1655523588477 = 50.1655523588477 (1.2697721868753007)
9043-MALE_SAMPLED_50.8506648026003 = 50.8506648026003 (0.5846597431226996)
3087-FEMALE_SAMPLED_48.5056882738198 = 48.5056882738198 (2.929636271903199)
1346-MALE_SAMPLED_49.2828216252445 = 49.2828216252445 (2.152502920478497)
9539-FEMALE_SAMPLED_51.2574075986693 = 51.2574075986693 (0.17791694705369565)
3387-FEMALE_SAMPLED_49.6762327759123 = 49.6762327759123 (1.759091769810702)
3930-MALE_SAMPLED_49.7702646963360 = 49.770264696336 (1.6650598493869992)
1977-FEMALE_SAMPLED_49.8657796303803 = 49.8657796303803 (1.5695449153426964)
6449-FEMALE_SAMPLED_51.1766034571981 = 51.1766034571981 (0.2587210885249007)
2348-MALE_SAMPLED_50.1979936314808 = 50.1979936314808 (1.2373309142422002)
5320-MALE_SAMPLED_49.1465979381526 = 49.1465979381526 (2.2887266075703963)
151-FEMALE_SAMPLED_49.7116167272969 = 49.7116167272969 (1.7237078184260994)
5313-FEMALE_SAMPLED_49.7842243097319 = 49.7842243097319 (1.6511002359911018)
3725-FEMALE_SAMPLED_50.1376026750138 = 50.1376026750138 (1.2977218707091964)
8367-FEMALE_SAMPLED_51.3034432006596 = 51.3034432006596 (0.13188134506339821)
3160-MALE_SAMPLED_50.7639108279316 = 50.7639108279316 (0.6714137177913955)
2582-MALE_SAMPLED_50.9438531997210 = 50.943853199721 (0.49147134600200104)
2438-MALE_SAMPLED_48.4469786223552 = 48.4469786223552 (2.9883459233677954)
678-MALE_SAMPLED_49.0882432079004 = 49.0882432079004 (2.347081337822601)
9971-FEMALE_SAMPLED_51.1992832135937 = 51.1992832135937 (0.23604133212929668)
9425-MALE_SAMPLED_49.8611460242017 = 49.8611460242017 (1.5741785215212971)
10621-MALE_SAMPLED_48.6946685577339 = 48.6946685577339 (2.7406559879891006)
9163-FEMALE_SAMPLED_49.4683581455672 = 49.4683581455672 (1.9669664001557976)
2751-FEMALE_SAMPLED_51.2994158833815 = 51.2994158833815 (0.13590866234149956)
10220-MALE_SAMPLED_51.1371980216416 = 51.1371980216416 (0.29812652408139684)
9334-FEMALE_SAMPLED_51.4210202391321 = 51.4210202391321 (0.014304306590901206)
5800-MALE_SAMPLED_49.1752909424311 = 49.1752909424311 (2.2600336032919017)
7425-FEMALE_SAMPLED_50.5569193826584 = 50.5569193826584 (0.878405163064599)
8028-FEMALE_SAMPLED_49.7532211411806 = 49.7532211411806 (1.6821034045423957)
3210-MALE_SAMPLED_48.5852613414234 = 48.5852613414234 (2.8500632042996017)
2478-MALE_SAMPLED_50.8213464657372 = 50.8213464657372 (0.6139780799857988)
10159-MALE_SAMPLED_50.9907091420671 = 50.9907091420671 (0.44461540365590224)
6996-MALE_SAMPLED_50.4527893462280 = 50.452789346228 (0.9825351994949969)
5718-MALE_SAMPLED_49.9945777726887 = 49.9945777726887 (1.4407467730342987)
1964-MALE_SAMPLED_49.6885921282290 = 49.688592128229 (1.7467324174940018)
3386-MALE_SAMPLED_48.9216406147523 = 48.9216406147523 (2.5136839309707)
10137-MALE_SAMPLED_48.7983393042876 = 48.7983393042876 (2.636985241435397)
9050-FEMALE_SAMPLED_48.8227214580464 = 48.8227214580464 (2.6126030876765967)
3654-MALE_SAMPLED_48.7080719696885 = 48.7080719696885 (2.727252576034502)
9230-FEMALE_SAMPLED_49.4853689658983 = 49.4853689658983 (1.949955579824696)
1725-FEMALE_SAMPLED_50.1787144648904 = 50.1787144648904 (1.2566100808326013)
536-MALE_SAMPLED_51.2024001814487 = 51.2024001814487 (0.23292436427429664)
3081-FEMALE_SAMPLED_49.0414247445358 = 49.0414247445358 (2.393899801187196)
2977-FEMALE_SAMPLED_49.5788595683469 = 49.5788595683469 (1.856464977376099)
5011-FEMALE_SAMPLED_50.9837372573154 = 50.9837372573154 (0.45158728840760176)
9153-FEMALE_SAMPLED_49.0920558534624 = 49.0920558534624 (2.343268692260601)
10579-FEMALE_SAMPLED_51.0825037886450 = 51.082503788645 (0.35282075707799976)
372-MALE_SAMPLED_51.0042748458280 = 51.004274845828 (0.43104969989499864)
10057-MALE_SAMPLED_49.8884359628490 = 49.888435962849 (1.546888582873997)
5446-MALE_SAMPLED_50.9821517120643 = 50.9821517120643 (0.453172833658698)
8720-MALE_SAMPLED_49.4282495032592 = 49.4282495032592 (2.0070750424637964)
6685-FEMALE_SAMPLED_50.9887361726785 = 50.9887361726785 (0.4465883730444986)
10538-FEMALE_SAMPLED_50.1821656611344 = 50.1821656611344 (1.2531588845886006)
5567-FEMALE_SAMPLED_51.0421709646533 = 51.0421709646533 (0.3931535810696971)
2922-MALE_SAMPLED_51.4261314950479 = 51.4261314950479 (0.009193050675101233)
3569-FEMALE_SAMPLED_51.2446903837906 = 51.2446903837906 (0.19063416193240101)
2339-FEMALE_SAMPLED_50.2736925988054 = 50.2736925988054 (1.161631946917602)
7980-MALE_SAMPLED_49.9415585135637 = 49.9415585135637 (1.4937660321593)
9105-FEMALE_SAMPLED_48.8054631829789 = 48.8054631829789 (2.6298613627441014)
4034-MALE_SAMPLED_51.4260416927344 = 51.4260416927344 (0.009282852988597767)
10367-MALE_SAMPLED_51.2194263301852 = 51.2194263301852 (0.21589821553779842)
10155-MALE_SAMPLED_50.2168946736554 = 50.2168946736554 (1.2184298720675955)
10637-MALE_SAMPLED_50.7389089749256 = 50.7389089749256 (0.6964155707973987)
3260-MALE_SAMPLED_48.8848728726214 = 48.8848728726214 (2.5504516731015983)
7585-FEMALE_SAMPLED_49.9905896324260 = 49.990589632426 (1.4447349132969975)
8272-FEMALE_SAMPLED_48.9247850989985 = 48.9247850989985 (2.5105394467245006)
4163-FEMALE_SAMPLED_48.7682276042240 = 48.768227604224 (2.667096941498997)
10106-MALE_SAMPLED_48.6896602574332 = 48.6896602574332 (2.7456642882898024)
4334-MALE_SAMPLED_49.8852971573422 = 49.8852971573422 (1.5500273883807978)
4133-FEMALE_SAMPLED_50.1475827940801 = 50.1475827940801 (1.2877417516428977)
8593-MALE_SAMPLED_50.2382842050927 = 50.2382842050927 (1.197040340630302)
3568-MALE_SAMPLED_50.5841996779261 = 50.5841996779261 (0.8511248677968979)
9101-FEMALE_SAMPLED_49.1997022805797 = 49.1997022805797 (2.2356222651432986)
7204-MALE_SAMPLED_48.4674610139398 = 48.4674610139398 (2.967863531783202)
7464-MALE_SAMPLED_49.8563571244074 = 49.8563571244074 (1.5789674213155962)
10066-MALE_SAMPLED_50.3633256238016 = 50.3633256238016 (1.0719989219213986)
3669-FEMALE_SAMPLED_51.2755084401058 = 51.2755084401058 (0.15981610561719606)
4658-MALE_SAMPLED_50.6854808018605 = 50.6854808018605 (0.749843743862499)
3096-MALE_SAMPLED_50.8414798502406 = 50.8414798502406 (0.5938446954823959)
1843-FEMALE_SAMPLED_50.0541020466542 = 50.0541020466542 (1.381222499068798)
4623-FEMALE_SAMPLED_49.5412439652780 = 49.541243965278 (1.8940805804449994)
10479-FEMALE_SAMPLED_51.1599891728318 = 51.1599891728318 (0.2753353728911989)
4235-FEMALE_SAMPLED_50.0205998178633 = 50.0205998178633 (1.4147247278596993)
7362-MALE_SAMPLED_48.4882426534375 = 48.4882426534375 (2.947081892285496)
2632-MALE_SAMPLED_49.4690146595301 = 49.4690146595301 (1.9663098861928958)
9191-FEMALE_SAMPLED_48.5163386797129 = 48.5163386797129 (2.9189858660100967)
4363-FEMALE_SAMPLED_50.5150953978362 = 50.5150953978362 (0.9202291478868005)
6387-FEMALE_SAMPLED_49.0225272011074 = 49.0225272011074 (2.4127973446155977)
9765-FEMALE_SAMPLED_51.1317589809249 = 51.1317589809249 (0.3035655647980988)
3982-MALE_SAMPLED_49.6320534553441 = 49.6320534553441 (1.8032710903788995)
10434-MALE_SAMPLED_50.9084992248161 = 50.9084992248161 (0.5268253209069016)
10253-FEMALE_SAMPLED_50.8436143102652 = 50.8436143102652 (0.5917102354577963)
9297-FEMALE_SAMPLED_50.4006292580223 = 50.4006292580223 (1.0346952877006999)
5801-FEMALE_SAMPLED_51.2772905828959 = 51.2772905828959 (0.1580339628270977)
10561-MALE_SAMPLED_51.3672820257550 = 51.367282025755 (0.06804251996799593)
6018-MALE_SAMPLED_50.3719905223759 = 50.3719905223759 (1.063334023347096)
1058-MALE_SAMPLED_48.9473068823634 = 48.9473068823634 (2.4880176633595994)
8216-MALE_SAMPLED_48.6535865529502 = 48.6535865529502 (2.781737992772797)
8332-FEMALE_SAMPLED_49.5848540233044 = 49.5848540233044 (1.8504705224185969)
2212-MALE_SAMPLED_49.2632442780366 = 49.2632442780366 (2.172080267686397)
5497-FEMALE_SAMPLED_49.2729948544937 = 49.2729948544937 (2.1623296912292957)
9816-MALE_SAMPLED_49.6491314454532 = 49.6491314454532 (1.7861931002697986)
10724-FEMALE_SAMPLED_51.2082856318509 = 51.2082856318509 (0.22703891387210007)
1152-MALE_SAMPLED_48.9169938594630 = 48.916993859463 (2.5183306862600006)
271-FEMALE_SAMPLED_50.8485620073105 = 50.8485620073105 (0.5867625384125006)
7852-MALE_SAMPLED_49.6304272222394 = 49.6304272222394 (1.8048973234836012)
3589-FEMALE_SAMPLED_48.5420322164489 = 48.5420322164489 (2.8932923292740966)
9720-MALE_SAMPLED_48.8108363272684 = 48.8108363272684 (2.6244882184546015)
6978-MALE_SAMPLED_50.7142750679111 = 50.7142750679111 (0.7210494778118957)
2851-FEMALE_SAMPLED_49.8475266078083 = 49.8475266078083 (1.5877979379147007)
6886-MALE_SAMPLED_50.4182768284871 = 50.4182768284871 (1.0170477172358972)
9722-MALE_SAMPLED_50.3049839888761 = 50.3049839888761 (1.130340556846896)
1595-FEMALE_SAMPLED_48.9623423346846 = 48.9623423346846 (2.472982211038399)
10737-FEMALE_SAMPLED_51.2636794094058 = 51.2636794094058 (0.17164513631719558)
3468-MALE_SAMPLED_50.4244803141399 = 50.4244803141399 (1.0108442315830999)
9111-MALE_SAMPLED_50.4653639828382 = 50.4653639828382 (0.9699605628848005)
1724-MALE_SAMPLED_50.0701290983768 = 50.0701290983768 (1.3651954473461956)
654-MALE_SAMPLED_48.8385076257462 = 48.8385076257462 (2.5968169199767956)
3046-MALE_SAMPLED_49.7477457181147 = 49.7477457181147 (1.6875788276082986)
2061-FEMALE_SAMPLED_51.3568244699916 = 51.3568244699916 (0.07850007573139806)
7444-MALE_SAMPLED_49.9246337725843 = 49.9246337725843 (1.5106907731386983)
8810-MALE_SAMPLED_50.6883553371361 = 50.6883553371361 (0.7469692085868971)
5735-FEMALE_SAMPLED_49.9986550558886 = 49.9986550558886 (1.4366694898344008)
Filter 1480-4479
338 taxa
3000 sites
1752 patterns
  UCRelaxedClockModel: using 674 rate categories to approximate rate distribution across branches.
  Using BEAGLE version: 2.1.2 resource 0: CPU
    with instance flags:  PRECISION_DOUBLE COMPUTATION_SYNCH EIGEN_REAL SCALING_MANUAL SCALERS_RAW VECTOR_SSE THREADING_NONE PROCESSOR_CPU FRAMEWORK_CPU
Filter 4480-6987
338 taxa
2508 sites
1652 patterns
  Using BEAGLE version: 2.1.2 resource 0: CPU
    with instance flags:  PRECISION_DOUBLE COMPUTATION_SYNCH EIGEN_REAL SCALING_MANUAL SCALERS_RAW VECTOR_SSE THREADING_NONE PROCESSOR_CPU FRAMEWORK_CPU
  Using BEAGLE version: 2.1.2 resource 0: CPU
    with instance flags:  PRECISION_DOUBLE COMPUTATION_SYNCH EIGEN_REAL SCALING_MANUAL SCALERS_RAW VECTOR_SSE THREADING_NONE PROCESSOR_CPU FRAMEWORK_CPU
===============================================================================
Citations for this model:

Bouckaert RR, Heled J, Kuehnert D, Vaughan TG, Wu C-H, Xie D, Suchard MA,
  Rambaut A, Drummond AJ (2014) BEAST 2: A software platform for Bayesian
  evolutionary analysis. PLoS Computational Biology 10(4): e1003537

Drummond AJ, Ho SYW, Phillips MJ, Rambaut A (2006) Relaxed Phylogenetics and
  Dating with Confidence. PLoS Biol 4(5): e88

===============================================================================
Warning: state contains a node gammaShape.s:300914_Village_scB_sample1_epi1_env for which there is no operator.
Writing file 300914_Village_scB_sample1_epi1.log
Writing file 300914_Village_scB_sample1_epi1.trees
         Sample      posterior ESS(posterior)     likelihood          prior
              0   -797056.3389              N   -794970.0856     -2086.2533 --
          10000   -599326.0867         2.0      -597900.6460     -1425.4407 --
          20000   -555923.2708         3.0      -554381.5421     -1541.7287 --
          30000   -535378.6016         4.0      -533790.6940     -1587.9076 --
          40000   -516913.7099         4.6      -515267.1278     -1646.5820 --
          50000   -501700.2099         4.0      -499981.2643     -1718.9455 --
          60000   -487662.5164         3.9      -485894.1806     -1768.3357 2h25m10s/Msamples
          70000   -472234.0818         4.0      -470374.3144     -1859.7673 2h24m2s/Msamples
          80000   -459330.2477         4.2      -457457.0930     -1873.1547 2h22m15s/Msamples
          90000   -444584.4435         2.8      -442634.7063     -1949.7372 2h18m29s/Msamples
         100000   -433941.1095         2.8      -431954.3426     -1986.7669 2h15m57s/Msamples
         110000   -423996.1727         2.7      -421980.7018     -2015.4708 2h14m49s/Msamples
         120000   -417036.4853         2.6      -415003.0508     -2033.4344 2h14m2s/Msamples
         130000   -410640.2568         2.6      -408594.3326     -2045.9241 2h13m10s/Msamples
         140000   -404972.6254         2.6      -402901.2578     -2071.3675 2h11m52s/Msamples
         150000   -398612.2199         2.7      -396528.4324     -2083.7874 2h11m12s/Msamples
         160000   -392988.9856         2.7      -390885.3718     -2103.6138 2h9m46s/Msamples
         170000   -389409.8229         2.6      -387287.8938     -2121.9290 2h8m18s/Msamples
         180000   -384018.6750         2.6      -381877.0006     -2141.6744 2h7m33s/Msamples
         190000   -377806.6193         2.6      -375658.0325     -2148.5868 2h6m23s/Msamples
         200000   -374652.2788         2.6      -372492.1013     -2160.1774 2h5m40s/Msamples
         210000   -372792.7942         2.7      -370627.2739     -2165.5202 2h5m6s/Msamples
         220000   -371968.1770         2.7      -369758.4307     -2209.7463 2h4m29s/Msamples
         230000   -370757.5688         2.7      -368568.0626     -2189.5061 2h4m19s/Msamples
         240000   -366855.4182         2.7      -364647.0530     -2208.3651 2h4m2s/Msamples
         250000   -366070.8880         2.7      -363867.5737     -2203.3142 2h3m27s/Msamples
         260000   -363701.0799         2.8      -361488.6578     -2212.4221 2h2m52s/Msamples
         270000   -363091.8873         2.8      -360872.6404     -2219.2468 2h2m25s/Msamples
         280000   -362363.7602         2.8      -360150.5115     -2213.2486 2h2m5s/Msamples
         290000   -361381.2604         2.9      -359153.3122     -2227.9481 2h1m41s/Msamples
         300000   -359905.1940         2.9      -357677.4884     -2227.7055 2h1m33s/Msamples
         310000   -357202.0440         2.9      -354965.2248     -2236.8192 2h1m25s/Msamples
         320000   -354366.6251         2.9      -352141.9788     -2224.6463 2h1m4s/Msamples
         330000   -353287.7610         3.0      -351065.5007     -2222.2603 2h0m46s/Msamples
         340000   -352454.3666         3.0      -350229.5134     -2224.8531 2h0m43s/Msamples
         350000   -351356.3166         3.0      -349133.0161     -2223.3005 2h0m31s/Msamples
         360000   -350427.9641         3.1      -348198.2350     -2229.7291 2h0m18s/Msamples
         370000   -349836.0556         3.1      -347598.2739     -2237.7817 2h0m9s/Msamples
         380000   -349703.5562         3.1      -347481.1848     -2222.3713 2h0m11s/Msamples
         390000   -349586.4244         3.1      -347365.3315     -2221.0929 1h59m52s/Msamples
         400000   -349465.1389         3.2      -347247.5346     -2217.6042 1h59m39s/Msamples
         410000   -349339.1135         3.2      -347110.6435     -2228.4700 1h59m25s/Msamples
         420000   -348565.3640         3.2      -346330.3529     -2235.0111 1h59m21s/Msamples
         430000   -348352.0328         3.3      -346111.5133     -2240.5195 1h59m12s/Msamples
         440000   -347529.3573         3.3      -345291.8800     -2237.4773 1h59m2s/Msamples
         450000   -346014.5099         3.3      -343770.1232     -2244.3867 1h58m58s/Msamples
         460000   -344841.4601         3.3      -342603.0571     -2238.4029 1h58m59s/Msamples
         470000   -343784.2220         3.4      -341549.7812     -2234.4407 1h58m58s/Msamples
         480000   -341210.3179         3.4      -338969.7284     -2240.5894 1h58m53s/Msamples
         490000   -341003.5522         3.4      -338769.5212     -2234.0309 1h58m41s/Msamples
         500000   -340964.4420         3.4      -338721.7285     -2242.7134 1h58m38s/Msamples
         510000   -340864.1095         3.5      -338618.6214     -2245.4880 1h58m35s/Msamples
         520000   -340864.8234         3.5      -338621.3663     -2243.4570 1h58m37s/Msamples
         530000   -340823.7770         3.5      -338578.4032     -2245.3737 1h58m36s/Msamples
         540000   -338812.9648         3.5      -336561.1431     -2251.8216 1h58m23s/Msamples
         550000   -337097.3675         3.6      -334842.3660     -2255.0015 1h58m16s/Msamples
         560000   -336428.7877         3.6      -334166.4559     -2262.3318 1h58m9s/Msamples
         570000   -335839.2789         3.6      -333589.1520     -2250.1268 1h57m57s/Msamples
         580000   -335779.5811         3.6      -333527.9268     -2251.6543 1h57m47s/Msamples
         590000   -335693.9375         3.6      -333445.1669     -2248.7705 1h57m39s/Msamples
         600000   -335384.2457         3.6      -333138.0199     -2246.2257 1h57m38s/Msamples
         610000   -335285.4675         3.6      -333027.7087     -2257.7588 1h57m35s/Msamples
         620000   -334287.9503         3.6      -332035.3326     -2252.6176 1h57m35s/Msamples
         630000   -333676.5322         3.6      -331417.3480     -2259.1841 1h57m34s/Msamples
         640000   -333448.3879         3.6      -331196.3686     -2252.0192 1h57m35s/Msamples
         650000   -332971.8746         3.7      -330720.5132     -2251.3613 1h57m29s/Msamples
         660000   -330549.3159         3.7      -328307.2914     -2242.0244 1h57m25s/Msamples
         670000   -330250.2837         3.7      -328004.1066     -2246.1771 1h57m24s/Msamples
         680000   -329803.9850         3.7      -327557.8158     -2246.1691 1h57m15s/Msamples
         690000   -329364.1732         3.6      -327108.8960     -2255.2771 1h57m10s/Msamples
         700000   -329324.9479         3.6      -327071.8646     -2253.0833 1h57m3s/Msamples
         710000   -329264.1932         3.6      -327007.4706     -2256.7226 1h57m2s/Msamples
         720000   -329259.4155         3.6      -327004.7856     -2254.6299 1h56m57s/Msamples
         730000   -329176.9744         3.6      -326915.9828     -2260.9916 1h56m51s/Msamples
         740000   -329146.6343         3.6      -326892.9569     -2253.6774 1h56m46s/Msamples
         750000   -329122.9636         3.6      -326875.8112     -2247.1524 1h56m39s/Msamples
         760000   -327396.5478         3.6      -325141.3201     -2255.2277 1h56m42s/Msamples
         770000   -326600.8763         3.6      -324335.8986     -2264.9776 1h56m39s/Msamples
         780000   -325432.1043         3.7      -323159.3135     -2272.7907 1h56m35s/Msamples
         790000   -324623.7700         3.5      -322345.9402     -2277.8298 1h56m32s/Msamples
         800000   -323990.9342         3.5      -321721.1323     -2269.8019 1h56m29s/Msamples
         810000   -323024.1933         3.5      -320758.6949     -2265.4984 1h56m27s/Msamples
         820000   -322405.4033         3.5      -320142.3379     -2263.0653 1h56m28s/Msamples
         830000   -322248.8615         3.5      -319971.9887     -2276.8728 1h56m25s/Msamples
         840000   -322241.6689         3.5      -319964.0661     -2277.6028 1h56m20s/Msamples
         850000   -322166.1900         3.5      -319889.0807     -2277.1093 1h56m18s/Msamples
         860000   -322141.3564         3.5      -319864.8616     -2276.4948 1h56m8s/Msamples
         870000   -322136.2476         3.5      -319862.3254     -2273.9222 1h56m7s/Msamples
         880000   -322161.9804         3.5      -319882.0284     -2279.9520 1h56m5s/Msamples
         890000   -322123.8966         3.4      -319848.0999     -2275.7967 1h56m8s/Msamples
         900000   -322113.9734         3.4      -319840.0698     -2273.9035 1h56m4s/Msamples
         910000   -322110.2165         3.4      -319822.3060     -2287.9105 1h56m5s/Msamples
         920000   -321836.0077         3.4      -319551.7969     -2284.2107 1h56m2s/Msamples
         930000   -321647.8990         3.4      -319363.4029     -2284.4960 1h55m58s/Msamples
         940000   -321551.4457         3.4      -319269.3549     -2282.0907 1h55m58s/Msamples
         950000   -321483.9345         3.4      -319201.4888     -2282.4457 1h56m0s/Msamples
         960000   -321212.2946         3.4      -318923.0383     -2289.2562 1h55m58s/Msamples
         970000   -321116.3778         3.4      -318833.2070     -2283.1707 1h55m53s/Msamples
         980000   -320962.0384         3.4      -318683.8483     -2278.1900 1h55m50s/Msamples
         990000   -320881.8938         3.3      -318607.1749     -2274.7189 1h55m46s/Msamples
        1000000   -320809.6178         3.3      -318532.1477     -2277.4700 1h55m44s/Msamples
        1010000   -320768.5799         3.3      -318491.3620     -2277.2179 1h55m44s/Msamples
        1020000   -320268.1926         3.3      -317999.4633     -2268.7292 1h55m42s/Msamples
        1030000   -320221.2490         3.3      -317943.6076     -2277.6414 1h55m38s/Msamples
        1040000   -320189.6613         3.3      -317910.9945     -2278.6667 1h55m35s/Msamples
        1050000   -320187.9913         3.3      -317910.6852     -2277.3060 1h55m34s/Msamples
        1060000   -320134.8220         3.3      -317862.6932     -2272.1287 1h55m30s/Msamples
        1070000   -320125.5764         3.3      -317853.7960     -2271.7804 1h55m27s/Msamples
        1080000   -320123.3622         3.3      -317838.7463     -2284.6159 1h55m27s/Msamples
        1090000   -320092.2443         3.2      -317817.3602     -2274.8841 1h55m24s/Msamples
        1100000   -320099.4520         3.2      -317820.4468     -2279.0051 1h55m23s/Msamples
        1110000   -319555.6739         3.2      -317268.0428     -2287.6310 1h55m18s/Msamples
        1120000   -319402.2121         3.2      -317108.5304     -2293.6816 1h55m18s/Msamples
        1130000   -318890.0092         3.2      -316606.3764     -2283.6327 1h55m16s/Msamples
        1140000   -317919.1042         3.2      -315626.4412     -2292.6629 1h55m15s/Msamples
        1150000   -316952.8073         3.2      -314657.2557     -2295.5516 1h55m16s/Msamples
        1160000   -316929.8579         3.2      -314631.5761     -2298.2818 1h55m16s/Msamples
        1170000   -316808.1152         3.2      -314514.7309     -2293.3842 1h55m15s/Msamples
        1180000   -316331.4841         3.2      -314044.8952     -2286.5888 1h55m14s/Msamples
        1190000   -316027.6779         3.1      -313740.8999     -2286.7780 1h55m12s/Msamples
        1200000   -315236.7296         3.1      -312941.7938     -2294.9358 1h55m11s/Msamples
        1210000   -314989.6046         3.2      -312694.2105     -2295.3940 1h55m8s/Msamples
        1220000   -314032.2033         3.2      -311731.0689     -2301.1343 1h55m5s/Msamples
        1230000   -313006.2471         3.2      -310714.1741     -2292.0730 1h55m4s/Msamples
        1240000   -312965.1769         3.2      -310675.6468     -2289.5300 1h55m4s/Msamples
        1250000   -312946.7974         3.2      -310647.8711     -2298.9263 1h55m3s/Msamples
        1260000   -312947.3941         3.2      -310638.6027     -2308.7914 1h55m2s/Msamples
        1270000   -312944.6341         3.2      -310641.3871     -2303.2470 1h54m58s/Msamples
        1280000   -312936.7183         3.2      -310634.6996     -2302.0187 1h54m58s/Msamples
        1290000   -312924.0364         3.1      -310628.9159     -2295.1205 1h54m57s/Msamples
        1300000   -312925.7883         3.1      -310625.9815     -2299.8068 1h54m54s/Msamples
        1310000   -312893.5244         3.1      -310592.1814     -2301.3430 1h54m53s/Msamples
        1320000   -312888.7841         3.1      -310587.4895     -2301.2946 1h54m52s/Msamples
        1330000   -312878.6622         3.1      -310580.9077     -2297.7544 1h54m52s/Msamples
        1340000   -312908.9757         3.1      -310611.3537     -2297.6220 1h54m52s/Msamples
        1350000   -312894.4161         3.1      -310594.1898     -2300.2262 1h54m51s/Msamples
        1360000   -312902.9481         3.1      -310601.3702     -2301.5779 1h54m49s/Msamples
        1370000   -312894.1629         3.1      -310593.5431     -2300.6197 1h54m48s/Msamples
        1380000   -312916.8236         3.2      -310621.3614     -2295.4622 1h54m48s/Msamples
        1390000   -312897.4311         3.1      -310597.3219     -2300.1092 1h54m46s/Msamples
        1400000   -312914.5947         3.1      -310616.1011     -2298.4936 1h54m47s/Msamples
        1410000   -312935.5251         3.1      -310629.8350     -2305.6900 1h54m46s/Msamples
        1420000   -312933.8892         3.1      -310615.8324     -2318.0567 1h54m47s/Msamples
        1430000   -312917.7132         3.1      -310608.7376     -2308.9756 1h54m46s/Msamples
        1440000   -312885.4789         3.1      -310571.8818     -2313.5970 1h54m45s/Msamples
        1450000   -312886.4220         3.1      -310577.8538     -2308.5682 1h54m44s/Msamples
        1460000   -312884.1516         3.1      -310571.7084     -2312.4432 1h54m44s/Msamples
        1470000   -312879.4593         3.1      -310569.4955     -2309.9637 1h54m40s/Msamples
        1480000   -312932.2131         3.1      -310614.8189     -2317.3941 1h54m39s/Msamples
        1490000   -312949.4219         3.1      -310622.3318     -2327.0901 1h54m40s/Msamples
        1500000   -312939.4331         3.1      -310614.3857     -2325.0473 1h54m38s/Msamples
        1510000   -312931.5267         3.1      -310616.6824     -2314.8442 1h54m36s/Msamples
        1520000   -312957.8840         3.1      -310633.9004     -2323.9836 1h54m33s/Msamples
        1530000   -312941.2174         3.1      -310630.4194     -2310.7979 1h54m30s/Msamples
        1540000   -312914.0046         3.1      -310600.2439     -2313.7606 1h54m28s/Msamples
        1550000   -312931.6465         3.1      -310619.4251     -2312.2214 1h54m26s/Msamples
        1560000   -312943.9138         3.1      -310619.6025     -2324.3113 1h54m24s/Msamples
        1570000   -312941.4950         3.1      -310615.6235     -2325.8715 1h54m22s/Msamples
        1580000   -312946.8311         3.1      -310624.1049     -2322.7262 1h54m21s/Msamples
        1590000   -312951.2377         3.1      -310623.7430     -2327.4946 1h54m19s/Msamples
        1600000   -312974.4663         3.1      -310647.9507     -2326.5155 1h54m17s/Msamples
        1610000   -312960.8590         3.1      -310626.2922     -2334.5667 1h54m14s/Msamples
        1620000   -312943.6907         3.1      -310610.7700     -2332.9207 1h54m12s/Msamples
        1630000   -312959.7408         3.1      -310621.8228     -2337.9180 1h54m9s/Msamples
        1640000   -312966.9713         3.1      -310631.9907     -2334.9806 1h54m8s/Msamples
        1650000   -312984.5807         3.1      -310651.1771     -2333.4035 1h54m7s/Msamples
        1660000   -312933.6586         3.1      -310606.8045     -2326.8541 1h54m5s/Msamples
        1670000   -312965.7141         3.1      -310640.6445     -2325.0695 1h54m2s/Msamples
        1680000   -312936.3063         3.1      -310606.9140     -2329.3922 1h54m1s/Msamples
        1690000   -312937.3907         3.1      -310609.4892     -2327.9015 1h53m57s/Msamples
        1700000   -312904.5098         3.1      -310574.9865     -2329.5233 1h53m54s/Msamples
        1710000   -312969.1440         3.1      -310638.8719     -2330.2721 1h53m51s/Msamples
        1720000   -312922.4441         3.1      -310603.4029     -2319.0412 1h53m51s/Msamples
        1730000   -312921.8106         3.1      -310591.4475     -2330.3630 1h53m50s/Msamples
        1740000   -312950.1352         3.1      -310633.7054     -2316.4297 1h53m48s/Msamples
        1750000   -312904.0541         3.1      -310582.1121     -2321.9420 1h53m44s/Msamples
        1760000   -312937.1938         3.1      -310613.6245     -2323.5693 1h53m43s/Msamples
        1770000   -312916.6383         3.1      -310598.7080     -2317.9303 1h53m44s/Msamples
        1780000   -312966.2239         3.1      -310632.2627     -2333.9611 1h53m42s/Msamples
        1790000   -312924.2005         3.1      -310593.7534     -2330.4470 1h53m40s/Msamples
        1800000   -312942.7719         3.1      -310613.2405     -2329.5313 1h53m39s/Msamples
        1810000   -312919.3494         3.1      -310590.7453     -2328.6041 1h53m35s/Msamples
        1820000   -312932.4068         3.1      -310602.9472     -2329.4595 1h53m34s/Msamples
        1830000   -312960.6997         3.1      -310632.9818     -2327.7178 1h53m32s/Msamples
        1840000   -312950.8702         3.1      -310611.4853     -2339.3849 1h53m28s/Msamples
        1850000   -312938.9121         3.1      -310611.9653     -2326.9467 1h53m27s/Msamples
        1860000   -312939.3086         3.1      -310614.8648     -2324.4438 1h53m26s/Msamples
        1870000   -312935.4945         3.1      -310597.7221     -2337.7723 1h53m23s/Msamples
        1880000   -312909.6432         3.1      -310574.9406     -2334.7025 1h53m22s/Msamples
        1890000   -312958.6437         3.1      -310623.0869     -2335.5568 1h53m20s/Msamples
        1900000   -312977.3580         3.1      -310631.5904     -2345.7675 1h53m18s/Msamples
        1910000   -312947.9729         3.1      -310608.9671     -2339.0058 1h53m17s/Msamples
        1920000   -312937.0840         3.1      -310596.6869     -2340.3970 1h53m15s/Msamples
        1930000   -312948.0448         3.2      -310607.5607     -2340.4841 1h53m11s/Msamples
        1940000   -312955.6671         3.2      -310609.8532     -2345.8139 1h53m11s/Msamples
        1950000   -312932.4742         3.2      -310597.8841     -2334.5901 1h53m9s/Msamples
        1960000   -312955.8208         3.2      -310611.3948     -2344.4260 1h53m8s/Msamples
        1970000   -312950.3603         3.2      -310606.4738     -2343.8864 1h53m7s/Msamples
        1980000   -312958.3424         3.2      -310611.9726     -2346.3698 1h53m7s/Msamples
        1990000   -312978.3606         3.2      -310637.6195     -2340.7411 1h53m5s/Msamples
        2000000   -312975.9325         3.2      -310632.5735     -2343.3590 1h53m3s/Msamples
        2010000   -312968.8799         3.2      -310630.5652     -2338.3146 1h53m1s/Msamples
        2020000   -312979.7379         3.2      -310628.9828     -2350.7550 1h53m0s/Msamples
        2030000   -312974.9050         3.2      -310627.2327     -2347.6723 1h52m58s/Msamples
        2040000   -312961.3708         3.2      -310613.6687     -2347.7020 1h52m58s/Msamples
        2050000   -312994.1803         3.2      -310639.7438     -2354.4365 1h52m57s/Msamples
        2060000   -312994.9581         3.3      -310644.7070     -2350.2511 1h52m56s/Msamples
        2070000   -312996.1720         3.3      -310650.0065     -2346.1655 1h52m55s/Msamples
        2080000   -312959.8934         3.3      -310623.0614     -2336.8319 1h52m53s/Msamples
        2090000   -312965.5486         3.3      -310628.6891     -2336.8594 1h52m52s/Msamples
        2100000   -312952.4049         3.3      -310613.1807     -2339.2242 1h52m51s/Msamples
        2110000   -312951.5824         3.3      -310620.1016     -2331.4807 1h52m50s/Msamples
        2120000   -312944.1645         3.3      -310599.9904     -2344.1741 1h52m48s/Msamples
        2130000   -312946.1602         3.3      -310605.3234     -2340.8367 1h52m47s/Msamples
        2140000   -312961.9442         3.3      -310618.3649     -2343.5793 1h52m47s/Msamples
        2150000   -312936.4166         3.3      -310584.5161     -2351.9005 1h52m45s/Msamples
        2160000   -312966.4025         3.3      -310616.0322     -2350.3703 1h52m42s/Msamples
        2170000   -312964.9921         3.3      -310614.8147     -2350.1774 1h52m42s/Msamples
        2180000   -312951.0836         3.4      -310599.2163     -2351.8672 1h52m40s/Msamples
        2190000   -312955.7313         3.4      -310611.4037     -2344.3276 1h52m40s/Msamples
        2200000   -312980.2293         3.4      -310628.8052     -2351.4240 1h52m38s/Msamples
        2210000   -312976.5554         3.4      -310621.2497     -2355.3056 1h52m38s/Msamples
        2220000   -312977.5274         3.4      -310622.9257     -2354.6017 1h52m38s/Msamples
        2230000   -312981.9256         3.4      -310619.7595     -2362.1661 1h52m37s/Msamples
        2240000   -312958.4149         3.4      -310592.4439     -2365.9710 1h52m36s/Msamples
        2250000   -312970.1589         3.4      -310605.5831     -2364.5758 1h52m34s/Msamples
        2260000   -313016.6120         3.4      -310649.7327     -2366.8792 1h52m32s/Msamples
        2270000   -312971.9600         3.4      -310603.7096     -2368.2504 1h52m31s/Msamples
        2280000   -312979.8211         3.4      -310619.0221     -2360.7989 1h52m30s/Msamples
        2290000   -312966.3950         3.4      -310597.9438     -2368.4511 1h52m30s/Msamples
        2300000   -312958.8819         3.5      -310580.2482     -2378.6336 1h52m28s/Msamples
        2310000   -312963.4688         3.5      -310592.3889     -2371.0798 1h52m28s/Msamples
        2320000   -312974.9585         3.5      -310610.4683     -2364.4901 1h52m27s/Msamples
        2330000   -312981.8601         3.5      -310599.1439     -2382.7162 1h52m25s/Msamples
        2340000   -313000.5353         3.5      -310623.5437     -2376.9916 1h52m24s/Msamples
        2350000   -313005.6844         3.5      -310620.0305     -2385.6538 1h52m23s/Msamples
        2360000   -313019.1472         3.5      -310635.4229     -2383.7242 1h52m22s/Msamples
        2370000   -312991.6905         3.5      -310607.2369     -2384.4536 1h52m22s/Msamples
        2380000   -312991.2566         3.5      -310608.3067     -2382.9498 1h52m22s/Msamples
        2390000   -313048.3731         3.5      -310655.7955     -2392.5776 1h52m21s/Msamples
        2400000   -313013.9635         3.5      -310619.1395     -2394.8239 1h52m21s/Msamples
        2410000   -313002.2457         3.6      -310619.0217     -2383.2239 1h52m22s/Msamples
        2420000   -313003.8779         3.6      -310611.8693     -2392.0086 1h52m21s/Msamples
        2430000   -312997.7152         3.6      -310608.7316     -2388.9836 1h52m22s/Msamples
        2440000   -313054.5728         3.6      -310661.5018     -2393.0709 1h52m20s/Msamples
        2450000   -313008.8255         3.6      -310617.5985     -2391.2270 1h52m19s/Msamples
        2460000   -313005.3974         3.6      -310608.1688     -2397.2285 1h52m17s/Msamples
        2470000   -313006.5600         3.6      -310613.7229     -2392.8370 1h52m16s/Msamples
        2480000   -313049.1801         3.6      -310646.3473     -2402.8327 1h52m16s/Msamples
        2490000   -313054.3806         3.6      -310646.5506     -2407.8299 1h52m15s/Msamples
        2500000   -312998.2590         3.6      -310583.2523     -2415.0067 1h52m14s/Msamples
        2510000   -312988.1641         3.7      -310581.7072     -2406.4568 1h52m13s/Msamples
        2520000   -313021.5957         3.7      -310614.6319     -2406.9637 1h52m13s/Msamples
        2530000   -313012.5410         3.7      -310602.4598     -2410.0811 1h52m13s/Msamples
        2540000   -312986.6470         3.7      -310577.5542     -2409.0927 1h52m12s/Msamples
        2550000   -313013.3957         3.7      -310598.0065     -2415.3892 1h52m11s/Msamples
        2560000   -313000.6253         3.7      -310590.1113     -2410.5139 1h52m11s/Msamples
        2570000   -313027.0128         3.7      -310613.7496     -2413.2632 1h52m12s/Msamples
        2580000   -313028.6478         3.7      -310608.0381     -2420.6096 1h52m10s/Msamples
        2590000   -313016.9896         3.7      -310598.3891     -2418.6004 1h52m10s/Msamples
        2600000   -313031.4643         3.8      -310606.3797     -2425.0846 1h52m9s/Msamples
        2610000   -313029.8852         3.8      -310593.5674     -2436.3177 1h52m7s/Msamples
        2620000   -313056.6770         3.8      -310628.7592     -2427.9178 1h52m7s/Msamples
        2630000   -313085.3404         3.8      -310653.3220     -2432.0183 1h52m6s/Msamples
        2640000   -313091.1877         3.8      -310662.3043     -2428.8833 1h52m5s/Msamples
        2650000   -313059.2907         3.8      -310625.4132     -2433.8775 1h52m4s/Msamples
        2660000   -313046.5419         3.8      -310610.9024     -2435.6395 1h52m5s/Msamples
        2670000   -313055.6309         3.8      -310612.3339     -2443.2970 1h52m4s/Msamples
        2680000   -313081.5393         3.9      -310643.1419     -2438.3974 1h52m3s/Msamples
        2690000   -313054.9865         3.9      -310614.8868     -2440.0997 1h52m2s/Msamples
        2700000   -313031.8742         3.9      -310591.1443     -2440.7298 1h52m2s/Msamples
        2710000   -313053.7825         3.9      -310616.4941     -2437.2884 1h52m2s/Msamples
        2720000   -313026.8551         3.9      -310592.6607     -2434.1943 1h52m2s/Msamples
        2730000   -313056.1466         3.9      -310620.3143     -2435.8323 1h52m1s/Msamples
        2740000   -313039.4117         3.9      -310613.7084     -2425.7032 1h52m0s/Msamples
        2750000   -313015.9891         3.9      -310582.6321     -2433.3570 1h51m58s/Msamples
        2760000   -313039.7007         4.0      -310602.1482     -2437.5524 1h51m58s/Msamples
        2770000   -313073.6863         4.0      -310633.6113     -2440.0750 1h51m56s/Msamples
        2780000   -313065.5526         4.0      -310631.1429     -2434.4096 1h51m56s/Msamples
        2790000   -313055.0956         4.0      -310612.5644     -2442.5311 1h51m54s/Msamples
        2800000   -313024.9191         4.0      -310588.9637     -2435.9553 1h51m54s/Msamples
        2810000   -313074.5511         4.0      -310631.9601     -2442.5909 1h51m55s/Msamples
        2820000   -313058.5995         4.0      -310615.8552     -2442.7443 1h51m54s/Msamples
        2830000   -313030.1013         4.0      -310585.0043     -2445.0969 1h51m53s/Msamples
        2840000   -313084.6806         4.1      -310629.3206     -2455.3599 1h51m54s/Msamples
        2850000   -313060.8023         4.1      -310604.9688     -2455.8335 1h51m52s/Msamples
        2860000   -313047.6084         4.1      -310578.7288     -2468.8795 1h51m52s/Msamples
        2870000   -313088.6978         4.1      -310616.0838     -2472.6139 1h51m52s/Msamples
        2880000   -313091.9369         4.1      -310623.4532     -2468.4837 1h51m52s/Msamples
        2890000   -313055.8858         4.1      -310586.2112     -2469.6746 1h51m50s/Msamples
        2900000   -313077.1435         4.1      -310594.0403     -2483.1031 1h51m50s/Msamples
        2910000   -313096.8596         4.1      -310615.6294     -2481.2301 1h51m49s/Msamples
        2920000   -313067.2183         4.2      -310586.4456     -2480.7726 1h51m51s/Msamples
        2930000   -313111.3719         4.2      -310618.4810     -2492.8908 1h51m50s/Msamples
        2940000   -313109.8484         4.2      -310626.5078     -2483.3406 1h51m49s/Msamples
        2950000   -313083.0664         4.2      -310594.6861     -2488.3803 1h51m49s/Msamples
        2960000   -313116.8371         4.2      -310623.3614     -2493.4757 1h51m48s/Msamples
        2970000   -313102.0770         4.2      -310603.7385     -2498.3384 1h51m48s/Msamples
        2980000   -313113.0191         4.2      -310617.1822     -2495.8368 1h51m49s/Msamples
        2990000   -313099.0189         4.2      -310603.9600     -2495.0588 1h51m49s/Msamples
        3000000   -313073.0363         4.3      -310586.6279     -2486.4084 1h51m48s/Msamples
        3010000   -313101.6767         4.3      -310616.1063     -2485.5704 1h51m48s/Msamples
        3020000   -313091.8284         4.3      -310605.0999     -2486.7285 1h51m47s/Msamples
        3030000   -313111.6828         4.3      -310624.8745     -2486.8082 1h51m45s/Msamples
        3040000   -313111.7731         4.3      -310623.5789     -2488.1942 1h51m45s/Msamples
        3050000   -313110.5887         4.3      -310614.0344     -2496.5542 1h51m45s/Msamples
        3060000   -313112.1699         4.3      -310614.1631     -2498.0068 1h51m44s/Msamples
        3070000   -313134.9678         4.3      -310636.5970     -2498.3707 1h51m44s/Msamples
        3080000   -313124.6544         4.4      -310617.1871     -2507.4673 1h51m43s/Msamples
        3090000   -313093.4405         4.4      -310592.7539     -2500.6865 1h51m43s/Msamples
        3100000   -313097.4503         4.4      -310591.4934     -2505.9568 1h51m42s/Msamples
        3110000   -313109.6641         4.4      -310610.3216     -2499.3424 1h51m41s/Msamples
        3120000   -313082.9009         4.4      -310575.2828     -2507.6180 1h51m42s/Msamples
        3130000   -313116.3675         4.4      -310606.4226     -2509.9448 1h51m41s/Msamples
        3140000   -313123.9436         4.4      -310613.8708     -2510.0727 1h51m40s/Msamples
        3150000   -313119.2310         4.5      -310607.5937     -2511.6372 1h51m41s/Msamples
        3160000   -313099.9198         4.5      -310589.6088     -2510.3110 1h51m42s/Msamples
        3170000   -313097.3529         4.5      -310596.3579     -2500.9950 1h51m42s/Msamples
        3180000   -313104.7030         4.5      -310601.4429     -2503.2601 1h51m42s/Msamples
        3190000   -313102.3048         4.5      -310586.7430     -2515.5617 1h51m43s/Msamples
        3200000   -313118.4080         4.5      -310611.6091     -2506.7988 1h51m43s/Msamples
