
                   BEAST v2.2.0 Prerelease, 2002-2014
             Bayesian Evolutionary Analysis Sampling Trees
                       Designed and developed by
 Remco Bouckaert, Alexei J. Drummond, Andrew Rambaut & Marc A. Suchard
                                    
                     Department of Computer Science
                         University of Auckland
                        remco@cs.auckland.ac.nz
                        alexei@cs.auckland.ac.nz
                                    
                   Institute of Evolutionary Biology
                        University of Edinburgh
                           a.rambaut@ed.ac.uk
                                    
                    David Geffen School of Medicine
                 University of California, Los Angeles
                           msuchard@ucla.edu
                                    
                      Downloads, Help & Resources:
                           http://beast2.org/
                                    
  Source code distributed under the GNU Lesser General Public License:
                   http://github.com/CompEvol/beast2
                                    
                           BEAST developers:
   Alex Alekseyenko, Trevor Bedford, Erik Bloomquist, Joseph Heled, 
 Sebastian Hoehna, Denise Kuehnert, Philippe Lemey, Wai Lok Sibon Li, 
Gerton Lunter, Sidney Markowitz, Vladimir Minin, Michael Defoin Platel, 
                 Oliver Pybus, Chieh-Hsi Wu, Walter Xie
                                    
                               Thanks to:
          Roald Forsberg, Beth Shapiro and Korbinian Strimmer

Random number seed: 1413146427070

Resuming from file
Beta => beast.math.distributions.Beta
Exponential => beast.math.distributions.Exponential
InverseGamma => beast.math.distributions.InverseGamma
LogNormal => beast.math.distributions.LogNormalDistributionModel
Gamma => beast.math.distributions.Gamma
Uniform => beast.math.distributions.Uniform
prior => beast.math.distributions.Prior
LaplaceDistribution => beast.math.distributions.LaplaceDistribution
OneOnX => beast.math.distributions.OneOnX
Normal => beast.math.distributions.Normal
Alignment(300914_Village_scG_sample2_epi3)
  757 taxa
  6987 sites
  4665 patterns

Filter 1-1479
757 taxa
1479 sites
950 patterns
6590-MALE_SAMPLED_51.4002235263901 = 51.4002235263901 (0.043148046825102426)
10246-FEMALE_SAMPLED_49.0387372285908 = 49.0387372285908 (2.404634344624405)
6275-FEMALE_SAMPLED_51.1200258778258 = 51.1200258778258 (0.32334569538939917)
11238-FEMALE_SAMPLED_51.3736171745545 = 51.3736171745545 (0.06975439866070587)
10870-MALE_SAMPLED_49.9896979776526 = 49.9896979776526 (1.4536735955626057)
1037-FEMALE_SAMPLED_51.2530758173520 = 51.253075817352 (0.1902957558632039)
6676-MALE_SAMPLED_50.1436452604680 = 50.143645260468 (1.2997263127472038)
11867-MALE_SAMPLED_51.4377076648956 = 51.4377076648956 (0.005663908319604616)
2367-FEMALE_SAMPLED_48.7012261880877 = 48.7012261880877 (2.7421453851275004)
12202-MALE_SAMPLED_51.3393752588740 = 51.339375258874 (0.10399631434120238)
12052-MALE_SAMPLED_51.4383390757570 = 51.438339075757 (0.005032497458202556)
7712-MALE_SAMPLED_48.4495844989864 = 48.4495844989864 (2.9937870742288055)
4405-FEMALE_SAMPLED_50.0891480182613 = 50.0891480182613 (1.3542235549539043)
9687-MALE_SAMPLED_49.5009534498526 = 49.5009534498526 (1.9424181233626001)
10694-MALE_SAMPLED_50.2604312756879 = 50.2604312756879 (1.1829402975273027)
9022-FEMALE_SAMPLED_51.0183262748027 = 51.0183262748027 (0.42504529841249905)
8834-FEMALE_SAMPLED_48.5444590800757 = 48.5444590800757 (2.8989124931395054)
2797-FEMALE_SAMPLED_49.3476985688171 = 49.3476985688171 (2.095673004398101)
11220-MALE_SAMPLED_50.1657875461819 = 50.1657875461819 (1.2775840270332992)
1858-MALE_SAMPLED_51.4271696135251 = 51.4271696135251 (0.01620195969010041)
3630-MALE_SAMPLED_49.6794566984603 = 49.6794566984603 (1.763914874754903)
11929-FEMALE_SAMPLED_50.2246447526699 = 50.2246447526699 (1.2187268205452995)
3233-FEMALE_SAMPLED_51.1855632020010 = 51.185563202001 (0.2578083712142032)
35-FEMALE_SAMPLED_49.7196141471936 = 49.7196141471936 (1.7237574260215993)
8328-FEMALE_SAMPLED_50.9798079386669 = 50.9798079386669 (0.46356363454830074)
3230-MALE_SAMPLED_49.6258903825505 = 49.6258903825505 (1.8174811906647008)
2852-MALE_SAMPLED_48.8077347082867 = 48.8077347082867 (2.6356368649285002)
8513-FEMALE_SAMPLED_49.0288317517692 = 49.0288317517692 (2.414539821446006)
1459-FEMALE_SAMPLED_49.0483732055722 = 49.0483732055722 (2.394998367643005)
11155-FEMALE_SAMPLED_49.8130088292377 = 49.8130088292377 (1.6303627439775)
10598-MALE_SAMPLED_49.0498558874091 = 49.0498558874091 (2.3935156858061006)
9853-FEMALE_SAMPLED_50.5623461825157 = 50.5623461825157 (0.8810253906995058)
12028-FEMALE_SAMPLED_50.6081689086126 = 50.6081689086126 (0.8352026646026047)
11466-MALE_SAMPLED_49.6087682135253 = 49.6087682135253 (1.8346033596899005)
10534-MALE_SAMPLED_51.2848662666360 = 51.284866266636 (0.15850530657920103)
8662-FEMALE_SAMPLED_49.4754533730297 = 49.4754533730297 (1.9679182001855011)
8598-FEMALE_SAMPLED_49.8221643611172 = 49.8221643611172 (1.6212072120979997)
11167-MALE_SAMPLED_49.0800754555816 = 49.0800754555816 (2.3632961176336025)
11986-MALE_SAMPLED_49.8767620639259 = 49.8767620639259 (1.5666095092893002)
8302-FEMALE_SAMPLED_50.7325562245528 = 50.7325562245528 (0.7108153486624005)
4177-FEMALE_SAMPLED_49.8927599179873 = 49.8927599179873 (1.550611655227904)
11033-FEMALE_SAMPLED_50.5346958290169 = 50.5346958290169 (0.9086757441983053)
10307-FEMALE_SAMPLED_49.3815321824363 = 49.3815321824363 (2.0618393907789)
10151-FEMALE_SAMPLED_51.3561358214205 = 51.3561358214205 (0.08723575179470089)
2883-FEMALE_SAMPLED_49.0351757802850 = 49.035175780285 (2.4081957929302007)
7284-MALE_SAMPLED_50.3427929899039 = 50.3427929899039 (1.1005785833113038)
301-FEMALE_SAMPLED_48.7825326807646 = 48.7825326807646 (2.660838892450606)
10836-MALE_SAMPLED_48.9827833645826 = 48.9827833645826 (2.4605882086326005)
7814-MALE_SAMPLED_49.8941041258944 = 49.8941041258944 (1.5492674473208012)
11272-MALE_SAMPLED_51.0010600711534 = 51.0010600711534 (0.4423115020618056)
10801-MALE_SAMPLED_50.4662558000850 = 50.466255800085 (0.9771157731302011)
635-FEMALE_SAMPLED_51.3866840796395 = 51.3866840796395 (0.05668749357570135)
11512-MALE_SAMPLED_50.5172657137586 = 50.5172657137586 (0.9261058594566052)
5255-FEMALE_SAMPLED_48.5107395064401 = 48.5107395064401 (2.932632066775099)
9508-MALE_SAMPLED_50.9829530019628 = 50.9829530019628 (0.46041857125240426)
2811-FEMALE_SAMPLED_50.3626000124345 = 50.3626000124345 (1.080771560780704)
10710-FEMALE_SAMPLED_49.5733772779199 = 49.5733772779199 (1.8699942952952995)
1024-MALE_SAMPLED_49.8189097847639 = 49.8189097847639 (1.624461788451299)
1134-MALE_SAMPLED_49.0680997017620 = 49.068099701762 (2.375271871453201)
9135-FEMALE_SAMPLED_48.7213625090512 = 48.7213625090512 (2.7220090641640056)
7699-FEMALE_SAMPLED_50.0128435108194 = 50.0128435108194 (1.4305280623958012)
8703-FEMALE_SAMPLED_50.2099034639390 = 50.209903463939 (1.2334681092762025)
200-MALE_SAMPLED_49.1724483389257 = 49.1724483389257 (2.270923234289505)
10462-MALE_SAMPLED_49.1039206143318 = 49.1039206143318 (2.339450958883404)
931-FEMALE_SAMPLED_50.3053199490382 = 50.3053199490382 (1.1380516241770025)
864-MALE_SAMPLED_49.0765459255630 = 49.076545925563 (2.366825647652199)
11105-FEMALE_SAMPLED_49.5905772212276 = 49.5905772212276 (1.8527943519876047)
7219-FEMALE_SAMPLED_50.8828288907966 = 50.8828288907966 (0.5605426824185997)
6776-MALE_SAMPLED_49.9486924297957 = 49.9486924297957 (1.4946791434195035)
9220-FEMALE_SAMPLED_49.6743921751471 = 49.6743921751471 (1.7689793980681046)
11801-MALE_SAMPLED_51.0540114347672 = 51.0540114347672 (0.389360138448005)
2135-FEMALE_SAMPLED_51.4060164098477 = 51.4060164098477 (0.037355163367500666)
685-FEMALE_SAMPLED_51.3790293771157 = 51.3790293771157 (0.06434219609950276)
10359-MALE_SAMPLED_51.3989052632673 = 51.3989052632673 (0.04446630994790013)
4011-FEMALE_SAMPLED_50.2048289046938 = 50.2048289046938 (1.2385426685214043)
10631-MALE_SAMPLED_50.2648057343753 = 50.2648057343753 (1.1785658388399014)
7660-MALE_SAMPLED_48.9783670494648 = 48.9783670494648 (2.4650045237504017)
10566-MALE_SAMPLED_50.8166476038600 = 50.81664760386 (0.6267239693552042)
7178-MALE_SAMPLED_50.1009544604307 = 50.1009544604307 (1.3424171127845028)
10023-MALE_SAMPLED_50.0147444992176 = 50.0147444992176 (1.4286270739976032)
10921-FEMALE_SAMPLED_49.1559507760534 = 49.1559507760534 (2.2874207971618006)
4656-MALE_SAMPLED_51.4287350317313 = 51.4287350317313 (0.014636541483902477)
1841-FEMALE_SAMPLED_49.1045086146182 = 49.1045086146182 (2.338862958597005)
1232-MALE_SAMPLED_50.3351669737453 = 50.3351669737453 (1.1082045994699001)
1818-MALE_SAMPLED_51.0698385096470 = 51.069838509647 (0.37353306356820326)
10108-MALE_SAMPLED_50.0613684779814 = 50.0613684779814 (1.3820030952338058)
10919-FEMALE_SAMPLED_50.7098091209622 = 50.7098091209622 (0.733562452253004)
1494-MALE_SAMPLED_49.0874733442756 = 49.0874733442756 (2.3558982289396013)
5089-FEMALE_SAMPLED_50.0872874299379 = 50.0872874299379 (1.3560841432773003)
233-FEMALE_SAMPLED_50.6196761035675 = 50.6196761035675 (0.8236954696477028)
1167-FEMALE_SAMPLED_49.2193324765971 = 49.2193324765971 (2.2240390966180996)
573-FEMALE_SAMPLED_48.6828204151092 = 48.6828204151092 (2.7605511581060043)
781-FEMALE_SAMPLED_51.0293513992651 = 51.0293513992651 (0.4140201739500995)
2799-FEMALE_SAMPLED_50.1656261589227 = 50.1656261589227 (1.2777454142925038)
5785-FEMALE_SAMPLED_49.5142551718595 = 49.5142551718595 (1.9291164013556994)
58-MALE_SAMPLED_50.8985614324769 = 50.8985614324769 (0.5448101407382993)
10003-MALE_SAMPLED_50.2416256153805 = 50.2416256153805 (1.201745957834703)
11431-MALE_SAMPLED_51.1025163531153 = 51.1025163531153 (0.340855220099904)
1807-FEMALE_SAMPLED_51.2142382047454 = 51.2142382047454 (0.22913336846980314)
4887-FEMALE_SAMPLED_49.3547990619986 = 49.3547990619986 (2.0885725112166043)
11819-FEMALE_SAMPLED_50.2859678941163 = 50.2859678941163 (1.1574036790989055)
1555-FEMALE_SAMPLED_51.0451873331180 = 51.045187333118 (0.3981842400972013)
923-FEMALE_SAMPLED_49.3764072898625 = 49.3764072898625 (2.0669642833527035)
10649-FEMALE_SAMPLED_48.8195730352158 = 48.8195730352158 (2.6237985379994058)
6733-FEMALE_SAMPLED_48.4964390289819 = 48.4964390289819 (2.946932544233306)
4916-MALE_SAMPLED_48.7674297066255 = 48.7674297066255 (2.675941866589703)
11886-MALE_SAMPLED_48.8462126883527 = 48.8462126883527 (2.597158884862502)
11070-MALE_SAMPLED_50.4500118540449 = 50.4500118540449 (0.9933597191703001)
4828-MALE_SAMPLED_50.8651005048154 = 50.8651005048154 (0.5782710683998005)
10983-FEMALE_SAMPLED_49.5698438356480 = 49.569843835648 (1.8735277375672013)
10367-FEMALE_SAMPLED_50.8320809046122 = 50.8320809046122 (0.6112906686030044)
11026-MALE_SAMPLED_48.4869461967459 = 48.4869461967459 (2.956425376469305)
9865-MALE_SAMPLED_48.5188092514722 = 48.5188092514722 (2.9245623217430037)
11756-FEMALE_SAMPLED_51.4043596561382 = 51.4043596561382 (0.03901191707700491)
10702-MALE_SAMPLED_50.7462061901892 = 50.7462061901892 (0.6971653830260038)
10352-FEMALE_SAMPLED_48.6964947937371 = 48.6964947937371 (2.7468767794781)
10531-MALE_SAMPLED_51.3342896250392 = 51.3342896250392 (0.10908194817600503)
1369-FEMALE_SAMPLED_50.3950068033150 = 50.395006803315 (1.0483647699002034)
9935-FEMALE_SAMPLED_49.2276987118962 = 49.2276987118962 (2.2156728613189998)
10884-MALE_SAMPLED_49.2675962559728 = 49.2675962559728 (2.1757753172424046)
388-MALE_SAMPLED_50.2361100974808 = 50.2361100974808 (1.2072614757344056)
1349-FEMALE_SAMPLED_49.8330089498626 = 49.8330089498626 (1.6103626233526)
9057-FEMALE_SAMPLED_48.5320822046919 = 48.5320822046919 (2.911289368523299)
11304-MALE_SAMPLED_50.6693644481560 = 50.669364448156 (0.7740071250591996)
10722-MALE_SAMPLED_51.1930386379676 = 51.1930386379676 (0.2503329352476058)
11795-MALE_SAMPLED_51.4069027423242 = 51.4069027423242 (0.03646883089100328)
3305-FEMALE_SAMPLED_49.4198423134944 = 49.4198423134944 (2.023529259720803)
3775-FEMALE_SAMPLED_51.3268043396378 = 51.3268043396378 (0.11656723357739907)
4742-MALE_SAMPLED_48.4506587921491 = 48.4506587921491 (2.9927127810661034)
5447-FEMALE_SAMPLED_48.8474487725029 = 48.8474487725029 (2.5959228007123016)
345-FEMALE_SAMPLED_49.6604790121632 = 49.6604790121632 (1.7828925610520017)
9242-FEMALE_SAMPLED_49.5614947825520 = 49.561494782552 (1.881876790663199)
3100-MALE_SAMPLED_50.9331722189522 = 50.9331722189522 (0.5101993542630012)
11897-FEMALE_SAMPLED_51.0859754900297 = 51.0859754900297 (0.357396083185499)
4021-FEMALE_SAMPLED_49.7201198225225 = 49.7201198225225 (1.7232517506927039)
13-FEMALE_SAMPLED_51.3342495302053 = 51.3342495302053 (0.10912204300990425)
11768-MALE_SAMPLED_51.1097598066403 = 51.1097598066403 (0.3336117665749043)
3846-MALE_SAMPLED_48.9058807859978 = 48.9058807859978 (2.5374907872174006)
6979-FEMALE_SAMPLED_48.4559524438659 = 48.4559524438659 (2.9874191293493055)
5158-MALE_SAMPLED_49.3772244464921 = 49.3772244464921 (2.066147126723102)
9420-FEMALE_SAMPLED_50.1611159895396 = 50.1611159895396 (1.2822555836755996)
7373-FEMALE_SAMPLED_49.6971061890794 = 49.6971061890794 (1.7462653841358033)
11575-FEMALE_SAMPLED_49.4173561907223 = 49.4173561907223 (2.0260153824929006)
7310-MALE_SAMPLED_48.5432384633309 = 48.5432384633309 (2.900133109884301)
5400-MALE_SAMPLED_50.9610607651843 = 50.9610607651843 (0.48231080803090265)
713-FEMALE_SAMPLED_48.6967264010886 = 48.6967264010886 (2.7466451721266054)
2210-MALE_SAMPLED_50.7374552381074 = 50.7374552381074 (0.7059163351078013)
1125-FEMALE_SAMPLED_51.3036797423696 = 51.3036797423696 (0.13969183084559944)
5626-MALE_SAMPLED_51.0362391597441 = 51.0362391597441 (0.4071324134711034)
9456-MALE_SAMPLED_51.2684531821719 = 51.2684531821719 (0.17491839104329898)
4743-FEMALE_SAMPLED_50.2198138364906 = 50.2198138364906 (1.2235577367246009)
11375-FEMALE_SAMPLED_51.4433715732152 = 51.4433715732152 (0.0)
9381-FEMALE_SAMPLED_48.4468419626205 = 48.4468419626205 (2.996529610594699)
1823-FEMALE_SAMPLED_50.8083304613678 = 50.8083304613678 (0.6350411118474)
8854-FEMALE_SAMPLED_50.7511266718934 = 50.7511266718934 (0.6922449013217999)
6812-MALE_SAMPLED_49.3218106180279 = 49.3218106180279 (2.121560955187306)
2068-MALE_SAMPLED_48.5126299650723 = 48.5126299650723 (2.9307416081429025)
518-MALE_SAMPLED_50.2109146672150 = 50.210914667215 (1.232456906000202)
501-FEMALE_SAMPLED_50.5896990790347 = 50.5896990790347 (0.8536724941805005)
7962-MALE_SAMPLED_50.8510932479834 = 50.8510932479834 (0.5922783252318027)
11422-MALE_SAMPLED_48.6968649839832 = 48.6968649839832 (2.7465065892320055)
4832-MALE_SAMPLED_49.4380868200528 = 49.4380868200528 (2.0052847531623996)
8275-FEMALE_SAMPLED_48.9343990359770 = 48.934399035977 (2.5089725372382006)
10575-MALE_SAMPLED_48.9217392175773 = 48.9217392175773 (2.521632355637905)
6419-FEMALE_SAMPLED_50.6682034826221 = 50.6682034826221 (0.7751680905931053)
12460-MALE_SAMPLED_51.3802440909052 = 51.3802440909052 (0.06312748231000143)
7179-FEMALE_SAMPLED_50.5781274551841 = 50.5781274551841 (0.8652441180311001)
10596-FEMALE_SAMPLED_50.2169850063360 = 50.216985006336 (1.2263865668791993)
10832-MALE_SAMPLED_50.9708512513748 = 50.9708512513748 (0.47252032184039905)
11862-MALE_SAMPLED_50.8612713818288 = 50.8612713818288 (0.5821001913864023)
2062-MALE_SAMPLED_49.7064429370070 = 49.706442937007 (1.736928636208205)
2973-FEMALE_SAMPLED_50.9364271766821 = 50.9364271766821 (0.5069443965331004)
7638-MALE_SAMPLED_49.2649989388732 = 49.2649989388732 (2.1783726343420042)
4841-FEMALE_SAMPLED_50.4077306510730 = 50.407730651073 (1.0356409221421998)
3884-MALE_SAMPLED_51.3282076197060 = 51.328207619706 (0.11516395350920305)
9387-FEMALE_SAMPLED_48.6626437513473 = 48.6626437513473 (2.780727821867906)
487-FEMALE_SAMPLED_50.8914338433964 = 50.8914338433964 (0.5519377298188033)
4312-MALE_SAMPLED_51.2268085868413 = 51.2268085868413 (0.21656298637390137)
2392-MALE_SAMPLED_49.9341338246444 = 49.9341338246444 (1.5092377485708042)
165-FEMALE_SAMPLED_48.8765601601767 = 48.8765601601767 (2.5668114130385007)
11895-MALE_SAMPLED_50.5702312846983 = 50.5702312846983 (0.8731402885169004)
4657-FEMALE_SAMPLED_50.6650753479766 = 50.6650753479766 (0.7782962252386056)
9700-MALE_SAMPLED_50.7965521083528 = 50.7965521083528 (0.6468194648624035)
11427-MALE_SAMPLED_49.1964254239423 = 49.1964254239423 (2.246946149272901)
11508-MALE_SAMPLED_50.2342129004969 = 50.2342129004969 (1.2091586727183028)
5952-MALE_SAMPLED_49.3878235579318 = 49.3878235579318 (2.0555480152833994)
11683-MALE_SAMPLED_49.7174219065195 = 49.7174219065195 (1.7259496666957048)
5998-MALE_SAMPLED_50.3461978810223 = 50.3461978810223 (1.0971736921929036)
2387-FEMALE_SAMPLED_48.9258152819088 = 48.9258152819088 (2.5175562913064056)
969-FEMALE_SAMPLED_48.6032111453673 = 48.6032111453673 (2.8401604278479056)
10493-MALE_SAMPLED_51.1722409617936 = 51.1722409617936 (0.27113061142160433)
9097-FEMALE_SAMPLED_48.5076417904197 = 48.5076417904197 (2.935729782795505)
960-MALE_SAMPLED_50.3741604212987 = 50.3741604212987 (1.0692111519165053)
922-MALE_SAMPLED_48.5413983701578 = 48.5413983701578 (2.901973203057402)
12007-MALE_SAMPLED_51.4261940473074 = 51.4261940473074 (0.017177525907804636)
11709-MALE_SAMPLED_50.0928090191296 = 50.0928090191296 (1.3505625540856059)
157-FEMALE_SAMPLED_51.1710000629386 = 51.1710000629386 (0.27237151027659934)
12179-FEMALE_SAMPLED_51.1497427392600 = 51.14974273926 (0.29362883395520356)
7685-FEMALE_SAMPLED_48.6234605074710 = 48.623460507471 (2.8199110657442006)
10850-FEMALE_SAMPLED_51.1226037754527 = 51.1226037754527 (0.32076779776249964)
10953-FEMALE_SAMPLED_49.7364591755754 = 49.7364591755754 (1.7069123976398046)
10540-FEMALE_SAMPLED_49.7359113371780 = 49.735911337178 (1.7074602360371998)
8560-MALE_SAMPLED_48.6822559267598 = 48.6822559267598 (2.7611156464554014)
4020-MALE_SAMPLED_50.7714271971340 = 50.771427197134 (0.6719443760811998)
11775-MALE_SAMPLED_48.8563925090561 = 48.8563925090561 (2.5869790641591024)
6614-MALE_SAMPLED_50.6677978816292 = 50.6677978816292 (0.7755736915860041)
4147-FEMALE_SAMPLED_50.3174676855410 = 50.317467685541 (1.1259038876742054)
5074-MALE_SAMPLED_49.1725208381972 = 49.1725208381972 (2.2708507350180014)
7612-MALE_SAMPLED_51.3017454135547 = 51.3017454135547 (0.14162615966050396)
11461-FEMALE_SAMPLED_51.0412772004342 = 51.0412772004342 (0.4020943727810007)
11725-FEMALE_SAMPLED_51.4117250440026 = 51.4117250440026 (0.03164652921260114)
9330-MALE_SAMPLED_49.9218656471780 = 49.921865647178 (1.5215059260372001)
3708-MALE_SAMPLED_48.5565340902971 = 48.5565340902971 (2.8868374829181036)
11761-FEMALE_SAMPLED_50.8703828018474 = 50.8703828018474 (0.5729887713678039)
11645-FEMALE_SAMPLED_50.7540377075633 = 50.7540377075633 (0.6893338656519035)
8256-FEMALE_SAMPLED_49.3117389106041 = 49.3117389106041 (2.1316326626111035)
1735-FEMALE_SAMPLED_48.5182219294215 = 48.5182219294215 (2.925149643793702)
2076-MALE_SAMPLED_50.0409778039752 = 50.0409778039752 (1.4023937692399997)
7135-FEMALE_SAMPLED_49.7475766239071 = 49.7475766239071 (1.6957949493081017)
5088-MALE_SAMPLED_50.5201098010725 = 50.5201098010725 (0.9232617721427019)
6689-FEMALE_SAMPLED_49.6164111639222 = 49.6164111639222 (1.826960409293001)
10937-MALE_SAMPLED_50.6026808826568 = 50.6026808826568 (0.8406906905584037)
10459-MALE_SAMPLED_49.8268878066296 = 49.8268878066296 (1.6164837665856027)
9691-MALE_SAMPLED_51.1395908414701 = 51.1395908414701 (0.3037807317450998)
1266-MALE_SAMPLED_48.5910638209747 = 48.5910638209747 (2.852307752240499)
8750-MALE_SAMPLED_50.1933872932418 = 50.1933872932418 (1.249984279973404)
10400-FEMALE_SAMPLED_49.0738111997338 = 49.0738111997338 (2.3695603734814057)
10994-MALE_SAMPLED_48.6385076364817 = 48.6385076364817 (2.804863936733504)
2893-FEMALE_SAMPLED_50.1184581296833 = 50.1184581296833 (1.324913443531905)
7322-MALE_SAMPLED_48.4576977467945 = 48.4576977467945 (2.985673826420701)
10686-FEMALE_SAMPLED_48.5585593858117 = 48.5585593858117 (2.8848121874035044)
1380-MALE_SAMPLED_48.6441167809384 = 48.6441167809384 (2.7992547922768054)
11852-MALE_SAMPLED_51.4384627130198 = 51.4384627130198 (0.004908860195399711)
3107-FEMALE_SAMPLED_50.6009997508804 = 50.6009997508804 (0.8423718223348047)
1419-FEMALE_SAMPLED_49.7978877627606 = 49.7978877627606 (1.6454838104546)
11736-FEMALE_SAMPLED_50.3997253076954 = 50.3997253076954 (1.0436462655198042)
9894-FEMALE_SAMPLED_50.8942729274126 = 50.8942729274126 (0.5490986458026015)
3885-FEMALE_SAMPLED_49.9117907218019 = 49.9117907218019 (1.5315808514133025)
10465-MALE_SAMPLED_51.2979286811164 = 51.2979286811164 (0.14544289209879935)
6646-MALE_SAMPLED_49.1855196661631 = 49.1855196661631 (2.2578519070520997)
8538-FEMALE_SAMPLED_49.8748601786642 = 49.8748601786642 (1.5685113945510025)
3821-FEMALE_SAMPLED_50.3877728339134 = 50.3877728339134 (1.0555987393018)
11910-FEMALE_SAMPLED_51.0795465647092 = 51.0795465647092 (0.3638250085060051)
8282-FEMALE_SAMPLED_48.8839312756749 = 48.8839312756749 (2.5594402975403057)
10289-FEMALE_SAMPLED_49.4745207913069 = 49.4745207913069 (1.9688507819083014)
9660-MALE_SAMPLED_48.5618119218702 = 48.5618119218702 (2.8815596513450004)
5150-MALE_SAMPLED_49.4711032784393 = 49.4711032784393 (1.9722682947759012)
4594-MALE_SAMPLED_51.0028739143012 = 51.0028739143012 (0.44049765891400483)
11080-FEMALE_SAMPLED_49.9863192331827 = 49.9863192331827 (1.4570523400325044)
344-MALE_SAMPLED_48.6022369314300 = 48.60223693143 (2.841134641785203)
8873-MALE_SAMPLED_50.4764402455034 = 50.4764402455034 (0.966931327711805)
5364-MALE_SAMPLED_48.5352907371557 = 48.5352907371557 (2.9080808360595043)
10498-MALE_SAMPLED_48.4987465669250 = 48.498746566925 (2.9446250062902024)
6574-MALE_SAMPLED_49.3641478693893 = 49.3641478693893 (2.079223703825903)
1371-FEMALE_SAMPLED_51.1004146216287 = 51.1004146216287 (0.3429569515865012)
7041-FEMALE_SAMPLED_50.2956178472227 = 50.2956178472227 (1.1477537259925015)
9013-MALE_SAMPLED_49.0906854683848 = 49.0906854683848 (2.352686104830404)
3959-FEMALE_SAMPLED_48.8711175585481 = 48.8711175585481 (2.5722540146671022)
4865-FEMALE_SAMPLED_49.7924590548350 = 49.792459054835 (1.6509125183802027)
11744-MALE_SAMPLED_51.3570502563229 = 51.3570502563229 (0.08632131689230249)
11252-MALE_SAMPLED_50.9252840154654 = 50.9252840154654 (0.5180875577498014)
11669-MALE_SAMPLED_49.4762725273462 = 49.4762725273462 (1.9670990458690056)
10236-MALE_SAMPLED_48.5801289877704 = 48.5801289877704 (2.8632425854448016)
11142-MALE_SAMPLED_48.6658160083311 = 48.6658160083311 (2.7775555648841035)
11536-MALE_SAMPLED_50.4063696660882 = 50.4063696660882 (1.0370019071269994)
9109-MALE_SAMPLED_49.9268139763585 = 49.9268139763585 (1.5165575968566998)
10669-MALE_SAMPLED_49.8506423500216 = 49.8506423500216 (1.5927292231936008)
6212-MALE_SAMPLED_50.9747171318008 = 50.9747171318008 (0.46865444141440094)
5220-MALE_SAMPLED_48.4612569208106 = 48.4612569208106 (2.9821146524046043)
1857-FEMALE_SAMPLED_50.7993945807534 = 50.7993945807534 (0.643976992461802)
5619-FEMALE_SAMPLED_50.3351768001298 = 50.3351768001298 (1.1081947730854012)
11841-FEMALE_SAMPLED_50.2539063147119 = 50.2539063147119 (1.1894652585033043)
4042-MALE_SAMPLED_49.1831887685543 = 49.1831887685543 (2.2601828046609)
9209-MALE_SAMPLED_50.5420812789666 = 50.5420812789666 (0.9012902942486036)
11362-MALE_SAMPLED_51.4262062779011 = 51.4262062779011 (0.017165295314100604)
9534-FEMALE_SAMPLED_49.6602630482370 = 49.660263048237 (1.7831085249782035)
9742-MALE_SAMPLED_48.4956448597217 = 48.4956448597217 (2.947726713493502)
4976-MALE_SAMPLED_49.2316321518587 = 49.2316321518587 (2.211739421356505)
2457-FEMALE_SAMPLED_49.0821688009741 = 49.0821688009741 (2.3612027722411)
11045-MALE_SAMPLED_48.6324206187705 = 48.6324206187705 (2.8109509544446993)
5593-FEMALE_SAMPLED_48.6749491479563 = 48.6749491479563 (2.7684224252589047)
4870-MALE_SAMPLED_50.8509591438191 = 50.8509591438191 (0.5924124293961057)
10820-MALE_SAMPLED_51.1196774511913 = 51.1196774511913 (0.3236941220239018)
11071-MALE_SAMPLED_51.3045317963546 = 51.3045317963546 (0.13883977686059978)
3701-FEMALE_SAMPLED_48.5036948192714 = 48.5036948192714 (2.9396767539438002)
3922-MALE_SAMPLED_50.3710166194791 = 50.3710166194791 (1.0723549537361023)
10259-FEMALE_SAMPLED_50.5804464036914 = 50.5804464036914 (0.8629251695238054)
5915-FEMALE_SAMPLED_50.7518608986715 = 50.7518608986715 (0.6915106745437001)
11535-FEMALE_SAMPLED_50.8747000861762 = 50.8747000861762 (0.5686714870390048)
10729-MALE_SAMPLED_50.6645424126031 = 50.6645424126031 (0.7788291606121049)
11495-MALE_SAMPLED_51.0453111114761 = 51.0453111114761 (0.3980604617390995)
9909-MALE_SAMPLED_49.8059574421345 = 49.8059574421345 (1.6374141310807033)
4712-MALE_SAMPLED_51.4246504290344 = 51.4246504290344 (0.01872114418080173)
6601-FEMALE_SAMPLED_50.1062614987454 = 50.1062614987454 (1.3371100744698055)
5326-MALE_SAMPLED_51.1167602988275 = 51.1167602988275 (0.32661127438770166)
5823-FEMALE_SAMPLED_50.6391044477782 = 50.6391044477782 (0.8042671254370006)
3976-MALE_SAMPLED_49.3689133487491 = 49.3689133487491 (2.074458224466099)
8855-FEMALE_SAMPLED_48.7580012173707 = 48.7580012173707 (2.685370355844505)
6274-MALE_SAMPLED_48.4904568591004 = 48.4904568591004 (2.9529147141148044)
5229-FEMALE_SAMPLED_51.0475091587136 = 51.0475091587136 (0.3958624145016003)
9639-FEMALE_SAMPLED_50.2896761325969 = 50.2896761325969 (1.1536954406183)
11765-FEMALE_SAMPLED_50.4744512520114 = 50.4744512520114 (0.9689203212038038)
11728-FEMALE_SAMPLED_50.2104862450937 = 50.2104862450937 (1.2328853281215046)
5013-FEMALE_SAMPLED_51.2986004075350 = 51.298600407535 (0.1447711656802042)
10963-FEMALE_SAMPLED_48.8009960632621 = 48.8009960632621 (2.642375509953105)
11789-FEMALE_SAMPLED_49.4067303130718 = 49.4067303130718 (2.036641260143405)
11075-MALE_SAMPLED_48.6911974672543 = 48.6911974672543 (2.752174105960904)
10657-FEMALE_SAMPLED_48.5268027477281 = 48.5268027477281 (2.9165688254871043)
8287-FEMALE_SAMPLED_51.2574774417876 = 51.2574774417876 (0.18589413142760236)
11894-MALE_SAMPLED_50.7544440782944 = 50.7544440782944 (0.6889274949208044)
2176-MALE_SAMPLED_49.5317143939750 = 49.531714393975 (1.9116571792402013)
11194-FEMALE_SAMPLED_49.5608186710010 = 49.560818671001 (1.8825529022142007)
1730-MALE_SAMPLED_49.9781316071598 = 49.9781316071598 (1.4652399660553996)
11480-MALE_SAMPLED_49.1416959052289 = 49.1416959052289 (2.301675667986302)
2845-FEMALE_SAMPLED_48.8165909454542 = 48.8165909454542 (2.6267806277610006)
10993-FEMALE_SAMPLED_50.2818176052382 = 50.2818176052382 (1.1615539679769995)
9179-MALE_SAMPLED_48.5764659256524 = 48.5764659256524 (2.8669056475628025)
4736-MALE_SAMPLED_50.0166562422959 = 50.0166562422959 (1.4267153309193006)
8683-MALE_SAMPLED_51.0609576771816 = 51.0609576771816 (0.3824138960336043)
7563-FEMALE_SAMPLED_50.4289249854477 = 50.4289249854477 (1.0144465877675017)
437-FEMALE_SAMPLED_50.4005995597540 = 50.400599559754 (1.042772013461203)
2333-FEMALE_SAMPLED_49.6722949643003 = 49.6722949643003 (1.7710766089149033)
9877-MALE_SAMPLED_48.5372325579951 = 48.5372325579951 (2.9061390152201056)
2661-FEMALE_SAMPLED_50.8831469330320 = 50.883146933032 (0.5602246401832005)
11864-FEMALE_SAMPLED_50.6885343231110 = 50.688534323111 (0.7548372501042024)
1438-MALE_SAMPLED_50.9056973671390 = 50.905697367139 (0.5376742060762041)
11697-MALE_SAMPLED_51.0396197447403 = 51.0396197447403 (0.40375182847490265)
11849-FEMALE_SAMPLED_51.2615469388979 = 51.2615469388979 (0.18182463431730156)
5342-MALE_SAMPLED_50.2387817550766 = 50.2387817550766 (1.2045898181386008)
10315-MALE_SAMPLED_48.5250743252540 = 48.525074325254 (2.918297247961199)
11413-MALE_SAMPLED_49.5172131615540 = 49.517213161554 (1.9261584116612056)
11271-FEMALE_SAMPLED_49.8687529717421 = 49.8687529717421 (1.5746186014731052)
11373-MALE_SAMPLED_49.7621738395969 = 49.7621738395969 (1.6811977336183048)
8266-FEMALE_SAMPLED_50.7746246103047 = 50.7746246103047 (0.6687469629105038)
3094-MALE_SAMPLED_50.4734336351825 = 50.4734336351825 (0.9699379380327002)
11666-FEMALE_SAMPLED_50.8318386571331 = 50.8318386571331 (0.6115329160821048)
3383-FEMALE_SAMPLED_48.8799826700555 = 48.8799826700555 (2.563388903159705)
11469-MALE_SAMPLED_49.9780762195437 = 49.9780762195437 (1.4652953536715003)
10298-MALE_SAMPLED_49.5114298614057 = 49.5114298614057 (1.9319417118095004)
10535-MALE_SAMPLED_48.5597564696649 = 48.5597564696649 (2.883615103550305)
11896-FEMALE_SAMPLED_50.8861391565146 = 50.8861391565146 (0.5572324167006002)
11677-MALE_SAMPLED_51.1006249633933 = 51.1006249633933 (0.3427466098219014)
2006-MALE_SAMPLED_51.1206336943282 = 51.1206336943282 (0.3227378788870041)
11693-MALE_SAMPLED_48.9346641953884 = 48.9346641953884 (2.508707377826802)
10496-MALE_SAMPLED_49.7731923912501 = 49.7731923912501 (1.6701791819651035)
4440-MALE_SAMPLED_49.2441754045280 = 49.244175404528 (2.1991961686872017)
1774-MALE_SAMPLED_48.7072601727991 = 48.7072601727991 (2.7361114004160996)
8934-FEMALE_SAMPLED_49.8040441812331 = 49.8040441812331 (1.6393273919820999)
10203-FEMALE_SAMPLED_49.4519297727233 = 49.4519297727233 (1.9914418004919057)
843-FEMALE_SAMPLED_51.2011257747503 = 51.2011257747503 (0.24224579846490002)
8414-FEMALE_SAMPLED_49.6706296484767 = 49.6706296484767 (1.7727419247385043)
10011-FEMALE_SAMPLED_48.4835447841173 = 48.4835447841173 (2.959826789097903)
9121-MALE_SAMPLED_50.2308738597052 = 50.2308738597052 (1.212497713510004)
4989-FEMALE_SAMPLED_50.9750381139888 = 50.9750381139888 (0.46833345922640035)
8784-FEMALE_SAMPLED_48.5648183156586 = 48.5648183156586 (2.8785532575566037)
9443-MALE_SAMPLED_48.9633502622450 = 48.963350262245 (2.4800213109702014)
9041-FEMALE_SAMPLED_49.7752444285283 = 49.7752444285283 (1.668127144686899)
7684-MALE_SAMPLED_48.5240653361975 = 48.5240653361975 (2.9193062370177003)
11755-MALE_SAMPLED_50.3606930232922 = 50.3606930232922 (1.0826785499230027)
2203-FEMALE_SAMPLED_50.1711542098632 = 50.1711542098632 (1.2722173633520057)
640-MALE_SAMPLED_48.5380782333518 = 48.5380782333518 (2.9052933398634053)
3958-MALE_SAMPLED_49.4864648259094 = 49.4864648259094 (1.9569067473058013)
10731-MALE_SAMPLED_50.5305140241830 = 50.530514024183 (0.9128575490322035)
9552-MALE_SAMPLED_50.6742178047857 = 50.6742178047857 (0.7691537684295042)
4672-MALE_SAMPLED_48.9746146830579 = 48.9746146830579 (2.4687568901573016)
9511-MALE_SAMPLED_51.1393250233809 = 51.1393250233809 (0.3040465498343039)
10327-MALE_SAMPLED_50.5933060508536 = 50.5933060508536 (0.8500655223616036)
11803-MALE_SAMPLED_50.9521398462670 = 50.952139846267 (0.4912317269482003)
5419-FEMALE_SAMPLED_51.3201409689931 = 51.3201409689931 (0.12323060422210119)
7372-MALE_SAMPLED_48.5770808395313 = 48.5770808395313 (2.866290733683904)
11570-FEMALE_SAMPLED_50.3197116837686 = 50.3197116837686 (1.1236598894466)
1838-MALE_SAMPLED_48.4510522771010 = 48.451052277101 (2.9923192961142036)
2142-MALE_SAMPLED_49.0230030747911 = 49.0230030747911 (2.4203684984241036)
1018-MALE_SAMPLED_50.9683002212400 = 50.96830022124 (0.47507135197520256)
11513-MALE_SAMPLED_51.1309923212825 = 51.1309923212825 (0.312379251932704)
12384-MALE_SAMPLED_51.3893215069397 = 51.3893215069397 (0.0540500662755008)
10492-FEMALE_SAMPLED_50.6397518212756 = 50.6397518212756 (0.8036197519395998)
4936-MALE_SAMPLED_49.8348298813066 = 49.8348298813066 (1.6085416919086057)
4766-MALE_SAMPLED_48.9297539563699 = 48.9297539563699 (2.513617616845302)
3692-MALE_SAMPLED_48.5331381757127 = 48.5331381757127 (2.910233397502502)
3623-FEMALE_SAMPLED_51.1193325449562 = 51.1193325449562 (0.3240390282590013)
7544-MALE_SAMPLED_48.8353726642521 = 48.8353726642521 (2.607998908963104)
636-MALE_SAMPLED_49.8822099077365 = 49.8822099077365 (1.5611616654787)
10899-MALE_SAMPLED_50.1993198429549 = 50.1993198429549 (1.2440517302603027)
10308-MALE_SAMPLED_50.5562702680322 = 50.5562702680322 (0.8871013051830019)
10514-MALE_SAMPLED_49.4574278101640 = 49.457427810164 (1.9859437630512033)
4486-MALE_SAMPLED_50.5947669781594 = 50.5947669781594 (0.8486045950558037)
677-FEMALE_SAMPLED_49.2650081603637 = 49.2650081603637 (2.1783634128515033)
5305-FEMALE_SAMPLED_48.9555707790273 = 48.9555707790273 (2.487800794187905)
12155-FEMALE_SAMPLED_50.9087574980071 = 50.9087574980071 (0.5346140752081041)
11783-MALE_SAMPLED_50.8217707110884 = 50.8217707110884 (0.6216008621268045)
9760-FEMALE_SAMPLED_48.6677180675173 = 48.6677180675173 (2.7756535056979033)
5967-FEMALE_SAMPLED_49.5857350586297 = 49.5857350586297 (1.8576365145855007)
1768-MALE_SAMPLED_50.3128542022163 = 50.3128542022163 (1.130517370998902)
4605-FEMALE_SAMPLED_48.9428356443381 = 48.9428356443381 (2.500535928877099)
7896-MALE_SAMPLED_51.0419573848916 = 51.0419573848916 (0.4014141883235993)
3259-FEMALE_SAMPLED_49.0994302576723 = 49.0994302576723 (2.3439413155428994)
8720-FEMALE_SAMPLED_49.9993841601385 = 49.9993841601385 (1.4439874130767052)
10372-FEMALE_SAMPLED_48.8520490305813 = 48.8520490305813 (2.591322542633904)
731-FEMALE_SAMPLED_50.8645628127119 = 50.8645628127119 (0.5788087605032999)
10390-MALE_SAMPLED_49.8784436790588 = 49.8784436790588 (1.5649278941564049)
6164-MALE_SAMPLED_49.4761620377971 = 49.4761620377971 (1.9672095354180996)
2470-MALE_SAMPLED_49.7703051846324 = 49.7703051846324 (1.6730663885828037)
12161-MALE_SAMPLED_51.2680255947484 = 51.2680255947484 (0.175345978466801)
9727-FEMALE_SAMPLED_48.8856311836129 = 48.8856311836129 (2.5577403896023014)
4389-FEMALE_SAMPLED_48.8240765039658 = 48.8240765039658 (2.6192950692494037)
3263-FEMALE_SAMPLED_51.2059430451913 = 51.2059430451913 (0.23742852802390502)
10574-FEMALE_SAMPLED_49.2451066123171 = 49.2451066123171 (2.1982649608981006)
9305-FEMALE_SAMPLED_50.7471831568832 = 50.7471831568832 (0.6961884163319993)
10968-MALE_SAMPLED_51.3330515376142 = 51.3330515376142 (0.11032003560099923)
4030-MALE_SAMPLED_49.9280352559721 = 49.9280352559721 (1.5153363172431042)
8594-MALE_SAMPLED_51.4192557453493 = 51.4192557453493 (0.024115827865905715)
9884-FEMALE_SAMPLED_48.9341915468535 = 48.9341915468535 (2.5091800263617046)
12197-MALE_SAMPLED_50.9309849452542 = 50.9309849452542 (0.5123866279609999)
11305-MALE_SAMPLED_50.2856930221746 = 50.2856930221746 (1.157678551040604)
836-MALE_SAMPLED_49.4320240965894 = 49.4320240965894 (2.011347476625801)
10746-MALE_SAMPLED_50.5792962270638 = 50.5792962270638 (0.8640753461514024)
10511-MALE_SAMPLED_50.6154979008565 = 50.6154979008565 (0.8278736723587059)
10606-MALE_SAMPLED_49.3647319015431 = 49.3647319015431 (2.0786396716721)
6647-FEMALE_SAMPLED_49.2766271112336 = 49.2766271112336 (2.166744461981601)
9795-MALE_SAMPLED_48.4483220355900 = 48.44832203559 (2.9950495376251993)
5901-FEMALE_SAMPLED_50.4189710577334 = 50.4189710577334 (1.0244005154818012)
5675-FEMALE_SAMPLED_49.9539974683279 = 49.9539974683279 (1.489374104887304)
7697-FEMALE_SAMPLED_51.1228619101307 = 51.1228619101307 (0.3205096630845006)
9610-FEMALE_SAMPLED_48.5983288949205 = 48.5983288949205 (2.8450426782947034)
11197-FEMALE_SAMPLED_50.3591491982656 = 50.3591491982656 (1.0842223749496043)
11243-MALE_SAMPLED_50.9675749463344 = 50.9675749463344 (0.4757966268808005)
1093-FEMALE_SAMPLED_51.0285996207817 = 51.0285996207817 (0.4147719524335045)
1352-MALE_SAMPLED_49.0712604797295 = 49.0712604797295 (2.3721110934856995)
9995-FEMALE_SAMPLED_50.3247226606904 = 50.3247226606904 (1.1186489125248045)
3853-FEMALE_SAMPLED_49.5650967999676 = 49.5650967999676 (1.878274773247604)
181-FEMALE_SAMPLED_51.2801033325808 = 51.2801033325808 (0.1632682406344017)
9586-FEMALE_SAMPLED_49.8715594347881 = 49.8715594347881 (1.5718121384271058)
4524-MALE_SAMPLED_49.5644034063293 = 49.5644034063293 (1.8789681668859046)
8308-MALE_SAMPLED_49.0723478416762 = 49.0723478416762 (2.3710237315390046)
9659-MALE_SAMPLED_49.2986182425952 = 49.2986182425952 (2.1447533306200057)
10697-FEMALE_SAMPLED_51.0648769091198 = 51.0648769091198 (0.378494664095399)
3303-FEMALE_SAMPLED_48.5199434528908 = 48.5199434528908 (2.9234281203244024)
1071-FEMALE_SAMPLED_48.9938274377341 = 48.9938274377341 (2.449544135481105)
5661-FEMALE_SAMPLED_50.7402542733902 = 50.7402542733902 (0.7031172998250028)
10521-MALE_SAMPLED_51.2078251561465 = 51.2078251561465 (0.23554641706870427)
7033-FEMALE_SAMPLED_51.1254215715302 = 51.1254215715302 (0.31795000168500565)
10949-MALE_SAMPLED_49.0103477560764 = 49.0103477560764 (2.4330238171388032)
11355-MALE_SAMPLED_50.4824721647742 = 50.4824721647742 (0.9608994084410014)
11811-FEMALE_SAMPLED_51.3477246828692 = 51.3477246828692 (0.09564689034600349)
706-MALE_SAMPLED_49.1517019118032 = 49.1517019118032 (2.2916696614120013)
10705-MALE_SAMPLED_50.3514639520867 = 50.3514639520867 (1.091907621128506)
6781-FEMALE_SAMPLED_49.3871388507391 = 49.3871388507391 (2.0562327224761034)
9433-FEMALE_SAMPLED_51.0312712427544 = 51.0312712427544 (0.4121003304608024)
10573-FEMALE_SAMPLED_49.0180443744024 = 49.0180443744024 (2.425327198812802)
1034-MALE_SAMPLED_49.4410237558035 = 49.4410237558035 (2.002347817411703)
12367-FEMALE_SAMPLED_51.2069970101433 = 51.2069970101433 (0.23637456307190519)
3244-MALE_SAMPLED_49.0481625662500 = 49.04816256625 (2.395209006965203)
1027-FEMALE_SAMPLED_49.3823114228284 = 49.3823114228284 (2.061060150386801)
11562-FEMALE_SAMPLED_49.1282305719646 = 49.1282305719646 (2.315141001250602)
2545-FEMALE_SAMPLED_49.3387311757392 = 49.3387311757392 (2.104640397476004)
5522-MALE_SAMPLED_50.4990087265464 = 50.4990087265464 (0.9443628466688025)
9476-MALE_SAMPLED_51.1290307701415 = 51.1290307701415 (0.31434080307370493)
9756-FEMALE_SAMPLED_50.6386202545686 = 50.6386202545686 (0.804751318646602)
7174-MALE_SAMPLED_50.0058302627726 = 50.0058302627726 (1.4375413104426045)
11490-FEMALE_SAMPLED_50.3792434267083 = 50.3792434267083 (1.0641281465069028)
10877-FEMALE_SAMPLED_49.7772715862224 = 49.7772715862224 (1.6660999869928048)
4552-MALE_SAMPLED_48.5996732872294 = 48.5996732872294 (2.843698285985802)
10660-MALE_SAMPLED_48.7076074378414 = 48.7076074378414 (2.735764135373799)
11299-FEMALE_SAMPLED_50.8745127401630 = 50.874512740163 (0.5688588330522037)
8692-FEMALE_SAMPLED_51.2912771869300 = 51.29127718693 (0.15209438628519933)
8597-MALE_SAMPLED_50.0965716659406 = 50.0965716659406 (1.346799907274601)
5254-MALE_SAMPLED_49.1666018140817 = 49.1666018140817 (2.2767697591335008)
7636-MALE_SAMPLED_49.0306070165092 = 49.0306070165092 (2.4127645567060014)
11344-MALE_SAMPLED_48.6881909631042 = 48.6881909631042 (2.7551806101110046)
10193-MALE_SAMPLED_49.9151372343617 = 49.9151372343617 (1.5282343388535011)
5152-MALE_SAMPLED_50.2413514237700 = 50.24135142377 (1.2020201494452039)
842-MALE_SAMPLED_51.4379441463238 = 51.4379441463238 (0.00542742689140141)
9091-FEMALE_SAMPLED_49.8727438116761 = 49.8727438116761 (1.5706277615391002)
11090-FEMALE_SAMPLED_50.1050456457155 = 50.1050456457155 (1.338325927499703)
6603-FEMALE_SAMPLED_51.3164134807734 = 51.3164134807734 (0.12695809244180367)
9078-MALE_SAMPLED_48.5914582887048 = 48.5914582887048 (2.8519132845104025)
2195-FEMALE_SAMPLED_50.2966758319957 = 50.2966758319957 (1.146695741219503)
11459-FEMALE_SAMPLED_51.0012643548975 = 51.0012643548975 (0.4421072183177017)
4824-MALE_SAMPLED_50.7166290858144 = 50.7166290858144 (0.7267424874008057)
4582-MALE_SAMPLED_49.5017739033642 = 49.5017739033642 (1.9415976698509994)
10973-MALE_SAMPLED_49.0824374500511 = 49.0824374500511 (2.3609341231640997)
10054-FEMALE_SAMPLED_49.7413465906715 = 49.7413465906715 (1.7020249825437048)
9011-MALE_SAMPLED_50.6363072655944 = 50.6363072655944 (0.8070643076208057)
5069-FEMALE_SAMPLED_48.9694363565499 = 48.9694363565499 (2.4739352166653035)
11559-MALE_SAMPLED_51.1866672355531 = 51.1866672355531 (0.2567043376621001)
7096-MALE_SAMPLED_48.6324148275739 = 48.6324148275739 (2.810956745641299)
9957-FEMALE_SAMPLED_49.0293560412096 = 49.0293560412096 (2.4140155320055996)
9885-MALE_SAMPLED_48.8463801937027 = 48.8463801937027 (2.5969913795125024)
12154-MALE_SAMPLED_51.4102582835907 = 51.4102582835907 (0.03311328962450233)
8292-FEMALE_SAMPLED_51.4101061143296 = 51.4101061143296 (0.03326545888560162)
2979-FEMALE_SAMPLED_50.0333025057184 = 50.0333025057184 (1.4100690674967993)
5513-FEMALE_SAMPLED_49.2494325041620 = 49.249432504162 (2.193939069053201)
4089-FEMALE_SAMPLED_48.7814660284052 = 48.7814660284052 (2.661905544810004)
6349-FEMALE_SAMPLED_48.5927857740166 = 48.5927857740166 (2.8505857991986048)
4-MALE_SAMPLED_50.6090976842528 = 50.6090976842528 (0.8342738889624002)
10240-MALE_SAMPLED_48.8042578899617 = 48.8042578899617 (2.6391136832535054)
10875-MALE_SAMPLED_50.6665730096715 = 50.6665730096715 (0.7767985635437)
10460-MALE_SAMPLED_51.3501621738391 = 51.3501621738391 (0.09320939937610007)
9276-FEMALE_SAMPLED_50.5943035322557 = 50.5943035322557 (0.8490680409595015)
5681-FEMALE_SAMPLED_49.9483774693066 = 49.9483774693066 (1.4949941039086028)
2910-MALE_SAMPLED_51.3740212430561 = 51.3740212430561 (0.06935033015910363)
10858-FEMALE_SAMPLED_50.7733934665879 = 50.7733934665879 (0.6699781066273047)
8530-MALE_SAMPLED_48.9661171787733 = 48.9661171787733 (2.4772543944419)
8244-MALE_SAMPLED_49.6909611658043 = 49.6909611658043 (1.752410407410899)
2397-FEMALE_SAMPLED_49.0999122352654 = 49.0999122352654 (2.3434593379498025)
1177-FEMALE_SAMPLED_50.9517787636573 = 50.9517787636573 (0.4915928095579005)
6551-FEMALE_SAMPLED_50.2014412893763 = 50.2014412893763 (1.2419302838389044)
11223-MALE_SAMPLED_51.3763521029463 = 51.3763521029463 (0.06701947026890309)
10602-MALE_SAMPLED_51.1449490261579 = 51.1449490261579 (0.2984225470572994)
12336-FEMALE_SAMPLED_51.2624026180560 = 51.262402618056 (0.18096895515920153)
5788-MALE_SAMPLED_51.3748234645313 = 51.3748234645313 (0.06854810868389904)
2426-MALE_SAMPLED_51.1071867041605 = 51.1071867041605 (0.3361848690547049)
258-MALE_SAMPLED_49.2807156024350 = 49.280715602435 (2.1626559707802)
3707-FEMALE_SAMPLED_50.5529706696829 = 50.5529706696829 (0.8904009035323028)
11198-MALE_SAMPLED_51.1468507074600 = 51.14685070746 (0.2965208657552054)
11039-MALE_SAMPLED_51.0946745106334 = 51.0946745106334 (0.3486970625817989)
2835-FEMALE_SAMPLED_50.3884006363655 = 50.3884006363655 (1.0549709368496991)
4737-FEMALE_SAMPLED_51.2097116899526 = 51.2097116899526 (0.23365988326260378)
6991-FEMALE_SAMPLED_50.1931999653893 = 50.1931999653893 (1.250171607825905)
11002-MALE_SAMPLED_50.8958888675401 = 50.8958888675401 (0.547482705675101)
7463-FEMALE_SAMPLED_51.0594716041664 = 51.0594716041664 (0.3838999690488052)
11462-MALE_SAMPLED_51.1581420893630 = 51.158142089363 (0.2852294838522056)
6010-MALE_SAMPLED_49.6998941539636 = 49.6998941539636 (1.7434774192516045)
11259-MALE_SAMPLED_50.9480411249528 = 50.9480411249528 (0.4953304482624006)
11441-MALE_SAMPLED_48.7482439137379 = 48.7482439137379 (2.6951276594773006)
8268-FEMALE_SAMPLED_49.7005380971672 = 49.7005380971672 (1.7428334760480055)
11531-MALE_SAMPLED_49.8657168075292 = 49.8657168075292 (1.577654765685999)
7767-FEMALE_SAMPLED_50.2174129723421 = 50.2174129723421 (1.2259586008730992)
11353-MALE_SAMPLED_48.8778744865990 = 48.877874486599 (2.5654970866162046)
3459-FEMALE_SAMPLED_49.2238389781991 = 49.2238389781991 (2.219532595016105)
10886-FEMALE_SAMPLED_49.4912972969318 = 49.4912972969318 (1.9520742762834047)
10101-FEMALE_SAMPLED_50.8582455776481 = 50.8582455776481 (0.585125995567104)
3727-FEMALE_SAMPLED_48.6043168944156 = 48.6043168944156 (2.839054678799606)
10205-MALE_SAMPLED_49.9296259435209 = 49.9296259435209 (1.5137456296943057)
12145-MALE_SAMPLED_51.2058413021581 = 51.2058413021581 (0.23753027105710345)
5866-MALE_SAMPLED_51.4134304441827 = 51.4134304441827 (0.029941129032501124)
10658-MALE_SAMPLED_49.6130429981126 = 49.6130429981126 (1.8303285751026053)
9745-MALE_SAMPLED_49.1705803815125 = 49.1705803815125 (2.2727911917027015)
7764-MALE_SAMPLED_50.5058203912189 = 50.5058203912189 (0.9375511819963052)
10582-FEMALE_SAMPLED_49.8874876177719 = 49.8874876177719 (1.5558839554432993)
11128-MALE_SAMPLED_51.2853324457387 = 51.2853324457387 (0.15803912747649917)
11662-FEMALE_SAMPLED_50.6424930884818 = 50.6424930884818 (0.8008784847334027)
11721-FEMALE_SAMPLED_51.0597622745985 = 51.0597622745985 (0.38360929861670456)
6079-FEMALE_SAMPLED_51.0142254698871 = 51.0142254698871 (0.429146103328101)
1856-MALE_SAMPLED_50.8445787259693 = 50.8445787259693 (0.5987928472459032)
2618-MALE_SAMPLED_49.9498258398229 = 49.9498258398229 (1.4935457333923026)
1233-FEMALE_SAMPLED_50.6112061834278 = 50.6112061834278 (0.8321653897874057)
8321-FEMALE_SAMPLED_48.5549592019374 = 48.5549592019374 (2.888412371277802)
386-MALE_SAMPLED_49.4739761911182 = 49.4739761911182 (1.9693953820970052)
11148-FEMALE_SAMPLED_50.3884715996532 = 50.3884715996532 (1.0548999735620015)
10224-MALE_SAMPLED_51.1195562097559 = 51.1195562097559 (0.3238153634593033)
11341-MALE_SAMPLED_50.4231691185700 = 50.42316911857 (1.0202024546452009)
3152-MALE_SAMPLED_48.8317419304362 = 48.8317419304362 (2.6116296427790004)
4381-FEMALE_SAMPLED_50.1204724840204 = 50.1204724840204 (1.3228990891948058)
9208-FEMALE_SAMPLED_51.0890735930147 = 51.0890735930147 (0.3542979802004993)
6392-MALE_SAMPLED_48.8583534322528 = 48.8583534322528 (2.5850181409624042)
10505-MALE_SAMPLED_50.2207676027751 = 50.2207676027751 (1.2226039704401046)
9768-MALE_SAMPLED_51.4189034497680 = 51.418903449768 (0.02446812344719973)
7054-MALE_SAMPLED_48.7942178752123 = 48.7942178752123 (2.6491536980029053)
10019-FEMALE_SAMPLED_48.6311210151611 = 48.6311210151611 (2.812250558054103)
11687-FEMALE_SAMPLED_50.2515797589289 = 50.2515797589289 (1.1917918142863044)
1060-MALE_SAMPLED_51.3730099308154 = 51.3730099308154 (0.0703616423998028)
6460-MALE_SAMPLED_48.8885693983024 = 48.8885693983024 (2.554802174912801)
6021-FEMALE_SAMPLED_48.8039580664912 = 48.8039580664912 (2.6394135067240043)
8540-FEMALE_SAMPLED_50.8593656834996 = 50.8593656834996 (0.5840058897156055)
11994-MALE_SAMPLED_50.1259926392080 = 50.125992639208 (1.317378934007202)
7497-FEMALE_SAMPLED_49.8980468215736 = 49.8980468215736 (1.5453247516416013)
108-MALE_SAMPLED_50.3454950458685 = 50.3454950458685 (1.097876527346699)
5448-MALE_SAMPLED_48.6578759313410 = 48.657875931341 (2.785495641874199)
7871-FEMALE_SAMPLED_51.1967216902262 = 51.1967216902262 (0.24664988298900425)
2673-FEMALE_SAMPLED_48.7919371118618 = 48.7919371118618 (2.6514344613534035)
796-MALE_SAMPLED_50.7804487924872 = 50.7804487924872 (0.6629227807280031)
10201-MALE_SAMPLED_51.3296400275862 = 51.3296400275862 (0.11373154562900112)
4349-FEMALE_SAMPLED_51.1995832992101 = 51.1995832992101 (0.24378827400510517)
4027-FEMALE_SAMPLED_48.7561884862220 = 48.756188486222 (2.687183086993201)
2657-FEMALE_SAMPLED_51.3665591385065 = 51.3665591385065 (0.07681243470869958)
9419-MALE_SAMPLED_48.9311091354897 = 48.9311091354897 (2.5122624377255036)
9839-MALE_SAMPLED_50.5554473125225 = 50.5554473125225 (0.8879242606926994)
4827-FEMALE_SAMPLED_49.7999737914501 = 49.7999737914501 (1.6433977817651026)
10627-MALE_SAMPLED_48.9353167384247 = 48.9353167384247 (2.5080548347904994)
1852-MALE_SAMPLED_49.7361767794786 = 49.7361767794786 (1.7071947937366048)
4973-FEMALE_SAMPLED_50.6165585978737 = 50.6165585978737 (0.8268129753415039)
1557-FEMALE_SAMPLED_51.0630093247013 = 51.0630093247013 (0.38036224851390443)
10745-FEMALE_SAMPLED_49.9432854365872 = 49.9432854365872 (1.5000861366279992)
2530-MALE_SAMPLED_49.4840824731941 = 49.4840824731941 (1.9592891000211026)
11181-MALE_SAMPLED_49.5188230806811 = 49.5188230806811 (1.9245484925341003)
11759-MALE_SAMPLED_51.2916961388977 = 51.2916961388977 (0.15167543431750374)
5075-FEMALE_SAMPLED_48.8827338237165 = 48.8827338237165 (2.560637749498703)
6884-MALE_SAMPLED_50.8131033133099 = 50.8131033133099 (0.6302682599053)
3504-MALE_SAMPLED_51.3738170214778 = 51.3738170214778 (0.06955455173740432)
6376-MALE_SAMPLED_50.5817190001102 = 50.5817190001102 (0.8616525731050046)
4885-FEMALE_SAMPLED_50.6672646214569 = 50.6672646214569 (0.776106951758301)
8818-FEMALE_SAMPLED_50.0010187974980 = 50.001018797498 (1.4423527757172039)
8809-MALE_SAMPLED_49.2889590875561 = 49.2889590875561 (2.154412485659101)
3647-FEMALE_SAMPLED_51.1697673727608 = 51.1697673727608 (0.27360420045440037)
3309-FEMALE_SAMPLED_49.6254996119382 = 49.6254996119382 (1.8178719612769996)
6424-MALE_SAMPLED_49.8452256149462 = 49.8452256149462 (1.5981459582690007)
9714-FEMALE_SAMPLED_49.1692484670634 = 49.1692484670634 (2.274123106151805)
9906-FEMALE_SAMPLED_51.0738614585566 = 51.0738614585566 (0.3695101146586026)
12128-MALE_SAMPLED_50.5467837829923 = 50.5467837829923 (0.8965877902229025)
2396-MALE_SAMPLED_49.3508373505751 = 49.3508373505751 (2.0925342226401042)
5235-FEMALE_SAMPLED_50.4728921733180 = 50.472892173318 (0.9704793998972008)
11150-FEMALE_SAMPLED_51.4060974502785 = 51.4060974502785 (0.03727412293670085)
1840-MALE_SAMPLED_49.6559877956601 = 49.6559877956601 (1.7873837775550996)
11813-MALE_SAMPLED_50.3988461110125 = 50.3988461110125 (1.0445254622026994)
10093-MALE_SAMPLED_51.3209669664351 = 51.3209669664351 (0.12240460678010123)
2170-MALE_SAMPLED_49.1912147782127 = 49.1912147782127 (2.252156795002506)
5955-FEMALE_SAMPLED_51.2515077630373 = 51.2515077630373 (0.19186381017789955)
2104-MALE_SAMPLED_49.4392954367062 = 49.4392954367062 (2.004076136508999)
8304-FEMALE_SAMPLED_50.0766748760211 = 50.0766748760211 (1.3666966971941008)
11348-MALE_SAMPLED_50.3669731607510 = 50.366973160751 (1.0763984124642008)
10916-FEMALE_SAMPLED_48.5005578703562 = 48.5005578703562 (2.942813702859006)
10666-MALE_SAMPLED_51.1831395753974 = 51.1831395753974 (0.2602319978178045)
9175-FEMALE_SAMPLED_50.5549520510098 = 50.5549520510098 (0.8884195222054032)
9870-MALE_SAMPLED_50.0146349442506 = 50.0146349442506 (1.4287366289646002)
7698-MALE_SAMPLED_50.0897123899626 = 50.0897123899626 (1.3536591832526028)
10590-MALE_SAMPLED_49.4063049119281 = 49.4063049119281 (2.037066661287099)
4710-MALE_SAMPLED_48.5718914531021 = 48.5718914531021 (2.8714801201131053)
3855-FEMALE_SAMPLED_49.0164610105416 = 49.0164610105416 (2.426910562673605)
4348-MALE_SAMPLED_50.0467135151698 = 50.0467135151698 (1.3966580580454035)
11866-FEMALE_SAMPLED_51.0487021019066 = 51.0487021019066 (0.3946694713086032)
11087-FEMALE_SAMPLED_50.8528948291054 = 50.8528948291054 (0.5904767441098002)
7865-FEMALE_SAMPLED_49.1670960809419 = 49.1670960809419 (2.2762754922732995)
9413-MALE_SAMPLED_49.3250596267021 = 49.3250596267021 (2.118311946513103)
10070-MALE_SAMPLED_48.9604037320091 = 48.9604037320091 (2.4829678412061043)
2295-FEMALE_SAMPLED_49.3528976566008 = 49.3528976566008 (2.0904739166143997)
8213-MALE_SAMPLED_49.4441733802518 = 49.4441733802518 (1.999198192963405)
6291-FEMALE_SAMPLED_50.1216490580550 = 50.121649058055 (1.3217225151602037)
10515-MALE_SAMPLED_50.5938422391040 = 50.593842239104 (0.8495293341112031)
9973-FEMALE_SAMPLED_50.7222886027152 = 50.7222886027152 (0.7210829704999995)
4380-MALE_SAMPLED_51.3370241531952 = 51.3370241531952 (0.10634742002000053)
10925-MALE_SAMPLED_51.1916211016791 = 51.1916211016791 (0.25175047153610564)
11277-FEMALE_SAMPLED_48.6717218386324 = 48.6717218386324 (2.7716497345828017)
11183-MALE_SAMPLED_48.9871825750301 = 48.9871825750301 (2.4561889981851053)
9964-MALE_SAMPLED_49.2195147061570 = 49.219514706157 (2.2238568670582026)
1805-FEMALE_SAMPLED_49.4691068180686 = 49.4691068180686 (1.9742647551465993)
11980-MALE_SAMPLED_50.7780072341988 = 50.7780072341988 (0.6653643390163992)
12027-MALE_SAMPLED_51.0332056511974 = 51.0332056511974 (0.41016592201780355)
7129-FEMALE_SAMPLED_49.0103649815860 = 49.010364981586 (2.4330065916292014)
9027-MALE_SAMPLED_50.7317580703961 = 50.7317580703961 (0.7116135028191053)
7462-MALE_SAMPLED_50.3972941520473 = 50.3972941520473 (1.046077421167901)
9087-FEMALE_SAMPLED_48.7724256436190 = 48.772425643619 (2.6709459295962006)
4917-FEMALE_SAMPLED_50.3483971590026 = 50.3483971590026 (1.0949744142126008)
3575-FEMALE_SAMPLED_49.2758045552613 = 49.2758045552613 (2.1675670179538997)
10866-MALE_SAMPLED_51.0142644827569 = 51.0142644827569 (0.4291070904583023)
9490-MALE_SAMPLED_50.3582135690226 = 50.3582135690226 (1.0851580041926)
3662-MALE_SAMPLED_48.4931030454895 = 48.4931030454895 (2.9502685277257044)
2306-MALE_SAMPLED_48.4808663211147 = 48.4808663211147 (2.962505252100499)
4757-FEMALE_SAMPLED_48.9592530832010 = 48.959253083201 (2.484118490014204)
3537-FEMALE_SAMPLED_50.0819913621376 = 50.0819913621376 (1.361380211077602)
6892-MALE_SAMPLED_48.7944135821739 = 48.7944135821739 (2.6489579910413)
5347-FEMALE_SAMPLED_48.7447808431311 = 48.7447808431311 (2.698590730084099)
998-MALE_SAMPLED_50.5913257766364 = 50.5913257766364 (0.8520457965787998)
11135-MALE_SAMPLED_51.0922026231269 = 51.0922026231269 (0.35116895008830085)
11357-FEMALE_SAMPLED_49.8419704616385 = 49.8419704616385 (1.601401111576699)
586-MALE_SAMPLED_49.5287418372313 = 49.5287418372313 (1.914629735983901)
11292-FEMALE_SAMPLED_50.9190072014312 = 50.9190072014312 (0.524364371784003)
3186-MALE_SAMPLED_50.8206182371209 = 50.8206182371209 (0.6227533360943056)
10904-FEMALE_SAMPLED_50.3467795348110 = 50.346779534811 (1.0965920384042036)
8225-MALE_SAMPLED_49.1581500582246 = 49.1581500582246 (2.285221514990603)
9457-FEMALE_SAMPLED_50.8227092125302 = 50.8227092125302 (0.620662360685003)
1839-FEMALE_SAMPLED_49.9350312512683 = 49.9350312512683 (1.5083403219469034)
11192-FEMALE_SAMPLED_49.4628826731200 = 49.46288267312 (1.980488900095203)
10508-MALE_SAMPLED_48.4994948836824 = 48.4994948836824 (2.9438766895328)
1070-MALE_SAMPLED_49.5598476903828 = 49.5598476903828 (1.8835238828323995)
3498-MALE_SAMPLED_48.4686721977627 = 48.4686721977627 (2.974699375452502)
11747-FEMALE_SAMPLED_51.3980516670121 = 51.3980516670121 (0.045319906203104665)
7553-FEMALE_SAMPLED_49.8190999589710 = 49.819099958971 (1.6242716142442006)
7914-MALE_SAMPLED_51.3452850782627 = 51.3452850782627 (0.09808649495250421)
11038-MALE_SAMPLED_50.9918436496368 = 50.9918436496368 (0.45152792357840354)
5516-MALE_SAMPLED_48.8382548752556 = 48.8382548752556 (2.605116697959602)
10803-MALE_SAMPLED_50.4555180924794 = 50.4555180924794 (0.9878534807358008)
9641-MALE_SAMPLED_49.2948390743545 = 49.2948390743545 (2.1485324988607033)
3991-FEMALE_SAMPLED_49.0611197689863 = 49.0611197689863 (2.3822518042289005)
5217-FEMALE_SAMPLED_50.0521625981050 = 50.052162598105 (1.391208975110203)
11340-FEMALE_SAMPLED_48.4686946347205 = 48.4686946347205 (2.974676938494703)
2471-FEMALE_SAMPLED_49.8749816191698 = 49.8749816191698 (1.5683899540454007)
1950-MALE_SAMPLED_49.2177521693370 = 49.217752169337 (2.2256194038782056)
1409-FEMALE_SAMPLED_48.9316293638980 = 48.931629363898 (2.5117422093172053)
3785-FEMALE_SAMPLED_49.3792215781136 = 49.3792215781136 (2.0641499951016016)
7552-MALE_SAMPLED_51.3139109385515 = 51.3139109385515 (0.12946063466370106)
7390-MALE_SAMPLED_50.5326231149806 = 50.5326231149806 (0.9107484582346004)
3342-MALE_SAMPLED_50.1882741974982 = 50.1882741974982 (1.2550973757169999)
11120-FEMALE_SAMPLED_49.6389797120204 = 49.6389797120204 (1.8043918611948015)
10044-FEMALE_SAMPLED_48.6161908563076 = 48.6161908563076 (2.8271807169076055)
942-MALE_SAMPLED_49.6679873736425 = 49.6679873736425 (1.7753841995727058)
11073-MALE_SAMPLED_50.5118082272670 = 50.511808227267 (0.9315633459482058)
3588-MALE_SAMPLED_48.9984654828290 = 48.998465482829 (2.4449060903862048)
77-FEMALE_SAMPLED_48.5315162844340 = 48.531516284434 (2.9118552887812044)
1397-FEMALE_SAMPLED_49.2059786338208 = 49.2059786338208 (2.237392939394404)
10537-FEMALE_SAMPLED_48.5834498468170 = 48.583449846817 (2.8599217263982055)
10974-MALE_SAMPLED_49.6536837599555 = 49.6536837599555 (1.7896878132597038)
10410-MALE_SAMPLED_50.6383495407494 = 50.6383495407494 (0.8050220324658)
3245-FEMALE_SAMPLED_50.0719190896338 = 50.0719190896338 (1.3714524835814004)
802-MALE_SAMPLED_49.4138996265678 = 49.4138996265678 (2.029471946647405)
1512-MALE_SAMPLED_50.1616616144160 = 50.161661614416 (1.2817099587992047)
1163-FEMALE_SAMPLED_49.0045289089753 = 49.0045289089753 (2.4388426642398997)
9355-MALE_SAMPLED_49.9134876436869 = 49.9134876436869 (1.529883929528303)
10912-FEMALE_SAMPLED_50.5504991712364 = 50.5504991712364 (0.8928724019787992)
4595-FEMALE_SAMPLED_50.6964280921815 = 50.6964280921815 (0.7469434810337034)
2723-FEMALE_SAMPLED_48.5976869081928 = 48.5976869081928 (2.8456846650224037)
3547-FEMALE_SAMPLED_50.9325575362740 = 50.932557536274 (0.5108140369412055)
4938-MALE_SAMPLED_48.8311872775516 = 48.8311872775516 (2.612184295663603)
4685-FEMALE_SAMPLED_49.8454370868707 = 49.8454370868707 (1.5979344863444993)
11005-FEMALE_SAMPLED_50.3943764709251 = 50.3943764709251 (1.0489951022900996)
7637-FEMALE_SAMPLED_50.5476914271562 = 50.5476914271562 (0.895680146059)
6863-FEMALE_SAMPLED_49.5778546433280 = 49.577854643328 (1.8655169298871996)
1435-FEMALE_SAMPLED_50.8537697642891 = 50.8537697642891 (0.5896018089261048)
9416-MALE_SAMPLED_49.5661769583671 = 49.5661769583671 (1.8771946148481007)
9362-MALE_SAMPLED_51.3692074559944 = 51.3692074559944 (0.0741641172208034)
3506-MALE_SAMPLED_48.9170111138223 = 48.9170111138223 (2.5263604593929045)
10986-MALE_SAMPLED_49.1068544704316 = 49.1068544704316 (2.3365171027836027)
5007-FEMALE_SAMPLED_49.3672163227888 = 49.3672163227888 (2.076155250426403)
2741-FEMALE_SAMPLED_49.5861934774870 = 49.586193477487 (1.8571780957282016)
10335-MALE_SAMPLED_48.7734665879829 = 48.7734665879829 (2.6699049852323)
10500-MALE_SAMPLED_49.9908983437194 = 49.9908983437194 (1.4524732294958014)
8413-FEMALE_SAMPLED_49.0452032312600 = 49.04520323126 (2.3981683419552056)
2824-MALE_SAMPLED_49.2027459419182 = 49.2027459419182 (2.240625631297)
2825-FEMALE_SAMPLED_50.9680296834408 = 50.9680296834408 (0.4753418897744055)
11124-MALE_SAMPLED_49.6864366347285 = 49.6864366347285 (1.756934938486701)
9494-MALE_SAMPLED_50.3512301039731 = 50.3512301039731 (1.092141469242101)
10992-MALE_SAMPLED_50.5776803162730 = 50.577680316273 (0.8656912569421991)
8569-MALE_SAMPLED_49.2725628611947 = 49.2725628611947 (2.170808712020502)
10333-MALE_SAMPLED_49.7241194376106 = 49.7241194376106 (1.7192521356046058)
10978-MALE_SAMPLED_48.7834584326333 = 48.7834584326333 (2.6599131405818994)
10329-MALE_SAMPLED_50.9927587683628 = 50.9927587683628 (0.45061280485240474)
11227-FEMALE_SAMPLED_49.4918955350144 = 49.4918955350144 (1.951476038200802)
11322-FEMALE_SAMPLED_48.9537845731097 = 48.9537845731097 (2.4895870001055016)
9625-FEMALE_SAMPLED_48.4549535696710 = 48.454953569671 (2.9884180035442043)
9102-MALE_SAMPLED_51.2923799597042 = 51.2923799597042 (0.1509916135110032)
4879-FEMALE_SAMPLED_50.9640499600059 = 50.9640499600059 (0.4793216132093008)
5520-MALE_SAMPLED_51.1044763361419 = 51.1044763361419 (0.33889523707330227)
9045-MALE_SAMPLED_49.5721708908526 = 49.5721708908526 (1.8712006823626055)
5275-FEMALE_SAMPLED_51.3915634550935 = 51.3915634550935 (0.051808118121705604)
3153-FEMALE_SAMPLED_50.3544361169765 = 50.3544361169765 (1.0889354562387012)
3097-FEMALE_SAMPLED_50.7185459977331 = 50.7185459977331 (0.7248255754821002)
2140-MALE_SAMPLED_48.6052124686389 = 48.6052124686389 (2.838159104576299)
8961-MALE_SAMPLED_49.1184249801876 = 49.1184249801876 (2.3249465930276045)
1951-FEMALE_SAMPLED_49.7912508859148 = 49.7912508859148 (1.6521206873004033)
3251-FEMALE_SAMPLED_50.0496936798876 = 50.0496936798876 (1.3936778933275988)
9206-FEMALE_SAMPLED_50.6410577539204 = 50.6410577539204 (0.8023138192948025)
1801-FEMALE_SAMPLED_51.1901475253830 = 51.190147525383 (0.2532240478322052)
10693-MALE_SAMPLED_49.0779616129434 = 49.0779616129434 (2.365409960271805)
6297-FEMALE_SAMPLED_49.2273644541705 = 49.2273644541705 (2.216007119044704)
4868-MALE_SAMPLED_50.3595086526906 = 50.3595086526906 (1.0838629205246022)
1671-FEMALE_SAMPLED_50.1059135701357 = 50.1059135701357 (1.3374580030795045)
12060-FEMALE_SAMPLED_51.3996170342284 = 51.3996170342284 (0.04375453898680348)
6348-MALE_SAMPLED_51.3480566404609 = 51.3480566404609 (0.09531493275430591)
1244-MALE_SAMPLED_51.3875269896666 = 51.3875269896666 (0.05584458354860544)
2025-FEMALE_SAMPLED_48.5153697277269 = 48.5153697277269 (2.9280018454883034)
7107-FEMALE_SAMPLED_48.6949835065602 = 48.6949835065602 (2.7483880666550036)
6472-MALE_SAMPLED_50.3858610656893 = 50.3858610656893 (1.0575105075259046)
10221-MALE_SAMPLED_50.3750902642345 = 50.3750902642345 (1.0682813089807013)
6871-FEMALE_SAMPLED_51.2139429026133 = 51.2139429026133 (0.22942867060190508)
11679-FEMALE_SAMPLED_50.7463771384059 = 50.7463771384059 (0.6969944348093051)
11879-FEMALE_SAMPLED_50.6619440428762 = 50.6619440428762 (0.7814275303390019)
  UCRelaxedClockModel: using 1512 rate categories to approximate rate distribution across branches.
  Using BEAGLE version: 2.1.2 resource 0: CPU
    with instance flags:  PRECISION_DOUBLE COMPUTATION_SYNCH EIGEN_REAL SCALING_MANUAL SCALERS_RAW VECTOR_SSE THREADING_NONE PROCESSOR_CPU FRAMEWORK_CPU
Filter 1480-4479
757 taxa
3000 sites
1980 patterns
  Using BEAGLE version: 2.1.2 resource 0: CPU
    with instance flags:  PRECISION_DOUBLE COMPUTATION_SYNCH EIGEN_REAL SCALING_MANUAL SCALERS_RAW VECTOR_SSE THREADING_NONE PROCESSOR_CPU FRAMEWORK_CPU
Filter 4480-6987
757 taxa
2508 sites
1753 patterns
  Using BEAGLE version: 2.1.2 resource 0: CPU
    with instance flags:  PRECISION_DOUBLE COMPUTATION_SYNCH EIGEN_REAL SCALING_MANUAL SCALERS_RAW VECTOR_SSE THREADING_NONE PROCESSOR_CPU FRAMEWORK_CPU
===============================================================================
Citations for this model:

Bouckaert RR, Heled J, Kuehnert D, Vaughan TG, Wu C-H, Xie D, Suchard MA,
  Rambaut A, Drummond AJ (2014) BEAST 2: A software platform for Bayesian
  evolutionary analysis. PLoS Computational Biology 10(4): e1003537

Drummond AJ, Ho SYW, Phillips MJ, Rambaut A (2006) Relaxed Phylogenetics and
  Dating with Confidence. PLoS Biol 4(5): e88

===============================================================================
Restoring from file
Appending file 300914_Village_scG_sample2_epi3.log
Appending file 300914_Village_scG_sample2_epi3.trees
         Sample      posterior ESS(posterior)     likelihood          prior
        5671000   -687434.0905              N   -682830.2485     -4603.8420 --
        5672000   -687416.6112         2.0      -682814.7204     -4601.8907 --
        5673000   -687398.3871         3.0      -682792.2933     -4606.0938 --
        5674000   -687409.3036         4.0      -682804.0294     -4605.2741 --
        5675000   -687380.0928         4.1      -682767.7397     -4612.3531 --
        5676000   -687373.5683         3.6      -682765.5078     -4608.0605 --
        5677000   -687370.3135         2.8      -682768.3179     -4601.9955 --
        5678000   -687369.1825         2.8      -682766.2420     -4602.9405 --
        5679000   -687361.0871         2.9      -682756.5450     -4604.5420 --
        5680000   -687334.5563         3.1      -682729.2968     -4605.2595 --
        5681000   -687275.7853         3.8      -682676.3936     -4599.3917 --
        5682000   -687251.1083         3.5      -682650.4438     -4600.6645 6h17m36s/Msamples
        5683000   -687135.2882         3.8      -682531.1437     -4604.1444 6h0m31s/Msamples
        5684000   -687085.1066         3.4      -682482.9358     -4602.1707 5h50m43s/Msamples
        5685000   -687076.0161         3.0      -682474.4176     -4601.5984 5h45m18s/Msamples
        5686000   -687053.4805         2.8      -682451.4660     -4602.0144 5h48m42s/Msamples
        5687000   -687030.7767         2.6      -682429.4423     -4601.3344 5h45m12s/Msamples
        5688000   -686977.3256         2.6      -682377.8656     -4599.4599 5h42m10s/Msamples
        5689000   -686986.9304         2.4      -682385.4967     -4601.4337 5h39m58s/Msamples
        5690000   -686965.8022         2.3      -682363.5431     -4602.2590 5h36m11s/Msamples
        5691000   -686963.0573         2.3      -682357.6448     -4605.4124 5h39m33s/Msamples
        5692000   -686925.2577         2.3      -682323.6442     -4601.6135 5h40m39s/Msamples
        5693000   -686717.9507         2.5      -682119.9134     -4598.0372 5h40m14s/Msamples
        5694000   -686728.8166         2.5      -682127.7093     -4601.1073 5h39m17s/Msamples
        5695000   -686710.8706         2.5      -682105.4609     -4605.4096 5h36m57s/Msamples
        5696000   -686685.0222         2.5      -682082.1026     -4602.9195 5h39m33s/Msamples
        5697000   -686683.6262         2.5      -682077.8972     -4605.7289 5h40m51s/Msamples
        5698000   -686664.3906         2.5      -682058.7960     -4605.5946 5h36m42s/Msamples
        5699000   -686666.2857         2.5      -682055.4773     -4610.8083 5h36m10s/Msamples
        5700000   -686660.6382         2.5      -682053.1323     -4607.5059 5h37m8s/Msamples
        5701000   -686655.4386         2.5      -682043.8054     -4611.6331 5h35m58s/Msamples
        5702000   -686650.8361         2.4      -682043.7022     -4607.1338 5h34m6s/Msamples
        5703000   -686642.7133         2.4      -682035.4351     -4607.2781 5h35m18s/Msamples
        5704000   -686640.9962         2.4      -682032.7023     -4608.2938 5h34m21s/Msamples
        5705000   -686600.8546         2.4      -681997.9584     -4602.8961 5h32m18s/Msamples
        5706000   -686609.8291         2.4      -681998.6528     -4611.1763 5h32m17s/Msamples
        5707000   -686511.8054         2.4      -681903.6860     -4608.1194 5h32m5s/Msamples
        5708000   -686490.7029         2.4      -681880.8105     -4609.8924 5h30m19s/Msamples
        5709000   -686491.5441         2.4      -681880.7621     -4610.7820 5h30m26s/Msamples
        5710000   -686489.7580         2.5      -681878.5412     -4611.2167 5h32m17s/Msamples
        5711000   -686478.6136         2.5      -681870.5369     -4608.0767 5h34m3s/Msamples
        5712000   -686481.6869         2.5      -681866.7133     -4614.9736 5h32m17s/Msamples
        5713000   -686465.9229         2.5      -681858.1652     -4607.7577 5h32m37s/Msamples
        5714000   -686472.0114         2.5      -681859.3860     -4612.6254 5h31m42s/Msamples
        5715000   -686377.6850         2.5      -681763.9757     -4613.7093 5h31m58s/Msamples
        5716000   -686331.2306         2.6      -681719.0409     -4612.1897 5h31m46s/Msamples
        5717000   -686316.2121         2.6      -681698.5277     -4617.6843 5h31m48s/Msamples
        5718000   -686295.0030         2.6      -681679.3450     -4615.6579 5h31m51s/Msamples
        5719000   -686289.0679         2.6      -681675.5026     -4613.5652 5h31m37s/Msamples
        5720000   -686279.3343         2.7      -681666.6870     -4612.6473 5h32m24s/Msamples
        5721000   -686279.1721         2.7      -681665.7131     -4613.4589 5h31m53s/Msamples
        5722000   -686272.0689         2.7      -681663.9021     -4608.1667 5h32m8s/Msamples
        5723000   -686279.1818         2.7      -681668.8615     -4610.3203 5h30m20s/Msamples
        5724000   -686282.2954         2.7      -681671.4587     -4610.8367 5h30m0s/Msamples
        5725000   -686250.6627         2.7      -681641.5040     -4609.1587 5h29m39s/Msamples
        5726000   -686240.3934         2.7      -681630.1436     -4610.2497 5h29m51s/Msamples
        5727000   -686023.0980         2.7      -681416.2902     -4606.8078 5h29m20s/Msamples
        5728000   -686008.7430         2.7      -681402.6437     -4606.0992 5h29m11s/Msamples
        5729000   -685991.6218         2.7      -681383.1367     -4608.4850 5h29m23s/Msamples
        5730000   -685978.3775         2.8      -681368.4356     -4609.9418 5h28m49s/Msamples
        5731000   -685970.8691         2.8      -681359.9222     -4610.9468 5h27m48s/Msamples
        5732000   -685971.9815         2.8      -681358.8318     -4613.1497 5h27m32s/Msamples
        5733000   -685874.4711         2.8      -681254.7374     -4619.7337 5h28m5s/Msamples
        5734000   -685820.9117         2.8      -681211.7722     -4609.1394 5h27m27s/Msamples
        5735000   -685813.7382         2.8      -681207.1793     -4606.5588 5h27m30s/Msamples
        5736000   -685814.3946         2.8      -681199.7143     -4614.6803 5h27m51s/Msamples
        5737000   -685791.0631         2.8      -681180.8701     -4610.1929 5h27m47s/Msamples
        5738000   -685781.8408         2.8      -681167.5176     -4614.3231 5h27m34s/Msamples
        5739000   -685790.0703         2.7      -681175.0134     -4615.0568 5h26m41s/Msamples
        5740000   -685748.8990         2.7      -681135.6456     -4613.2533 5h26m21s/Msamples
        5741000   -685740.3404         2.7      -681124.7849     -4615.5554 5h27m17s/Msamples
        5742000   -685752.2192         2.7      -681136.5029     -4615.7162 5h26m45s/Msamples
        5743000   -685736.5675         2.7      -681123.8651     -4612.7024 5h26m45s/Msamples
        5744000   -685715.1928         2.7      -681107.9116     -4607.2811 5h26m43s/Msamples
        5745000   -685716.4539         2.7      -681107.6731     -4608.7807 5h27m54s/Msamples
        5746000   -685709.2775         2.6      -681100.8380     -4608.4394 5h27m52s/Msamples
        5747000   -685716.3212         2.6      -681106.3519     -4609.9692 5h27m50s/Msamples
        5748000   -685727.1501         2.6      -681114.9864     -4612.1637 5h28m13s/Msamples
        5749000   -685702.9103         2.6      -681090.4416     -4612.4686 5h27m15s/Msamples
        5750000   -685689.0217         2.6      -681074.6684     -4614.3533 5h27m45s/Msamples
        5751000   -685698.3260         2.6      -681083.4876     -4614.8384 5h27m52s/Msamples
        5752000   -685701.7545         2.6      -681091.1480     -4610.6064 5h28m0s/Msamples
        5753000   -685692.0032         2.5      -681079.4593     -4612.5439 5h27m33s/Msamples
        5754000   -685692.8591         2.5      -681085.4217     -4607.4374 5h27m20s/Msamples
        5755000   -685698.2499         2.5      -681087.4782     -4610.7717 5h27m17s/Msamples
        5756000   -685619.4705         2.5      -681005.1127     -4614.3577 5h27m30s/Msamples
        5757000   -685613.2664         2.5      -681002.8987     -4610.3677 5h27m56s/Msamples
        5758000   -685621.1772         2.5      -681008.1100     -4613.0671 5h27m56s/Msamples
        5759000   -685615.8332         2.5      -681001.6147     -4614.2185 5h27m37s/Msamples
        5760000   -685613.7249         2.5      -681005.1849     -4608.5399 5h27m54s/Msamples
        5761000   -685596.9617         2.5      -680983.7698     -4613.1918 5h27m33s/Msamples
        5762000   -685590.3332         2.5      -680974.5786     -4615.7546 5h27m56s/Msamples
        5763000   -685599.6578         2.4      -680984.3424     -4615.3153 5h28m14s/Msamples
        5764000   -685485.7856         2.4      -680874.4372     -4611.3483 5h28m3s/Msamples
        5765000   -685499.4295         2.4      -680887.2341     -4612.1954 5h28m25s/Msamples
        5766000   -685496.4666         2.4      -680888.9756     -4607.4909 5h28m37s/Msamples
        5767000   -685441.0527         2.4      -680831.5332     -4609.5194 5h28m32s/Msamples
        5768000   -685432.7119         2.4      -680824.4284     -4608.2835 5h28m22s/Msamples
        5769000   -685428.1217         2.4      -680822.8405     -4605.2812 5h28m24s/Msamples
        5770000   -685414.0231         2.4      -680805.8859     -4608.1371 5h28m30s/Msamples
        5771000   -685411.9634         2.4      -680799.7391     -4612.2243 5h28m20s/Msamples
        5772000   -685401.8053         2.4      -680794.5183     -4607.2870 5h28m29s/Msamples
        5773000   -685398.3571         2.4      -680790.0806     -4608.2764 5h28m7s/Msamples
        5774000   -685403.3043         2.4      -680797.2539     -4606.0504 5h28m11s/Msamples
        5775000   -685406.8469         2.4      -680799.2222     -4607.6247 5h28m48s/Msamples
        5776000   -685377.0744         2.4      -680766.5124     -4610.5619 5h28m54s/Msamples
        5777000   -685348.0145         2.5      -680740.1350     -4607.8794 5h28m51s/Msamples
        5778000   -685358.5556         2.5      -680749.4350     -4609.1206 5h28m54s/Msamples
        5779000   -685320.3936         2.5      -680712.1954     -4608.1981 5h28m47s/Msamples
        5780000   -685315.1276         2.5      -680705.8297     -4609.2978 5h28m40s/Msamples
        5781000   -685042.7320         2.5      -680433.6788     -4609.0532 5h28m57s/Msamples
        5782000   -685021.5629         2.5      -680407.1437     -4614.4191 5h29m14s/Msamples
        5783000   -685015.4741         2.5      -680404.2888     -4611.1853 5h29m36s/Msamples
        5784000   -684975.8690         2.5      -680358.8806     -4616.9884 5h29m58s/Msamples
        5785000   -684860.5289         2.5      -680244.5535     -4615.9753 5h30m12s/Msamples
        5786000   -684863.8765         2.6      -680245.6379     -4618.2386 5h30m7s/Msamples
        5787000   -684859.3224         2.6      -680244.2331     -4615.0892 5h30m3s/Msamples
        5788000   -684830.0673         2.6      -680214.2144     -4615.8529 5h29m58s/Msamples
        5789000   -684806.5745         2.6      -680188.4158     -4618.1587 5h30m20s/Msamples
        5790000   -684806.0491         2.6      -680187.9419     -4618.1072 5h30m11s/Msamples
        5791000   -684808.2664         2.6      -680187.6764     -4620.5900 5h29m41s/Msamples
        5792000   -684730.8414         2.6      -680113.8758     -4616.9655 5h29m31s/Msamples
        5793000   -684735.2594         2.6      -680111.7788     -4623.4806 5h29m22s/Msamples
        5794000   -684727.3053         2.7      -680113.3094     -4613.9958 5h29m20s/Msamples
        5795000   -684652.4258         2.7      -680036.1528     -4616.2730 5h29m38s/Msamples
        5796000   -684650.8082         2.7      -680032.3188     -4618.4894 5h29m24s/Msamples
        5797000   -684592.6628         2.7      -679971.5607     -4621.1021 5h29m3s/Msamples
        5798000   -684472.8547         2.7      -679843.3382     -4629.5165 5h28m57s/Msamples
        5799000   -684457.6942         2.7      -679836.5835     -4621.1107 5h28m55s/Msamples
        5800000   -684390.5173         2.7      -679767.4363     -4623.0810 5h29m3s/Msamples
        5801000   -684373.6556         2.7      -679752.7632     -4620.8924 5h28m59s/Msamples
        5802000   -684371.6955         2.7      -679752.3312     -4619.3643 5h28m51s/Msamples
        5803000   -684348.9413         2.7      -679731.3650     -4617.5763 5h28m58s/Msamples
        5804000   -684353.1975         2.7      -679727.3589     -4625.8386 5h28m45s/Msamples
        5805000   -684333.5444         2.7      -679710.3026     -4623.2418 5h28m38s/Msamples
        5806000   -684313.7610         2.7      -679690.1656     -4623.5953 5h29m2s/Msamples
        5807000   -684308.9150         2.7      -679683.8853     -4625.0296 5h28m45s/Msamples
        5808000   -684312.8560         2.7      -679690.4866     -4622.3694 5h28m44s/Msamples
        5809000   -684245.5043         2.7      -679622.3877     -4623.1166 5h28m29s/Msamples
        5810000   -684244.3801         2.7      -679620.5058     -4623.8743 5h28m36s/Msamples
        5811000   -684249.9912         2.7      -679629.1418     -4620.8494 5h28m56s/Msamples
        5812000   -684227.8128         2.7      -679608.3211     -4619.4916 5h28m45s/Msamples
        5813000   -684193.6108         2.7      -679571.2554     -4622.3554 5h28m54s/Msamples
        5814000   -684187.1541         2.7      -679563.6344     -4623.5197 5h28m40s/Msamples
        5815000   -684180.7536         2.7      -679556.2044     -4624.5492 5h28m56s/Msamples
        5816000   -684158.1495         2.7      -679528.1217     -4630.0277 5h29m12s/Msamples
        5817000   -684164.3062         2.7      -679537.1210     -4627.1852 5h29m14s/Msamples
        5818000   -684161.1486         2.7      -679537.9423     -4623.2063 5h29m0s/Msamples
        5819000   -684156.2503         2.7      -679537.0495     -4619.2007 5h28m58s/Msamples
        5820000   -684149.1522         2.7      -679530.6214     -4618.5307 5h28m54s/Msamples
        5821000   -684143.3234         2.7      -679520.1426     -4623.1807 5h29m0s/Msamples
        5822000   -684132.2212         2.7      -679513.5120     -4618.7092 5h29m0s/Msamples
        5823000   -684109.1940         2.7      -679487.1085     -4622.0855 5h29m20s/Msamples
        5824000   -684094.6569         2.7      -679475.1509     -4619.5059 5h29m27s/Msamples
        5825000   -684067.7282         2.6      -679446.6725     -4621.0557 5h29m32s/Msamples
        5826000   -684066.7408         2.6      -679446.5374     -4620.2033 5h29m33s/Msamples
        5827000   -684069.1992         2.6      -679448.0561     -4621.1431 5h29m34s/Msamples
        5828000   -684064.3600         2.6      -679433.7974     -4630.5626 5h29m42s/Msamples
        5829000   -684037.7579         2.6      -679416.4469     -4621.3110 5h29m51s/Msamples
        5830000   -683980.1756         2.6      -679353.3733     -4626.8023 5h29m38s/Msamples
        5831000   -683947.5989         2.6      -679319.8204     -4627.7785 5h29m48s/Msamples
        5832000   -683950.0683         2.6      -679320.0584     -4630.0098 5h29m49s/Msamples
        5833000   -683914.4020         2.6      -679288.4805     -4625.9215 5h29m38s/Msamples
        5834000   -683858.8558         2.6      -679231.6776     -4627.1781 5h29m24s/Msamples
        5835000   -683815.0490         2.6      -679181.3327     -4633.7162 5h29m10s/Msamples
        5836000   -683806.5443         2.6      -679180.0443     -4626.4999 5h29m23s/Msamples
        5837000   -683700.6927         2.5      -679071.7832     -4628.9094 5h29m23s/Msamples
        5838000   -683651.8237         2.5      -679022.8878     -4628.9359 5h29m27s/Msamples
        5839000   -683626.4671         2.5      -678994.1078     -4632.3593 5h29m33s/Msamples
        5840000   -683473.5706         2.5      -678846.0376     -4627.5330 5h29m22s/Msamples
        5841000   -683293.9987         2.5      -678661.6874     -4632.3113 5h29m12s/Msamples
        5842000   -683246.7602         2.5      -678616.8533     -4629.9068 5h29m26s/Msamples
        5843000   -683228.0506         2.5      -678599.7472     -4628.3034 5h29m5s/Msamples
        5844000   -683207.9463         2.5      -678581.0816     -4626.8646 5h29m21s/Msamples
        5845000   -683154.9381         2.5      -678529.5587     -4625.3794 5h29m29s/Msamples
        5846000   -683161.0037         2.5      -678536.2730     -4624.7306 5h29m19s/Msamples
        5847000   -683158.8199         2.5      -678532.8845     -4625.9354 5h29m18s/Msamples
        5848000   -683147.5592         2.5      -678519.3563     -4628.2029 5h29m13s/Msamples
        5849000   -683137.2742         2.5      -678505.8935     -4631.3806 5h29m11s/Msamples
        5850000   -683129.9005         2.5      -678500.5068     -4629.3937 5h29m18s/Msamples
        5851000   -683110.3866         2.5      -678481.6476     -4628.7390 5h29m25s/Msamples
        5852000   -683109.7849         2.5      -678478.1911     -4631.5938 5h29m20s/Msamples
        5853000   -683110.1328         2.5      -678477.0533     -4633.0794 5h29m12s/Msamples
        5854000   -683122.5589         2.5      -678489.6490     -4632.9098 5h29m3s/Msamples
        5855000   -683073.3175         2.5      -678443.2803     -4630.0372 5h29m4s/Msamples
        5856000   -683064.1666         2.5      -678439.2605     -4624.9061 5h29m6s/Msamples
        5857000   -683057.3274         2.5      -678429.7532     -4627.5742 5h29m4s/Msamples
        5858000   -683057.0725         2.5      -678423.4893     -4633.5831 5h28m59s/Msamples
        5859000   -683019.2015         2.5      -678394.1791     -4625.0224 5h29m1s/Msamples
        5860000   -682970.7031         2.5      -678343.0131     -4627.6900 5h28m45s/Msamples
        5861000   -682968.4722         2.5      -678340.6258     -4627.8464 5h28m34s/Msamples
        5862000   -682976.4128         2.5      -678342.3889     -4634.0238 5h28m45s/Msamples
        5863000   -682902.8387         2.5      -678274.6498     -4628.1888 5h28m40s/Msamples
        5864000   -682895.1244         2.5      -678267.6776     -4627.4467 5h28m45s/Msamples
        5865000   -682888.0989         2.5      -678262.1134     -4625.9854 5h28m31s/Msamples
        5866000   -682879.4339         2.5      -678253.9168     -4625.5171 5h28m14s/Msamples
        5867000   -682881.5506         2.5      -678252.4424     -4629.1081 5h28m12s/Msamples
        5868000   -682891.6715         2.5      -678262.7669     -4628.9046 5h28m8s/Msamples
        5869000   -682890.5804         2.5      -678260.2776     -4630.3028 5h28m6s/Msamples
        5870000   -682885.5396         2.5      -678250.8550     -4634.6845 5h28m0s/Msamples
        5871000   -682868.9432         2.5      -678236.2208     -4632.7224 5h28m14s/Msamples
        5872000   -682846.3121         2.5      -678214.7318     -4631.5802 5h28m12s/Msamples
        5873000   -682860.9575         2.5      -678225.4100     -4635.5475 5h28m6s/Msamples
        5874000   -682845.4488         2.5      -678216.6229     -4628.8259 5h28m14s/Msamples
        5875000   -682846.8152         2.5      -678218.5200     -4628.2951 5h28m26s/Msamples
        5876000   -682847.3813         2.5      -678223.7353     -4623.6460 5h28m24s/Msamples
        5877000   -682848.8906         2.4      -678219.7473     -4629.1433 5h28m18s/Msamples
        5878000   -682846.3919         2.4      -678212.0237     -4634.3681 5h28m22s/Msamples
        5879000   -682829.1509         2.4      -678198.5059     -4630.6449 5h28m15s/Msamples
        5880000   -682834.4359         2.4      -678200.2208     -4634.2150 5h28m17s/Msamples
        5881000   -682825.9989         2.4      -678195.4059     -4630.5929 5h28m19s/Msamples
        5882000   -682832.9860         2.4      -678202.4043     -4630.5817 5h28m23s/Msamples
        5883000   -682827.2623         2.4      -678196.6482     -4630.6140 5h28m33s/Msamples
        5884000   -682833.2149         2.4      -678203.0398     -4630.1750 5h28m32s/Msamples
        5885000   -682829.4078         2.4      -678201.9484     -4627.4594 5h28m37s/Msamples
        5886000   -682821.1606         2.4      -678197.7914     -4623.3692 5h28m39s/Msamples
        5887000   -682803.4574         2.4      -678177.6886     -4625.7687 5h28m43s/Msamples
        5888000   -682806.9943         2.4      -678182.0481     -4624.9461 5h28m49s/Msamples
        5889000   -682681.3457         2.4      -678053.5587     -4627.7870 5h28m49s/Msamples
        5890000   -682668.4532         2.4      -678043.3849     -4625.0682 5h28m48s/Msamples
        5891000   -682665.4150         2.4      -678044.5176     -4620.8974 5h28m25s/Msamples
        5892000   -682674.4106         2.4      -678048.6715     -4625.7391 5h28m34s/Msamples
        5893000   -682602.2845         2.4      -677969.5511     -4632.7333 5h28m29s/Msamples
        5894000   -682586.7895         2.4      -677959.1481     -4627.6413 5h28m29s/Msamples
        5895000   -682546.1745         2.4      -677916.6217     -4629.5528 5h28m38s/Msamples
        5896000   -682535.4491         2.4      -677912.9502     -4622.4989 5h28m31s/Msamples
        5897000   -682452.9983         2.4      -677830.8470     -4622.1512 5h28m26s/Msamples
        5898000   -682451.9112         2.4      -677827.0930     -4624.8182 5h28m21s/Msamples
        5899000   -682197.5818         2.4      -677573.8506     -4623.7311 5h28m20s/Msamples
        5900000   -682180.2492         2.4      -677557.0412     -4623.2080 5h28m22s/Msamples
        5901000   -682168.7500         2.4      -677547.6412     -4621.1087 5h28m19s/Msamples
        5902000   -682100.0473         2.4      -677477.5947     -4622.4526 5h28m18s/Msamples
        5903000   -682061.1114         2.4      -677439.5551     -4621.5563 5h28m15s/Msamples
        5904000   -682035.4275         2.4      -677407.1183     -4628.3091 5h28m22s/Msamples
        5905000   -682028.0130         2.4      -677405.9443     -4622.0686 5h28m14s/Msamples
        5906000   -682037.2407         2.4      -677409.5077     -4627.7329 5h28m12s/Msamples
        5907000   -682029.1745         2.4      -677403.5796     -4625.5949 5h28m19s/Msamples
        5908000   -682018.5303         2.4      -677394.6614     -4623.8688 5h28m24s/Msamples
        5909000   -682014.3781         2.4      -677394.1838     -4620.1943 5h28m23s/Msamples
        5910000   -682012.9628         2.4      -677387.8431     -4625.1196 5h28m52s/Msamples
        5911000   -682003.6457         2.4      -677374.6446     -4629.0010 5h28m57s/Msamples
        5912000   -682011.9598         2.4      -677387.1002     -4624.8596 5h28m56s/Msamples
        5913000   -682004.8127         2.4      -677385.1136     -4619.6991 5h28m58s/Msamples
        5914000   -681978.9959         2.4      -677354.4742     -4624.5217 5h28m55s/Msamples
        5915000   -681975.6985         2.4      -677352.4470     -4623.2515 5h28m49s/Msamples
        5916000   -681949.6718         2.4      -677326.0514     -4623.6204 5h28m48s/Msamples
        5917000   -681926.1698         2.4      -677304.4079     -4621.7618 5h28m43s/Msamples
        5918000   -681922.7085         2.4      -677299.0153     -4623.6931 5h28m55s/Msamples
        5919000   -681929.1420         2.4      -677307.3618     -4621.7801 5h28m44s/Msamples
        5920000   -681922.6885         2.4      -677300.7807     -4621.9077 5h28m39s/Msamples
        5921000   -681929.8037         2.4      -677309.1562     -4620.6475 5h28m35s/Msamples
        5922000   -681867.8155         2.4      -677248.4375     -4619.3779 5h28m30s/Msamples
        5923000   -681780.1315         2.4      -677157.9987     -4622.1328 5h28m22s/Msamples
        5924000   -681750.6373         2.4      -677128.5224     -4622.1149 5h28m15s/Msamples
        5925000   -681745.2243         2.4      -677121.0419     -4624.1824 5h28m18s/Msamples
        5926000   -681730.1006         2.4      -677104.8775     -4625.2231 5h28m16s/Msamples
        5927000   -681665.7696         2.4      -677044.9475     -4620.8220 5h28m20s/Msamples
        5928000   -681644.0670         2.4      -677020.4510     -4623.6160 5h28m32s/Msamples
        5929000   -681592.3451         2.4      -676974.2371     -4618.1079 5h28m25s/Msamples
        5930000   -681565.2790         2.4      -676943.5473     -4621.7317 5h28m32s/Msamples
        5931000   -681572.2224         2.4      -676953.1506     -4619.0718 5h28m33s/Msamples
        5932000   -681568.6505         2.4      -676949.2337     -4619.4168 5h28m18s/Msamples
        5933000   -681570.6057         2.4      -676950.3428     -4620.2628 5h28m15s/Msamples
        5934000   -681466.7579         2.4      -676841.5635     -4625.1943 5h28m3s/Msamples
        5935000   -681397.3372         2.4      -676774.2829     -4623.0542 5h28m5s/Msamples
        5936000   -681402.1251         2.4      -676777.4168     -4624.7082 5h28m17s/Msamples
        5937000   -681398.8503         2.4      -676774.8538     -4623.9964 5h28m19s/Msamples
        5938000   -681389.7398         2.4      -676763.1505     -4626.5893 5h28m16s/Msamples
        5939000   -681366.4649         2.4      -676741.7125     -4624.7524 5h28m16s/Msamples
        5940000   -681358.2354         2.4      -676733.3246     -4624.9107 5h28m26s/Msamples
        5941000   -681333.4393         2.4      -676708.9515     -4624.4877 5h28m26s/Msamples
        5942000   -681335.6085         2.4      -676713.4509     -4622.1575 5h28m24s/Msamples
        5943000   -681129.5604         2.4      -676504.5342     -4625.0262 5h28m20s/Msamples
        5944000   -681127.5744         2.4      -676500.2373     -4627.3371 5h28m27s/Msamples
        5945000   -681123.2173         2.4      -676495.6238     -4627.5935 5h28m30s/Msamples
        5946000   -680992.5349         2.4      -676364.3986     -4628.1362 5h28m30s/Msamples
        5947000   -680987.4411         2.4      -676358.7347     -4628.7064 5h28m33s/Msamples
        5948000   -680963.0235         2.4      -676334.3726     -4628.6509 5h28m30s/Msamples
        5949000   -680960.0185         2.4      -676330.7066     -4629.3119 5h28m23s/Msamples
        5950000   -680951.0075         2.4      -676321.6075     -4629.4000 5h28m28s/Msamples
        5951000   -680932.8020         2.4      -676306.3899     -4626.4121 5h28m22s/Msamples
        5952000   -680910.3970         2.4      -676281.2541     -4629.1428 5h28m10s/Msamples
        5953000   -680914.2359         2.4      -676287.8241     -4626.4118 5h28m14s/Msamples
        5954000   -680916.9071         2.4      -676284.4122     -4632.4948 5h28m17s/Msamples
        5955000   -680877.9613         2.4      -676247.4761     -4630.4852 5h28m16s/Msamples
        5956000   -680868.7898         2.4      -676243.0036     -4625.7861 5h28m19s/Msamples
        5957000   -680870.2173         2.4      -676238.0437     -4632.1736 5h28m26s/Msamples
        5958000   -680872.5040         2.4      -676240.8474     -4631.6566 5h28m30s/Msamples
        5959000   -680796.5536         2.4      -676168.8815     -4627.6720 5h28m42s/Msamples
        5960000   -680782.9759         2.4      -676148.7641     -4634.2117 5h28m50s/Msamples
        5961000   -680764.1078         2.4      -676131.1913     -4632.9164 5h29m4s/Msamples
        5962000   -680746.6619         2.4      -676117.2603     -4629.4016 5h29m7s/Msamples
        5963000   -680743.2965         2.4      -676111.8260     -4631.4704 5h29m7s/Msamples
        5964000   -680715.5532         2.5      -676085.7759     -4629.7773 5h29m8s/Msamples
        5965000   -680733.0289         2.5      -676103.1101     -4629.9188 5h29m6s/Msamples
        5966000   -680715.2906         2.5      -676083.7368     -4631.5538 5h29m10s/Msamples
        5967000   -680712.1992         2.5      -676074.7903     -4637.4089 5h29m2s/Msamples
        5968000   -680679.9334         2.5      -676051.8733     -4628.0601 5h29m3s/Msamples
        5969000   -680676.5840         2.5      -676044.9911     -4631.5929 5h29m5s/Msamples
        5970000   -680675.8370         2.5      -676049.8190     -4626.0180 5h29m4s/Msamples
        5971000   -680656.3381         2.5      -676033.4186     -4622.9194 5h29m5s/Msamples
        5972000   -680659.2632         2.5      -676030.7705     -4628.4926 5h29m16s/Msamples
        5973000   -680671.7840         2.5      -676045.1293     -4626.6546 5h29m14s/Msamples
        5974000   -680660.9176         2.5      -676028.9912     -4631.9263 5h29m20s/Msamples
        5975000   -680667.1365         2.5      -676035.0269     -4632.1096 5h29m15s/Msamples
        5976000   -680668.5754         2.5      -676040.0294     -4628.5459 5h29m8s/Msamples
        5977000   -680670.3501         2.5      -676039.8263     -4630.5237 5h29m7s/Msamples
        5978000   -680664.2500         2.5      -676031.2553     -4632.9946 5h29m12s/Msamples
        5979000   -680672.8080         2.5      -676041.7359     -4631.0721 5h29m9s/Msamples
        5980000   -680678.2216         2.5      -676049.2577     -4628.9638 5h29m16s/Msamples
        5981000   -680684.8586         2.5      -676055.7992     -4629.0594 5h29m14s/Msamples
        5982000   -680688.5660         2.5      -676056.2517     -4632.3143 5h29m21s/Msamples
        5983000   -680667.2215         2.5      -676036.3397     -4630.8817 5h29m22s/Msamples
        5984000   -680636.9426         2.5      -676008.7195     -4628.2230 5h29m22s/Msamples
        5985000   -680624.3070         2.5      -675996.9803     -4627.3267 5h29m13s/Msamples
        5986000   -680628.0160         2.5      -675996.8431     -4631.1729 5h29m5s/Msamples
        5987000   -680615.2189         2.4      -675987.0359     -4628.1830 5h29m11s/Msamples
        5988000   -680628.0429         2.4      -676000.1962     -4627.8467 5h29m8s/Msamples
        5989000   -680645.3559         2.4      -676014.2103     -4631.1455 5h29m1s/Msamples
        5990000   -680635.1174         2.4      -676007.0598     -4628.0576 5h28m56s/Msamples
        5991000   -680656.6937         2.4      -676023.8898     -4632.8038 5h28m47s/Msamples
        5992000   -680646.4211         2.4      -676012.4346     -4633.9864 5h28m45s/Msamples
