
The following have been reloaded with a version change:
  1) Java/1.7.0_51 => Java/1.8.0_5

File: 300914_Village_scA_sample1_epi1.xml seed: 1413146427224 threads: 1
FATAL: Error inserting nvidia (/lib/modules/2.6.32-279.14.1.el6.x86_64/kernel/drivers/video/nvidia.ko): No such device
  Ignoring ambiguities in tree likelihood.
  With 912 unique site patterns.
  Using rescaling scheme : dynamic
  Ignoring ambiguities in tree likelihood.
  With 1842 unique site patterns.
  Using rescaling scheme : dynamic
  Ignoring ambiguities in tree likelihood.
  With 1675 unique site patterns.
  Using rescaling scheme : dynamic
Operator                                                                              Tuning    #accept    #reject      Pr(m)  Pr(acc|m)
ScaleOperator(treeScaler.t:tree)                                                      0.8171       4502     324901     0.0227     0.0137 Try setting scaleFactor to about 0.904
ScaleOperator(treeRootScaler.t:tree)                                                  0.7947      26272     303280     0.0227     0.0797 Try setting scaleFactor to about 0.891
Uniform(UniformOperator.t:tree)                                                            -     494257    2797594     0.2271     0.1501 
SubtreeSlide(SubtreeSlide.t:tree)                                                     0.6175     536193    1111949     0.1136     0.3253 
Exchange(narrow.t:tree)                                                                    -      79430    1566892     0.1136     0.0482 
Exchange(wide.t:tree)                                                                      -         72     328571     0.0227     0.0002 
WilsonBalding(WilsonBalding.t:tree)                                                        -        221     328342     0.0227     0.0007 
ScaleOperator(gammaShapeScaler.s:300914_Village_scA_sample1_epi1_gag)                 0.8051       1517       9687     0.0008     0.1354 
DeltaExchangeOperator(FrequenciesExchanger.s:300914_Village_scA_sample1_epi1_gag)     0.0248       2403       8624     0.0008     0.2179 
ScaleOperator(RateACScaler.s:300914_Village_scA_sample1_epi1_gag)                     0.6724       1731       9351     0.0008     0.1562 
ScaleOperator(RateAGScaler.s:300914_Village_scA_sample1_epi1_gag)                     0.7270       1252       9607     0.0008     0.1153 
ScaleOperator(RateATScaler.s:300914_Village_scA_sample1_epi1_gag)                     0.6804       1625       9209     0.0008     0.1500 
ScaleOperator(RateCGScaler.s:300914_Village_scA_sample1_epi1_gag)                     0.5513       1500       9641     0.0008     0.1346 
ScaleOperator(RateGTScaler.s:300914_Village_scA_sample1_epi1_gag)                     0.6733       2436       8889     0.0008     0.2151 
ScaleOperator(gammaShapeScaler.s:300914_Village_scA_sample1_epi1_pol)                 0.7728        857      10161     0.0008     0.0778 Try setting scaleFactor to about 0.879
DeltaExchangeOperator(FrequenciesExchanger.s:300914_Village_scA_sample1_epi1_pol)     0.0177       2228       8869     0.0008     0.2008 
ScaleOperator(RateACScaler.s:300914_Village_scA_sample1_epi1_pol)                     0.7327       1642       9386     0.0008     0.1489 
ScaleOperator(RateAGScaler.s:300914_Village_scA_sample1_epi1_pol)                     0.7278        880      10143     0.0008     0.0798 Try setting scaleFactor to about 0.853
ScaleOperator(RateATScaler.s:300914_Village_scA_sample1_epi1_pol)                     0.6746       1096       9894     0.0008     0.0997 Try setting scaleFactor to about 0.821
ScaleOperator(RateCGScaler.s:300914_Village_scA_sample1_epi1_pol)                     0.6705       1835       9117     0.0008     0.1675 
ScaleOperator(RateGTScaler.s:300914_Village_scA_sample1_epi1_pol)                     0.6180       1244      10013     0.0008     0.1105 
ScaleOperator(gammaShapeScaler.s:300914_Village_scA_sample1_epi1_env)                 0.8043        968      10117     0.0008     0.0873 Try setting scaleFactor to about 0.897
DeltaExchangeOperator(FrequenciesExchanger.s:300914_Village_scA_sample1_epi1_env)     0.0143       2064       8792     0.0008     0.1901 
ScaleOperator(RateACScaler.s:300914_Village_scA_sample1_epi1_env)                     0.7421       1258       9654     0.0008     0.1153 
ScaleOperator(RateAGScaler.s:300914_Village_scA_sample1_epi1_env)                     0.7931        771      10242     0.0008     0.0700 Try setting scaleFactor to about 0.891
ScaleOperator(RateATScaler.s:300914_Village_scA_sample1_epi1_env)                     0.7521       1210       9838     0.0008     0.1095 
ScaleOperator(RateCGScaler.s:300914_Village_scA_sample1_epi1_env)                     0.6871       1411       9541     0.0008     0.1288 
ScaleOperator(RateGTScaler.s:300914_Village_scA_sample1_epi1_env)                     0.7235       1437       9583     0.0008     0.1304 
ScaleOperator(ucldMeanScaler.c:clock)                                                 0.8619       5105     104699     0.0076     0.0465 Try setting scaleFactor to about 0.928
ScaleOperator(ucldStdevScaler.c:clock)                                                0.8666      98869     230502     0.0227     0.3002 
IntRandomWalkOperator(CategoriesRandomWalk.c:clock)                                        -     725281     371461     0.0757     0.6613 
SwapOperator(CategoriesSwapOperator.c:clock)                                               -     443161     651881     0.0757     0.4047 
UniformOperator(CategoriesUniform.c:clock)                                                 -     577902     519524     0.0757     0.5266 
UpDownOperator(relaxedUpDownOperator.c:clock)                                         0.8927       9717     320432     0.0227     0.0294 Try setting scaleFactor to about 0.945
ScaleOperator(popSizesScaler.t:tree)                                                  0.4668     432658    1212344     0.1136     0.2630 
DeltaExchangeOperator(groupSizesDelta.t:tree)                                         8.1866     113681     543584     0.0454     0.1730 

     Tuning: The value of the operator's tuning parameter, or '-' if the operator can't be optimized.
    #accept: The total number of times a proposal by this operator has been accepted.
    #reject: The total number of times a proposal by this operator has been rejected.
      Pr(m): The probability this operator is chosen in a step of the MCMC (i.e. the normalized weight).
  Pr(acc|m): The acceptance probability (#accept as a fraction of the total proposals for this operator).

Start likelihood: -365447.6760317138 
