
                   BEAST v2.2.0 Prerelease, 2002-2014
             Bayesian Evolutionary Analysis Sampling Trees
                       Designed and developed by
 Remco Bouckaert, Alexei J. Drummond, Andrew Rambaut & Marc A. Suchard
                                    
                     Department of Computer Science
                         University of Auckland
                        remco@cs.auckland.ac.nz
                        alexei@cs.auckland.ac.nz
                                    
                   Institute of Evolutionary Biology
                        University of Edinburgh
                           a.rambaut@ed.ac.uk
                                    
                    David Geffen School of Medicine
                 University of California, Los Angeles
                           msuchard@ucla.edu
                                    
                      Downloads, Help & Resources:
                           http://beast2.org/
                                    
  Source code distributed under the GNU Lesser General Public License:
                   http://github.com/CompEvol/beast2
                                    
                           BEAST developers:
   Alex Alekseyenko, Trevor Bedford, Erik Bloomquist, Joseph Heled, 
 Sebastian Hoehna, Denise Kuehnert, Philippe Lemey, Wai Lok Sibon Li, 
Gerton Lunter, Sidney Markowitz, Vladimir Minin, Michael Defoin Platel, 
                 Oliver Pybus, Chieh-Hsi Wu, Walter Xie
                                    
                               Thanks to:
          Roald Forsberg, Beth Shapiro and Korbinian Strimmer

Random number seed: 1413146427224

Resuming from file
Uniform => beast.math.distributions.Uniform
Exponential => beast.math.distributions.Exponential
LogNormal => beast.math.distributions.LogNormalDistributionModel
Normal => beast.math.distributions.Normal
Beta => beast.math.distributions.Beta
Gamma => beast.math.distributions.Gamma
LaplaceDistribution => beast.math.distributions.LaplaceDistribution
prior => beast.math.distributions.Prior
InverseGamma => beast.math.distributions.InverseGamma
OneOnX => beast.math.distributions.OneOnX
Alignment(300914_Village_scA_sample1_epi1)
  417 taxa
  6987 sites
  4397 patterns

Filter 1-1479
417 taxa
1479 sites
912 patterns
2137-FEMALE_SAMPLED_49.2362815026435 = 49.2362815026435 (2.271957952296397)
474-MALE_SAMPLED_48.5174724691323 = 48.5174724691323 (2.9907669858075963)
10906-MALE_SAMPLED_51.1897519909552 = 51.1897519909552 (0.3184874639846953)
1116-MALE_SAMPLED_50.3113836335259 = 50.3113836335259 (1.1968558214139975)
2619-FEMALE_SAMPLED_51.4222215168419 = 51.4222215168419 (0.08601793809799574)
3394-MALE_SAMPLED_48.9579969494379 = 48.9579969494379 (2.5502425055019984)
8695-MALE_SAMPLED_51.2463373196087 = 51.2463373196087 (0.2619021353311979)
6466-MALE_SAMPLED_49.6469086465667 = 49.6469086465667 (1.8613308083731965)
10888-MALE_SAMPLED_51.4997750696502 = 51.4997750696502 (0.00846438528969884)
8558-MALE_SAMPLED_50.6483409340735 = 50.6483409340735 (0.8598985208663947)
8368-MALE_SAMPLED_50.8435013076532 = 50.8435013076532 (0.6647381472866982)
4520-MALE_SAMPLED_51.4878135797343 = 51.4878135797343 (0.020425875205596355)
10654-MALE_SAMPLED_51.3801057460959 = 51.3801057460959 (0.12813370884399689)
1777-FEMALE_SAMPLED_51.1731422635502 = 51.1731422635502 (0.33509719138969984)
592-MALE_SAMPLED_51.1443631449956 = 51.1443631449956 (0.36387630994429543)
4712-MALE_SAMPLED_50.6539903333186 = 50.6539903333186 (0.8542491216212937)
1387-FEMALE_SAMPLED_49.5687564945555 = 49.5687564945555 (1.939482960384396)
9550-FEMALE_SAMPLED_49.1060806320756 = 49.1060806320756 (2.402158822864294)
8553-FEMALE_SAMPLED_48.7132944193444 = 48.7132944193444 (2.7949450355954966)
2301-FEMALE_SAMPLED_51.1163006149008 = 51.1163006149008 (0.39193884003909574)
2526-MALE_SAMPLED_49.4646842827796 = 49.4646842827796 (2.0435551721602963)
1570-MALE_SAMPLED_48.5234106780271 = 48.5234106780271 (2.9848287769127992)
2060-MALE_SAMPLED_48.6303072621821 = 48.6303072621821 (2.8779321927577968)
6908-MALE_SAMPLED_50.9514990699253 = 50.9514990699253 (0.5567403850145993)
10406-MALE_SAMPLED_50.3286314249280 = 50.328631424928 (1.1796080300118987)
1548-MALE_SAMPLED_51.2081170439496 = 51.2081170439496 (0.3001224109902978)
8882-MALE_SAMPLED_49.0388882089182 = 49.0388882089182 (2.469351246021695)
7199-FEMALE_SAMPLED_51.5082394549399 = 51.5082394549399 (0.0)
2584-MALE_SAMPLED_50.6731621032822 = 50.6731621032822 (0.835077351657695)
2588-MALE_SAMPLED_48.5924745615347 = 48.5924745615347 (2.9157648934051963)
4295-FEMALE_SAMPLED_49.0941457337475 = 49.0941457337475 (2.414093721192394)
9441-FEMALE_SAMPLED_49.4757932458314 = 49.4757932458314 (2.0324462091084996)
7664-MALE_SAMPLED_50.8243109151962 = 50.8243109151962 (0.6839285397436967)
9751-FEMALE_SAMPLED_50.6129472953043 = 50.6129472953043 (0.8952921596355949)
5527-FEMALE_SAMPLED_50.8793822556044 = 50.8793822556044 (0.6288571993354992)
7845-FEMALE_SAMPLED_48.5142020893990 = 48.514202089399 (2.9940373655408976)
10314-MALE_SAMPLED_48.7514685686919 = 48.7514685686919 (2.756770886247999)
1948-MALE_SAMPLED_51.4800764558612 = 51.4800764558612 (0.02816299907869535)
10247-MALE_SAMPLED_49.0201654505226 = 49.0201654505226 (2.4880740044172995)
1000-MALE_SAMPLED_48.5295313560645 = 48.5295313560645 (2.9787080988753942)
8650-MALE_SAMPLED_51.2828789410423 = 51.2828789410423 (0.22536051389759848)
4006-MALE_SAMPLED_51.4109771497323 = 51.4109771497323 (0.09726230520760026)
6458-MALE_SAMPLED_50.7696151916179 = 50.7696151916179 (0.738624263321995)
10046-MALE_SAMPLED_49.7007196295316 = 49.7007196295316 (1.8075198254082991)
8991-FEMALE_SAMPLED_49.2600667845699 = 49.2600667845699 (2.2481726703699962)
10301-MALE_SAMPLED_49.1321057422328 = 49.1321057422328 (2.3761337127070945)
289-FEMALE_SAMPLED_50.8126134230996 = 50.8126134230996 (0.6956260318402983)
6196-MALE_SAMPLED_51.1889511839262 = 51.1889511839262 (0.31928827101369706)
9557-FEMALE_SAMPLED_51.3769254648368 = 51.3769254648368 (0.13131399010309508)
9858-FEMALE_SAMPLED_49.6110766202918 = 49.6110766202918 (1.8971628346480998)
9581-MALE_SAMPLED_49.7568213335480 = 49.756821333548 (1.7514181213919002)
1262-MALE_SAMPLED_50.9972396666425 = 50.9972396666425 (0.5109997882973971)
9754-MALE_SAMPLED_48.8580670113451 = 48.8580670113451 (2.6501724435947978)
9224-FEMALE_SAMPLED_50.1260780255551 = 50.1260780255551 (1.3821614293847944)
6344-MALE_SAMPLED_48.9290862901843 = 48.9290862901843 (2.5791531647555956)
7400-MALE_SAMPLED_48.5251105999350 = 48.525110599935 (2.9831288550048995)
4046-MALE_SAMPLED_49.1775808177198 = 49.1775808177198 (2.330658637220097)
3782-MALE_SAMPLED_48.5298874018489 = 48.5298874018489 (2.978352053090994)
11115-MALE_SAMPLED_51.4041821552682 = 51.4041821552682 (0.10405729967169464)
3598-MALE_SAMPLED_51.3833215798958 = 51.3833215798958 (0.12491787504409757)
2988-MALE_SAMPLED_48.5859975310749 = 48.5859975310749 (2.922241923864995)
2250-MALE_SAMPLED_48.5303589733093 = 48.5303589733093 (2.9778804816305993)
3556-MALE_SAMPLED_50.8525636146086 = 50.8525636146086 (0.6556758403312983)
8886-FEMALE_SAMPLED_51.4416542790140 = 51.441654279014 (0.06658517592589419)
6105-FEMALE_SAMPLED_50.5574211877546 = 50.5574211877546 (0.9508182671852978)
7828-MALE_SAMPLED_49.8913515269532 = 49.8913515269532 (1.6168879279866957)
774-MALE_SAMPLED_48.5702283660657 = 48.5702283660657 (2.938011088874198)
1858-MALE_SAMPLED_48.8820440055578 = 48.8820440055578 (2.626195449382095)
5862-MALE_SAMPLED_49.6366029946375 = 49.6366029946375 (1.8716364603023976)
2829-FEMALE_SAMPLED_49.1234703207164 = 49.1234703207164 (2.3847691342234967)
11084-MALE_SAMPLED_49.6559689090363 = 49.6559689090363 (1.8522705459036004)
10102-MALE_SAMPLED_49.7525743601154 = 49.7525743601154 (1.7556650948244936)
10718-FEMALE_SAMPLED_50.3199485143422 = 50.3199485143422 (1.188290940597696)
4597-FEMALE_SAMPLED_50.1457865418642 = 50.1457865418642 (1.3624529130756997)
10959-MALE_SAMPLED_51.4290583370029 = 51.4290583370029 (0.07918111793699723)
8507-MALE_SAMPLED_51.1091069470867 = 51.1091069470867 (0.39913250785319576)
10125-FEMALE_SAMPLED_51.4027392287980 = 51.402739228798 (0.10550022614189913)
11204-MALE_SAMPLED_51.1313355175088 = 51.1313355175088 (0.37690393743109496)
4362-MALE_SAMPLED_49.5522455583568 = 49.5522455583568 (1.9559938965830952)
590-MALE_SAMPLED_50.9621161018739 = 50.9621161018739 (0.5461233530659939)
8248-FEMALE_SAMPLED_48.8134908453803 = 48.8134908453803 (2.6947486095595963)
7799-FEMALE_SAMPLED_49.3311781232486 = 49.3311781232486 (2.1770613316912986)
7317-FEMALE_SAMPLED_48.6087939579747 = 48.6087939579747 (2.8994454969651997)
669-FEMALE_SAMPLED_50.3694562170430 = 50.369456217043 (1.1387832378968952)
7499-FEMALE_SAMPLED_49.4152639460525 = 49.4152639460525 (2.092975508887399)
2745-FEMALE_SAMPLED_51.0660553857460 = 51.066055385746 (0.44218406919389963)
5029-FEMALE_SAMPLED_48.6220835045687 = 48.6220835045687 (2.8861559503711973)
6999-FEMALE_SAMPLED_48.6661545281540 = 48.666154528154 (2.842084926785894)
10290-MALE_SAMPLED_48.8720025267693 = 48.8720025267693 (2.6362369281705966)
7582-MALE_SAMPLED_48.7486551535557 = 48.7486551535557 (2.7595843013841943)
4061-FEMALE_SAMPLED_51.2595728329624 = 51.2595728329624 (0.2486666219774989)
3970-MALE_SAMPLED_50.3879959635678 = 50.3879959635678 (1.1202434913720936)
8249-MALE_SAMPLED_49.2912279324382 = 49.2912279324382 (2.2170115225017)
8496-FEMALE_SAMPLED_49.6221936118099 = 49.6221936118099 (1.886045843129999)
6583-FEMALE_SAMPLED_49.9155449880063 = 49.9155449880063 (1.5926944669335938)
1775-FEMALE_SAMPLED_48.8039467906355 = 48.8039467906355 (2.704292664304397)
9509-MALE_SAMPLED_50.4555262053627 = 50.4555262053627 (1.0527132495771951)
4818-MALE_SAMPLED_49.3793697239607 = 49.3793697239607 (2.128869730979197)
5670-MALE_SAMPLED_50.7351819142940 = 50.735181914294 (0.7730575406458939)
2178-MALE_SAMPLED_48.6568936979174 = 48.6568936979174 (2.8513457570225)
5207-FEMALE_SAMPLED_50.2123895342237 = 50.2123895342237 (1.2958499207161935)
3356-MALE_SAMPLED_49.1018215572703 = 49.1018215572703 (2.4064178976695985)
2765-FEMALE_SAMPLED_49.8064652470647 = 49.8064652470647 (1.7017742078751965)
3373-FEMALE_SAMPLED_50.5371681837141 = 50.5371681837141 (0.9710712712257958)
4371-FEMALE_SAMPLED_51.2339406168330 = 51.233940616833 (0.27429883810689404)
9019-FEMALE_SAMPLED_49.6158594508897 = 49.6158594508897 (1.892380004050196)
8470-MALE_SAMPLED_48.6721464601587 = 48.6721464601587 (2.836092994781197)
4591-FEMALE_SAMPLED_48.7580162243693 = 48.7580162243693 (2.7502232305705974)
2470-MALE_SAMPLED_51.3326760596837 = 51.3326760596837 (0.1755633952561979)
1472-MALE_SAMPLED_50.0684292904343 = 50.0684292904343 (1.4398101645055945)
5815-FEMALE_SAMPLED_49.5166096378825 = 49.5166096378825 (1.9916298170573938)
2494-MALE_SAMPLED_49.6105876354276 = 49.6105876354276 (1.8976518195122978)
3971-FEMALE_SAMPLED_50.9391561803649 = 50.9391561803649 (0.5690832745750001)
7780-MALE_SAMPLED_49.2287515416983 = 49.2287515416983 (2.2794879132415957)
8552-FEMALE_SAMPLED_51.3999585966821 = 51.3999585966821 (0.10828085825779965)
3997-FEMALE_SAMPLED_49.5028694417569 = 49.5028694417569 (2.005370013182997)
6505-FEMALE_SAMPLED_50.5929232694916 = 50.5929232694916 (0.9153161854482974)
2882-MALE_SAMPLED_49.9171698478757 = 49.9171698478757 (1.591069607064199)
10325-MALE_SAMPLED_49.2951000985931 = 49.2951000985931 (2.213139356346794)
3007-FEMALE_SAMPLED_49.9122217959966 = 49.9122217959966 (1.5960176589432962)
9781-FEMALE_SAMPLED_50.3305441584679 = 50.3305441584679 (1.1776952964719953)
10793-FEMALE_SAMPLED_50.0841227361242 = 50.0841227361242 (1.4241167188156965)
10392-FEMALE_SAMPLED_49.9279252853020 = 49.927925285302 (1.5803141696378944)
9923-MALE_SAMPLED_49.3242496476750 = 49.324249647675 (2.1839898072648936)
2421-FEMALE_SAMPLED_50.8537336912713 = 50.8537336912713 (0.6545057636685954)
1953-FEMALE_SAMPLED_49.6291092463079 = 49.6291092463079 (1.8791302086319988)
7547-FEMALE_SAMPLED_49.9681381970885 = 49.9681381970885 (1.540101257851397)
7767-FEMALE_SAMPLED_49.6892664789929 = 49.6892664789929 (1.8189729759469984)
9890-FEMALE_SAMPLED_48.7663905202652 = 48.7663905202652 (2.7418489346746995)
10923-FEMALE_SAMPLED_50.8602279821652 = 50.8602279821652 (0.648011472774698)
9679-MALE_SAMPLED_49.8678533028587 = 49.8678533028587 (1.6403861520811986)
7663-FEMALE_SAMPLED_50.2410262435450 = 50.241026243545 (1.2672132113948962)
197-FEMALE_SAMPLED_50.7593501709643 = 50.7593501709643 (0.7488892839756005)
3024-MALE_SAMPLED_51.1600741808078 = 51.1600741808078 (0.34816527413209997)
9753-MALE_SAMPLED_50.0630582500025 = 50.0630582500025 (1.4451812049373984)
10042-MALE_SAMPLED_51.3417261339500 = 51.34172613395 (0.16651332098989968)
4561-FEMALE_SAMPLED_49.1932140205762 = 49.1932140205762 (2.3150254343636973)
5886-MALE_SAMPLED_50.1570449745058 = 50.1570449745058 (1.3511944804340956)
2045-FEMALE_SAMPLED_51.0869290641285 = 51.0869290641285 (0.4213103908113993)
499-FEMALE_SAMPLED_49.4088554041236 = 49.4088554041236 (2.0993840508162975)
8195-FEMALE_SAMPLED_49.1395548073350 = 49.139554807335 (2.368684647604894)
8232-FEMALE_SAMPLED_49.5846745591852 = 49.5846745591852 (1.9235648957546942)
2473-FEMALE_SAMPLED_50.7755500233042 = 50.7755500233042 (0.7326894316356984)
8362-FEMALE_SAMPLED_49.7997889361585 = 49.7997889361585 (1.7084505187813974)
544-MALE_SAMPLED_49.6630179352368 = 49.6630179352368 (1.8452215197030952)
5957-FEMALE_SAMPLED_49.5823272365387 = 49.5823272365387 (1.9259122184011943)
440-MALE_SAMPLED_50.3002731477617 = 50.3002731477617 (1.2079663071781965)
6582-MALE_SAMPLED_50.1625001266374 = 50.1625001266374 (1.3457393283024999)
6221-FEMALE_SAMPLED_51.4115104811507 = 51.4115104811507 (0.09672897378919743)
10691-FEMALE_SAMPLED_50.0041477520726 = 50.0041477520726 (1.5040917028672993)
3324-MALE_SAMPLED_48.9379691852964 = 48.9379691852964 (2.570270269643494)
675-FEMALE_SAMPLED_49.4461865393686 = 49.4461865393686 (2.0620529155713)
325-FEMALE_SAMPLED_50.0926567009891 = 50.0926567009891 (1.415582753950794)
3652-MALE_SAMPLED_48.8241694668549 = 48.8241694668549 (2.6840699880849996)
3032-MALE_SAMPLED_49.7272595212570 = 49.727259521257 (1.7809799336829002)
2316-MALE_SAMPLED_49.3261058187353 = 49.3261058187353 (2.182133636204597)
2446-MALE_SAMPLED_50.2795929006542 = 50.2795929006542 (1.228646554285696)
11029-FEMALE_SAMPLED_50.3294617802612 = 50.3294617802612 (1.1787776746786989)
963-FEMALE_SAMPLED_49.1612631304896 = 49.1612631304896 (2.3469763244502957)
2747-FEMALE_SAMPLED_48.8823506358321 = 48.8823506358321 (2.6258888191078)
3038-MALE_SAMPLED_50.3544429509210 = 50.354442950921 (1.1537965040188993)
3262-MALE_SAMPLED_51.0171305089033 = 51.0171305089033 (0.49110894603659716)
8693-FEMALE_SAMPLED_49.1003584604486 = 49.1003584604486 (2.4078809944913004)
6656-MALE_SAMPLED_50.2227292110919 = 50.2227292110919 (1.2855102438479946)
3832-MALE_SAMPLED_48.8161946734189 = 48.8161946734189 (2.6920447815209982)
10438-MALE_SAMPLED_51.1561096069644 = 51.1561096069644 (0.3521298479754975)
411-FEMALE_SAMPLED_48.9824726941305 = 48.9824726941305 (2.5257667608093968)
1215-FEMALE_SAMPLED_51.0299356695040 = 51.029935669504 (0.478303785435898)
631-FEMALE_SAMPLED_50.2284608193449 = 50.2284608193449 (1.2797786355949938)
10092-MALE_SAMPLED_49.8178005361705 = 49.8178005361705 (1.6904389187693951)
5271-FEMALE_SAMPLED_49.5481431978996 = 49.5481431978996 (1.9600962570402984)
10158-MALE_SAMPLED_51.4182154840100 = 51.41821548401 (0.09002397092989867)
6967-FEMALE_SAMPLED_49.0362000047470 = 49.036200004747 (2.472039450192895)
7607-FEMALE_SAMPLED_50.4378569180853 = 50.4378569180853 (1.070382536854595)
4026-MALE_SAMPLED_50.7614913309234 = 50.7614913309234 (0.7467481240164986)
8430-FEMALE_SAMPLED_50.0424528141747 = 50.0424528141747 (1.4657866407651952)
9398-MALE_SAMPLED_49.3367278148661 = 49.3367278148661 (2.1715116400737955)
8638-FEMALE_SAMPLED_50.9732164923343 = 50.9732164923343 (0.5350229626055949)
5663-FEMALE_SAMPLED_49.8785230884104 = 49.8785230884104 (1.6297163665295002)
3830-MALE_SAMPLED_50.5108799509480 = 50.510879950948 (0.9973595039918948)
8220-FEMALE_SAMPLED_50.8171405567563 = 50.8171405567563 (0.691098898183597)
6403-FEMALE_SAMPLED_50.5421478744837 = 50.5421478744837 (0.9660915804561938)
484-MALE_SAMPLED_51.4491443120650 = 51.449144312065 (0.059095142874895146)
1250-MALE_SAMPLED_50.1618083360381 = 50.1618083360381 (1.3464311189017977)
2056-MALE_SAMPLED_51.1101614107619 = 51.1101614107619 (0.39807804417799986)
8128-FEMALE_SAMPLED_49.8539680565017 = 49.8539680565017 (1.6542713984381976)
9941-MALE_SAMPLED_48.6816382565311 = 48.6816382565311 (2.8266011984087953)
174-MALE_SAMPLED_50.9820895163584 = 50.9820895163584 (0.5261499385814972)
9897-MALE_SAMPLED_49.9353790638278 = 49.9353790638278 (1.5728603911120942)
2382-MALE_SAMPLED_50.2603450425676 = 50.2603450425676 (1.2478944123722968)
5658-MALE_SAMPLED_49.5162151666599 = 49.5162151666599 (1.9920242882799997)
2730-MALE_SAMPLED_48.7427163467518 = 48.7427163467518 (2.7655231081880984)
7229-FEMALE_SAMPLED_50.7651842829081 = 50.7651842829081 (0.743055172031795)
6239-FEMALE_SAMPLED_50.1462944565582 = 50.1462944565582 (1.361944998381695)
4227-FEMALE_SAMPLED_48.5662545504755 = 48.5662545504755 (2.941984904464398)
11051-MALE_SAMPLED_51.3067549710403 = 51.3067549710403 (0.2014844838995984)
2191-FEMALE_SAMPLED_50.1962794646396 = 50.1962794646396 (1.311959990300295)
10697-FEMALE_SAMPLED_50.9099795158262 = 50.9099795158262 (0.5982599391136958)
1534-MALE_SAMPLED_48.9458264539725 = 48.9458264539725 (2.562413000967396)
9387-FEMALE_SAMPLED_51.3421230959947 = 51.3421230959947 (0.16611635894519594)
2325-FEMALE_SAMPLED_50.6344202462359 = 50.6344202462359 (0.8738192087039991)
10100-FEMALE_SAMPLED_51.4455342710725 = 51.4455342710725 (0.06270518386739354)
5586-MALE_SAMPLED_50.1571311376764 = 50.1571311376764 (1.3511083172634955)
2779-FEMALE_SAMPLED_50.4885293435081 = 50.4885293435081 (1.0197101114317988)
9021-MALE_SAMPLED_49.0784171301647 = 49.0784171301647 (2.429822324775195)
3070-MALE_SAMPLED_49.3023869550097 = 49.3023869550097 (2.205852499930195)
8230-MALE_SAMPLED_49.5051721740755 = 49.5051721740755 (2.0030672808644)
2034-MALE_SAMPLED_50.0630014067291 = 50.0630014067291 (1.445238048210797)
1291-FEMALE_SAMPLED_51.0721958122457 = 51.0721958122457 (0.4360436426941945)
10611-FEMALE_SAMPLED_49.9358363993241 = 49.9358363993241 (1.5724030556157942)
3983-FEMALE_SAMPLED_50.4050168659314 = 50.4050168659314 (1.103222589008496)
1625-FEMALE_SAMPLED_50.4936321853901 = 50.4936321853901 (1.0146072695497992)
1047-FEMALE_SAMPLED_49.4293697887342 = 49.4293697887342 (2.078869666205698)
9610-MALE_SAMPLED_48.7107608109954 = 48.7107608109954 (2.797478643944494)
2158-MALE_SAMPLED_49.9710903795212 = 49.9710903795212 (1.5371490754186965)
10631-MALE_SAMPLED_48.9704161422568 = 48.9704161422568 (2.537823312683095)
562-MALE_SAMPLED_48.8436365724782 = 48.8436365724782 (2.6646028824617005)
4797-FEMALE_SAMPLED_51.4664212054349 = 51.4664212054349 (0.04181824950499902)
10031-MALE_SAMPLED_48.6625272204409 = 48.6625272204409 (2.845712234498997)
9400-MALE_SAMPLED_49.0463973003215 = 49.0463973003215 (2.4618421546183953)
7393-FEMALE_SAMPLED_49.2904658546912 = 49.2904658546912 (2.217773600248698)
4753-FEMALE_SAMPLED_51.2788133128787 = 51.2788133128787 (0.22942614206120027)
8879-MALE_SAMPLED_51.3982492940276 = 51.3982492940276 (0.10999016091229663)
8895-MALE_SAMPLED_49.3231338550112 = 49.3231338550112 (2.185105599928697)
2053-FEMALE_SAMPLED_51.2390908905081 = 51.2390908905081 (0.269148564431795)
1322-MALE_SAMPLED_50.7341667715236 = 50.7341667715236 (0.7740726834162999)
4767-FEMALE_SAMPLED_49.1654721932727 = 49.1654721932727 (2.3427672616671984)
1364-MALE_SAMPLED_48.8385564769859 = 48.8385564769859 (2.669682977953997)
9374-MALE_SAMPLED_49.6508179515376 = 49.6508179515376 (1.8574215034022998)
6406-MALE_SAMPLED_50.4109880939367 = 50.4109880939367 (1.0972513610031953)
5757-FEMALE_SAMPLED_50.9172680611963 = 50.9172680611963 (0.5909713937435939)
6197-FEMALE_SAMPLED_50.6043412621374 = 50.6043412621374 (0.9038981928024938)
8293-FEMALE_SAMPLED_50.0730321168675 = 50.0730321168675 (1.435207338072395)
1635-FEMALE_SAMPLED_50.8214873726255 = 50.8214873726255 (0.6867520823143991)
3135-FEMALE_SAMPLED_49.9813381935245 = 49.9813381935245 (1.5269012614153965)
3711-FEMALE_SAMPLED_49.8160534737407 = 49.8160534737407 (1.692185981199195)
1761-FEMALE_SAMPLED_50.0179942803233 = 50.0179942803233 (1.4902451746165966)
10468-MALE_SAMPLED_51.3923928561862 = 51.3923928561862 (0.11584659875369852)
5345-FEMALE_SAMPLED_49.8661146376989 = 49.8661146376989 (1.6421248172409975)
3012-MALE_SAMPLED_48.6969042314458 = 48.6969042314458 (2.8113352234940976)
1703-FEMALE_SAMPLED_48.7436704175788 = 48.7436704175788 (2.764569037361099)
2240-MALE_SAMPLED_50.0417159086800 = 50.04171590868 (1.4665235462599)
8616-MALE_SAMPLED_50.7335087565015 = 50.7335087565015 (0.7747306984383968)
6380-MALE_SAMPLED_49.7618003998659 = 49.7618003998659 (1.7464390550739992)
10202-MALE_SAMPLED_50.0490560153275 = 50.0490560153275 (1.4591834396123957)
9343-MALE_SAMPLED_50.0214619372281 = 50.0214619372281 (1.4867775177117935)
3152-MALE_SAMPLED_51.4524033552743 = 51.4524033552743 (0.05583609966559777)
5854-MALE_SAMPLED_48.9262633385378 = 48.9262633385378 (2.581976116402096)
10180-MALE_SAMPLED_49.4099666915144 = 49.4099666915144 (2.0982727634254985)
979-FEMALE_SAMPLED_48.9655477470960 = 48.965547747096 (2.5426917078439004)
185-FEMALE_SAMPLED_48.8694505047760 = 48.869450504776 (2.6387889501638995)
4154-MALE_SAMPLED_50.2076222401819 = 50.2076222401819 (1.3006172147579989)
10217-FEMALE_SAMPLED_50.8353330270628 = 50.8353330270628 (0.6729064278770949)
1934-MALE_SAMPLED_48.6444158324747 = 48.6444158324747 (2.8638236224651976)
10887-FEMALE_SAMPLED_50.6408224430642 = 50.6408224430642 (0.8674170118756948)
3987-FEMALE_SAMPLED_50.7607486929054 = 50.7607486929054 (0.747490762034495)
4447-FEMALE_SAMPLED_49.2848575107063 = 49.2848575107063 (2.2233819442335943)
3449-FEMALE_SAMPLED_51.4886312518510 = 51.488631251851 (0.01960820308890021)
5492-MALE_SAMPLED_49.2502228770181 = 49.2502228770181 (2.2580165779217936)
3041-FEMALE_SAMPLED_49.7100526035073 = 49.7100526035073 (1.7981868514325967)
924-MALE_SAMPLED_51.0447421463913 = 51.0447421463913 (0.4634973085485967)
7498-MALE_SAMPLED_50.1292294947206 = 50.1292294947206 (1.3790099602192996)
6134-MALE_SAMPLED_49.4070831380094 = 49.4070831380094 (2.101156316930499)
1365-FEMALE_SAMPLED_50.3975002797096 = 50.3975002797096 (1.1107391752303002)
165-FEMALE_SAMPLED_49.8812385393548 = 49.8812385393548 (1.6270009155851)
8467-MALE_SAMPLED_50.8824361761807 = 50.8824361761807 (0.6258032787592)
6875-FEMALE_SAMPLED_51.4590260282866 = 51.4590260282866 (0.049213426653295755)
8851-FEMALE_SAMPLED_50.0270106320976 = 50.0270106320976 (1.4812288228422972)
1786-MALE_SAMPLED_49.6475894841141 = 49.6475894841141 (1.860649970825797)
6649-FEMALE_SAMPLED_51.4753950008898 = 51.4753950008898 (0.032844454050099614)
2428-MALE_SAMPLED_48.5849469873364 = 48.5849469873364 (2.9232924676034955)
10838-MALE_SAMPLED_50.1913551028128 = 50.1913551028128 (1.3168843521270972)
682-MALE_SAMPLED_49.8826334710474 = 49.8826334710474 (1.6256059838924983)
8551-FEMALE_SAMPLED_51.4084793153460 = 51.408479315346 (0.09976013959389718)
5840-MALE_SAMPLED_50.5853822137005 = 50.5853822137005 (0.9228572412393987)
8728-MALE_SAMPLED_49.0302018366064 = 49.0302018366064 (2.478037618333495)
7382-MALE_SAMPLED_48.5783542125727 = 48.5783542125727 (2.929885242367199)
8652-MALE_SAMPLED_50.0337732682246 = 50.0337732682246 (1.474466186715297)
10061-MALE_SAMPLED_48.9091705159525 = 48.9091705159525 (2.5990689389873936)
7989-FEMALE_SAMPLED_49.6845465413070 = 49.684546541307 (1.8236929136328968)
7307-FEMALE_SAMPLED_49.8967440467103 = 49.8967440467103 (1.6114954082295938)
9571-MALE_SAMPLED_49.1373386014028 = 49.1373386014028 (2.370900853537094)
8377-FEMALE_SAMPLED_49.6986673177461 = 49.6986673177461 (1.809572137193797)
5872-MALE_SAMPLED_50.8292956623490 = 50.829295662349 (0.6789437925908999)
458-MALE_SAMPLED_48.7964584961309 = 48.7964584961309 (2.711780958808994)
838-MALE_SAMPLED_50.3918181337657 = 50.3918181337657 (1.1164213211741938)
6416-MALE_SAMPLED_49.1812350103873 = 49.1812350103873 (2.3270044445525997)
2379-FEMALE_SAMPLED_48.7850510465222 = 48.7850510465222 (2.7231884084176983)
3990-MALE_SAMPLED_50.1513093806579 = 50.1513093806579 (1.3569300742819976)
8747-FEMALE_SAMPLED_49.3637544974926 = 49.3637544974926 (2.144484957447297)
1676-MALE_SAMPLED_50.9482401482536 = 50.9482401482536 (0.5599993066862936)
319-FEMALE_SAMPLED_48.8459679618253 = 48.8459679618253 (2.662271493114595)
10033-MALE_SAMPLED_48.9082987107112 = 48.9082987107112 (2.5999407442286966)
8056-FEMALE_SAMPLED_49.0025406334325 = 49.0025406334325 (2.5056988215073943)
8750-MALE_SAMPLED_49.8022846932299 = 49.8022846932299 (1.7059547617099966)
9579-FEMALE_SAMPLED_50.0929974498003 = 50.0929974498003 (1.4152420051395964)
6879-FEMALE_SAMPLED_49.9600603935550 = 49.960060393555 (1.5481790613849)
8969-MALE_SAMPLED_50.9751973679530 = 50.975197367953 (0.5330420869868959)
1891-FEMALE_SAMPLED_50.7773802286255 = 50.7773802286255 (0.7308592263143936)
8868-FEMALE_SAMPLED_51.2717954254485 = 51.2717954254485 (0.23644402949139476)
8656-FEMALE_SAMPLED_51.4528521482143 = 51.4528521482143 (0.05538730672559922)
2397-FEMALE_SAMPLED_50.1053128257635 = 50.1053128257635 (1.4029266291763989)
4418-MALE_SAMPLED_49.8125878089349 = 49.8125878089349 (1.6956516460049968)
1102-MALE_SAMPLED_48.5417173817995 = 48.5417173817995 (2.9665220731403963)
8951-MALE_SAMPLED_51.4374041022974 = 51.4374041022974 (0.07083535264249718)
11-FEMALE_SAMPLED_51.0018857653494 = 51.0018857653494 (0.5063536895904974)
9422-MALE_SAMPLED_51.0172675069197 = 51.0172675069197 (0.4909719480201957)
10309-FEMALE_SAMPLED_48.7832101109679 = 48.7832101109679 (2.725029343971997)
2476-MALE_SAMPLED_49.5035811184215 = 49.5035811184215 (2.0046583365183963)
9352-MALE_SAMPLED_48.7936206002495 = 48.7936206002495 (2.7146188546904)
2717-FEMALE_SAMPLED_50.8314503821320 = 50.831450382132 (0.6767890728078996)
3448-MALE_SAMPLED_49.9841242166012 = 49.9841242166012 (1.5241152383386947)
8041-FEMALE_SAMPLED_49.0399167264122 = 49.0399167264122 (2.4683227285276956)
5298-MALE_SAMPLED_48.5567884648926 = 48.5567884648926 (2.9514509900472987)
3903-FEMALE_SAMPLED_51.5049827328193 = 51.5049827328193 (0.003256722120596578)
9832-MALE_SAMPLED_50.4176019498854 = 50.4176019498854 (1.0906375050544952)
7158-MALE_SAMPLED_50.8332770048882 = 50.8332770048882 (0.6749624500516944)
2504-MALE_SAMPLED_48.7062095241862 = 48.7062095241862 (2.8020299307536973)
7136-MALE_SAMPLED_50.2633170279450 = 50.263317027945 (1.244922426994897)
3061-FEMALE_SAMPLED_49.4522971800770 = 49.452297180077 (2.0559422748629004)
1844-MALE_SAMPLED_51.0478450927193 = 51.0478450927193 (0.4603943622205975)
1465-FEMALE_SAMPLED_48.8783874065856 = 48.8783874065856 (2.6298520483542944)
5558-MALE_SAMPLED_49.4225208574216 = 49.4225208574216 (2.0857185975182944)
762-MALE_SAMPLED_49.6001162991169 = 49.6001162991169 (1.9081231558229987)
444-MALE_SAMPLED_50.7666310203503 = 50.7666310203503 (0.7416084345895939)
4735-FEMALE_SAMPLED_50.7156336285415 = 50.7156336285415 (0.7926058263984004)
9731-MALE_SAMPLED_51.1160763088855 = 51.1160763088855 (0.3921631460543935)
10582-FEMALE_SAMPLED_49.2746456683389 = 49.2746456683389 (2.2335937866009985)
4806-MALE_SAMPLED_48.5148223013393 = 48.5148223013393 (2.9934171536005962)
5548-MALE_SAMPLED_49.3308519058636 = 49.3308519058636 (2.1773875490763004)
7415-FEMALE_SAMPLED_49.2006321655362 = 49.2006321655362 (2.3076072894036983)
10731-FEMALE_SAMPLED_50.6246405880674 = 50.6246405880674 (0.8835988668724966)
4827-FEMALE_SAMPLED_49.5837953841555 = 49.5837953841555 (1.9244440707843964)
2929-FEMALE_SAMPLED_48.9480372521802 = 48.9480372521802 (2.5602022027596973)
4060-MALE_SAMPLED_50.0651298848688 = 50.0651298848688 (1.443109570071094)
6837-FEMALE_SAMPLED_51.0664032319336 = 51.0664032319336 (0.4418362230062982)
4254-MALE_SAMPLED_50.2784477147515 = 50.2784477147515 (1.2297917401883964)
7669-FEMALE_SAMPLED_48.5311216685231 = 48.5311216685231 (2.977117786416798)
9045-FEMALE_SAMPLED_49.8338139980341 = 49.8338139980341 (1.6744254569057944)
4224-MALE_SAMPLED_51.4801562564689 = 51.4801562564689 (0.02808319847099483)
3978-MALE_SAMPLED_49.7213517491481 = 49.7213517491481 (1.7868877057917985)
10304-FEMALE_SAMPLED_50.2458003353103 = 50.2458003353103 (1.2624391196295974)
10119-FEMALE_SAMPLED_51.4909088412541 = 51.4909088412541 (0.017330613685800245)
9118-FEMALE_SAMPLED_49.8916454265135 = 49.8916454265135 (1.6165940284263982)
1194-MALE_SAMPLED_49.4663901125322 = 49.4663901125322 (2.0418493424076942)
817-FEMALE_SAMPLED_49.1177169258016 = 49.1177169258016 (2.3905225291382948)
1292-MALE_SAMPLED_50.6640928819551 = 50.6640928819551 (0.8441465729847977)
10141-FEMALE_SAMPLED_51.3504704552478 = 51.3504704552478 (0.15776899969209524)
5866-MALE_SAMPLED_49.6225589747782 = 49.6225589747782 (1.885680480161696)
1360-MALE_SAMPLED_49.5703479029479 = 49.5703479029479 (1.9378915519919957)
4478-MALE_SAMPLED_50.2411070248353 = 50.2411070248353 (1.2671324301045956)
10831-MALE_SAMPLED_49.1181105714067 = 49.1181105714067 (2.390128883533194)
8526-MALE_SAMPLED_51.1106490140091 = 51.1106490140091 (0.39759044093079865)
11005-FEMALE_SAMPLED_51.4919208582732 = 51.4919208582732 (0.016318596666700103)
59-FEMALE_SAMPLED_48.9184828292354 = 48.9184828292354 (2.5897566257044957)
3823-FEMALE_SAMPLED_51.3378407383579 = 51.3378407383579 (0.17039871658199957)
9924-MALE_SAMPLED_50.9508284848425 = 50.9508284848425 (0.5574109700973935)
600-MALE_SAMPLED_48.8745166185553 = 48.8745166185553 (2.6337228363845995)
5404-MALE_SAMPLED_51.0466348855997 = 51.0466348855997 (0.4616045693401958)
10047-MALE_SAMPLED_51.3142358643244 = 51.3142358643244 (0.19400359061549466)
496-MALE_SAMPLED_50.5331643811668 = 50.5331643811668 (0.9750750737730982)
8839-FEMALE_SAMPLED_49.5925319074894 = 49.5925319074894 (1.915707547450495)
10562-MALE_SAMPLED_51.4720847386642 = 51.4720847386642 (0.03615471627569633)
2761-FEMALE_SAMPLED_49.6661771185472 = 49.6661771185472 (1.8420623363926936)
4110-MALE_SAMPLED_50.8974486585948 = 50.8974486585948 (0.6107907963450998)
5087-FEMALE_SAMPLED_49.1714338435567 = 49.1714338435567 (2.3368056113831983)
1224-MALE_SAMPLED_50.4495296947434 = 50.4495296947434 (1.0587097601964999)
5720-MALE_SAMPLED_48.6793642399143 = 48.6793642399143 (2.8288752150255974)
1866-MALE_SAMPLED_48.7122349027785 = 48.7122349027785 (2.796004552161399)
10615-FEMALE_SAMPLED_51.3592626476902 = 51.3592626476902 (0.14897680724969575)
310-MALE_SAMPLED_49.4477452373839 = 49.4477452373839 (2.0604942175559984)
841-FEMALE_SAMPLED_49.0742619539387 = 49.0742619539387 (2.433977501001195)
9969-FEMALE_SAMPLED_50.6141757442391 = 50.6141757442391 (0.8940637107007987)
10499-MALE_SAMPLED_49.5554195615704 = 49.5554195615704 (1.9528198933694938)
5892-MALE_SAMPLED_49.8683811266682 = 49.8683811266682 (1.6398583282716999)
9784-FEMALE_SAMPLED_50.3070757550894 = 50.3070757550894 (1.2011636998504969)
9535-MALE_SAMPLED_49.8199631118923 = 49.8199631118923 (1.6882763430475975)
4162-MALE_SAMPLED_49.1621638707592 = 49.1621638707592 (2.3460755841806957)
7454-MALE_SAMPLED_50.2770616622883 = 50.2770616622883 (1.2311777926516)
8228-MALE_SAMPLED_50.8435347605272 = 50.8435347605272 (0.6647046944126984)
3679-FEMALE_SAMPLED_50.1726199671402 = 50.1726199671402 (1.335619487799697)
5828-MALE_SAMPLED_48.7374215655736 = 48.7374215655736 (2.770817889366299)
485-FEMALE_SAMPLED_50.4459947122968 = 50.4459947122968 (1.0622447426430952)
1257-FEMALE_SAMPLED_49.5298265259488 = 49.5298265259488 (1.9784129289910979)
475-FEMALE_SAMPLED_50.6112326610609 = 50.6112326610609 (0.8970067938789938)
8453-FEMALE_SAMPLED_48.6865936090480 = 48.686593609048 (2.8216458458918936)
829-FEMALE_SAMPLED_51.1278443549535 = 51.1278443549535 (0.3803950999863943)
5154-MALE_SAMPLED_49.3699358667954 = 49.3699358667954 (2.1383035881444954)
8617-FEMALE_SAMPLED_50.8689401358142 = 50.8689401358142 (0.6392993191256977)
2749-FEMALE_SAMPLED_50.8844642768390 = 50.884464276839 (0.6237751781008996)
4451-FEMALE_SAMPLED_49.6077189130018 = 49.6077189130018 (1.9005205419381)
11220-FEMALE_SAMPLED_50.8935461401715 = 50.8935461401715 (0.6146933147683953)
4840-MALE_SAMPLED_50.8942668357640 = 50.894266835764 (0.6139726191758967)
9905-FEMALE_SAMPLED_49.8585314069650 = 49.858531406965 (1.6497080479748973)
8511-FEMALE_SAMPLED_48.6281708973701 = 48.6281708973701 (2.8800685575697997)
4142-MALE_SAMPLED_49.1609481560308 = 49.1609481560308 (2.3472912989090986)
11045-MALE_SAMPLED_50.7209141213688 = 50.7209141213688 (0.787325333571097)
10622-MALE_SAMPLED_48.5145027873813 = 48.5145027873813 (2.9937366675585935)
7944-MALE_SAMPLED_49.7781400679386 = 49.7781400679386 (1.730099387001296)
3622-MALE_SAMPLED_50.2871206334102 = 50.2871206334102 (1.2211188215297)
3600-MALE_SAMPLED_50.0713297369665 = 50.0713297369665 (1.4369097179733998)
1386-MALE_SAMPLED_51.1824100095554 = 51.1824100095554 (0.32582944538449965)
9620-FEMALE_SAMPLED_49.4532052517178 = 49.4532052517178 (2.0550342032220996)
764-MALE_SAMPLED_49.2238225977643 = 49.2238225977643 (2.2844168571756)
4063-FEMALE_SAMPLED_49.5566350038870 = 49.556635003887 (1.9516044510528943)
9925-MALE_SAMPLED_49.4285532488729 = 49.4285532488729 (2.079686206066995)
2923-FEMALE_SAMPLED_51.4612226478065 = 51.4612226478065 (0.047016807133395844)
239-FEMALE_SAMPLED_48.7204113927445 = 48.7204113927445 (2.787828062195395)
787-FEMALE_SAMPLED_50.7677189816031 = 50.7677189816031 (0.7405204733367938)
3427-FEMALE_SAMPLED_50.8309474833085 = 50.8309474833085 (0.6772919716313979)
10921-FEMALE_SAMPLED_49.9937736144065 = 49.9937736144065 (1.514465840533397)
1006-MALE_SAMPLED_48.6473345487620 = 48.647334548762 (2.8609049061779004)
9785-FEMALE_SAMPLED_48.5274591002389 = 48.5274591002389 (2.980780354700997)
10305-MALE_SAMPLED_50.9755688559971 = 50.9755688559971 (0.5326705989427936)
10804-FEMALE_SAMPLED_49.7224853708184 = 49.7224853708184 (1.7857540841214998)
1814-MALE_SAMPLED_50.1206583190951 = 50.1206583190951 (1.3875811358447976)
9659-FEMALE_SAMPLED_49.0673602012693 = 49.0673602012693 (2.4408792536705946)
  UCRelaxedClockModel: using 832 rate categories to approximate rate distribution across branches.
  Using BEAGLE version: 2.1.2 resource 0: CPU
    with instance flags:  PRECISION_DOUBLE COMPUTATION_SYNCH EIGEN_REAL SCALING_MANUAL SCALERS_RAW VECTOR_SSE THREADING_NONE PROCESSOR_CPU FRAMEWORK_CPU
Filter 1480-4479
417 taxa
3000 sites
1842 patterns
  Using BEAGLE version: 2.1.2 resource 0: CPU
    with instance flags:  PRECISION_DOUBLE COMPUTATION_SYNCH EIGEN_REAL SCALING_MANUAL SCALERS_RAW VECTOR_SSE THREADING_NONE PROCESSOR_CPU FRAMEWORK_CPU
Filter 4480-6987
417 taxa
2508 sites
1675 patterns
  Using BEAGLE version: 2.1.2 resource 0: CPU
    with instance flags:  PRECISION_DOUBLE COMPUTATION_SYNCH EIGEN_REAL SCALING_MANUAL SCALERS_RAW VECTOR_SSE THREADING_NONE PROCESSOR_CPU FRAMEWORK_CPU
===============================================================================
Citations for this model:

Bouckaert RR, Heled J, Kuehnert D, Vaughan TG, Wu C-H, Xie D, Suchard MA,
  Rambaut A, Drummond AJ (2014) BEAST 2: A software platform for Bayesian
  evolutionary analysis. PLoS Computational Biology 10(4): e1003537

Drummond AJ, Ho SYW, Phillips MJ, Rambaut A (2006) Relaxed Phylogenetics and
  Dating with Confidence. PLoS Biol 4(5): e88

===============================================================================
Restoring from file
Appending file 300914_Village_scA_sample1_epi1.log
Appending file 300914_Village_scA_sample1_epi1.trees
         Sample      posterior ESS(posterior)     likelihood          prior
       14500000   -365442.9865              N   -362184.3472     -3258.6392 --
       14510000   -365398.8108         2.0      -362152.3080     -3246.5027 --
       14520000   -365406.1031         3.0      -362156.2584     -3249.8447 --
       14530000   -365403.9826         4.0      -362152.0721     -3251.9105 --
       14540000   -365408.8657         5.0      -362162.0788     -3246.7869 --
       14550000   -365411.8010         6.0      -362176.8210     -3234.9800 2h27m16s/Msamples
       14560000   -365382.8347         7.0      -362153.2977     -3229.5370 2h27m41s/Msamples
       14570000   -365378.4328         8.0      -362150.2963     -3228.1364 2h26m5s/Msamples
       14580000   -365393.5155         6.6      -362157.8423     -3235.6732 2h25m14s/Msamples
       14590000   -365413.5470         9.0      -362180.5342     -3233.0127 2h25m0s/Msamples
       14600000   -365411.0156        10.0      -362182.2721     -3228.7435 2h25m1s/Msamples
       14610000   -365381.1307        11.0      -362149.5660     -3231.5646 2h24m53s/Msamples
       14620000   -365375.9316        12.0      -362145.4908     -3230.4407 2h24m29s/Msamples
       14630000   -365395.2796        13.0      -362160.9795     -3234.3000 2h24m41s/Msamples
       14640000   -365419.9132        14.0      -362196.1807     -3223.7325 2h24m56s/Msamples
       14650000   -365384.2067        15.0      -362153.8354     -3230.3713 2h24m45s/Msamples
       14660000   -365362.3644        16.0      -362134.8168     -3227.5476 2h24m52s/Msamples
       14670000   -365390.0925        17.0      -362148.4753     -3241.6172 2h24m50s/Msamples
       14680000   -365379.6474        18.0      -362139.3001     -3240.3472 2h24m46s/Msamples
       14690000   -365389.2658        18.0      -362153.1148     -3236.1510 2h24m52s/Msamples
       14700000   -365420.4904        19.0      -362192.3786     -3228.1118 2h24m47s/Msamples
       14710000   -365428.7511        20.0      -362206.1126     -3222.6385 2h24m39s/Msamples
       14720000   -365416.4171        16.9      -362191.6310     -3224.7860 2h24m38s/Msamples
       14730000   -365414.8445        14.5      -362175.7294     -3239.1150 2h23m8s/Msamples
       14740000   -365385.5974        17.0      -362147.1389     -3238.4584 2h20m58s/Msamples
       14750000   -365400.7181        17.6      -362169.3439     -3231.3742 2h19m3s/Msamples
       14760000   -365399.3965        18.4      -362166.9444     -3232.4521 2h17m20s/Msamples
       14770000   -365395.2996        19.2      -362160.1325     -3235.1670 2h15m47s/Msamples
       14780000   -365408.7088        20.1      -362175.1552     -3233.5536 2h14m11s/Msamples
       14790000   -365399.5836        20.6      -362164.1925     -3235.3911 2h12m53s/Msamples
       14800000   -365387.1055        22.2      -362162.7434     -3224.3621 2h11m56s/Msamples
       14810000   -365370.7985        22.3      -362142.1432     -3228.6552 2h10m43s/Msamples
       14820000   -365387.3331        21.6      -362157.2564     -3230.0766 2h9m41s/Msamples
       14830000   -365404.8445        23.7      -362183.6013     -3221.2431 2h8m43s/Msamples
       14840000   -365405.5477        24.6      -362175.1317     -3230.4159 2h7m45s/Msamples
       14850000   -365382.0847        26.9      -362157.4691     -3224.6156 2h6m47s/Msamples
       14860000   -365434.2140        29.5      -362203.2579     -3230.9560 2h6m2s/Msamples
       14870000   -365407.8414        29.2      -362178.0787     -3229.7626 2h5m23s/Msamples
       14880000   -365383.8165        34.2      -362150.1352     -3233.6812 2h4m37s/Msamples
       14890000   -365373.4893        35.0      -362140.7078     -3232.7814 2h4m1s/Msamples
       14900000   -365382.5078        32.8      -362163.1361     -3219.3716 2h3m21s/Msamples
       14910000   -365361.2486        28.3      -362138.5245     -3222.7240 2h2m44s/Msamples
       14920000   -365393.4148        28.7      -362168.2692     -3225.1455 2h2m15s/Msamples
       14930000   -365412.2164        32.1      -362183.8383     -3228.3780 2h1m47s/Msamples
       14940000   -365420.3717        31.6      -362191.6085     -3228.7632 2h1m20s/Msamples
       14950000   -365365.8046        38.8      -362137.5154     -3228.2891 2h1m0s/Msamples
       14960000   -365379.4270        39.4      -362158.7909     -3220.6361 2h0m30s/Msamples
       14970000   -365418.9780        44.0      -362194.8788     -3224.0992 2h0m10s/Msamples
       14980000   -365390.4219        45.0      -362168.8965     -3221.5253 1h59m47s/Msamples
       14990000   -365392.0139        45.0      -362178.9369     -3213.0769 1h59m20s/Msamples
       15000000   -365383.4544        46.0      -362168.7346     -3214.7198 1h59m2s/Msamples
       15010000   -365370.0932        47.0      -362155.1170     -3214.9761 1h58m43s/Msamples
       15020000   -365365.5467        43.0      -362151.8246     -3213.7220 1h58m23s/Msamples
       15030000   -365376.9025        39.9      -362165.0131     -3211.8894 1h58m11s/Msamples
       15040000   -365380.8949        38.5      -362157.9028     -3222.9921 1h57m57s/Msamples
       15050000   -365394.3905        39.4      -362172.8923     -3221.4982 1h57m41s/Msamples
       15060000   -365412.7938        41.2      -362185.0719     -3227.7218 1h57m24s/Msamples
       15070000   -365418.2979        40.4      -362182.3040     -3235.9938 1h57m1s/Msamples
       15080000   -365430.1508        36.9      -362197.7991     -3232.3517 1h56m45s/Msamples
       15090000   -365423.2944        32.0      -362182.4862     -3240.8082 1h56m30s/Msamples
       15100000   -365409.3285        31.0      -362163.3458     -3245.9826 1h56m18s/Msamples
       15110000   -365418.6435        30.2      -362177.1238     -3241.5197 1h56m4s/Msamples
       15120000   -365422.0909        29.7      -362177.2283     -3244.8626 1h55m53s/Msamples
       15130000   -365423.1812        27.6      -362181.2957     -3241.8854 1h55m45s/Msamples
       15140000   -365462.8870        24.5      -362223.0027     -3239.8842 1h55m37s/Msamples
       15150000   -365418.3345        21.6      -362178.8883     -3239.4461 1h55m25s/Msamples
       15160000   -365446.6380        17.5      -362206.0495     -3240.5885 1h55m17s/Msamples
       15170000   -365427.9982        15.7      -362190.9311     -3237.0671 1h55m8s/Msamples
       15180000   -365416.8162        14.9      -362172.0747     -3244.7414 1h55m4s/Msamples
       15190000   -365417.6313        13.9      -362184.6118     -3233.0195 1h55m4s/Msamples
       15200000   -365453.2938        12.6      -362208.7797     -3244.5141 1h54m59s/Msamples
       15210000   -365412.5185        12.2      -362178.6737     -3233.8447 1h55m1s/Msamples
       15220000   -365394.6372        12.8      -362154.5028     -3240.1343 1h55m1s/Msamples
       15230000   -365393.2066        13.3      -362158.2431     -3234.9634 1h54m53s/Msamples
       15240000   -365413.1955        13.1      -362182.3882     -3230.8073 1h54m53s/Msamples
       15250000   -365389.4918        13.7      -362148.6948     -3240.7970 1h54m51s/Msamples
       15260000   -365440.3224        13.0      -362197.4154     -3242.9069 1h54m49s/Msamples
       15270000   -365393.5230        13.5      -362152.6771     -3240.8459 1h54m30s/Msamples
       15280000   -365383.5797        14.4      -362148.9524     -3234.6273 1h54m12s/Msamples
       15290000   -365384.8784        14.9      -362146.4776     -3238.4007 1h53m54s/Msamples
       15300000   -365367.7095        15.4      -362143.3059     -3224.4036 1h53m51s/Msamples
       15310000   -365362.9643        15.8      -362137.3249     -3225.6393 1h53m48s/Msamples
       15320000   -365392.8726        15.9      -362157.0937     -3235.7789 1h53m49s/Msamples
       15330000   -365423.8179        16.8      -362178.5654     -3245.2525 1h53m44s/Msamples
       15340000   -365421.8644        17.4      -362180.6052     -3241.2592 1h53m44s/Msamples
       15350000   -365447.3162        19.4      -362203.5823     -3243.7338 1h53m42s/Msamples
       15360000   -365389.0521        19.6      -362150.1279     -3238.9241 1h53m42s/Msamples
       15370000   -365434.5848        20.4      -362190.1382     -3244.4465 1h53m40s/Msamples
       15380000   -365416.2685        20.7      -362161.0372     -3255.2312 1h53m38s/Msamples
       15390000   -365388.3310        21.2      -362126.7552     -3261.5758 1h53m34s/Msamples
       15400000   -365436.8946        20.9      -362183.2527     -3253.6418 1h53m31s/Msamples
