
The following have been reloaded with a version change:
  1) Java/1.7.0_51 => Java/1.8.0_5

File: 300914_Village_scH_sample2_epi3.xml seed: 1413146427038 threads: 1
FATAL: Error inserting nvidia (/lib/modules/2.6.32-279.14.1.el6.x86_64/kernel/drivers/video/nvidia.ko): No such device
  Using ambiguities in tree likelihood.
  With 995 unique site patterns.
  Using rescaling scheme : dynamic
  Using ambiguities in tree likelihood.
  With 2030 unique site patterns.
  Using rescaling scheme : dynamic
  Using ambiguities in tree likelihood.
  With 1726 unique site patterns.
  Using rescaling scheme : dynamic
Operator                                                                            Tuning    #accept    #reject      Pr(m)  Pr(acc|m)
ScaleOperator(treeScaler.t:tree)                                                    0.7979        222      87625     0.0227     0.0025 Try setting scaleFactor to about 0.893
ScaleOperator(treeRootScaler.t:tree)                                                0.7652       8716      79546     0.0227     0.0988 Try setting scaleFactor to about 0.875
Uniform(UniformOperator.t:tree)                                                          -     141291     736626     0.2271     0.1609 
SubtreeSlide(SubtreeSlide.t:tree)                                                   0.4958      35227     404416     0.1136     0.0801 Try decreasing size to about 0.248
Exchange(narrow.t:tree)                                                                  -      38442     401157     0.1136     0.0874 
Exchange(wide.t:tree)                                                                    -        113      87260     0.0227     0.0013 
WilsonBalding(WilsonBalding.t:tree)                                                      -        524      87029     0.0227     0.0060 
ScaleOperator(gammaShapeScaler.s:300914_Village_scH_sample2_epi3_1)                 0.8225        219       2719     0.0008     0.0745 Try setting scaleFactor to about 0.907
DeltaExchangeOperator(FrequenciesExchanger.s:300914_Village_scH_sample2_epi3_1)     0.0107        751       2160     0.0008     0.2580 
ScaleOperator(RateACScaler.s:300914_Village_scH_sample2_epi3_1)                     0.6027        168       2603     0.0008     0.0606 Try setting scaleFactor to about 0.776
ScaleOperator(RateAGScaler.s:300914_Village_scH_sample2_epi3_1)                     0.6682        127       2869     0.0008     0.0424 Try setting scaleFactor to about 0.817
ScaleOperator(RateATScaler.s:300914_Village_scH_sample2_epi3_1)                     0.7061        261       2588     0.0008     0.0916 Try setting scaleFactor to about 0.84
ScaleOperator(RateCGScaler.s:300914_Village_scH_sample2_epi3_1)                     0.6986        411       2537     0.0008     0.1394 
ScaleOperator(RateGTScaler.s:300914_Village_scH_sample2_epi3_1)                     0.7041        393       2597     0.0008     0.1314 
ScaleOperator(gammaShapeScaler.s:300914_Village_scH_sample2_epi3_2)                 0.8172        174       2769     0.0008     0.0591 Try setting scaleFactor to about 0.904
DeltaExchangeOperator(FrequenciesExchanger.s:300914_Village_scH_sample2_epi3_2)     0.0106        617       2304     0.0008     0.2112 
ScaleOperator(RateACScaler.s:300914_Village_scH_sample2_epi3_2)                     0.7038        186       2745     0.0008     0.0635 Try setting scaleFactor to about 0.839
ScaleOperator(RateAGScaler.s:300914_Village_scH_sample2_epi3_2)                     0.6755        127       2811     0.0008     0.0432 Try setting scaleFactor to about 0.822
ScaleOperator(RateATScaler.s:300914_Village_scH_sample2_epi3_2)                     0.7530        215       2714     0.0008     0.0734 Try setting scaleFactor to about 0.868
ScaleOperator(RateCGScaler.s:300914_Village_scH_sample2_epi3_2)                     0.5844        156       2761     0.0008     0.0535 Try setting scaleFactor to about 0.764
ScaleOperator(RateGTScaler.s:300914_Village_scH_sample2_epi3_2)                     0.6409        190       2827     0.0008     0.0630 Try setting scaleFactor to about 0.801
ScaleOperator(gammaShapeScaler.s:300914_Village_scH_sample2_epi3_3)                 0.7850        182       2778     0.0008     0.0615 Try setting scaleFactor to about 0.886
DeltaExchangeOperator(FrequenciesExchanger.s:300914_Village_scH_sample2_epi3_3)     0.0098        502       2474     0.0008     0.1687 
ScaleOperator(RateACScaler.s:300914_Village_scH_sample2_epi3_3)                     0.7736        218       2688     0.0008     0.0750 Try setting scaleFactor to about 0.88
ScaleOperator(RateAGScaler.s:300914_Village_scH_sample2_epi3_3)                     0.7445        103       2725     0.0008     0.0364 Try setting scaleFactor to about 0.863
ScaleOperator(RateATScaler.s:300914_Village_scH_sample2_epi3_3)                     0.7354        174       2796     0.0008     0.0586 Try setting scaleFactor to about 0.858
ScaleOperator(RateCGScaler.s:300914_Village_scH_sample2_epi3_3)                     0.7629        299       2635     0.0008     0.1019 
ScaleOperator(RateGTScaler.s:300914_Village_scH_sample2_epi3_3)                     0.6314        146       2721     0.0008     0.0509 Try setting scaleFactor to about 0.795
ScaleOperator(ucldMeanScaler.c:clock)                                               0.8781        914      28709     0.0076     0.0309 Try setting scaleFactor to about 0.937
ScaleOperator(ucldStdevScaler.c:clock)                                              0.9072       2145      85839     0.0227     0.0244 Try setting scaleFactor to about 0.952
IntRandomWalkOperator(CategoriesRandomWalk.c:clock)                                      -     191547     101505     0.0757     0.6536 
SwapOperator(CategoriesSwapOperator.c:clock)                                             -      28929     264685     0.0757     0.0985 
UniformOperator(CategoriesUniform.c:clock)                                               -      48570     244900     0.0757     0.1655 
UpDownOperator(relaxedUpDownOperator.c:clock)                                       0.8561        376      87021     0.0227     0.0043 Try setting scaleFactor to about 0.925
ScaleOperator(popSizesScaler.t:tree)                                                0.6199     121748     318302     0.1136     0.2767 
DeltaExchangeOperator(groupSizesDelta.t:tree)                                      14.2737      42750     132426     0.0454     0.2440 

     Tuning: The value of the operator's tuning parameter, or '-' if the operator can't be optimized.
    #accept: The total number of times a proposal by this operator has been accepted.
    #reject: The total number of times a proposal by this operator has been rejected.
      Pr(m): The probability this operator is chosen in a step of the MCMC (i.e. the normalized weight).
  Pr(acc|m): The acceptance probability (#accept as a fraction of the total proposals for this operator).

Start likelihood: -1054474.6541714005 
